<?xml version="1.0" encoding="UTF-8"?>
<testsuite xmlns:xsi="http://www.w3.org/2001/XMLSchema-instance" xsi:noNamespaceSchemaLocation="https://maven.apache.org/surefire/maven-surefire-plugin/xsd/surefire-test-report-3.0.xsd" version="3.0" name="API_Testing.api_testing.AppTest" time="0.003" tests="1" errors="0" skipped="0" failures="0">
  <properties>
    <property name="gopherProxySet" value="false"/>
    <property name="awt.toolkit" value="sun.lwawt.macosx.LWCToolkit"/>
    <property name="file.encoding.pkg" value="sun.io"/>
    <property name="java.specification.version" value="1.8"/>
    <property name="sun.cpu.isalist" value=""/>
    <property name="sun.jnu.encoding" value="UTF-8"/>
    <property name="java.class.path" value="/Users/mimishra/eclipse-workspace/api-testing/target/test-classes:/Users/mimishra/eclipse-workspace/api-testing/target/classes:/Users/mimishra/.m2/repository/junit/junit/4.11/junit-4.11.jar:/Users/mimishra/.m2/repository/org/hamcrest/hamcrest-core/1.3/hamcrest-core-1.3.jar:/Users/mimishra/.m2/repository/org/testng/testng/6.8.7/testng-6.8.7.jar:/Users/mimishra/.m2/repository/org/beanshell/bsh/2.0b4/bsh-2.0b4.jar:/Users/mimishra/.m2/repository/com/beust/jcommander/1.27/jcommander-1.27.jar:/Users/mimishra/.m2/repository/org/yaml/snakeyaml/1.12/snakeyaml-1.12.jar:/Users/mimishra/.m2/repository/info/cukes/cucumber-junit/1.2.5/cucumber-junit-1.2.5.jar:/Users/mimishra/.m2/repository/io/cucumber/cucumber-java/1.2.6/cucumber-java-1.2.6.jar:/Users/mimishra/.m2/repository/io/cucumber/cucumber-core/1.2.6/cucumber-core-1.2.6.jar:/Users/mimishra/.m2/repository/info/cukes/cucumber-html/0.2.3/cucumber-html-0.2.3.jar:/Users/mimishra/.m2/repository/info/cukes/cucumber-jvm-deps/1.0.5/cucumber-jvm-deps-1.0.5.jar:/Users/mimishra/.m2/repository/info/cukes/gherkin/2.12.2/gherkin-2.12.2.jar:/Users/mimishra/.m2/repository/com/github/mailslurp/mailslurp-client-java/7.0.11-RELEASE/mailslurp-client-java-7.0.11-RELEASE.jar:/Users/mimishra/.m2/repository/io/swagger/swagger-annotations/1.5.22/swagger-annotations-1.5.22.jar:/Users/mimishra/.m2/repository/com/google/code/findbugs/jsr305/3.0.2/jsr305-3.0.2.jar:/Users/mimishra/.m2/repository/org/apache/commons/commons-lang3/3.9/commons-lang3-3.9.jar:/Users/mimishra/.m2/repository/org/threeten/threetenbp/1.4.0/threetenbp-1.4.0.jar:/Users/mimishra/.m2/repository/org/seleniumhq/selenium/selenium-java/3.1.0/selenium-java-3.1.0.jar:/Users/mimishra/.m2/repository/org/seleniumhq/selenium/selenium-chrome-driver/3.1.0/selenium-chrome-driver-3.1.0.jar:/Users/mimishra/.m2/repository/org/seleniumhq/selenium/selenium-remote-driver/3.1.0/selenium-remote-driver-3.1.0.jar:/Users/mimishra/.m2/repository/org/seleniumhq/selenium/selenium-api/3.1.0/selenium-api-3.1.0.jar:/Users/mimishra/.m2/repository/cglib/cglib-nodep/3.2.4/cglib-nodep-3.2.4.jar:/Users/mimishra/.m2/repository/org/apache/commons/commons-exec/1.3/commons-exec-1.3.jar:/Users/mimishra/.m2/repository/net/java/dev/jna/jna-platform/4.1.0/jna-platform-4.1.0.jar:/Users/mimishra/.m2/repository/net/java/dev/jna/jna/4.1.0/jna-4.1.0.jar:/Users/mimishra/.m2/repository/org/seleniumhq/selenium/selenium-edge-driver/3.1.0/selenium-edge-driver-3.1.0.jar:/Users/mimishra/.m2/repository/org/seleniumhq/selenium/selenium-firefox-driver/3.1.0/selenium-firefox-driver-3.1.0.jar:/Users/mimishra/.m2/repository/org/seleniumhq/selenium/selenium-ie-driver/3.1.0/selenium-ie-driver-3.1.0.jar:/Users/mimishra/.m2/repository/org/seleniumhq/selenium/selenium-opera-driver/3.1.0/selenium-opera-driver-3.1.0.jar:/Users/mimishra/.m2/repository/org/seleniumhq/selenium/selenium-safari-driver/3.1.0/selenium-safari-driver-3.1.0.jar:/Users/mimishra/.m2/repository/org/seleniumhq/selenium/selenium-support/3.1.0/selenium-support-3.1.0.jar:/Users/mimishra/.m2/repository/net/sourceforge/htmlunit/htmlunit/2.23/htmlunit-2.23.jar:/Users/mimishra/.m2/repository/xalan/xalan/2.7.2/xalan-2.7.2.jar:/Users/mimishra/.m2/repository/xalan/serializer/2.7.2/serializer-2.7.2.jar:/Users/mimishra/.m2/repository/org/apache/httpcomponents/httpclient/4.5.2/httpclient-4.5.2.jar:/Users/mimishra/.m2/repository/org/apache/httpcomponents/httpcore/4.4.4/httpcore-4.4.4.jar:/Users/mimishra/.m2/repository/org/apache/httpcomponents/httpmime/4.5.2/httpmime-4.5.2.jar:/Users/mimishra/.m2/repository/commons-codec/commons-codec/1.10/commons-codec-1.10.jar:/Users/mimishra/.m2/repository/net/sourceforge/htmlunit/htmlunit-core-js/2.23/htmlunit-core-js-2.23.jar:/Users/mimishra/.m2/repository/net/sourceforge/htmlunit/neko-htmlunit/2.23/neko-htmlunit-2.23.jar:/Users/mimishra/.m2/repository/xerces/xercesImpl/2.11.0/xercesImpl-2.11.0.jar:/Users/mimishra/.m2/repository/xml-apis/xml-apis/1.4.01/xml-apis-1.4.01.jar:/Users/mimishra/.m2/repository/net/sourceforge/cssparser/cssparser/0.9.20/cssparser-0.9.20.jar:/Users/mimishra/.m2/repository/org/w3c/css/sac/1.3/sac-1.3.jar:/Users/mimishra/.m2/repository/commons-logging/commons-logging/1.2/commons-logging-1.2.jar:/Users/mimishra/.m2/repository/com/codeborne/phantomjsdriver/1.3.0/phantomjsdriver-1.3.0.jar:/Users/mimishra/.m2/repository/org/eclipse/jetty/websocket/websocket-client/9.2.15.v20160210/websocket-client-9.2.15.v20160210.jar:/Users/mimishra/.m2/repository/org/eclipse/jetty/jetty-util/9.2.15.v20160210/jetty-util-9.2.15.v20160210.jar:/Users/mimishra/.m2/repository/org/eclipse/jetty/jetty-io/9.2.15.v20160210/jetty-io-9.2.15.v20160210.jar:/Users/mimishra/.m2/repository/org/eclipse/jetty/websocket/websocket-common/9.2.15.v20160210/websocket-common-9.2.15.v20160210.jar:/Users/mimishra/.m2/repository/org/eclipse/jetty/websocket/websocket-api/9.2.15.v20160210/websocket-api-9.2.15.v20160210.jar:/Users/mimishra/.m2/repository/com/browserstack/browserstack-local-java/1.0.3/browserstack-local-java-1.0.3.jar:/Users/mimishra/.m2/repository/commons-io/commons-io/1.3.2/commons-io-1.3.2.jar:/Users/mimishra/.m2/repository/org/json/json/20160212/json-20160212.jar:/Users/mimishra/.m2/repository/com/google/guava/guava/23.0/guava-23.0.jar:/Users/mimishra/.m2/repository/com/google/errorprone/error_prone_annotations/2.0.18/error_prone_annotations-2.0.18.jar:/Users/mimishra/.m2/repository/com/google/j2objc/j2objc-annotations/1.1/j2objc-annotations-1.1.jar:/Users/mimishra/.m2/repository/org/codehaus/mojo/animal-sniffer-annotations/1.14/animal-sniffer-annotations-1.14.jar:/Users/mimishra/.m2/repository/com/squareup/okhttp3/okhttp/4.6.0/okhttp-4.6.0.jar:/Users/mimishra/.m2/repository/com/squareup/okio/okio/2.6.0/okio-2.6.0.jar:/Users/mimishra/.m2/repository/org/jetbrains/kotlin/kotlin-stdlib-common/1.3.70/kotlin-stdlib-common-1.3.70.jar:/Users/mimishra/.m2/repository/org/jetbrains/kotlin/kotlin-stdlib/1.3.71/kotlin-stdlib-1.3.71.jar:/Users/mimishra/.m2/repository/org/jetbrains/annotations/13.0/annotations-13.0.jar:/Users/mimishra/.m2/repository/com/squareup/okhttp3/logging-interceptor/4.6.0/logging-interceptor-4.6.0.jar:/Users/mimishra/.m2/repository/com/google/code/gson/gson/2.8.3/gson-2.8.3.jar:/Users/mimishra/.m2/repository/io/gsonfire/gson-fire/1.8.3/gson-fire-1.8.3.jar:"/>
    <property name="java.vm.vendor" value="Oracle Corporation"/>
    <property name="sun.arch.data.model" value="64"/>
    <property name="java.vendor.url" value="http://java.oracle.com/"/>
    <property name="user.timezone" value=""/>
    <property name="java.vm.specification.version" value="1.8"/>
    <property name="os.name" value="Mac OS X"/>
    <property name="user.country" value="IN"/>
    <property name="sun.java.launcher" value="SUN_STANDARD"/>
    <property name="sun.boot.library.path" value="/Library/Java/JavaVirtualMachines/jdk1.8.0_221.jdk/Contents/Home/jre/lib"/>
    <property name="sun.java.command" value="/Users/mimishra/eclipse-workspace/api-testing/target/surefire/surefirebooter8760159617521046496.jar /Users/mimishra/eclipse-workspace/api-testing/target/surefire 2020-06-29T17-12-52_512-jvmRun1 surefire6124049541661744689tmp surefire_05740885200885106051tmp"/>
    <property name="http.nonProxyHosts" value="local|*.local|169.254/16|*.169.254/16"/>
    <property name="surefire.test.class.path" value="/Users/mimishra/eclipse-workspace/api-testing/target/test-classes:/Users/mimishra/eclipse-workspace/api-testing/target/classes:/Users/mimishra/.m2/repository/junit/junit/4.11/junit-4.11.jar:/Users/mimishra/.m2/repository/org/hamcrest/hamcrest-core/1.3/hamcrest-core-1.3.jar:/Users/mimishra/.m2/repository/org/testng/testng/6.8.7/testng-6.8.7.jar:/Users/mimishra/.m2/repository/org/beanshell/bsh/2.0b4/bsh-2.0b4.jar:/Users/mimishra/.m2/repository/com/beust/jcommander/1.27/jcommander-1.27.jar:/Users/mimishra/.m2/repository/org/yaml/snakeyaml/1.12/snakeyaml-1.12.jar:/Users/mimishra/.m2/repository/info/cukes/cucumber-junit/1.2.5/cucumber-junit-1.2.5.jar:/Users/mimishra/.m2/repository/io/cucumber/cucumber-java/1.2.6/cucumber-java-1.2.6.jar:/Users/mimishra/.m2/repository/io/cucumber/cucumber-core/1.2.6/cucumber-core-1.2.6.jar:/Users/mimishra/.m2/repository/info/cukes/cucumber-html/0.2.3/cucumber-html-0.2.3.jar:/Users/mimishra/.m2/repository/info/cukes/cucumber-jvm-deps/1.0.5/cucumber-jvm-deps-1.0.5.jar:/Users/mimishra/.m2/repository/info/cukes/gherkin/2.12.2/gherkin-2.12.2.jar:/Users/mimishra/.m2/repository/com/github/mailslurp/mailslurp-client-java/7.0.11-RELEASE/mailslurp-client-java-7.0.11-RELEASE.jar:/Users/mimishra/.m2/repository/io/swagger/swagger-annotations/1.5.22/swagger-annotations-1.5.22.jar:/Users/mimishra/.m2/repository/com/google/code/findbugs/jsr305/3.0.2/jsr305-3.0.2.jar:/Users/mimishra/.m2/repository/org/apache/commons/commons-lang3/3.9/commons-lang3-3.9.jar:/Users/mimishra/.m2/repository/org/threeten/threetenbp/1.4.0/threetenbp-1.4.0.jar:/Users/mimishra/.m2/repository/org/seleniumhq/selenium/selenium-java/3.1.0/selenium-java-3.1.0.jar:/Users/mimishra/.m2/repository/org/seleniumhq/selenium/selenium-chrome-driver/3.1.0/selenium-chrome-driver-3.1.0.jar:/Users/mimishra/.m2/repository/org/seleniumhq/selenium/selenium-remote-driver/3.1.0/selenium-remote-driver-3.1.0.jar:/Users/mimishra/.m2/repository/org/seleniumhq/selenium/selenium-api/3.1.0/selenium-api-3.1.0.jar:/Users/mimishra/.m2/repository/cglib/cglib-nodep/3.2.4/cglib-nodep-3.2.4.jar:/Users/mimishra/.m2/repository/org/apache/commons/commons-exec/1.3/commons-exec-1.3.jar:/Users/mimishra/.m2/repository/net/java/dev/jna/jna-platform/4.1.0/jna-platform-4.1.0.jar:/Users/mimishra/.m2/repository/net/java/dev/jna/jna/4.1.0/jna-4.1.0.jar:/Users/mimishra/.m2/repository/org/seleniumhq/selenium/selenium-edge-driver/3.1.0/selenium-edge-driver-3.1.0.jar:/Users/mimishra/.m2/repository/org/seleniumhq/selenium/selenium-firefox-driver/3.1.0/selenium-firefox-driver-3.1.0.jar:/Users/mimishra/.m2/repository/org/seleniumhq/selenium/selenium-ie-driver/3.1.0/selenium-ie-driver-3.1.0.jar:/Users/mimishra/.m2/repository/org/seleniumhq/selenium/selenium-opera-driver/3.1.0/selenium-opera-driver-3.1.0.jar:/Users/mimishra/.m2/repository/org/seleniumhq/selenium/selenium-safari-driver/3.1.0/selenium-safari-driver-3.1.0.jar:/Users/mimishra/.m2/repository/org/seleniumhq/selenium/selenium-support/3.1.0/selenium-support-3.1.0.jar:/Users/mimishra/.m2/repository/net/sourceforge/htmlunit/htmlunit/2.23/htmlunit-2.23.jar:/Users/mimishra/.m2/repository/xalan/xalan/2.7.2/xalan-2.7.2.jar:/Users/mimishra/.m2/repository/xalan/serializer/2.7.2/serializer-2.7.2.jar:/Users/mimishra/.m2/repository/org/apache/httpcomponents/httpclient/4.5.2/httpclient-4.5.2.jar:/Users/mimishra/.m2/repository/org/apache/httpcomponents/httpcore/4.4.4/httpcore-4.4.4.jar:/Users/mimishra/.m2/repository/org/apache/httpcomponents/httpmime/4.5.2/httpmime-4.5.2.jar:/Users/mimishra/.m2/repository/commons-codec/commons-codec/1.10/commons-codec-1.10.jar:/Users/mimishra/.m2/repository/net/sourceforge/htmlunit/htmlunit-core-js/2.23/htmlunit-core-js-2.23.jar:/Users/mimishra/.m2/repository/net/sourceforge/htmlunit/neko-htmlunit/2.23/neko-htmlunit-2.23.jar:/Users/mimishra/.m2/repository/xerces/xercesImpl/2.11.0/xercesImpl-2.11.0.jar:/Users/mimishra/.m2/repository/xml-apis/xml-apis/1.4.01/xml-apis-1.4.01.jar:/Users/mimishra/.m2/repository/net/sourceforge/cssparser/cssparser/0.9.20/cssparser-0.9.20.jar:/Users/mimishra/.m2/repository/org/w3c/css/sac/1.3/sac-1.3.jar:/Users/mimishra/.m2/repository/commons-logging/commons-logging/1.2/commons-logging-1.2.jar:/Users/mimishra/.m2/repository/com/codeborne/phantomjsdriver/1.3.0/phantomjsdriver-1.3.0.jar:/Users/mimishra/.m2/repository/org/eclipse/jetty/websocket/websocket-client/9.2.15.v20160210/websocket-client-9.2.15.v20160210.jar:/Users/mimishra/.m2/repository/org/eclipse/jetty/jetty-util/9.2.15.v20160210/jetty-util-9.2.15.v20160210.jar:/Users/mimishra/.m2/repository/org/eclipse/jetty/jetty-io/9.2.15.v20160210/jetty-io-9.2.15.v20160210.jar:/Users/mimishra/.m2/repository/org/eclipse/jetty/websocket/websocket-common/9.2.15.v20160210/websocket-common-9.2.15.v20160210.jar:/Users/mimishra/.m2/repository/org/eclipse/jetty/websocket/websocket-api/9.2.15.v20160210/websocket-api-9.2.15.v20160210.jar:/Users/mimishra/.m2/repository/com/browserstack/browserstack-local-java/1.0.3/browserstack-local-java-1.0.3.jar:/Users/mimishra/.m2/repository/commons-io/commons-io/1.3.2/commons-io-1.3.2.jar:/Users/mimishra/.m2/repository/org/json/json/20160212/json-20160212.jar:/Users/mimishra/.m2/repository/com/google/guava/guava/23.0/guava-23.0.jar:/Users/mimishra/.m2/repository/com/google/errorprone/error_prone_annotations/2.0.18/error_prone_annotations-2.0.18.jar:/Users/mimishra/.m2/repository/com/google/j2objc/j2objc-annotations/1.1/j2objc-annotations-1.1.jar:/Users/mimishra/.m2/repository/org/codehaus/mojo/animal-sniffer-annotations/1.14/animal-sniffer-annotations-1.14.jar:/Users/mimishra/.m2/repository/com/squareup/okhttp3/okhttp/4.6.0/okhttp-4.6.0.jar:/Users/mimishra/.m2/repository/com/squareup/okio/okio/2.6.0/okio-2.6.0.jar:/Users/mimishra/.m2/repository/org/jetbrains/kotlin/kotlin-stdlib-common/1.3.70/kotlin-stdlib-common-1.3.70.jar:/Users/mimishra/.m2/repository/org/jetbrains/kotlin/kotlin-stdlib/1.3.71/kotlin-stdlib-1.3.71.jar:/Users/mimishra/.m2/repository/org/jetbrains/annotations/13.0/annotations-13.0.jar:/Users/mimishra/.m2/repository/com/squareup/okhttp3/logging-interceptor/4.6.0/logging-interceptor-4.6.0.jar:/Users/mimishra/.m2/repository/com/google/code/gson/gson/2.8.3/gson-2.8.3.jar:/Users/mimishra/.m2/repository/io/gsonfire/gson-fire/1.8.3/gson-fire-1.8.3.jar:"/>
    <property name="sun.cpu.endian" value="little"/>
    <property name="user.home" value="/Users/mimishra"/>
    <property name="user.language" value="en"/>
    <property name="java.specification.vendor" value="Oracle Corporation"/>
    <property name="java.home" value="/Library/Java/JavaVirtualMachines/jdk1.8.0_221.jdk/Contents/Home/jre"/>
    <property name="basedir" value="/Users/mimishra/eclipse-workspace/api-testing"/>
    <property name="file.separator" value="/"/>
    <property name="line.separator" value="&#10;"/>
    <property name="java.vm.specification.vendor" value="Oracle Corporation"/>
    <property name="java.specification.name" value="Java Platform API Specification"/>
    <property name="java.awt.graphicsenv" value="sun.awt.CGraphicsEnvironment"/>
    <property name="surefire.real.class.path" value="/Users/mimishra/eclipse-workspace/api-testing/target/surefire/surefirebooter8760159617521046496.jar"/>
    <property name="sun.boot.class.path" value="/Library/Java/JavaVirtualMachines/jdk1.8.0_221.jdk/Contents/Home/jre/lib/resources.jar:/Library/Java/JavaVirtualMachines/jdk1.8.0_221.jdk/Contents/Home/jre/lib/rt.jar:/Library/Java/JavaVirtualMachines/jdk1.8.0_221.jdk/Contents/Home/jre/lib/sunrsasign.jar:/Library/Java/JavaVirtualMachines/jdk1.8.0_221.jdk/Contents/Home/jre/lib/jsse.jar:/Library/Java/JavaVirtualMachines/jdk1.8.0_221.jdk/Contents/Home/jre/lib/jce.jar:/Library/Java/JavaVirtualMachines/jdk1.8.0_221.jdk/Contents/Home/jre/lib/charsets.jar:/Library/Java/JavaVirtualMachines/jdk1.8.0_221.jdk/Contents/Home/jre/lib/jfr.jar:/Library/Java/JavaVirtualMachines/jdk1.8.0_221.jdk/Contents/Home/jre/classes"/>
    <property name="sun.management.compiler" value="HotSpot 64-Bit Tiered Compilers"/>
    <property name="ftp.nonProxyHosts" value="local|*.local|169.254/16|*.169.254/16"/>
    <property name="java.runtime.version" value="1.8.0_221-b11"/>
    <property name="user.name" value="mimishra"/>
    <property name="path.separator" value=":"/>
    <property name="os.version" value="10.14.6"/>
    <property name="java.endorsed.dirs" value="/Library/Java/JavaVirtualMachines/jdk1.8.0_221.jdk/Contents/Home/jre/lib/endorsed"/>
    <property name="java.runtime.name" value="Java(TM) SE Runtime Environment"/>
    <property name="file.encoding" value="UTF-8"/>
    <property name="java.vm.name" value="Java HotSpot(TM) 64-Bit Server VM"/>
    <property name="localRepository" value="/Users/mimishra/.m2/repository"/>
    <property name="java.vendor.url.bug" value="http://bugreport.sun.com/bugreport/"/>
    <property name="java.io.tmpdir" value="/var/folders/my/jgql5wcd23jbbmnf0v_f_8hh0000gn/T/"/>
    <property name="java.version" value="1.8.0_221"/>
    <property name="user.dir" value="/Users/mimishra/eclipse-workspace/api-testing"/>
    <property name="os.arch" value="x86_64"/>
    <property name="java.vm.specification.name" value="Java Virtual Machine Specification"/>
    <property name="java.awt.printerjob" value="sun.lwawt.macosx.CPrinterJob"/>
    <property name="sun.os.patch.level" value="unknown"/>
    <property name="java.library.path" value="/Users/mimishra/Library/Java/Extensions:/Library/Java/Extensions:/Network/Library/Java/Extensions:/System/Library/Java/Extensions:/usr/lib/java:."/>
    <property name="java.vm.info" value="mixed mode"/>
    <property name="java.vendor" value="Oracle Corporation"/>
    <property name="java.vm.version" value="25.221-b11"/>
    <property name="java.ext.dirs" value="/Users/mimishra/Library/Java/Extensions:/Library/Java/JavaVirtualMachines/jdk1.8.0_221.jdk/Contents/Home/jre/lib/ext:/Library/Java/Extensions:/Network/Library/Java/Extensions:/System/Library/Java/Extensions:/usr/lib/java"/>
    <property name="sun.io.unicode.encoding" value="UnicodeBig"/>
    <property name="java.class.version" value="52.0"/>
    <property name="socksNonProxyHosts" value="local|*.local|169.254/16|*.169.254/16"/>
  </properties>
  <testcase name="testApp" classname="API_Testing.api_testing.AppTest" time="0.001"/>
</testsuite>