<?xml version="1.0" encoding="UTF-8"?>
<testsuite xmlns:xsi="http://www.w3.org/2001/XMLSchema-instance" xsi:noNamespaceSchemaLocation="https://maven.apache.org/surefire/maven-surefire-plugin/xsd/surefire-test-report-3.0.xsd" version="3.0" name="Scenario: CaseAPI_002: Verify getcase api call in CaseAPI" time="5.771" tests="5" errors="0" skipped="0" failures="0">
  <properties>
    <property name="gopherProxySet" value="false"/>
    <property name="awt.toolkit" value="sun.lwawt.macosx.LWCToolkit"/>
    <property name="file.encoding.pkg" value="sun.io"/>
    <property name="java.specification.version" value="1.8"/>
    <property name="sun.cpu.isalist" value=""/>
    <property name="sun.jnu.encoding" value="UTF-8"/>
    <property name="java.class.path" value="/Users/mimishra/eclipse-workspace/api-testing/target/test-classes:/Users/mimishra/eclipse-workspace/api-testing/target/classes:/Users/mimishra/.m2/repository/junit/junit/4.11/junit-4.11.jar:/Users/mimishra/.m2/repository/org/hamcrest/hamcrest-core/1.3/hamcrest-core-1.3.jar:/Users/mimishra/.m2/repository/org/testng/testng/6.8.7/testng-6.8.7.jar:/Users/mimishra/.m2/repository/org/beanshell/bsh/2.0b4/bsh-2.0b4.jar:/Users/mimishra/.m2/repository/com/beust/jcommander/1.27/jcommander-1.27.jar:/Users/mimishra/.m2/repository/org/yaml/snakeyaml/1.12/snakeyaml-1.12.jar:/Users/mimishra/.m2/repository/info/cukes/cucumber-junit/1.2.5/cucumber-junit-1.2.5.jar:/Users/mimishra/.m2/repository/io/cucumber/cucumber-java/1.2.6/cucumber-java-1.2.6.jar:/Users/mimishra/.m2/repository/io/cucumber/cucumber-core/1.2.6/cucumber-core-1.2.6.jar:/Users/mimishra/.m2/repository/info/cukes/cucumber-html/0.2.3/cucumber-html-0.2.3.jar:/Users/mimishra/.m2/repository/info/cukes/cucumber-jvm-deps/1.0.5/cucumber-jvm-deps-1.0.5.jar:/Users/mimishra/.m2/repository/info/cukes/gherkin/2.12.2/gherkin-2.12.2.jar:/Users/mimishra/.m2/repository/com/github/mailslurp/mailslurp-client-java/7.0.11-RELEASE/mailslurp-client-java-7.0.11-RELEASE.jar:/Users/mimishra/.m2/repository/io/swagger/swagger-annotations/1.5.22/swagger-annotations-1.5.22.jar:/Users/mimishra/.m2/repository/com/google/code/findbugs/jsr305/3.0.2/jsr305-3.0.2.jar:/Users/mimishra/.m2/repository/com/squareup/okhttp3/okhttp/3.14.2/okhttp-3.14.2.jar:/Users/mimishra/.m2/repository/com/squareup/okhttp3/logging-interceptor/3.14.2/logging-interceptor-3.14.2.jar:/Users/mimishra/.m2/repository/org/apache/commons/commons-lang3/3.9/commons-lang3-3.9.jar:/Users/mimishra/.m2/repository/org/threeten/threetenbp/1.4.0/threetenbp-1.4.0.jar:/Users/mimishra/.m2/repository/org/seleniumhq/selenium/selenium-java/3.14.0/selenium-java-3.14.0.jar:/Users/mimishra/.m2/repository/org/seleniumhq/selenium/selenium-api/3.14.0/selenium-api-3.14.0.jar:/Users/mimishra/.m2/repository/org/seleniumhq/selenium/selenium-chrome-driver/3.14.0/selenium-chrome-driver-3.14.0.jar:/Users/mimishra/.m2/repository/org/seleniumhq/selenium/selenium-edge-driver/3.14.0/selenium-edge-driver-3.14.0.jar:/Users/mimishra/.m2/repository/org/seleniumhq/selenium/selenium-firefox-driver/3.14.0/selenium-firefox-driver-3.14.0.jar:/Users/mimishra/.m2/repository/org/seleniumhq/selenium/selenium-ie-driver/3.14.0/selenium-ie-driver-3.14.0.jar:/Users/mimishra/.m2/repository/org/seleniumhq/selenium/selenium-opera-driver/3.14.0/selenium-opera-driver-3.14.0.jar:/Users/mimishra/.m2/repository/org/seleniumhq/selenium/selenium-remote-driver/3.14.0/selenium-remote-driver-3.14.0.jar:/Users/mimishra/.m2/repository/org/seleniumhq/selenium/selenium-safari-driver/3.14.0/selenium-safari-driver-3.14.0.jar:/Users/mimishra/.m2/repository/org/seleniumhq/selenium/selenium-support/3.14.0/selenium-support-3.14.0.jar:/Users/mimishra/.m2/repository/net/bytebuddy/byte-buddy/1.8.15/byte-buddy-1.8.15.jar:/Users/mimishra/.m2/repository/org/apache/commons/commons-exec/1.3/commons-exec-1.3.jar:/Users/mimishra/.m2/repository/commons-codec/commons-codec/1.10/commons-codec-1.10.jar:/Users/mimishra/.m2/repository/commons-logging/commons-logging/1.2/commons-logging-1.2.jar:/Users/mimishra/.m2/repository/org/apache/httpcomponents/httpclient/4.5.5/httpclient-4.5.5.jar:/Users/mimishra/.m2/repository/org/apache/httpcomponents/httpcore/4.4.9/httpcore-4.4.9.jar:/Users/mimishra/.m2/repository/com/squareup/okio/okio/1.14.1/okio-1.14.1.jar:/Users/mimishra/.m2/repository/com/browserstack/browserstack-local-java/1.0.3/browserstack-local-java-1.0.3.jar:/Users/mimishra/.m2/repository/commons-io/commons-io/1.3.2/commons-io-1.3.2.jar:/Users/mimishra/.m2/repository/org/json/json/20160212/json-20160212.jar:/Users/mimishra/.m2/repository/com/google/guava/guava/23.0/guava-23.0.jar:/Users/mimishra/.m2/repository/com/google/errorprone/error_prone_annotations/2.0.18/error_prone_annotations-2.0.18.jar:/Users/mimishra/.m2/repository/com/google/j2objc/j2objc-annotations/1.1/j2objc-annotations-1.1.jar:/Users/mimishra/.m2/repository/org/codehaus/mojo/animal-sniffer-annotations/1.14/animal-sniffer-annotations-1.14.jar:/Users/mimishra/.m2/repository/com/google/code/gson/gson/2.8.3/gson-2.8.3.jar:/Users/mimishra/.m2/repository/io/gsonfire/gson-fire/1.8.3/gson-fire-1.8.3.jar:/Users/mimishra/.m2/repository/io/rest-assured/rest-assured/4.1.2/rest-assured-4.1.2.jar:/Users/mimishra/.m2/repository/org/codehaus/groovy/groovy/2.5.8/groovy-2.5.8.jar:/Users/mimishra/.m2/repository/org/codehaus/groovy/groovy-xml/2.5.8/groovy-xml-2.5.8.jar:/Users/mimishra/.m2/repository/org/apache/httpcomponents/httpmime/4.5.3/httpmime-4.5.3.jar:/Users/mimishra/.m2/repository/org/hamcrest/hamcrest/2.1/hamcrest-2.1.jar:/Users/mimishra/.m2/repository/org/ccil/cowan/tagsoup/tagsoup/1.2.1/tagsoup-1.2.1.jar:/Users/mimishra/.m2/repository/io/rest-assured/json-path/4.1.2/json-path-4.1.2.jar:/Users/mimishra/.m2/repository/org/codehaus/groovy/groovy-json/2.5.8/groovy-json-2.5.8.jar:/Users/mimishra/.m2/repository/io/rest-assured/rest-assured-common/4.1.2/rest-assured-common-4.1.2.jar:/Users/mimishra/.m2/repository/io/rest-assured/xml-path/4.1.2/xml-path-4.1.2.jar:/Users/mimishra/.m2/repository/javax/xml/bind/jaxb-api/2.3.1/jaxb-api-2.3.1.jar:/Users/mimishra/.m2/repository/javax/activation/javax.activation-api/1.2.0/javax.activation-api-1.2.0.jar:/Users/mimishra/.m2/repository/com/sun/xml/bind/jaxb-osgi/2.3.0.1/jaxb-osgi-2.3.0.1.jar:/Users/mimishra/.m2/repository/org/apache/sling/org.apache.sling.javax.activation/0.1.0/org.apache.sling.javax.activation-0.1.0.jar:/Users/mimishra/.m2/repository/javax/activation/activation/1.1.1/activation-1.1.1.jar:"/>
    <property name="java.vm.vendor" value="Oracle Corporation"/>
    <property name="sun.arch.data.model" value="64"/>
    <property name="java.vendor.url" value="http://java.oracle.com/"/>
    <property name="user.timezone" value="Asia/Kolkata"/>
    <property name="java.vm.specification.version" value="1.8"/>
    <property name="os.name" value="Mac OS X"/>
    <property name="user.country" value="IN"/>
    <property name="sun.java.launcher" value="SUN_STANDARD"/>
    <property name="sun.boot.library.path" value="/Library/Java/JavaVirtualMachines/jdk1.8.0_221.jdk/Contents/Home/jre/lib"/>
    <property name="sun.java.command" value="/Users/mimishra/eclipse-workspace/api-testing/target/surefire/surefirebooter6980975667579857746.jar /Users/mimishra/eclipse-workspace/api-testing/target/surefire 2020-06-29T18-55-55_098-jvmRun1 surefire190904602262235732tmp surefire_03114761926511563755tmp"/>
    <property name="http.nonProxyHosts" value="local|*.local|169.254/16|*.169.254/16"/>
    <property name="surefire.test.class.path" value="/Users/mimishra/eclipse-workspace/api-testing/target/test-classes:/Users/mimishra/eclipse-workspace/api-testing/target/classes:/Users/mimishra/.m2/repository/junit/junit/4.11/junit-4.11.jar:/Users/mimishra/.m2/repository/org/hamcrest/hamcrest-core/1.3/hamcrest-core-1.3.jar:/Users/mimishra/.m2/repository/org/testng/testng/6.8.7/testng-6.8.7.jar:/Users/mimishra/.m2/repository/org/beanshell/bsh/2.0b4/bsh-2.0b4.jar:/Users/mimishra/.m2/repository/com/beust/jcommander/1.27/jcommander-1.27.jar:/Users/mimishra/.m2/repository/org/yaml/snakeyaml/1.12/snakeyaml-1.12.jar:/Users/mimishra/.m2/repository/info/cukes/cucumber-junit/1.2.5/cucumber-junit-1.2.5.jar:/Users/mimishra/.m2/repository/io/cucumber/cucumber-java/1.2.6/cucumber-java-1.2.6.jar:/Users/mimishra/.m2/repository/io/cucumber/cucumber-core/1.2.6/cucumber-core-1.2.6.jar:/Users/mimishra/.m2/repository/info/cukes/cucumber-html/0.2.3/cucumber-html-0.2.3.jar:/Users/mimishra/.m2/repository/info/cukes/cucumber-jvm-deps/1.0.5/cucumber-jvm-deps-1.0.5.jar:/Users/mimishra/.m2/repository/info/cukes/gherkin/2.12.2/gherkin-2.12.2.jar:/Users/mimishra/.m2/repository/com/github/mailslurp/mailslurp-client-java/7.0.11-RELEASE/mailslurp-client-java-7.0.11-RELEASE.jar:/Users/mimishra/.m2/repository/io/swagger/swagger-annotations/1.5.22/swagger-annotations-1.5.22.jar:/Users/mimishra/.m2/repository/com/google/code/findbugs/jsr305/3.0.2/jsr305-3.0.2.jar:/Users/mimishra/.m2/repository/com/squareup/okhttp3/okhttp/3.14.2/okhttp-3.14.2.jar:/Users/mimishra/.m2/repository/com/squareup/okhttp3/logging-interceptor/3.14.2/logging-interceptor-3.14.2.jar:/Users/mimishra/.m2/repository/org/apache/commons/commons-lang3/3.9/commons-lang3-3.9.jar:/Users/mimishra/.m2/repository/org/threeten/threetenbp/1.4.0/threetenbp-1.4.0.jar:/Users/mimishra/.m2/repository/org/seleniumhq/selenium/selenium-java/3.14.0/selenium-java-3.14.0.jar:/Users/mimishra/.m2/repository/org/seleniumhq/selenium/selenium-api/3.14.0/selenium-api-3.14.0.jar:/Users/mimishra/.m2/repository/org/seleniumhq/selenium/selenium-chrome-driver/3.14.0/selenium-chrome-driver-3.14.0.jar:/Users/mimishra/.m2/repository/org/seleniumhq/selenium/selenium-edge-driver/3.14.0/selenium-edge-driver-3.14.0.jar:/Users/mimishra/.m2/repository/org/seleniumhq/selenium/selenium-firefox-driver/3.14.0/selenium-firefox-driver-3.14.0.jar:/Users/mimishra/.m2/repository/org/seleniumhq/selenium/selenium-ie-driver/3.14.0/selenium-ie-driver-3.14.0.jar:/Users/mimishra/.m2/repository/org/seleniumhq/selenium/selenium-opera-driver/3.14.0/selenium-opera-driver-3.14.0.jar:/Users/mimishra/.m2/repository/org/seleniumhq/selenium/selenium-remote-driver/3.14.0/selenium-remote-driver-3.14.0.jar:/Users/mimishra/.m2/repository/org/seleniumhq/selenium/selenium-safari-driver/3.14.0/selenium-safari-driver-3.14.0.jar:/Users/mimishra/.m2/repository/org/seleniumhq/selenium/selenium-support/3.14.0/selenium-support-3.14.0.jar:/Users/mimishra/.m2/repository/net/bytebuddy/byte-buddy/1.8.15/byte-buddy-1.8.15.jar:/Users/mimishra/.m2/repository/org/apache/commons/commons-exec/1.3/commons-exec-1.3.jar:/Users/mimishra/.m2/repository/commons-codec/commons-codec/1.10/commons-codec-1.10.jar:/Users/mimishra/.m2/repository/commons-logging/commons-logging/1.2/commons-logging-1.2.jar:/Users/mimishra/.m2/repository/org/apache/httpcomponents/httpclient/4.5.5/httpclient-4.5.5.jar:/Users/mimishra/.m2/repository/org/apache/httpcomponents/httpcore/4.4.9/httpcore-4.4.9.jar:/Users/mimishra/.m2/repository/com/squareup/okio/okio/1.14.1/okio-1.14.1.jar:/Users/mimishra/.m2/repository/com/browserstack/browserstack-local-java/1.0.3/browserstack-local-java-1.0.3.jar:/Users/mimishra/.m2/repository/commons-io/commons-io/1.3.2/commons-io-1.3.2.jar:/Users/mimishra/.m2/repository/org/json/json/20160212/json-20160212.jar:/Users/mimishra/.m2/repository/com/google/guava/guava/23.0/guava-23.0.jar:/Users/mimishra/.m2/repository/com/google/errorprone/error_prone_annotations/2.0.18/error_prone_annotations-2.0.18.jar:/Users/mimishra/.m2/repository/com/google/j2objc/j2objc-annotations/1.1/j2objc-annotations-1.1.jar:/Users/mimishra/.m2/repository/org/codehaus/mojo/animal-sniffer-annotations/1.14/animal-sniffer-annotations-1.14.jar:/Users/mimishra/.m2/repository/com/google/code/gson/gson/2.8.3/gson-2.8.3.jar:/Users/mimishra/.m2/repository/io/gsonfire/gson-fire/1.8.3/gson-fire-1.8.3.jar:/Users/mimishra/.m2/repository/io/rest-assured/rest-assured/4.1.2/rest-assured-4.1.2.jar:/Users/mimishra/.m2/repository/org/codehaus/groovy/groovy/2.5.8/groovy-2.5.8.jar:/Users/mimishra/.m2/repository/org/codehaus/groovy/groovy-xml/2.5.8/groovy-xml-2.5.8.jar:/Users/mimishra/.m2/repository/org/apache/httpcomponents/httpmime/4.5.3/httpmime-4.5.3.jar:/Users/mimishra/.m2/repository/org/hamcrest/hamcrest/2.1/hamcrest-2.1.jar:/Users/mimishra/.m2/repository/org/ccil/cowan/tagsoup/tagsoup/1.2.1/tagsoup-1.2.1.jar:/Users/mimishra/.m2/repository/io/rest-assured/json-path/4.1.2/json-path-4.1.2.jar:/Users/mimishra/.m2/repository/org/codehaus/groovy/groovy-json/2.5.8/groovy-json-2.5.8.jar:/Users/mimishra/.m2/repository/io/rest-assured/rest-assured-common/4.1.2/rest-assured-common-4.1.2.jar:/Users/mimishra/.m2/repository/io/rest-assured/xml-path/4.1.2/xml-path-4.1.2.jar:/Users/mimishra/.m2/repository/javax/xml/bind/jaxb-api/2.3.1/jaxb-api-2.3.1.jar:/Users/mimishra/.m2/repository/javax/activation/javax.activation-api/1.2.0/javax.activation-api-1.2.0.jar:/Users/mimishra/.m2/repository/com/sun/xml/bind/jaxb-osgi/2.3.0.1/jaxb-osgi-2.3.0.1.jar:/Users/mimishra/.m2/repository/org/apache/sling/org.apache.sling.javax.activation/0.1.0/org.apache.sling.javax.activation-0.1.0.jar:/Users/mimishra/.m2/repository/javax/activation/activation/1.1.1/activation-1.1.1.jar:"/>
    <property name="sun.cpu.endian" value="little"/>
    <property name="user.home" value="/Users/mimishra"/>
    <property name="user.language" value="en"/>
    <property name="java.specification.vendor" value="Oracle Corporation"/>
    <property name="java.home" value="/Library/Java/JavaVirtualMachines/jdk1.8.0_221.jdk/Contents/Home/jre"/>
    <property name="basedir" value="/Users/mimishra/eclipse-workspace/api-testing"/>
    <property name="file.separator" value="/"/>
    <property name="line.separator" value="&#10;"/>
    <property name="java.vm.specification.vendor" value="Oracle Corporation"/>
    <property name="java.specification.name" value="Java Platform API Specification"/>
    <property name="java.awt.graphicsenv" value="sun.awt.CGraphicsEnvironment"/>
    <property name="surefire.real.class.path" value="/Users/mimishra/eclipse-workspace/api-testing/target/surefire/surefirebooter6980975667579857746.jar"/>
    <property name="sun.boot.class.path" value="/Library/Java/JavaVirtualMachines/jdk1.8.0_221.jdk/Contents/Home/jre/lib/resources.jar:/Library/Java/JavaVirtualMachines/jdk1.8.0_221.jdk/Contents/Home/jre/lib/rt.jar:/Library/Java/JavaVirtualMachines/jdk1.8.0_221.jdk/Contents/Home/jre/lib/sunrsasign.jar:/Library/Java/JavaVirtualMachines/jdk1.8.0_221.jdk/Contents/Home/jre/lib/jsse.jar:/Library/Java/JavaVirtualMachines/jdk1.8.0_221.jdk/Contents/Home/jre/lib/jce.jar:/Library/Java/JavaVirtualMachines/jdk1.8.0_221.jdk/Contents/Home/jre/lib/charsets.jar:/Library/Java/JavaVirtualMachines/jdk1.8.0_221.jdk/Contents/Home/jre/lib/jfr.jar:/Library/Java/JavaVirtualMachines/jdk1.8.0_221.jdk/Contents/Home/jre/classes"/>
    <property name="sun.management.compiler" value="HotSpot 64-Bit Tiered Compilers"/>
    <property name="ftp.nonProxyHosts" value="local|*.local|169.254/16|*.169.254/16"/>
    <property name="java.runtime.version" value="1.8.0_221-b11"/>
    <property name="user.name" value="mimishra"/>
    <property name="path.separator" value=":"/>
    <property name="os.version" value="10.14.6"/>
    <property name="java.endorsed.dirs" value="/Library/Java/JavaVirtualMachines/jdk1.8.0_221.jdk/Contents/Home/jre/lib/endorsed"/>
    <property name="java.runtime.name" value="Java(TM) SE Runtime Environment"/>
    <property name="file.encoding" value="UTF-8"/>
    <property name="java.vm.name" value="Java HotSpot(TM) 64-Bit Server VM"/>
    <property name="localRepository" value="/Users/mimishra/.m2/repository"/>
    <property name="java.vendor.url.bug" value="http://bugreport.sun.com/bugreport/"/>
    <property name="java.io.tmpdir" value="/var/folders/my/jgql5wcd23jbbmnf0v_f_8hh0000gn/T/"/>
    <property name="java.version" value="1.8.0_221"/>
    <property name="user.dir" value="/Users/mimishra/eclipse-workspace/api-testing"/>
    <property name="os.arch" value="x86_64"/>
    <property name="java.vm.specification.name" value="Java Virtual Machine Specification"/>
    <property name="java.awt.printerjob" value="sun.lwawt.macosx.CPrinterJob"/>
    <property name="sun.os.patch.level" value="unknown"/>
    <property name="java.library.path" value="/Users/mimishra/Library/Java/Extensions:/Library/Java/Extensions:/Network/Library/Java/Extensions:/System/Library/Java/Extensions:/usr/lib/java:."/>
    <property name="java.vm.info" value="mixed mode"/>
    <property name="java.vendor" value="Oracle Corporation"/>
    <property name="java.vm.version" value="25.221-b11"/>
    <property name="java.ext.dirs" value="/Users/mimishra/Library/Java/Extensions:/Library/Java/JavaVirtualMachines/jdk1.8.0_221.jdk/Contents/Home/jre/lib/ext:/Library/Java/Extensions:/Network/Library/Java/Extensions:/System/Library/Java/Extensions:/usr/lib/java"/>
    <property name="sun.io.unicode.encoding" value="UnicodeBig"/>
    <property name="java.class.version" value="52.0"/>
    <property name="socksNonProxyHosts" value="local|*.local|169.254/16|*.169.254/16"/>
  </properties>
  <testcase name="Given User have valid end point for API" classname="Scenario: CaseAPI_002: Verify getcase api call in CaseAPI" time="0.001">
    <system-out><![CDATA[#Author: Mitesh Mishra
#Keywords Summary :
#Feature: List of scenarios.
#Scenario: Business rule through list of steps with arguments.
#Given: Some precondition step
#When: Some key actions
#Then: To observe outcomes or validation
#And,But: To enumerate more Given,When,Then steps
#Scenario Outline: List of steps for data-driven as an Examples and <placeholder>
#Examples: Container for s table
#Background: List of steps run before each of the scenarios
#""" (Doc Strings)
#| (Data Tables)
#@ (Tags/Labels):To group Scenarios
#<> (placeholder)
#""
## (Comments)
#Sample Feature Definition Template
@APITest
Feature: Test Rest API
]]></system-out>
  </testcase>
  <testcase name="When User makes a call to API with following parameter" classname="Scenario: CaseAPI_002: Verify getcase api call in CaseAPI" time="0">
    <system-out><![CDATA[2
cas:sessionId
00D2i0000000Ml4!AQIAQAmoxLslVY_o6DUH4X76qJ19lqtFWRQWfGC9HK2paRiFS3yyq7EZrjuXcsPbzpsTo7mGdAujjBuZkGQsoh1VtHFO4dSJ
ssoName
[api:ssoName: null]
[api:ssoName: null]
api:ssoName
rhn-support-kmashalk
rhn-support-kmashalk
caseNum
[api:caseNum: null]
[api:caseNum: null]
api:caseNum
02470917
02470917
XML file updated successfully
Request method:	POST
Request URI:	https://cs37.salesforce.com/services/Soap/class/CaseAPI
Proxy:			<none>
Request params:	<none>
Query params:	<none>
Form params:	<none>
Path params:	<none>
Headers:		SOAPAction=""http://soap.sforce.com/schemas/class/CaseAPI/CaseAPIPortType/getCaseRequest"";
				Accept=application/xml
				Content-Type=text/XML; charset=utf-8
Cookies:		<none>
Multiparts:		<none>
Body:
<soapenv:Envelope xmlns:api="http://soap.sforce.com/schemas/class/APIUtils" xmlns:cas="http://soap.sforce.com/schemas/class/CaseAPI" xmlns:soapenv="http://schemas.xmlsoap.org/soap/envelope/">
  <soapenv:Header>
    <cas:SessionHeader>
      <cas:sessionId>00D2i0000000Ml4!AQIAQAmoxLslVY_o6DUH4X76qJ19lqtFWRQWfGC9HK2paRiFS3yyq7EZrjuXcsPbzpsTo7mGdAujjBuZkGQsoh1VtHFO4dSJ</cas:sessionId>
    </cas:SessionHeader>
  </soapenv:Header>
  <soapenv:Body>
    <cas:getCase>
      <cas:cContext>
        <api:ssoName>rhn-support-kmashalk</api:ssoName>
      </cas:cContext>
      <cas:caseContext>
        <api:caseNum>02470917</api:caseNum>
      </cas:caseContext>
    </cas:getCase>
  </soapenv:Body>
</soapenv:Envelope>
]]></system-out>
  </testcase>
  <testcase name="Then verify status code is 200 OK" classname="Scenario: CaseAPI_002: Verify getcase api call in CaseAPI" time="0">
    <system-out><![CDATA[&amp#27;[34mStatusCode 200 OK&amp#27;[0m
]]></system-out>
  </testcase>
  <testcase name="And verify fields in response body" classname="Scenario: CaseAPI_002: Verify getcase api call in CaseAPI" time="0">
    <system-out><![CDATA[<?xml version="1.0" encoding="UTF-8"?><soapenv:Envelope xmlns:soapenv="http://schemas.xmlsoap.org/soap/envelope/" xmlns="http://soap.sforce.com/schemas/class/CaseAPI" xmlns:APICase="http://soap.sforce.com/schemas/class/APIUtils" xmlns:xsi="http://www.w3.org/2001/XMLSchema-instance"><soapenv:Body><getCaseResponse><result><APICase:abandonCase xsi:nil="true"/><APICase:accountNumber>1460290</APICase:accountNumber><APICase:actionPlan xsi:nil="true"/><APICase:alternateId xsi:nil="true"/><APICase:attachments xsi:nil="true"/><APICase:bugs><APICase:message xsi:nil="true"/><APICase:returnCode xsi:nil="true"/></APICase:bugs><APICase:caseAutomationEnabled>true</APICase:caseAutomationEnabled><APICase:caseCreationSessionId xsi:nil="true"/><APICase:caseNumber>02470917</APICase:caseNumber><APICase:caseResourceLinks><APICase:message xsi:nil="true"/><APICase:returnCode xsi:nil="true"/></APICase:caseResourceLinks><APICase:caseSummary xsi:nil="true"/><APICase:caseType>Other</APICase:caseType><APICase:cep>false</APICase:cep><APICase:certArchitecture xsi:nil="true"/><APICase:certCategory xsi:nil="true"/><APICase:certContainerProjectId xsi:nil="true"/><APICase:certExceptionGranted xsi:nil="true"/><APICase:certIsPrivate xsi:nil="true"/><APICase:certNeedException xsi:nil="true"/><APICase:certPortalId xsi:nil="true"/><APICase:certProduct xsi:nil="true"/><APICase:certProgram xsi:nil="true"/><APICase:certVendorName xsi:nil="true"/><APICase:certVendorPortalId xsi:nil="true"/><APICase:certVendorProductName xsi:nil="true"/><APICase:certVendorProductPortalId xsi:nil="true"/><APICase:certVersion xsi:nil="true"/><APICase:collaborationScore>695.0</APICase:collaborationScore><APICase:comments><APICase:caseNumber>02470917</APICase:caseNumber><APICase:contentType>plaintext</APICase:contentType><APICase:createdBy>Mashalkar, Kumar</APICase:createdBy><APICase:createdByType>Associate</APICase:createdByType><APICase:createdDate>2020-06-29T12:21:33.000Z</APICase:createdDate><APICase:doNotChangeSBT>false</APICase:doNotChangeSBT><APICase:externalCommentHandlingSystem xsi:nil="true"/><APICase:hoursWorked xsi:nil="true"/><APICase:id>a0a2i000000VN1NAAW</APICase:id><APICase:isDraft>false</APICase:isDraft><APICase:isPublic>true</APICase:isPublic><APICase:lastModifiedBy>Mashalkar, Kumar</APICase:lastModifiedBy><APICase:lastModifiedByEmailAddress xsi:nil="true"/><APICase:lastModifiedByPersonType>Associate</APICase:lastModifiedByPersonType><APICase:lastModifiedDate>2020-06-29T12:21:33.000Z</APICase:lastModifiedDate><APICase:message xsi:nil="true"/><APICase:publishedDate>2020-06-29T12:21:33.000Z</APICase:publishedDate><APICase:returnCode xsi:nil="true"/><APICase:sharePrivateWithExternalTrackers xsi:nil="true"/><APICase:text>This is public comment</APICase:text><APICase:visibility xsi:nil="true"/></APICase:comments><APICase:comments><APICase:caseNumber>02470917</APICase:caseNumber><APICase:contentType>plaintext</APICase:contentType><APICase:createdBy>Mashalkar, Kumar</APICase:createdBy><APICase:createdByType>Associate</APICase:createdByType><APICase:createdDate>2020-06-29T12:18:28.000Z</APICase:createdDate><APICase:doNotChangeSBT>false</APICase:doNotChangeSBT><APICase:externalCommentHandlingSystem xsi:nil="true"/><APICase:hoursWorked xsi:nil="true"/><APICase:id>a0a2i000000VN1DAAW</APICase:id><APICase:isDraft>false</APICase:isDraft><APICase:isPublic>true</APICase:isPublic><APICase:lastModifiedBy>Mashalkar, Kumar</APICase:lastModifiedBy><APICase:lastModifiedByEmailAddress xsi:nil="true"/><APICase:lastModifiedByPersonType>Associate</APICase:lastModifiedByPersonType><APICase:lastModifiedDate>2020-06-29T12:18:28.000Z</APICase:lastModifiedDate><APICase:message xsi:nil="true"/><APICase:publishedDate>2020-06-29T12:18:28.000Z</APICase:publishedDate><APICase:returnCode xsi:nil="true"/><APICase:sharePrivateWithExternalTrackers xsi:nil="true"/><APICase:text>This is public comment</APICase:text><APICase:visibility xsi:nil="true"/></APICase:comments><APICase:comments><APICase:caseNumber>02470917</APICase:caseNumber><APICase:contentType>plaintext</APICase:contentType><APICase:createdBy>Mashalkar, Kumar</APICase:createdBy><APICase:createdByType>Associate</APICase:createdByType><APICase:createdDate>2020-06-29T12:12:08.000Z</APICase:createdDate><APICase:doNotChangeSBT>false</APICase:doNotChangeSBT><APICase:externalCommentHandlingSystem xsi:nil="true"/><APICase:hoursWorked xsi:nil="true"/><APICase:id>a0a2i000000VN18AAG</APICase:id><APICase:isDraft>false</APICase:isDraft><APICase:isPublic>true</APICase:isPublic><APICase:lastModifiedBy>Mashalkar, Kumar</APICase:lastModifiedBy><APICase:lastModifiedByEmailAddress xsi:nil="true"/><APICase:lastModifiedByPersonType>Associate</APICase:lastModifiedByPersonType><APICase:lastModifiedDate>2020-06-29T12:12:07.000Z</APICase:lastModifiedDate><APICase:message xsi:nil="true"/><APICase:publishedDate>2020-06-29T12:12:07.000Z</APICase:publishedDate><APICase:returnCode xsi:nil="true"/><APICase:sharePrivateWithExternalTrackers xsi:nil="true"/><APICase:text>This is public comment</APICase:text><APICase:visibility xsi:nil="true"/></APICase:comments><APICase:comments><APICase:caseNumber>02470917</APICase:caseNumber><APICase:contentType>plaintext</APICase:contentType><APICase:createdBy>Mashalkar, Kumar</APICase:createdBy><APICase:createdByType>Associate</APICase:createdByType><APICase:createdDate>2020-06-26T11:45:03.000Z</APICase:createdDate><APICase:doNotChangeSBT>false</APICase:doNotChangeSBT><APICase:externalCommentHandlingSystem xsi:nil="true"/><APICase:hoursWorked xsi:nil="true"/><APICase:id>a0a2i000000VMB5AAO</APICase:id><APICase:isDraft>false</APICase:isDraft><APICase:isPublic>true</APICase:isPublic><APICase:lastModifiedBy>Mashalkar, Kumar</APICase:lastModifiedBy><APICase:lastModifiedByEmailAddress xsi:nil="true"/><APICase:lastModifiedByPersonType>Associate</APICase:lastModifiedByPersonType><APICase:lastModifiedDate>2020-06-26T11:45:03.000Z</APICase:lastModifiedDate><APICase:message xsi:nil="true"/><APICase:publishedDate>2020-06-26T11:45:03.000Z</APICase:publishedDate><APICase:returnCode xsi:nil="true"/><APICase:sharePrivateWithExternalTrackers xsi:nil="true"/><APICase:text>This is public comment</APICase:text><APICase:visibility xsi:nil="true"/></APICase:comments><APICase:comments><APICase:caseNumber>02470917</APICase:caseNumber><APICase:contentType>plaintext</APICase:contentType><APICase:createdBy>Mashalkar, Kumar</APICase:createdBy><APICase:createdByType>Associate</APICase:createdByType><APICase:createdDate>2020-06-26T08:29:28.000Z</APICase:createdDate><APICase:doNotChangeSBT>false</APICase:doNotChangeSBT><APICase:externalCommentHandlingSystem xsi:nil="true"/><APICase:hoursWorked xsi:nil="true"/><APICase:id>a0a2i000000VMAgAAO</APICase:id><APICase:isDraft>false</APICase:isDraft><APICase:isPublic>true</APICase:isPublic><APICase:lastModifiedBy>Mashalkar, Kumar</APICase:lastModifiedBy><APICase:lastModifiedByEmailAddress xsi:nil="true"/><APICase:lastModifiedByPersonType>Associate</APICase:lastModifiedByPersonType><APICase:lastModifiedDate>2020-06-26T08:29:27.000Z</APICase:lastModifiedDate><APICase:message xsi:nil="true"/><APICase:publishedDate>2020-06-26T08:29:27.000Z</APICase:publishedDate><APICase:returnCode xsi:nil="true"/><APICase:sharePrivateWithExternalTrackers xsi:nil="true"/><APICase:text>This is public comment</APICase:text><APICase:visibility xsi:nil="true"/></APICase:comments><APICase:comments><APICase:caseNumber>02470917</APICase:caseNumber><APICase:contentType>plaintext</APICase:contentType><APICase:createdBy>Mashalkar, Kumar</APICase:createdBy><APICase:createdByType>Associate</APICase:createdByType><APICase:createdDate>2020-06-26T04:12:44.000Z</APICase:createdDate><APICase:doNotChangeSBT>false</APICase:doNotChangeSBT><APICase:externalCommentHandlingSystem xsi:nil="true"/><APICase:hoursWorked xsi:nil="true"/><APICase:id>a0a2i000000VM8VAAW</APICase:id><APICase:isDraft>false</APICase:isDraft><APICase:isPublic>true</APICase:isPublic><APICase:lastModifiedBy>Mashalkar, Kumar</APICase:lastModifiedBy><APICase:lastModifiedByEmailAddress xsi:nil="true"/><APICase:lastModifiedByPersonType>Associate</APICase:lastModifiedByPersonType><APICase:lastModifiedDate>2020-06-26T04:12:43.000Z</APICase:lastModifiedDate><APICase:message xsi:nil="true"/><APICase:publishedDate>2020-06-26T04:12:43.000Z</APICase:publishedDate><APICase:returnCode xsi:nil="true"/><APICase:sharePrivateWithExternalTrackers xsi:nil="true"/><APICase:text>This is public comment</APICase:text><APICase:visibility xsi:nil="true"/></APICase:comments><APICase:comments><APICase:caseNumber>02470917</APICase:caseNumber><APICase:contentType>plaintext</APICase:contentType><APICase:createdBy>Mishra, Mitesh</APICase:createdBy><APICase:createdByType>Associate</APICase:createdByType><APICase:createdDate>2020-06-26T04:05:42.000Z</APICase:createdDate><APICase:doNotChangeSBT>false</APICase:doNotChangeSBT><APICase:externalCommentHandlingSystem xsi:nil="true"/><APICase:hoursWorked xsi:nil="true"/><APICase:id>a0a2i000000VM8LAAW</APICase:id><APICase:isDraft>false</APICase:isDraft><APICase:isPublic>true</APICase:isPublic><APICase:lastModifiedBy>Mishra, Mitesh</APICase:lastModifiedBy><APICase:lastModifiedByEmailAddress xsi:nil="true"/><APICase:lastModifiedByPersonType>Associate</APICase:lastModifiedByPersonType><APICase:lastModifiedDate>2020-06-26T04:05:42.000Z</APICase:lastModifiedDate><APICase:message xsi:nil="true"/><APICase:publishedDate>2020-06-26T04:05:42.000Z</APICase:publishedDate><APICase:returnCode xsi:nil="true"/><APICase:sharePrivateWithExternalTrackers xsi:nil="true"/><APICase:text>comment for customer</APICase:text><APICase:visibility xsi:nil="true"/></APICase:comments><APICase:comments><APICase:caseNumber>02470917</APICase:caseNumber><APICase:contentType>plaintext</APICase:contentType><APICase:createdBy>Mishra, Mitesh</APICase:createdBy><APICase:createdByType>Associate</APICase:createdByType><APICase:createdDate>2020-06-26T04:01:47.000Z</APICase:createdDate><APICase:doNotChangeSBT>false</APICase:doNotChangeSBT><APICase:externalCommentHandlingSystem xsi:nil="true"/><APICase:hoursWorked xsi:nil="true"/><APICase:id>a0a2i000000VM8GAAW</APICase:id><APICase:isDraft>false</APICase:isDraft><APICase:isPublic>true</APICase:isPublic><APICase:lastModifiedBy>Mishra, Mitesh</APICase:lastModifiedBy><APICase:lastModifiedByEmailAddress xsi:nil="true"/><APICase:lastModifiedByPersonType>Associate</APICase:lastModifiedByPersonType><APICase:lastModifiedDate>2020-06-26T04:01:47.000Z</APICase:lastModifiedDate><APICase:message xsi:nil="true"/><APICase:publishedDate>2020-06-26T04:01:47.000Z</APICase:publishedDate><APICase:returnCode xsi:nil="true"/><APICase:sharePrivateWithExternalTrackers xsi:nil="true"/><APICase:text>comment to check mail is generated to customer as well</APICase:text><APICase:visibility xsi:nil="true"/></APICase:comments><APICase:comments><APICase:caseNumber>02470917</APICase:caseNumber><APICase:contentType>plaintext</APICase:contentType><APICase:createdBy>Mishra, Mitesh</APICase:createdBy><APICase:createdByType>Associate</APICase:createdByType><APICase:createdDate>2020-06-26T03:59:35.000Z</APICase:createdDate><APICase:doNotChangeSBT>false</APICase:doNotChangeSBT><APICase:externalCommentHandlingSystem xsi:nil="true"/><APICase:hoursWorked xsi:nil="true"/><APICase:id>a0a2i000000VM8BAAW</APICase:id><APICase:isDraft>false</APICase:isDraft><APICase:isPublic>true</APICase:isPublic><APICase:lastModifiedBy>Mishra, Mitesh</APICase:lastModifiedBy><APICase:lastModifiedByEmailAddress xsi:nil="true"/><APICase:lastModifiedByPersonType>Associate</APICase:lastModifiedByPersonType><APICase:lastModifiedDate>2020-06-26T03:59:34.000Z</APICase:lastModifiedDate><APICase:message xsi:nil="true"/><APICase:publishedDate>2020-06-26T03:59:34.000Z</APICase:publishedDate><APICase:returnCode xsi:nil="true"/><APICase:sharePrivateWithExternalTrackers xsi:nil="true"/><APICase:text>test comment</APICase:text><APICase:visibility xsi:nil="true"/></APICase:comments><APICase:comments><APICase:caseNumber>02470917</APICase:caseNumber><APICase:contentType>plaintext</APICase:contentType><APICase:createdBy>Mashalkar, Kumar</APICase:createdBy><APICase:createdByType>Associate</APICase:createdByType><APICase:createdDate>2020-06-25T18:50:15.000Z</APICase:createdDate><APICase:doNotChangeSBT>false</APICase:doNotChangeSBT><APICase:externalCommentHandlingSystem xsi:nil="true"/><APICase:hoursWorked xsi:nil="true"/><APICase:id>a0a2i000000VLv7AAG</APICase:id><APICase:isDraft>false</APICase:isDraft><APICase:isPublic>true</APICase:isPublic><APICase:lastModifiedBy>Mashalkar, Kumar</APICase:lastModifiedBy><APICase:lastModifiedByEmailAddress xsi:nil="true"/><APICase:lastModifiedByPersonType>Associate</APICase:lastModifiedByPersonType><APICase:lastModifiedDate>2020-06-25T18:50:14.000Z</APICase:lastModifiedDate><APICase:message xsi:nil="true"/><APICase:publishedDate>2020-06-25T18:50:14.000Z</APICase:publishedDate><APICase:returnCode xsi:nil="true"/><APICase:sharePrivateWithExternalTrackers xsi:nil="true"/><APICase:text>This is public comment</APICase:text><APICase:visibility xsi:nil="true"/></APICase:comments><APICase:comments><APICase:caseNumber>02470917</APICase:caseNumber><APICase:contentType>plaintext</APICase:contentType><APICase:createdBy>Mashalkar, Kumar</APICase:createdBy><APICase:createdByType>Associate</APICase:createdByType><APICase:createdDate>2020-06-25T18:13:25.000Z</APICase:createdDate><APICase:doNotChangeSBT>false</APICase:doNotChangeSBT><APICase:externalCommentHandlingSystem xsi:nil="true"/><APICase:hoursWorked xsi:nil="true"/><APICase:id>a0a2i000000VLu9AAG</APICase:id><APICase:isDraft>false</APICase:isDraft><APICase:isPublic>true</APICase:isPublic><APICase:lastModifiedBy>Mashalkar, Kumar</APICase:lastModifiedBy><APICase:lastModifiedByEmailAddress xsi:nil="true"/><APICase:lastModifiedByPersonType>Associate</APICase:lastModifiedByPersonType><APICase:lastModifiedDate>2020-06-25T18:13:24.000Z</APICase:lastModifiedDate><APICase:message xsi:nil="true"/><APICase:publishedDate>2020-06-25T18:13:24.000Z</APICase:publishedDate><APICase:returnCode xsi:nil="true"/><APICase:sharePrivateWithExternalTrackers xsi:nil="true"/><APICase:text>This is public comment</APICase:text><APICase:visibility xsi:nil="true"/></APICase:comments><APICase:comments><APICase:caseNumber>02470917</APICase:caseNumber><APICase:contentType>plaintext</APICase:contentType><APICase:createdBy>Mashalkar, Kumar</APICase:createdBy><APICase:createdByType>Associate</APICase:createdByType><APICase:createdDate>2020-06-25T17:44:37.000Z</APICase:createdDate><APICase:doNotChangeSBT>false</APICase:doNotChangeSBT><APICase:externalCommentHandlingSystem xsi:nil="true"/><APICase:hoursWorked xsi:nil="true"/><APICase:id>a0a2i000000VLtzAAG</APICase:id><APICase:isDraft>false</APICase:isDraft><APICase:isPublic>true</APICase:isPublic><APICase:lastModifiedBy>Mashalkar, Kumar</APICase:lastModifiedBy><APICase:lastModifiedByEmailAddress xsi:nil="true"/><APICase:lastModifiedByPersonType>Associate</APICase:lastModifiedByPersonType><APICase:lastModifiedDate>2020-06-25T17:44:36.000Z</APICase:lastModifiedDate><APICase:message xsi:nil="true"/><APICase:publishedDate>2020-06-25T17:44:36.000Z</APICase:publishedDate><APICase:returnCode xsi:nil="true"/><APICase:sharePrivateWithExternalTrackers xsi:nil="true"/><APICase:text>This is a test comment</APICase:text><APICase:visibility xsi:nil="true"/></APICase:comments><APICase:comments><APICase:caseNumber>02470917</APICase:caseNumber><APICase:contentType>plaintext</APICase:contentType><APICase:createdBy>Mashalkar, Kumar</APICase:createdBy><APICase:createdByType>Associate</APICase:createdByType><APICase:createdDate>2020-06-19T15:52:24.000Z</APICase:createdDate><APICase:doNotChangeSBT>false</APICase:doNotChangeSBT><APICase:externalCommentHandlingSystem xsi:nil="true"/><APICase:hoursWorked xsi:nil="true"/><APICase:id>a0a2i000000VG1XAAW</APICase:id><APICase:isDraft>false</APICase:isDraft><APICase:isPublic>false</APICase:isPublic><APICase:lastModifiedBy>Mashalkar, Kumar</APICase:lastModifiedBy><APICase:lastModifiedByEmailAddress xsi:nil="true"/><APICase:lastModifiedByPersonType>Associate</APICase:lastModifiedByPersonType><APICase:lastModifiedDate>2020-06-19T15:52:24.000Z</APICase:lastModifiedDate><APICase:message xsi:nil="true"/><APICase:publishedDate>2020-06-19T15:52:24.000Z</APICase:publishedDate><APICase:returnCode xsi:nil="true"/><APICase:sharePrivateWithExternalTrackers xsi:nil="true"/><APICase:text>This is private comment</APICase:text><APICase:visibility xsi:nil="true"/></APICase:comments><APICase:comments><APICase:caseNumber>02470917</APICase:caseNumber><APICase:contentType>plaintext</APICase:contentType><APICase:createdBy>Mashalkar, Kumar</APICase:createdBy><APICase:createdByType>Associate</APICase:createdByType><APICase:createdDate>2020-06-19T15:40:45.000Z</APICase:createdDate><APICase:doNotChangeSBT>false</APICase:doNotChangeSBT><APICase:externalCommentHandlingSystem xsi:nil="true"/><APICase:hoursWorked xsi:nil="true"/><APICase:id>a0a2i000000VG1SAAW</APICase:id><APICase:isDraft>false</APICase:isDraft><APICase:isPublic>true</APICase:isPublic><APICase:lastModifiedBy>Mashalkar, Kumar</APICase:lastModifiedBy><APICase:lastModifiedByEmailAddress xsi:nil="true"/><APICase:lastModifiedByPersonType>Associate</APICase:lastModifiedByPersonType><APICase:lastModifiedDate>2020-06-19T15:40:45.000Z</APICase:lastModifiedDate><APICase:message xsi:nil="true"/><APICase:publishedDate>2020-06-19T15:40:45.000Z</APICase:publishedDate><APICase:returnCode xsi:nil="true"/><APICase:sharePrivateWithExternalTrackers xsi:nil="true"/><APICase:text>This is public comment</APICase:text><APICase:visibility xsi:nil="true"/></APICase:comments><APICase:contactInfo24x7 xsi:nil="true"/><APICase:contactIsPartner>false</APICase:contactIsPartner><APICase:contactName>David Tse</APICase:contactName><APICase:contacts><APICase:canAccessAllAccounts>false</APICase:canAccessAllAccounts><APICase:canAddAttachments>true</APICase:canAddAttachments><APICase:canSeeDashboard>true</APICase:canSeeDashboard><APICase:defaultGroupName xsi:nil="true"/><APICase:defaultGroupNumber xsi:nil="true"/><APICase:email>gss-sfdc+qa+wophoon@redhat.com</APICase:email><APICase:firstName>Woh Shon</APICase:firstName><APICase:hasChat>false</APICase:hasChat><APICase:hasUser>false</APICase:hasUser><APICase:id>003A000001nOpcXIAS</APICase:id><APICase:isInternal>false</APICase:isInternal><APICase:isOrgAdmin>false</APICase:isOrgAdmin><APICase:isSecured>true</APICase:isSecured><APICase:isSecureSupportTech>false</APICase:isSecureSupportTech><APICase:lastName>Phoon</APICase:lastName><APICase:message xsi:nil="true"/><APICase:name>Woh Shon Phoon</APICase:name><APICase:normalizedTimezone>Asia/Hong_Kong</APICase:normalizedTimezone><APICase:phone>65 9683 0675</APICase:phone><APICase:returnCode xsi:nil="true"/><APICase:sessionId xsi:nil="true"/><APICase:ssoName xsi:nil="true"/><APICase:timezone>(GMT+08:00) Hong Kong Time (Asia/Hong_Kong)</APICase:timezone></APICase:contacts><APICase:contactSSOName>dtse@redhat.com</APICase:contactSSOName><APICase:createdBy>Kumar Mashalkar</APICase:createdBy><APICase:createdBySSOName>gss-tools</APICase:createdBySSOName><APICase:createdDate>2020-06-11T09:48:35.000Z</APICase:createdDate><APICase:critSit>false</APICase:critSit><APICase:customerEscalation>false</APICase:customerEscalation><APICase:customerIntelligenceLink xsi:nil="true"/><APICase:customerNotes xsi:nil="true"/><APICase:description>Test for automation</APICase:description><APICase:enhancedSLA>false</APICase:enhancedSLA><APICase:entitlementId>5502i0000006mxdAAA</APICase:entitlementId><APICase:environment xsi:nil="true"/><APICase:externalLock>false</APICase:externalLock><APICase:externalLockBy xsi:nil="true"/><APICase:externalLockDate xsi:nil="true"/><APICase:firstCaseInactivityWarningSentAt xsi:nil="true"/><APICase:FTS>false</APICase:FTS><APICase:groupName xsi:nil="true"/><APICase:groupNumber xsi:nil="true"/><APICase:handledByAscension>false</APICase:handledByAscension><APICase:hasEnhancedDelivery>false</APICase:hasEnhancedDelivery><APICase:hostname xsi:nil="true"/><APICase:hotfixDelivered>false</APICase:hotfixDelivered><APICase:hotfixRequested>false</APICase:hotfixRequested><APICase:id>5002i0000034NPSAA2</APICase:id><APICase:internalLastModifiedDate>2020-06-29T13:15:59.000Z</APICase:internalLastModifiedDate><APICase:internalpriority xsi:nil="true"/><APICase:internalstatus>Waiting on QA</APICase:internalstatus><APICase:isCertification>false</APICase:isCertification><APICase:isClosed>false</APICase:isClosed><APICase:isFTSHandoverReady>false</APICase:isFTSHandoverReady><APICase:isPoc>false</APICase:isPoc><APICase:isPrivate>false</APICase:isPrivate><APICase:isReviewed>false</APICase:isReviewed><APICase:isStrategicAccount>true</APICase:isStrategicAccount><APICase:issue xsi:nil="true"/><APICase:itar>false</APICase:itar><APICase:language>en</APICase:language><APICase:lastModifiedBy>Mitesh Mishra</APICase:lastModifiedBy><APICase:lastModifiedDate>2020-06-29T13:15:48.000Z</APICase:lastModifiedDate><APICase:ltrocClosed>false</APICase:ltrocClosed><APICase:ltrocClosedSet>false</APICase:ltrocClosedSet><APICase:managementEscalationRequested>false</APICase:managementEscalationRequested><APICase:message xsi:nil="true"/><APICase:needsNewOwner xsi:nil="true"/><APICase:noAutomationForAccount>false</APICase:noAutomationForAccount><APICase:noAutomationForCase>false</APICase:noAutomationForCase><APICase:noAutomationForCaseGroup xsi:nil="true"/><APICase:noLinkedKCSReason xsi:nil="true"/><APICase:noLinkedKCSReasonExplanation xsi:nil="true"/><APICase:openshiftClusterId xsi:nil="true"/><APICase:origin>Phone</APICase:origin><APICase:owner>Kumar Mashalkar</APICase:owner><APICase:periodicityOfIssue xsi:nil="true"/><APICase:premiumPlus>false</APICase:premiumPlus><APICase:priorityScore>695.0</APICase:priorityScore><APICase:proactive>false</APICase:proactive><APICase:proactiveEndDate xsi:nil="true"/><APICase:proactiveStartDate xsi:nil="true"/><APICase:product>OpenShift Container Platform</APICase:product><APICase:pseCase>false</APICase:pseCase><APICase:recordTypeName>GSS Case Record Type</APICase:recordTypeName><APICase:reliefAt xsi:nil="true"/><APICase:remoteSessionTermsAcked>false</APICase:remoteSessionTermsAcked><APICase:remoteSessionTermsAckedBy xsi:nil="true"/><APICase:remoteSessionTermsAckedDate xsi:nil="true"/><APICase:remoteSessionTermsAgreementLevel xsi:nil="true"/><APICase:resolution xsi:nil="true"/><APICase:resolutionDescription xsi:nil="true"/><APICase:resolvedAt xsi:nil="true"/><APICase:returnCode>200</APICase:returnCode><APICase:sbrGroups>API Mgmt</APICase:sbrGroups><APICase:secondCaseInactivityWarningSentAt xsi:nil="true"/><APICase:severity>4 (Low)</APICase:severity><APICase:sla>PREMIUM</APICase:sla><APICase:sparseCaseNotifications>false</APICase:sparseCaseNotifications><APICase:status>Waiting on Red Hat</APICase:status><APICase:summary>This case is test of automation</APICase:summary><APICase:suppliedEmail xsi:nil="true"/><APICase:suppliedName xsi:nil="true"/><APICase:suppliedPhone xsi:nil="true"/><APICase:timeFramesAndUrgency xsi:nil="true"/><APICase:transcripts xsi:nil="true"/><APICase:translationNotRequired>false</APICase:translationNotRequired><APICase:userAgent>Internal</APICase:userAgent><APICase:version>3.10</APICase:version><APICase:waitingOnCallback>false</APICase:waitingOnCallback></result></getCaseResponse></soapenv:Body></soapenv:Envelope>
[#document: null]
APICase:caseNumber
APICase:caseNumber
02470917
<?xml version="1.0" encoding="UTF-8"?><soapenv:Envelope xmlns:soapenv="http://schemas.xmlsoap.org/soap/envelope/" xmlns="http://soap.sforce.com/schemas/class/CaseAPI" xmlns:APICase="http://soap.sforce.com/schemas/class/APIUtils" xmlns:xsi="http://www.w3.org/2001/XMLSchema-instance"><soapenv:Body><getCaseResponse><result><APICase:abandonCase xsi:nil="true"/><APICase:accountNumber>1460290</APICase:accountNumber><APICase:actionPlan xsi:nil="true"/><APICase:alternateId xsi:nil="true"/><APICase:attachments xsi:nil="true"/><APICase:bugs><APICase:message xsi:nil="true"/><APICase:returnCode xsi:nil="true"/></APICase:bugs><APICase:caseAutomationEnabled>true</APICase:caseAutomationEnabled><APICase:caseCreationSessionId xsi:nil="true"/><APICase:caseNumber>02470917</APICase:caseNumber><APICase:caseResourceLinks><APICase:message xsi:nil="true"/><APICase:returnCode xsi:nil="true"/></APICase:caseResourceLinks><APICase:caseSummary xsi:nil="true"/><APICase:caseType>Other</APICase:caseType><APICase:cep>false</APICase:cep><APICase:certArchitecture xsi:nil="true"/><APICase:certCategory xsi:nil="true"/><APICase:certContainerProjectId xsi:nil="true"/><APICase:certExceptionGranted xsi:nil="true"/><APICase:certIsPrivate xsi:nil="true"/><APICase:certNeedException xsi:nil="true"/><APICase:certPortalId xsi:nil="true"/><APICase:certProduct xsi:nil="true"/><APICase:certProgram xsi:nil="true"/><APICase:certVendorName xsi:nil="true"/><APICase:certVendorPortalId xsi:nil="true"/><APICase:certVendorProductName xsi:nil="true"/><APICase:certVendorProductPortalId xsi:nil="true"/><APICase:certVersion xsi:nil="true"/><APICase:collaborationScore>695.0</APICase:collaborationScore><APICase:comments><APICase:caseNumber>02470917</APICase:caseNumber><APICase:contentType>plaintext</APICase:contentType><APICase:createdBy>Mashalkar, Kumar</APICase:createdBy><APICase:createdByType>Associate</APICase:createdByType><APICase:createdDate>2020-06-29T12:21:33.000Z</APICase:createdDate><APICase:doNotChangeSBT>false</APICase:doNotChangeSBT><APICase:externalCommentHandlingSystem xsi:nil="true"/><APICase:hoursWorked xsi:nil="true"/><APICase:id>a0a2i000000VN1NAAW</APICase:id><APICase:isDraft>false</APICase:isDraft><APICase:isPublic>true</APICase:isPublic><APICase:lastModifiedBy>Mashalkar, Kumar</APICase:lastModifiedBy><APICase:lastModifiedByEmailAddress xsi:nil="true"/><APICase:lastModifiedByPersonType>Associate</APICase:lastModifiedByPersonType><APICase:lastModifiedDate>2020-06-29T12:21:33.000Z</APICase:lastModifiedDate><APICase:message xsi:nil="true"/><APICase:publishedDate>2020-06-29T12:21:33.000Z</APICase:publishedDate><APICase:returnCode xsi:nil="true"/><APICase:sharePrivateWithExternalTrackers xsi:nil="true"/><APICase:text>This is public comment</APICase:text><APICase:visibility xsi:nil="true"/></APICase:comments><APICase:comments><APICase:caseNumber>02470917</APICase:caseNumber><APICase:contentType>plaintext</APICase:contentType><APICase:createdBy>Mashalkar, Kumar</APICase:createdBy><APICase:createdByType>Associate</APICase:createdByType><APICase:createdDate>2020-06-29T12:18:28.000Z</APICase:createdDate><APICase:doNotChangeSBT>false</APICase:doNotChangeSBT><APICase:externalCommentHandlingSystem xsi:nil="true"/><APICase:hoursWorked xsi:nil="true"/><APICase:id>a0a2i000000VN1DAAW</APICase:id><APICase:isDraft>false</APICase:isDraft><APICase:isPublic>true</APICase:isPublic><APICase:lastModifiedBy>Mashalkar, Kumar</APICase:lastModifiedBy><APICase:lastModifiedByEmailAddress xsi:nil="true"/><APICase:lastModifiedByPersonType>Associate</APICase:lastModifiedByPersonType><APICase:lastModifiedDate>2020-06-29T12:18:28.000Z</APICase:lastModifiedDate><APICase:message xsi:nil="true"/><APICase:publishedDate>2020-06-29T12:18:28.000Z</APICase:publishedDate><APICase:returnCode xsi:nil="true"/><APICase:sharePrivateWithExternalTrackers xsi:nil="true"/><APICase:text>This is public comment</APICase:text><APICase:visibility xsi:nil="true"/></APICase:comments><APICase:comments><APICase:caseNumber>02470917</APICase:caseNumber><APICase:contentType>plaintext</APICase:contentType><APICase:createdBy>Mashalkar, Kumar</APICase:createdBy><APICase:createdByType>Associate</APICase:createdByType><APICase:createdDate>2020-06-29T12:12:08.000Z</APICase:createdDate><APICase:doNotChangeSBT>false</APICase:doNotChangeSBT><APICase:externalCommentHandlingSystem xsi:nil="true"/><APICase:hoursWorked xsi:nil="true"/><APICase:id>a0a2i000000VN18AAG</APICase:id><APICase:isDraft>false</APICase:isDraft><APICase:isPublic>true</APICase:isPublic><APICase:lastModifiedBy>Mashalkar, Kumar</APICase:lastModifiedBy><APICase:lastModifiedByEmailAddress xsi:nil="true"/><APICase:lastModifiedByPersonType>Associate</APICase:lastModifiedByPersonType><APICase:lastModifiedDate>2020-06-29T12:12:07.000Z</APICase:lastModifiedDate><APICase:message xsi:nil="true"/><APICase:publishedDate>2020-06-29T12:12:07.000Z</APICase:publishedDate><APICase:returnCode xsi:nil="true"/><APICase:sharePrivateWithExternalTrackers xsi:nil="true"/><APICase:text>This is public comment</APICase:text><APICase:visibility xsi:nil="true"/></APICase:comments><APICase:comments><APICase:caseNumber>02470917</APICase:caseNumber><APICase:contentType>plaintext</APICase:contentType><APICase:createdBy>Mashalkar, Kumar</APICase:createdBy><APICase:createdByType>Associate</APICase:createdByType><APICase:createdDate>2020-06-26T11:45:03.000Z</APICase:createdDate><APICase:doNotChangeSBT>false</APICase:doNotChangeSBT><APICase:externalCommentHandlingSystem xsi:nil="true"/><APICase:hoursWorked xsi:nil="true"/><APICase:id>a0a2i000000VMB5AAO</APICase:id><APICase:isDraft>false</APICase:isDraft><APICase:isPublic>true</APICase:isPublic><APICase:lastModifiedBy>Mashalkar, Kumar</APICase:lastModifiedBy><APICase:lastModifiedByEmailAddress xsi:nil="true"/><APICase:lastModifiedByPersonType>Associate</APICase:lastModifiedByPersonType><APICase:lastModifiedDate>2020-06-26T11:45:03.000Z</APICase:lastModifiedDate><APICase:message xsi:nil="true"/><APICase:publishedDate>2020-06-26T11:45:03.000Z</APICase:publishedDate><APICase:returnCode xsi:nil="true"/><APICase:sharePrivateWithExternalTrackers xsi:nil="true"/><APICase:text>This is public comment</APICase:text><APICase:visibility xsi:nil="true"/></APICase:comments><APICase:comments><APICase:caseNumber>02470917</APICase:caseNumber><APICase:contentType>plaintext</APICase:contentType><APICase:createdBy>Mashalkar, Kumar</APICase:createdBy><APICase:createdByType>Associate</APICase:createdByType><APICase:createdDate>2020-06-26T08:29:28.000Z</APICase:createdDate><APICase:doNotChangeSBT>false</APICase:doNotChangeSBT><APICase:externalCommentHandlingSystem xsi:nil="true"/><APICase:hoursWorked xsi:nil="true"/><APICase:id>a0a2i000000VMAgAAO</APICase:id><APICase:isDraft>false</APICase:isDraft><APICase:isPublic>true</APICase:isPublic><APICase:lastModifiedBy>Mashalkar, Kumar</APICase:lastModifiedBy><APICase:lastModifiedByEmailAddress xsi:nil="true"/><APICase:lastModifiedByPersonType>Associate</APICase:lastModifiedByPersonType><APICase:lastModifiedDate>2020-06-26T08:29:27.000Z</APICase:lastModifiedDate><APICase:message xsi:nil="true"/><APICase:publishedDate>2020-06-26T08:29:27.000Z</APICase:publishedDate><APICase:returnCode xsi:nil="true"/><APICase:sharePrivateWithExternalTrackers xsi:nil="true"/><APICase:text>This is public comment</APICase:text><APICase:visibility xsi:nil="true"/></APICase:comments><APICase:comments><APICase:caseNumber>02470917</APICase:caseNumber><APICase:contentType>plaintext</APICase:contentType><APICase:createdBy>Mashalkar, Kumar</APICase:createdBy><APICase:createdByType>Associate</APICase:createdByType><APICase:createdDate>2020-06-26T04:12:44.000Z</APICase:createdDate><APICase:doNotChangeSBT>false</APICase:doNotChangeSBT><APICase:externalCommentHandlingSystem xsi:nil="true"/><APICase:hoursWorked xsi:nil="true"/><APICase:id>a0a2i000000VM8VAAW</APICase:id><APICase:isDraft>false</APICase:isDraft><APICase:isPublic>true</APICase:isPublic><APICase:lastModifiedBy>Mashalkar, Kumar</APICase:lastModifiedBy><APICase:lastModifiedByEmailAddress xsi:nil="true"/><APICase:lastModifiedByPersonType>Associate</APICase:lastModifiedByPersonType><APICase:lastModifiedDate>2020-06-26T04:12:43.000Z</APICase:lastModifiedDate><APICase:message xsi:nil="true"/><APICase:publishedDate>2020-06-26T04:12:43.000Z</APICase:publishedDate><APICase:returnCode xsi:nil="true"/><APICase:sharePrivateWithExternalTrackers xsi:nil="true"/><APICase:text>This is public comment</APICase:text><APICase:visibility xsi:nil="true"/></APICase:comments><APICase:comments><APICase:caseNumber>02470917</APICase:caseNumber><APICase:contentType>plaintext</APICase:contentType><APICase:createdBy>Mishra, Mitesh</APICase:createdBy><APICase:createdByType>Associate</APICase:createdByType><APICase:createdDate>2020-06-26T04:05:42.000Z</APICase:createdDate><APICase:doNotChangeSBT>false</APICase:doNotChangeSBT><APICase:externalCommentHandlingSystem xsi:nil="true"/><APICase:hoursWorked xsi:nil="true"/><APICase:id>a0a2i000000VM8LAAW</APICase:id><APICase:isDraft>false</APICase:isDraft><APICase:isPublic>true</APICase:isPublic><APICase:lastModifiedBy>Mishra, Mitesh</APICase:lastModifiedBy><APICase:lastModifiedByEmailAddress xsi:nil="true"/><APICase:lastModifiedByPersonType>Associate</APICase:lastModifiedByPersonType><APICase:lastModifiedDate>2020-06-26T04:05:42.000Z</APICase:lastModifiedDate><APICase:message xsi:nil="true"/><APICase:publishedDate>2020-06-26T04:05:42.000Z</APICase:publishedDate><APICase:returnCode xsi:nil="true"/><APICase:sharePrivateWithExternalTrackers xsi:nil="true"/><APICase:text>comment for customer</APICase:text><APICase:visibility xsi:nil="true"/></APICase:comments><APICase:comments><APICase:caseNumber>02470917</APICase:caseNumber><APICase:contentType>plaintext</APICase:contentType><APICase:createdBy>Mishra, Mitesh</APICase:createdBy><APICase:createdByType>Associate</APICase:createdByType><APICase:createdDate>2020-06-26T04:01:47.000Z</APICase:createdDate><APICase:doNotChangeSBT>false</APICase:doNotChangeSBT><APICase:externalCommentHandlingSystem xsi:nil="true"/><APICase:hoursWorked xsi:nil="true"/><APICase:id>a0a2i000000VM8GAAW</APICase:id><APICase:isDraft>false</APICase:isDraft><APICase:isPublic>true</APICase:isPublic><APICase:lastModifiedBy>Mishra, Mitesh</APICase:lastModifiedBy><APICase:lastModifiedByEmailAddress xsi:nil="true"/><APICase:lastModifiedByPersonType>Associate</APICase:lastModifiedByPersonType><APICase:lastModifiedDate>2020-06-26T04:01:47.000Z</APICase:lastModifiedDate><APICase:message xsi:nil="true"/><APICase:publishedDate>2020-06-26T04:01:47.000Z</APICase:publishedDate><APICase:returnCode xsi:nil="true"/><APICase:sharePrivateWithExternalTrackers xsi:nil="true"/><APICase:text>comment to check mail is generated to customer as well</APICase:text><APICase:visibility xsi:nil="true"/></APICase:comments><APICase:comments><APICase:caseNumber>02470917</APICase:caseNumber><APICase:contentType>plaintext</APICase:contentType><APICase:createdBy>Mishra, Mitesh</APICase:createdBy><APICase:createdByType>Associate</APICase:createdByType><APICase:createdDate>2020-06-26T03:59:35.000Z</APICase:createdDate><APICase:doNotChangeSBT>false</APICase:doNotChangeSBT><APICase:externalCommentHandlingSystem xsi:nil="true"/><APICase:hoursWorked xsi:nil="true"/><APICase:id>a0a2i000000VM8BAAW</APICase:id><APICase:isDraft>false</APICase:isDraft><APICase:isPublic>true</APICase:isPublic><APICase:lastModifiedBy>Mishra, Mitesh</APICase:lastModifiedBy><APICase:lastModifiedByEmailAddress xsi:nil="true"/><APICase:lastModifiedByPersonType>Associate</APICase:lastModifiedByPersonType><APICase:lastModifiedDate>2020-06-26T03:59:34.000Z</APICase:lastModifiedDate><APICase:message xsi:nil="true"/><APICase:publishedDate>2020-06-26T03:59:34.000Z</APICase:publishedDate><APICase:returnCode xsi:nil="true"/><APICase:sharePrivateWithExternalTrackers xsi:nil="true"/><APICase:text>test comment</APICase:text><APICase:visibility xsi:nil="true"/></APICase:comments><APICase:comments><APICase:caseNumber>02470917</APICase:caseNumber><APICase:contentType>plaintext</APICase:contentType><APICase:createdBy>Mashalkar, Kumar</APICase:createdBy><APICase:createdByType>Associate</APICase:createdByType><APICase:createdDate>2020-06-25T18:50:15.000Z</APICase:createdDate><APICase:doNotChangeSBT>false</APICase:doNotChangeSBT><APICase:externalCommentHandlingSystem xsi:nil="true"/><APICase:hoursWorked xsi:nil="true"/><APICase:id>a0a2i000000VLv7AAG</APICase:id><APICase:isDraft>false</APICase:isDraft><APICase:isPublic>true</APICase:isPublic><APICase:lastModifiedBy>Mashalkar, Kumar</APICase:lastModifiedBy><APICase:lastModifiedByEmailAddress xsi:nil="true"/><APICase:lastModifiedByPersonType>Associate</APICase:lastModifiedByPersonType><APICase:lastModifiedDate>2020-06-25T18:50:14.000Z</APICase:lastModifiedDate><APICase:message xsi:nil="true"/><APICase:publishedDate>2020-06-25T18:50:14.000Z</APICase:publishedDate><APICase:returnCode xsi:nil="true"/><APICase:sharePrivateWithExternalTrackers xsi:nil="true"/><APICase:text>This is public comment</APICase:text><APICase:visibility xsi:nil="true"/></APICase:comments><APICase:comments><APICase:caseNumber>02470917</APICase:caseNumber><APICase:contentType>plaintext</APICase:contentType><APICase:createdBy>Mashalkar, Kumar</APICase:createdBy><APICase:createdByType>Associate</APICase:createdByType><APICase:createdDate>2020-06-25T18:13:25.000Z</APICase:createdDate><APICase:doNotChangeSBT>false</APICase:doNotChangeSBT><APICase:externalCommentHandlingSystem xsi:nil="true"/><APICase:hoursWorked xsi:nil="true"/><APICase:id>a0a2i000000VLu9AAG</APICase:id><APICase:isDraft>false</APICase:isDraft><APICase:isPublic>true</APICase:isPublic><APICase:lastModifiedBy>Mashalkar, Kumar</APICase:lastModifiedBy><APICase:lastModifiedByEmailAddress xsi:nil="true"/><APICase:lastModifiedByPersonType>Associate</APICase:lastModifiedByPersonType><APICase:lastModifiedDate>2020-06-25T18:13:24.000Z</APICase:lastModifiedDate><APICase:message xsi:nil="true"/><APICase:publishedDate>2020-06-25T18:13:24.000Z</APICase:publishedDate><APICase:returnCode xsi:nil="true"/><APICase:sharePrivateWithExternalTrackers xsi:nil="true"/><APICase:text>This is public comment</APICase:text><APICase:visibility xsi:nil="true"/></APICase:comments><APICase:comments><APICase:caseNumber>02470917</APICase:caseNumber><APICase:contentType>plaintext</APICase:contentType><APICase:createdBy>Mashalkar, Kumar</APICase:createdBy><APICase:createdByType>Associate</APICase:createdByType><APICase:createdDate>2020-06-25T17:44:37.000Z</APICase:createdDate><APICase:doNotChangeSBT>false</APICase:doNotChangeSBT><APICase:externalCommentHandlingSystem xsi:nil="true"/><APICase:hoursWorked xsi:nil="true"/><APICase:id>a0a2i000000VLtzAAG</APICase:id><APICase:isDraft>false</APICase:isDraft><APICase:isPublic>true</APICase:isPublic><APICase:lastModifiedBy>Mashalkar, Kumar</APICase:lastModifiedBy><APICase:lastModifiedByEmailAddress xsi:nil="true"/><APICase:lastModifiedByPersonType>Associate</APICase:lastModifiedByPersonType><APICase:lastModifiedDate>2020-06-25T17:44:36.000Z</APICase:lastModifiedDate><APICase:message xsi:nil="true"/><APICase:publishedDate>2020-06-25T17:44:36.000Z</APICase:publishedDate><APICase:returnCode xsi:nil="true"/><APICase:sharePrivateWithExternalTrackers xsi:nil="true"/><APICase:text>This is a test comment</APICase:text><APICase:visibility xsi:nil="true"/></APICase:comments><APICase:comments><APICase:caseNumber>02470917</APICase:caseNumber><APICase:contentType>plaintext</APICase:contentType><APICase:createdBy>Mashalkar, Kumar</APICase:createdBy><APICase:createdByType>Associate</APICase:createdByType><APICase:createdDate>2020-06-19T15:52:24.000Z</APICase:createdDate><APICase:doNotChangeSBT>false</APICase:doNotChangeSBT><APICase:externalCommentHandlingSystem xsi:nil="true"/><APICase:hoursWorked xsi:nil="true"/><APICase:id>a0a2i000000VG1XAAW</APICase:id><APICase:isDraft>false</APICase:isDraft><APICase:isPublic>false</APICase:isPublic><APICase:lastModifiedBy>Mashalkar, Kumar</APICase:lastModifiedBy><APICase:lastModifiedByEmailAddress xsi:nil="true"/><APICase:lastModifiedByPersonType>Associate</APICase:lastModifiedByPersonType><APICase:lastModifiedDate>2020-06-19T15:52:24.000Z</APICase:lastModifiedDate><APICase:message xsi:nil="true"/><APICase:publishedDate>2020-06-19T15:52:24.000Z</APICase:publishedDate><APICase:returnCode xsi:nil="true"/><APICase:sharePrivateWithExternalTrackers xsi:nil="true"/><APICase:text>This is private comment</APICase:text><APICase:visibility xsi:nil="true"/></APICase:comments><APICase:comments><APICase:caseNumber>02470917</APICase:caseNumber><APICase:contentType>plaintext</APICase:contentType><APICase:createdBy>Mashalkar, Kumar</APICase:createdBy><APICase:createdByType>Associate</APICase:createdByType><APICase:createdDate>2020-06-19T15:40:45.000Z</APICase:createdDate><APICase:doNotChangeSBT>false</APICase:doNotChangeSBT><APICase:externalCommentHandlingSystem xsi:nil="true"/><APICase:hoursWorked xsi:nil="true"/><APICase:id>a0a2i000000VG1SAAW</APICase:id><APICase:isDraft>false</APICase:isDraft><APICase:isPublic>true</APICase:isPublic><APICase:lastModifiedBy>Mashalkar, Kumar</APICase:lastModifiedBy><APICase:lastModifiedByEmailAddress xsi:nil="true"/><APICase:lastModifiedByPersonType>Associate</APICase:lastModifiedByPersonType><APICase:lastModifiedDate>2020-06-19T15:40:45.000Z</APICase:lastModifiedDate><APICase:message xsi:nil="true"/><APICase:publishedDate>2020-06-19T15:40:45.000Z</APICase:publishedDate><APICase:returnCode xsi:nil="true"/><APICase:sharePrivateWithExternalTrackers xsi:nil="true"/><APICase:text>This is public comment</APICase:text><APICase:visibility xsi:nil="true"/></APICase:comments><APICase:contactInfo24x7 xsi:nil="true"/><APICase:contactIsPartner>false</APICase:contactIsPartner><APICase:contactName>David Tse</APICase:contactName><APICase:contacts><APICase:canAccessAllAccounts>false</APICase:canAccessAllAccounts><APICase:canAddAttachments>true</APICase:canAddAttachments><APICase:canSeeDashboard>true</APICase:canSeeDashboard><APICase:defaultGroupName xsi:nil="true"/><APICase:defaultGroupNumber xsi:nil="true"/><APICase:email>gss-sfdc+qa+wophoon@redhat.com</APICase:email><APICase:firstName>Woh Shon</APICase:firstName><APICase:hasChat>false</APICase:hasChat><APICase:hasUser>false</APICase:hasUser><APICase:id>003A000001nOpcXIAS</APICase:id><APICase:isInternal>false</APICase:isInternal><APICase:isOrgAdmin>false</APICase:isOrgAdmin><APICase:isSecured>true</APICase:isSecured><APICase:isSecureSupportTech>false</APICase:isSecureSupportTech><APICase:lastName>Phoon</APICase:lastName><APICase:message xsi:nil="true"/><APICase:name>Woh Shon Phoon</APICase:name><APICase:normalizedTimezone>Asia/Hong_Kong</APICase:normalizedTimezone><APICase:phone>65 9683 0675</APICase:phone><APICase:returnCode xsi:nil="true"/><APICase:sessionId xsi:nil="true"/><APICase:ssoName xsi:nil="true"/><APICase:timezone>(GMT+08:00) Hong Kong Time (Asia/Hong_Kong)</APICase:timezone></APICase:contacts><APICase:contactSSOName>dtse@redhat.com</APICase:contactSSOName><APICase:createdBy>Kumar Mashalkar</APICase:createdBy><APICase:createdBySSOName>gss-tools</APICase:createdBySSOName><APICase:createdDate>2020-06-11T09:48:35.000Z</APICase:createdDate><APICase:critSit>false</APICase:critSit><APICase:customerEscalation>false</APICase:customerEscalation><APICase:customerIntelligenceLink xsi:nil="true"/><APICase:customerNotes xsi:nil="true"/><APICase:description>Test for automation</APICase:description><APICase:enhancedSLA>false</APICase:enhancedSLA><APICase:entitlementId>5502i0000006mxdAAA</APICase:entitlementId><APICase:environment xsi:nil="true"/><APICase:externalLock>false</APICase:externalLock><APICase:externalLockBy xsi:nil="true"/><APICase:externalLockDate xsi:nil="true"/><APICase:firstCaseInactivityWarningSentAt xsi:nil="true"/><APICase:FTS>false</APICase:FTS><APICase:groupName xsi:nil="true"/><APICase:groupNumber xsi:nil="true"/><APICase:handledByAscension>false</APICase:handledByAscension><APICase:hasEnhancedDelivery>false</APICase:hasEnhancedDelivery><APICase:hostname xsi:nil="true"/><APICase:hotfixDelivered>false</APICase:hotfixDelivered><APICase:hotfixRequested>false</APICase:hotfixRequested><APICase:id>5002i0000034NPSAA2</APICase:id><APICase:internalLastModifiedDate>2020-06-29T13:15:59.000Z</APICase:internalLastModifiedDate><APICase:internalpriority xsi:nil="true"/><APICase:internalstatus>Waiting on QA</APICase:internalstatus><APICase:isCertification>false</APICase:isCertification><APICase:isClosed>false</APICase:isClosed><APICase:isFTSHandoverReady>false</APICase:isFTSHandoverReady><APICase:isPoc>false</APICase:isPoc><APICase:isPrivate>false</APICase:isPrivate><APICase:isReviewed>false</APICase:isReviewed><APICase:isStrategicAccount>true</APICase:isStrategicAccount><APICase:issue xsi:nil="true"/><APICase:itar>false</APICase:itar><APICase:language>en</APICase:language><APICase:lastModifiedBy>Mitesh Mishra</APICase:lastModifiedBy><APICase:lastModifiedDate>2020-06-29T13:15:48.000Z</APICase:lastModifiedDate><APICase:ltrocClosed>false</APICase:ltrocClosed><APICase:ltrocClosedSet>false</APICase:ltrocClosedSet><APICase:managementEscalationRequested>false</APICase:managementEscalationRequested><APICase:message xsi:nil="true"/><APICase:needsNewOwner xsi:nil="true"/><APICase:noAutomationForAccount>false</APICase:noAutomationForAccount><APICase:noAutomationForCase>false</APICase:noAutomationForCase><APICase:noAutomationForCaseGroup xsi:nil="true"/><APICase:noLinkedKCSReason xsi:nil="true"/><APICase:noLinkedKCSReasonExplanation xsi:nil="true"/><APICase:openshiftClusterId xsi:nil="true"/><APICase:origin>Phone</APICase:origin><APICase:owner>Kumar Mashalkar</APICase:owner><APICase:periodicityOfIssue xsi:nil="true"/><APICase:premiumPlus>false</APICase:premiumPlus><APICase:priorityScore>695.0</APICase:priorityScore><APICase:proactive>false</APICase:proactive><APICase:proactiveEndDate xsi:nil="true"/><APICase:proactiveStartDate xsi:nil="true"/><APICase:product>OpenShift Container Platform</APICase:product><APICase:pseCase>false</APICase:pseCase><APICase:recordTypeName>GSS Case Record Type</APICase:recordTypeName><APICase:reliefAt xsi:nil="true"/><APICase:remoteSessionTermsAcked>false</APICase:remoteSessionTermsAcked><APICase:remoteSessionTermsAckedBy xsi:nil="true"/><APICase:remoteSessionTermsAckedDate xsi:nil="true"/><APICase:remoteSessionTermsAgreementLevel xsi:nil="true"/><APICase:resolution xsi:nil="true"/><APICase:resolutionDescription xsi:nil="true"/><APICase:resolvedAt xsi:nil="true"/><APICase:returnCode>200</APICase:returnCode><APICase:sbrGroups>API Mgmt</APICase:sbrGroups><APICase:secondCaseInactivityWarningSentAt xsi:nil="true"/><APICase:severity>4 (Low)</APICase:severity><APICase:sla>PREMIUM</APICase:sla><APICase:sparseCaseNotifications>false</APICase:sparseCaseNotifications><APICase:status>Waiting on Red Hat</APICase:status><APICase:summary>This case is test of automation</APICase:summary><APICase:suppliedEmail xsi:nil="true"/><APICase:suppliedName xsi:nil="true"/><APICase:suppliedPhone xsi:nil="true"/><APICase:timeFramesAndUrgency xsi:nil="true"/><APICase:transcripts xsi:nil="true"/><APICase:translationNotRequired>false</APICase:translationNotRequired><APICase:userAgent>Internal</APICase:userAgent><APICase:version>3.10</APICase:version><APICase:waitingOnCallback>false</APICase:waitingOnCallback></result></getCaseResponse></soapenv:Body></soapenv:Envelope>
[#document: null]
APICase:caseNumber
APICase:caseNumber
02470917
&amp#27;[34m02470917&amp#27;[0m
<?xml version="1.0" encoding="UTF-8"?><soapenv:Envelope xmlns:soapenv="http://schemas.xmlsoap.org/soap/envelope/" xmlns="http://soap.sforce.com/schemas/class/CaseAPI" xmlns:APICase="http://soap.sforce.com/schemas/class/APIUtils" xmlns:xsi="http://www.w3.org/2001/XMLSchema-instance"><soapenv:Body><getCaseResponse><result><APICase:abandonCase xsi:nil="true"/><APICase:accountNumber>1460290</APICase:accountNumber><APICase:actionPlan xsi:nil="true"/><APICase:alternateId xsi:nil="true"/><APICase:attachments xsi:nil="true"/><APICase:bugs><APICase:message xsi:nil="true"/><APICase:returnCode xsi:nil="true"/></APICase:bugs><APICase:caseAutomationEnabled>true</APICase:caseAutomationEnabled><APICase:caseCreationSessionId xsi:nil="true"/><APICase:caseNumber>02470917</APICase:caseNumber><APICase:caseResourceLinks><APICase:message xsi:nil="true"/><APICase:returnCode xsi:nil="true"/></APICase:caseResourceLinks><APICase:caseSummary xsi:nil="true"/><APICase:caseType>Other</APICase:caseType><APICase:cep>false</APICase:cep><APICase:certArchitecture xsi:nil="true"/><APICase:certCategory xsi:nil="true"/><APICase:certContainerProjectId xsi:nil="true"/><APICase:certExceptionGranted xsi:nil="true"/><APICase:certIsPrivate xsi:nil="true"/><APICase:certNeedException xsi:nil="true"/><APICase:certPortalId xsi:nil="true"/><APICase:certProduct xsi:nil="true"/><APICase:certProgram xsi:nil="true"/><APICase:certVendorName xsi:nil="true"/><APICase:certVendorPortalId xsi:nil="true"/><APICase:certVendorProductName xsi:nil="true"/><APICase:certVendorProductPortalId xsi:nil="true"/><APICase:certVersion xsi:nil="true"/><APICase:collaborationScore>695.0</APICase:collaborationScore><APICase:comments><APICase:caseNumber>02470917</APICase:caseNumber><APICase:contentType>plaintext</APICase:contentType><APICase:createdBy>Mashalkar, Kumar</APICase:createdBy><APICase:createdByType>Associate</APICase:createdByType><APICase:createdDate>2020-06-29T12:21:33.000Z</APICase:createdDate><APICase:doNotChangeSBT>false</APICase:doNotChangeSBT><APICase:externalCommentHandlingSystem xsi:nil="true"/><APICase:hoursWorked xsi:nil="true"/><APICase:id>a0a2i000000VN1NAAW</APICase:id><APICase:isDraft>false</APICase:isDraft><APICase:isPublic>true</APICase:isPublic><APICase:lastModifiedBy>Mashalkar, Kumar</APICase:lastModifiedBy><APICase:lastModifiedByEmailAddress xsi:nil="true"/><APICase:lastModifiedByPersonType>Associate</APICase:lastModifiedByPersonType><APICase:lastModifiedDate>2020-06-29T12:21:33.000Z</APICase:lastModifiedDate><APICase:message xsi:nil="true"/><APICase:publishedDate>2020-06-29T12:21:33.000Z</APICase:publishedDate><APICase:returnCode xsi:nil="true"/><APICase:sharePrivateWithExternalTrackers xsi:nil="true"/><APICase:text>This is public comment</APICase:text><APICase:visibility xsi:nil="true"/></APICase:comments><APICase:comments><APICase:caseNumber>02470917</APICase:caseNumber><APICase:contentType>plaintext</APICase:contentType><APICase:createdBy>Mashalkar, Kumar</APICase:createdBy><APICase:createdByType>Associate</APICase:createdByType><APICase:createdDate>2020-06-29T12:18:28.000Z</APICase:createdDate><APICase:doNotChangeSBT>false</APICase:doNotChangeSBT><APICase:externalCommentHandlingSystem xsi:nil="true"/><APICase:hoursWorked xsi:nil="true"/><APICase:id>a0a2i000000VN1DAAW</APICase:id><APICase:isDraft>false</APICase:isDraft><APICase:isPublic>true</APICase:isPublic><APICase:lastModifiedBy>Mashalkar, Kumar</APICase:lastModifiedBy><APICase:lastModifiedByEmailAddress xsi:nil="true"/><APICase:lastModifiedByPersonType>Associate</APICase:lastModifiedByPersonType><APICase:lastModifiedDate>2020-06-29T12:18:28.000Z</APICase:lastModifiedDate><APICase:message xsi:nil="true"/><APICase:publishedDate>2020-06-29T12:18:28.000Z</APICase:publishedDate><APICase:returnCode xsi:nil="true"/><APICase:sharePrivateWithExternalTrackers xsi:nil="true"/><APICase:text>This is public comment</APICase:text><APICase:visibility xsi:nil="true"/></APICase:comments><APICase:comments><APICase:caseNumber>02470917</APICase:caseNumber><APICase:contentType>plaintext</APICase:contentType><APICase:createdBy>Mashalkar, Kumar</APICase:createdBy><APICase:createdByType>Associate</APICase:createdByType><APICase:createdDate>2020-06-29T12:12:08.000Z</APICase:createdDate><APICase:doNotChangeSBT>false</APICase:doNotChangeSBT><APICase:externalCommentHandlingSystem xsi:nil="true"/><APICase:hoursWorked xsi:nil="true"/><APICase:id>a0a2i000000VN18AAG</APICase:id><APICase:isDraft>false</APICase:isDraft><APICase:isPublic>true</APICase:isPublic><APICase:lastModifiedBy>Mashalkar, Kumar</APICase:lastModifiedBy><APICase:lastModifiedByEmailAddress xsi:nil="true"/><APICase:lastModifiedByPersonType>Associate</APICase:lastModifiedByPersonType><APICase:lastModifiedDate>2020-06-29T12:12:07.000Z</APICase:lastModifiedDate><APICase:message xsi:nil="true"/><APICase:publishedDate>2020-06-29T12:12:07.000Z</APICase:publishedDate><APICase:returnCode xsi:nil="true"/><APICase:sharePrivateWithExternalTrackers xsi:nil="true"/><APICase:text>This is public comment</APICase:text><APICase:visibility xsi:nil="true"/></APICase:comments><APICase:comments><APICase:caseNumber>02470917</APICase:caseNumber><APICase:contentType>plaintext</APICase:contentType><APICase:createdBy>Mashalkar, Kumar</APICase:createdBy><APICase:createdByType>Associate</APICase:createdByType><APICase:createdDate>2020-06-26T11:45:03.000Z</APICase:createdDate><APICase:doNotChangeSBT>false</APICase:doNotChangeSBT><APICase:externalCommentHandlingSystem xsi:nil="true"/><APICase:hoursWorked xsi:nil="true"/><APICase:id>a0a2i000000VMB5AAO</APICase:id><APICase:isDraft>false</APICase:isDraft><APICase:isPublic>true</APICase:isPublic><APICase:lastModifiedBy>Mashalkar, Kumar</APICase:lastModifiedBy><APICase:lastModifiedByEmailAddress xsi:nil="true"/><APICase:lastModifiedByPersonType>Associate</APICase:lastModifiedByPersonType><APICase:lastModifiedDate>2020-06-26T11:45:03.000Z</APICase:lastModifiedDate><APICase:message xsi:nil="true"/><APICase:publishedDate>2020-06-26T11:45:03.000Z</APICase:publishedDate><APICase:returnCode xsi:nil="true"/><APICase:sharePrivateWithExternalTrackers xsi:nil="true"/><APICase:text>This is public comment</APICase:text><APICase:visibility xsi:nil="true"/></APICase:comments><APICase:comments><APICase:caseNumber>02470917</APICase:caseNumber><APICase:contentType>plaintext</APICase:contentType><APICase:createdBy>Mashalkar, Kumar</APICase:createdBy><APICase:createdByType>Associate</APICase:createdByType><APICase:createdDate>2020-06-26T08:29:28.000Z</APICase:createdDate><APICase:doNotChangeSBT>false</APICase:doNotChangeSBT><APICase:externalCommentHandlingSystem xsi:nil="true"/><APICase:hoursWorked xsi:nil="true"/><APICase:id>a0a2i000000VMAgAAO</APICase:id><APICase:isDraft>false</APICase:isDraft><APICase:isPublic>true</APICase:isPublic><APICase:lastModifiedBy>Mashalkar, Kumar</APICase:lastModifiedBy><APICase:lastModifiedByEmailAddress xsi:nil="true"/><APICase:lastModifiedByPersonType>Associate</APICase:lastModifiedByPersonType><APICase:lastModifiedDate>2020-06-26T08:29:27.000Z</APICase:lastModifiedDate><APICase:message xsi:nil="true"/><APICase:publishedDate>2020-06-26T08:29:27.000Z</APICase:publishedDate><APICase:returnCode xsi:nil="true"/><APICase:sharePrivateWithExternalTrackers xsi:nil="true"/><APICase:text>This is public comment</APICase:text><APICase:visibility xsi:nil="true"/></APICase:comments><APICase:comments><APICase:caseNumber>02470917</APICase:caseNumber><APICase:contentType>plaintext</APICase:contentType><APICase:createdBy>Mashalkar, Kumar</APICase:createdBy><APICase:createdByType>Associate</APICase:createdByType><APICase:createdDate>2020-06-26T04:12:44.000Z</APICase:createdDate><APICase:doNotChangeSBT>false</APICase:doNotChangeSBT><APICase:externalCommentHandlingSystem xsi:nil="true"/><APICase:hoursWorked xsi:nil="true"/><APICase:id>a0a2i000000VM8VAAW</APICase:id><APICase:isDraft>false</APICase:isDraft><APICase:isPublic>true</APICase:isPublic><APICase:lastModifiedBy>Mashalkar, Kumar</APICase:lastModifiedBy><APICase:lastModifiedByEmailAddress xsi:nil="true"/><APICase:lastModifiedByPersonType>Associate</APICase:lastModifiedByPersonType><APICase:lastModifiedDate>2020-06-26T04:12:43.000Z</APICase:lastModifiedDate><APICase:message xsi:nil="true"/><APICase:publishedDate>2020-06-26T04:12:43.000Z</APICase:publishedDate><APICase:returnCode xsi:nil="true"/><APICase:sharePrivateWithExternalTrackers xsi:nil="true"/><APICase:text>This is public comment</APICase:text><APICase:visibility xsi:nil="true"/></APICase:comments><APICase:comments><APICase:caseNumber>02470917</APICase:caseNumber><APICase:contentType>plaintext</APICase:contentType><APICase:createdBy>Mishra, Mitesh</APICase:createdBy><APICase:createdByType>Associate</APICase:createdByType><APICase:createdDate>2020-06-26T04:05:42.000Z</APICase:createdDate><APICase:doNotChangeSBT>false</APICase:doNotChangeSBT><APICase:externalCommentHandlingSystem xsi:nil="true"/><APICase:hoursWorked xsi:nil="true"/><APICase:id>a0a2i000000VM8LAAW</APICase:id><APICase:isDraft>false</APICase:isDraft><APICase:isPublic>true</APICase:isPublic><APICase:lastModifiedBy>Mishra, Mitesh</APICase:lastModifiedBy><APICase:lastModifiedByEmailAddress xsi:nil="true"/><APICase:lastModifiedByPersonType>Associate</APICase:lastModifiedByPersonType><APICase:lastModifiedDate>2020-06-26T04:05:42.000Z</APICase:lastModifiedDate><APICase:message xsi:nil="true"/><APICase:publishedDate>2020-06-26T04:05:42.000Z</APICase:publishedDate><APICase:returnCode xsi:nil="true"/><APICase:sharePrivateWithExternalTrackers xsi:nil="true"/><APICase:text>comment for customer</APICase:text><APICase:visibility xsi:nil="true"/></APICase:comments><APICase:comments><APICase:caseNumber>02470917</APICase:caseNumber><APICase:contentType>plaintext</APICase:contentType><APICase:createdBy>Mishra, Mitesh</APICase:createdBy><APICase:createdByType>Associate</APICase:createdByType><APICase:createdDate>2020-06-26T04:01:47.000Z</APICase:createdDate><APICase:doNotChangeSBT>false</APICase:doNotChangeSBT><APICase:externalCommentHandlingSystem xsi:nil="true"/><APICase:hoursWorked xsi:nil="true"/><APICase:id>a0a2i000000VM8GAAW</APICase:id><APICase:isDraft>false</APICase:isDraft><APICase:isPublic>true</APICase:isPublic><APICase:lastModifiedBy>Mishra, Mitesh</APICase:lastModifiedBy><APICase:lastModifiedByEmailAddress xsi:nil="true"/><APICase:lastModifiedByPersonType>Associate</APICase:lastModifiedByPersonType><APICase:lastModifiedDate>2020-06-26T04:01:47.000Z</APICase:lastModifiedDate><APICase:message xsi:nil="true"/><APICase:publishedDate>2020-06-26T04:01:47.000Z</APICase:publishedDate><APICase:returnCode xsi:nil="true"/><APICase:sharePrivateWithExternalTrackers xsi:nil="true"/><APICase:text>comment to check mail is generated to customer as well</APICase:text><APICase:visibility xsi:nil="true"/></APICase:comments><APICase:comments><APICase:caseNumber>02470917</APICase:caseNumber><APICase:contentType>plaintext</APICase:contentType><APICase:createdBy>Mishra, Mitesh</APICase:createdBy><APICase:createdByType>Associate</APICase:createdByType><APICase:createdDate>2020-06-26T03:59:35.000Z</APICase:createdDate><APICase:doNotChangeSBT>false</APICase:doNotChangeSBT><APICase:externalCommentHandlingSystem xsi:nil="true"/><APICase:hoursWorked xsi:nil="true"/><APICase:id>a0a2i000000VM8BAAW</APICase:id><APICase:isDraft>false</APICase:isDraft><APICase:isPublic>true</APICase:isPublic><APICase:lastModifiedBy>Mishra, Mitesh</APICase:lastModifiedBy><APICase:lastModifiedByEmailAddress xsi:nil="true"/><APICase:lastModifiedByPersonType>Associate</APICase:lastModifiedByPersonType><APICase:lastModifiedDate>2020-06-26T03:59:34.000Z</APICase:lastModifiedDate><APICase:message xsi:nil="true"/><APICase:publishedDate>2020-06-26T03:59:34.000Z</APICase:publishedDate><APICase:returnCode xsi:nil="true"/><APICase:sharePrivateWithExternalTrackers xsi:nil="true"/><APICase:text>test comment</APICase:text><APICase:visibility xsi:nil="true"/></APICase:comments><APICase:comments><APICase:caseNumber>02470917</APICase:caseNumber><APICase:contentType>plaintext</APICase:contentType><APICase:createdBy>Mashalkar, Kumar</APICase:createdBy><APICase:createdByType>Associate</APICase:createdByType><APICase:createdDate>2020-06-25T18:50:15.000Z</APICase:createdDate><APICase:doNotChangeSBT>false</APICase:doNotChangeSBT><APICase:externalCommentHandlingSystem xsi:nil="true"/><APICase:hoursWorked xsi:nil="true"/><APICase:id>a0a2i000000VLv7AAG</APICase:id><APICase:isDraft>false</APICase:isDraft><APICase:isPublic>true</APICase:isPublic><APICase:lastModifiedBy>Mashalkar, Kumar</APICase:lastModifiedBy><APICase:lastModifiedByEmailAddress xsi:nil="true"/><APICase:lastModifiedByPersonType>Associate</APICase:lastModifiedByPersonType><APICase:lastModifiedDate>2020-06-25T18:50:14.000Z</APICase:lastModifiedDate><APICase:message xsi:nil="true"/><APICase:publishedDate>2020-06-25T18:50:14.000Z</APICase:publishedDate><APICase:returnCode xsi:nil="true"/><APICase:sharePrivateWithExternalTrackers xsi:nil="true"/><APICase:text>This is public comment</APICase:text><APICase:visibility xsi:nil="true"/></APICase:comments><APICase:comments><APICase:caseNumber>02470917</APICase:caseNumber><APICase:contentType>plaintext</APICase:contentType><APICase:createdBy>Mashalkar, Kumar</APICase:createdBy><APICase:createdByType>Associate</APICase:createdByType><APICase:createdDate>2020-06-25T18:13:25.000Z</APICase:createdDate><APICase:doNotChangeSBT>false</APICase:doNotChangeSBT><APICase:externalCommentHandlingSystem xsi:nil="true"/><APICase:hoursWorked xsi:nil="true"/><APICase:id>a0a2i000000VLu9AAG</APICase:id><APICase:isDraft>false</APICase:isDraft><APICase:isPublic>true</APICase:isPublic><APICase:lastModifiedBy>Mashalkar, Kumar</APICase:lastModifiedBy><APICase:lastModifiedByEmailAddress xsi:nil="true"/><APICase:lastModifiedByPersonType>Associate</APICase:lastModifiedByPersonType><APICase:lastModifiedDate>2020-06-25T18:13:24.000Z</APICase:lastModifiedDate><APICase:message xsi:nil="true"/><APICase:publishedDate>2020-06-25T18:13:24.000Z</APICase:publishedDate><APICase:returnCode xsi:nil="true"/><APICase:sharePrivateWithExternalTrackers xsi:nil="true"/><APICase:text>This is public comment</APICase:text><APICase:visibility xsi:nil="true"/></APICase:comments><APICase:comments><APICase:caseNumber>02470917</APICase:caseNumber><APICase:contentType>plaintext</APICase:contentType><APICase:createdBy>Mashalkar, Kumar</APICase:createdBy><APICase:createdByType>Associate</APICase:createdByType><APICase:createdDate>2020-06-25T17:44:37.000Z</APICase:createdDate><APICase:doNotChangeSBT>false</APICase:doNotChangeSBT><APICase:externalCommentHandlingSystem xsi:nil="true"/><APICase:hoursWorked xsi:nil="true"/><APICase:id>a0a2i000000VLtzAAG</APICase:id><APICase:isDraft>false</APICase:isDraft><APICase:isPublic>true</APICase:isPublic><APICase:lastModifiedBy>Mashalkar, Kumar</APICase:lastModifiedBy><APICase:lastModifiedByEmailAddress xsi:nil="true"/><APICase:lastModifiedByPersonType>Associate</APICase:lastModifiedByPersonType><APICase:lastModifiedDate>2020-06-25T17:44:36.000Z</APICase:lastModifiedDate><APICase:message xsi:nil="true"/><APICase:publishedDate>2020-06-25T17:44:36.000Z</APICase:publishedDate><APICase:returnCode xsi:nil="true"/><APICase:sharePrivateWithExternalTrackers xsi:nil="true"/><APICase:text>This is a test comment</APICase:text><APICase:visibility xsi:nil="true"/></APICase:comments><APICase:comments><APICase:caseNumber>02470917</APICase:caseNumber><APICase:contentType>plaintext</APICase:contentType><APICase:createdBy>Mashalkar, Kumar</APICase:createdBy><APICase:createdByType>Associate</APICase:createdByType><APICase:createdDate>2020-06-19T15:52:24.000Z</APICase:createdDate><APICase:doNotChangeSBT>false</APICase:doNotChangeSBT><APICase:externalCommentHandlingSystem xsi:nil="true"/><APICase:hoursWorked xsi:nil="true"/><APICase:id>a0a2i000000VG1XAAW</APICase:id><APICase:isDraft>false</APICase:isDraft><APICase:isPublic>false</APICase:isPublic><APICase:lastModifiedBy>Mashalkar, Kumar</APICase:lastModifiedBy><APICase:lastModifiedByEmailAddress xsi:nil="true"/><APICase:lastModifiedByPersonType>Associate</APICase:lastModifiedByPersonType><APICase:lastModifiedDate>2020-06-19T15:52:24.000Z</APICase:lastModifiedDate><APICase:message xsi:nil="true"/><APICase:publishedDate>2020-06-19T15:52:24.000Z</APICase:publishedDate><APICase:returnCode xsi:nil="true"/><APICase:sharePrivateWithExternalTrackers xsi:nil="true"/><APICase:text>This is private comment</APICase:text><APICase:visibility xsi:nil="true"/></APICase:comments><APICase:comments><APICase:caseNumber>02470917</APICase:caseNumber><APICase:contentType>plaintext</APICase:contentType><APICase:createdBy>Mashalkar, Kumar</APICase:createdBy><APICase:createdByType>Associate</APICase:createdByType><APICase:createdDate>2020-06-19T15:40:45.000Z</APICase:createdDate><APICase:doNotChangeSBT>false</APICase:doNotChangeSBT><APICase:externalCommentHandlingSystem xsi:nil="true"/><APICase:hoursWorked xsi:nil="true"/><APICase:id>a0a2i000000VG1SAAW</APICase:id><APICase:isDraft>false</APICase:isDraft><APICase:isPublic>true</APICase:isPublic><APICase:lastModifiedBy>Mashalkar, Kumar</APICase:lastModifiedBy><APICase:lastModifiedByEmailAddress xsi:nil="true"/><APICase:lastModifiedByPersonType>Associate</APICase:lastModifiedByPersonType><APICase:lastModifiedDate>2020-06-19T15:40:45.000Z</APICase:lastModifiedDate><APICase:message xsi:nil="true"/><APICase:publishedDate>2020-06-19T15:40:45.000Z</APICase:publishedDate><APICase:returnCode xsi:nil="true"/><APICase:sharePrivateWithExternalTrackers xsi:nil="true"/><APICase:text>This is public comment</APICase:text><APICase:visibility xsi:nil="true"/></APICase:comments><APICase:contactInfo24x7 xsi:nil="true"/><APICase:contactIsPartner>false</APICase:contactIsPartner><APICase:contactName>David Tse</APICase:contactName><APICase:contacts><APICase:canAccessAllAccounts>false</APICase:canAccessAllAccounts><APICase:canAddAttachments>true</APICase:canAddAttachments><APICase:canSeeDashboard>true</APICase:canSeeDashboard><APICase:defaultGroupName xsi:nil="true"/><APICase:defaultGroupNumber xsi:nil="true"/><APICase:email>gss-sfdc+qa+wophoon@redhat.com</APICase:email><APICase:firstName>Woh Shon</APICase:firstName><APICase:hasChat>false</APICase:hasChat><APICase:hasUser>false</APICase:hasUser><APICase:id>003A000001nOpcXIAS</APICase:id><APICase:isInternal>false</APICase:isInternal><APICase:isOrgAdmin>false</APICase:isOrgAdmin><APICase:isSecured>true</APICase:isSecured><APICase:isSecureSupportTech>false</APICase:isSecureSupportTech><APICase:lastName>Phoon</APICase:lastName><APICase:message xsi:nil="true"/><APICase:name>Woh Shon Phoon</APICase:name><APICase:normalizedTimezone>Asia/Hong_Kong</APICase:normalizedTimezone><APICase:phone>65 9683 0675</APICase:phone><APICase:returnCode xsi:nil="true"/><APICase:sessionId xsi:nil="true"/><APICase:ssoName xsi:nil="true"/><APICase:timezone>(GMT+08:00) Hong Kong Time (Asia/Hong_Kong)</APICase:timezone></APICase:contacts><APICase:contactSSOName>dtse@redhat.com</APICase:contactSSOName><APICase:createdBy>Kumar Mashalkar</APICase:createdBy><APICase:createdBySSOName>gss-tools</APICase:createdBySSOName><APICase:createdDate>2020-06-11T09:48:35.000Z</APICase:createdDate><APICase:critSit>false</APICase:critSit><APICase:customerEscalation>false</APICase:customerEscalation><APICase:customerIntelligenceLink xsi:nil="true"/><APICase:customerNotes xsi:nil="true"/><APICase:description>Test for automation</APICase:description><APICase:enhancedSLA>false</APICase:enhancedSLA><APICase:entitlementId>5502i0000006mxdAAA</APICase:entitlementId><APICase:environment xsi:nil="true"/><APICase:externalLock>false</APICase:externalLock><APICase:externalLockBy xsi:nil="true"/><APICase:externalLockDate xsi:nil="true"/><APICase:firstCaseInactivityWarningSentAt xsi:nil="true"/><APICase:FTS>false</APICase:FTS><APICase:groupName xsi:nil="true"/><APICase:groupNumber xsi:nil="true"/><APICase:handledByAscension>false</APICase:handledByAscension><APICase:hasEnhancedDelivery>false</APICase:hasEnhancedDelivery><APICase:hostname xsi:nil="true"/><APICase:hotfixDelivered>false</APICase:hotfixDelivered><APICase:hotfixRequested>false</APICase:hotfixRequested><APICase:id>5002i0000034NPSAA2</APICase:id><APICase:internalLastModifiedDate>2020-06-29T13:15:59.000Z</APICase:internalLastModifiedDate><APICase:internalpriority xsi:nil="true"/><APICase:internalstatus>Waiting on QA</APICase:internalstatus><APICase:isCertification>false</APICase:isCertification><APICase:isClosed>false</APICase:isClosed><APICase:isFTSHandoverReady>false</APICase:isFTSHandoverReady><APICase:isPoc>false</APICase:isPoc><APICase:isPrivate>false</APICase:isPrivate><APICase:isReviewed>false</APICase:isReviewed><APICase:isStrategicAccount>true</APICase:isStrategicAccount><APICase:issue xsi:nil="true"/><APICase:itar>false</APICase:itar><APICase:language>en</APICase:language><APICase:lastModifiedBy>Mitesh Mishra</APICase:lastModifiedBy><APICase:lastModifiedDate>2020-06-29T13:15:48.000Z</APICase:lastModifiedDate><APICase:ltrocClosed>false</APICase:ltrocClosed><APICase:ltrocClosedSet>false</APICase:ltrocClosedSet><APICase:managementEscalationRequested>false</APICase:managementEscalationRequested><APICase:message xsi:nil="true"/><APICase:needsNewOwner xsi:nil="true"/><APICase:noAutomationForAccount>false</APICase:noAutomationForAccount><APICase:noAutomationForCase>false</APICase:noAutomationForCase><APICase:noAutomationForCaseGroup xsi:nil="true"/><APICase:noLinkedKCSReason xsi:nil="true"/><APICase:noLinkedKCSReasonExplanation xsi:nil="true"/><APICase:openshiftClusterId xsi:nil="true"/><APICase:origin>Phone</APICase:origin><APICase:owner>Kumar Mashalkar</APICase:owner><APICase:periodicityOfIssue xsi:nil="true"/><APICase:premiumPlus>false</APICase:premiumPlus><APICase:priorityScore>695.0</APICase:priorityScore><APICase:proactive>false</APICase:proactive><APICase:proactiveEndDate xsi:nil="true"/><APICase:proactiveStartDate xsi:nil="true"/><APICase:product>OpenShift Container Platform</APICase:product><APICase:pseCase>false</APICase:pseCase><APICase:recordTypeName>GSS Case Record Type</APICase:recordTypeName><APICase:reliefAt xsi:nil="true"/><APICase:remoteSessionTermsAcked>false</APICase:remoteSessionTermsAcked><APICase:remoteSessionTermsAckedBy xsi:nil="true"/><APICase:remoteSessionTermsAckedDate xsi:nil="true"/><APICase:remoteSessionTermsAgreementLevel xsi:nil="true"/><APICase:resolution xsi:nil="true"/><APICase:resolutionDescription xsi:nil="true"/><APICase:resolvedAt xsi:nil="true"/><APICase:returnCode>200</APICase:returnCode><APICase:sbrGroups>API Mgmt</APICase:sbrGroups><APICase:secondCaseInactivityWarningSentAt xsi:nil="true"/><APICase:severity>4 (Low)</APICase:severity><APICase:sla>PREMIUM</APICase:sla><APICase:sparseCaseNotifications>false</APICase:sparseCaseNotifications><APICase:status>Waiting on Red Hat</APICase:status><APICase:summary>This case is test of automation</APICase:summary><APICase:suppliedEmail xsi:nil="true"/><APICase:suppliedName xsi:nil="true"/><APICase:suppliedPhone xsi:nil="true"/><APICase:timeFramesAndUrgency xsi:nil="true"/><APICase:transcripts xsi:nil="true"/><APICase:translationNotRequired>false</APICase:translationNotRequired><APICase:userAgent>Internal</APICase:userAgent><APICase:version>3.10</APICase:version><APICase:waitingOnCallback>false</APICase:waitingOnCallback></result></getCaseResponse></soapenv:Body></soapenv:Envelope>
[#document: null]
APICase:accountNumber
APICase:accountNumber
1460290
<?xml version="1.0" encoding="UTF-8"?><soapenv:Envelope xmlns:soapenv="http://schemas.xmlsoap.org/soap/envelope/" xmlns="http://soap.sforce.com/schemas/class/CaseAPI" xmlns:APICase="http://soap.sforce.com/schemas/class/APIUtils" xmlns:xsi="http://www.w3.org/2001/XMLSchema-instance"><soapenv:Body><getCaseResponse><result><APICase:abandonCase xsi:nil="true"/><APICase:accountNumber>1460290</APICase:accountNumber><APICase:actionPlan xsi:nil="true"/><APICase:alternateId xsi:nil="true"/><APICase:attachments xsi:nil="true"/><APICase:bugs><APICase:message xsi:nil="true"/><APICase:returnCode xsi:nil="true"/></APICase:bugs><APICase:caseAutomationEnabled>true</APICase:caseAutomationEnabled><APICase:caseCreationSessionId xsi:nil="true"/><APICase:caseNumber>02470917</APICase:caseNumber><APICase:caseResourceLinks><APICase:message xsi:nil="true"/><APICase:returnCode xsi:nil="true"/></APICase:caseResourceLinks><APICase:caseSummary xsi:nil="true"/><APICase:caseType>Other</APICase:caseType><APICase:cep>false</APICase:cep><APICase:certArchitecture xsi:nil="true"/><APICase:certCategory xsi:nil="true"/><APICase:certContainerProjectId xsi:nil="true"/><APICase:certExceptionGranted xsi:nil="true"/><APICase:certIsPrivate xsi:nil="true"/><APICase:certNeedException xsi:nil="true"/><APICase:certPortalId xsi:nil="true"/><APICase:certProduct xsi:nil="true"/><APICase:certProgram xsi:nil="true"/><APICase:certVendorName xsi:nil="true"/><APICase:certVendorPortalId xsi:nil="true"/><APICase:certVendorProductName xsi:nil="true"/><APICase:certVendorProductPortalId xsi:nil="true"/><APICase:certVersion xsi:nil="true"/><APICase:collaborationScore>695.0</APICase:collaborationScore><APICase:comments><APICase:caseNumber>02470917</APICase:caseNumber><APICase:contentType>plaintext</APICase:contentType><APICase:createdBy>Mashalkar, Kumar</APICase:createdBy><APICase:createdByType>Associate</APICase:createdByType><APICase:createdDate>2020-06-29T12:21:33.000Z</APICase:createdDate><APICase:doNotChangeSBT>false</APICase:doNotChangeSBT><APICase:externalCommentHandlingSystem xsi:nil="true"/><APICase:hoursWorked xsi:nil="true"/><APICase:id>a0a2i000000VN1NAAW</APICase:id><APICase:isDraft>false</APICase:isDraft><APICase:isPublic>true</APICase:isPublic><APICase:lastModifiedBy>Mashalkar, Kumar</APICase:lastModifiedBy><APICase:lastModifiedByEmailAddress xsi:nil="true"/><APICase:lastModifiedByPersonType>Associate</APICase:lastModifiedByPersonType><APICase:lastModifiedDate>2020-06-29T12:21:33.000Z</APICase:lastModifiedDate><APICase:message xsi:nil="true"/><APICase:publishedDate>2020-06-29T12:21:33.000Z</APICase:publishedDate><APICase:returnCode xsi:nil="true"/><APICase:sharePrivateWithExternalTrackers xsi:nil="true"/><APICase:text>This is public comment</APICase:text><APICase:visibility xsi:nil="true"/></APICase:comments><APICase:comments><APICase:caseNumber>02470917</APICase:caseNumber><APICase:contentType>plaintext</APICase:contentType><APICase:createdBy>Mashalkar, Kumar</APICase:createdBy><APICase:createdByType>Associate</APICase:createdByType><APICase:createdDate>2020-06-29T12:18:28.000Z</APICase:createdDate><APICase:doNotChangeSBT>false</APICase:doNotChangeSBT><APICase:externalCommentHandlingSystem xsi:nil="true"/><APICase:hoursWorked xsi:nil="true"/><APICase:id>a0a2i000000VN1DAAW</APICase:id><APICase:isDraft>false</APICase:isDraft><APICase:isPublic>true</APICase:isPublic><APICase:lastModifiedBy>Mashalkar, Kumar</APICase:lastModifiedBy><APICase:lastModifiedByEmailAddress xsi:nil="true"/><APICase:lastModifiedByPersonType>Associate</APICase:lastModifiedByPersonType><APICase:lastModifiedDate>2020-06-29T12:18:28.000Z</APICase:lastModifiedDate><APICase:message xsi:nil="true"/><APICase:publishedDate>2020-06-29T12:18:28.000Z</APICase:publishedDate><APICase:returnCode xsi:nil="true"/><APICase:sharePrivateWithExternalTrackers xsi:nil="true"/><APICase:text>This is public comment</APICase:text><APICase:visibility xsi:nil="true"/></APICase:comments><APICase:comments><APICase:caseNumber>02470917</APICase:caseNumber><APICase:contentType>plaintext</APICase:contentType><APICase:createdBy>Mashalkar, Kumar</APICase:createdBy><APICase:createdByType>Associate</APICase:createdByType><APICase:createdDate>2020-06-29T12:12:08.000Z</APICase:createdDate><APICase:doNotChangeSBT>false</APICase:doNotChangeSBT><APICase:externalCommentHandlingSystem xsi:nil="true"/><APICase:hoursWorked xsi:nil="true"/><APICase:id>a0a2i000000VN18AAG</APICase:id><APICase:isDraft>false</APICase:isDraft><APICase:isPublic>true</APICase:isPublic><APICase:lastModifiedBy>Mashalkar, Kumar</APICase:lastModifiedBy><APICase:lastModifiedByEmailAddress xsi:nil="true"/><APICase:lastModifiedByPersonType>Associate</APICase:lastModifiedByPersonType><APICase:lastModifiedDate>2020-06-29T12:12:07.000Z</APICase:lastModifiedDate><APICase:message xsi:nil="true"/><APICase:publishedDate>2020-06-29T12:12:07.000Z</APICase:publishedDate><APICase:returnCode xsi:nil="true"/><APICase:sharePrivateWithExternalTrackers xsi:nil="true"/><APICase:text>This is public comment</APICase:text><APICase:visibility xsi:nil="true"/></APICase:comments><APICase:comments><APICase:caseNumber>02470917</APICase:caseNumber><APICase:contentType>plaintext</APICase:contentType><APICase:createdBy>Mashalkar, Kumar</APICase:createdBy><APICase:createdByType>Associate</APICase:createdByType><APICase:createdDate>2020-06-26T11:45:03.000Z</APICase:createdDate><APICase:doNotChangeSBT>false</APICase:doNotChangeSBT><APICase:externalCommentHandlingSystem xsi:nil="true"/><APICase:hoursWorked xsi:nil="true"/><APICase:id>a0a2i000000VMB5AAO</APICase:id><APICase:isDraft>false</APICase:isDraft><APICase:isPublic>true</APICase:isPublic><APICase:lastModifiedBy>Mashalkar, Kumar</APICase:lastModifiedBy><APICase:lastModifiedByEmailAddress xsi:nil="true"/><APICase:lastModifiedByPersonType>Associate</APICase:lastModifiedByPersonType><APICase:lastModifiedDate>2020-06-26T11:45:03.000Z</APICase:lastModifiedDate><APICase:message xsi:nil="true"/><APICase:publishedDate>2020-06-26T11:45:03.000Z</APICase:publishedDate><APICase:returnCode xsi:nil="true"/><APICase:sharePrivateWithExternalTrackers xsi:nil="true"/><APICase:text>This is public comment</APICase:text><APICase:visibility xsi:nil="true"/></APICase:comments><APICase:comments><APICase:caseNumber>02470917</APICase:caseNumber><APICase:contentType>plaintext</APICase:contentType><APICase:createdBy>Mashalkar, Kumar</APICase:createdBy><APICase:createdByType>Associate</APICase:createdByType><APICase:createdDate>2020-06-26T08:29:28.000Z</APICase:createdDate><APICase:doNotChangeSBT>false</APICase:doNotChangeSBT><APICase:externalCommentHandlingSystem xsi:nil="true"/><APICase:hoursWorked xsi:nil="true"/><APICase:id>a0a2i000000VMAgAAO</APICase:id><APICase:isDraft>false</APICase:isDraft><APICase:isPublic>true</APICase:isPublic><APICase:lastModifiedBy>Mashalkar, Kumar</APICase:lastModifiedBy><APICase:lastModifiedByEmailAddress xsi:nil="true"/><APICase:lastModifiedByPersonType>Associate</APICase:lastModifiedByPersonType><APICase:lastModifiedDate>2020-06-26T08:29:27.000Z</APICase:lastModifiedDate><APICase:message xsi:nil="true"/><APICase:publishedDate>2020-06-26T08:29:27.000Z</APICase:publishedDate><APICase:returnCode xsi:nil="true"/><APICase:sharePrivateWithExternalTrackers xsi:nil="true"/><APICase:text>This is public comment</APICase:text><APICase:visibility xsi:nil="true"/></APICase:comments><APICase:comments><APICase:caseNumber>02470917</APICase:caseNumber><APICase:contentType>plaintext</APICase:contentType><APICase:createdBy>Mashalkar, Kumar</APICase:createdBy><APICase:createdByType>Associate</APICase:createdByType><APICase:createdDate>2020-06-26T04:12:44.000Z</APICase:createdDate><APICase:doNotChangeSBT>false</APICase:doNotChangeSBT><APICase:externalCommentHandlingSystem xsi:nil="true"/><APICase:hoursWorked xsi:nil="true"/><APICase:id>a0a2i000000VM8VAAW</APICase:id><APICase:isDraft>false</APICase:isDraft><APICase:isPublic>true</APICase:isPublic><APICase:lastModifiedBy>Mashalkar, Kumar</APICase:lastModifiedBy><APICase:lastModifiedByEmailAddress xsi:nil="true"/><APICase:lastModifiedByPersonType>Associate</APICase:lastModifiedByPersonType><APICase:lastModifiedDate>2020-06-26T04:12:43.000Z</APICase:lastModifiedDate><APICase:message xsi:nil="true"/><APICase:publishedDate>2020-06-26T04:12:43.000Z</APICase:publishedDate><APICase:returnCode xsi:nil="true"/><APICase:sharePrivateWithExternalTrackers xsi:nil="true"/><APICase:text>This is public comment</APICase:text><APICase:visibility xsi:nil="true"/></APICase:comments><APICase:comments><APICase:caseNumber>02470917</APICase:caseNumber><APICase:contentType>plaintext</APICase:contentType><APICase:createdBy>Mishra, Mitesh</APICase:createdBy><APICase:createdByType>Associate</APICase:createdByType><APICase:createdDate>2020-06-26T04:05:42.000Z</APICase:createdDate><APICase:doNotChangeSBT>false</APICase:doNotChangeSBT><APICase:externalCommentHandlingSystem xsi:nil="true"/><APICase:hoursWorked xsi:nil="true"/><APICase:id>a0a2i000000VM8LAAW</APICase:id><APICase:isDraft>false</APICase:isDraft><APICase:isPublic>true</APICase:isPublic><APICase:lastModifiedBy>Mishra, Mitesh</APICase:lastModifiedBy><APICase:lastModifiedByEmailAddress xsi:nil="true"/><APICase:lastModifiedByPersonType>Associate</APICase:lastModifiedByPersonType><APICase:lastModifiedDate>2020-06-26T04:05:42.000Z</APICase:lastModifiedDate><APICase:message xsi:nil="true"/><APICase:publishedDate>2020-06-26T04:05:42.000Z</APICase:publishedDate><APICase:returnCode xsi:nil="true"/><APICase:sharePrivateWithExternalTrackers xsi:nil="true"/><APICase:text>comment for customer</APICase:text><APICase:visibility xsi:nil="true"/></APICase:comments><APICase:comments><APICase:caseNumber>02470917</APICase:caseNumber><APICase:contentType>plaintext</APICase:contentType><APICase:createdBy>Mishra, Mitesh</APICase:createdBy><APICase:createdByType>Associate</APICase:createdByType><APICase:createdDate>2020-06-26T04:01:47.000Z</APICase:createdDate><APICase:doNotChangeSBT>false</APICase:doNotChangeSBT><APICase:externalCommentHandlingSystem xsi:nil="true"/><APICase:hoursWorked xsi:nil="true"/><APICase:id>a0a2i000000VM8GAAW</APICase:id><APICase:isDraft>false</APICase:isDraft><APICase:isPublic>true</APICase:isPublic><APICase:lastModifiedBy>Mishra, Mitesh</APICase:lastModifiedBy><APICase:lastModifiedByEmailAddress xsi:nil="true"/><APICase:lastModifiedByPersonType>Associate</APICase:lastModifiedByPersonType><APICase:lastModifiedDate>2020-06-26T04:01:47.000Z</APICase:lastModifiedDate><APICase:message xsi:nil="true"/><APICase:publishedDate>2020-06-26T04:01:47.000Z</APICase:publishedDate><APICase:returnCode xsi:nil="true"/><APICase:sharePrivateWithExternalTrackers xsi:nil="true"/><APICase:text>comment to check mail is generated to customer as well</APICase:text><APICase:visibility xsi:nil="true"/></APICase:comments><APICase:comments><APICase:caseNumber>02470917</APICase:caseNumber><APICase:contentType>plaintext</APICase:contentType><APICase:createdBy>Mishra, Mitesh</APICase:createdBy><APICase:createdByType>Associate</APICase:createdByType><APICase:createdDate>2020-06-26T03:59:35.000Z</APICase:createdDate><APICase:doNotChangeSBT>false</APICase:doNotChangeSBT><APICase:externalCommentHandlingSystem xsi:nil="true"/><APICase:hoursWorked xsi:nil="true"/><APICase:id>a0a2i000000VM8BAAW</APICase:id><APICase:isDraft>false</APICase:isDraft><APICase:isPublic>true</APICase:isPublic><APICase:lastModifiedBy>Mishra, Mitesh</APICase:lastModifiedBy><APICase:lastModifiedByEmailAddress xsi:nil="true"/><APICase:lastModifiedByPersonType>Associate</APICase:lastModifiedByPersonType><APICase:lastModifiedDate>2020-06-26T03:59:34.000Z</APICase:lastModifiedDate><APICase:message xsi:nil="true"/><APICase:publishedDate>2020-06-26T03:59:34.000Z</APICase:publishedDate><APICase:returnCode xsi:nil="true"/><APICase:sharePrivateWithExternalTrackers xsi:nil="true"/><APICase:text>test comment</APICase:text><APICase:visibility xsi:nil="true"/></APICase:comments><APICase:comments><APICase:caseNumber>02470917</APICase:caseNumber><APICase:contentType>plaintext</APICase:contentType><APICase:createdBy>Mashalkar, Kumar</APICase:createdBy><APICase:createdByType>Associate</APICase:createdByType><APICase:createdDate>2020-06-25T18:50:15.000Z</APICase:createdDate><APICase:doNotChangeSBT>false</APICase:doNotChangeSBT><APICase:externalCommentHandlingSystem xsi:nil="true"/><APICase:hoursWorked xsi:nil="true"/><APICase:id>a0a2i000000VLv7AAG</APICase:id><APICase:isDraft>false</APICase:isDraft><APICase:isPublic>true</APICase:isPublic><APICase:lastModifiedBy>Mashalkar, Kumar</APICase:lastModifiedBy><APICase:lastModifiedByEmailAddress xsi:nil="true"/><APICase:lastModifiedByPersonType>Associate</APICase:lastModifiedByPersonType><APICase:lastModifiedDate>2020-06-25T18:50:14.000Z</APICase:lastModifiedDate><APICase:message xsi:nil="true"/><APICase:publishedDate>2020-06-25T18:50:14.000Z</APICase:publishedDate><APICase:returnCode xsi:nil="true"/><APICase:sharePrivateWithExternalTrackers xsi:nil="true"/><APICase:text>This is public comment</APICase:text><APICase:visibility xsi:nil="true"/></APICase:comments><APICase:comments><APICase:caseNumber>02470917</APICase:caseNumber><APICase:contentType>plaintext</APICase:contentType><APICase:createdBy>Mashalkar, Kumar</APICase:createdBy><APICase:createdByType>Associate</APICase:createdByType><APICase:createdDate>2020-06-25T18:13:25.000Z</APICase:createdDate><APICase:doNotChangeSBT>false</APICase:doNotChangeSBT><APICase:externalCommentHandlingSystem xsi:nil="true"/><APICase:hoursWorked xsi:nil="true"/><APICase:id>a0a2i000000VLu9AAG</APICase:id><APICase:isDraft>false</APICase:isDraft><APICase:isPublic>true</APICase:isPublic><APICase:lastModifiedBy>Mashalkar, Kumar</APICase:lastModifiedBy><APICase:lastModifiedByEmailAddress xsi:nil="true"/><APICase:lastModifiedByPersonType>Associate</APICase:lastModifiedByPersonType><APICase:lastModifiedDate>2020-06-25T18:13:24.000Z</APICase:lastModifiedDate><APICase:message xsi:nil="true"/><APICase:publishedDate>2020-06-25T18:13:24.000Z</APICase:publishedDate><APICase:returnCode xsi:nil="true"/><APICase:sharePrivateWithExternalTrackers xsi:nil="true"/><APICase:text>This is public comment</APICase:text><APICase:visibility xsi:nil="true"/></APICase:comments><APICase:comments><APICase:caseNumber>02470917</APICase:caseNumber><APICase:contentType>plaintext</APICase:contentType><APICase:createdBy>Mashalkar, Kumar</APICase:createdBy><APICase:createdByType>Associate</APICase:createdByType><APICase:createdDate>2020-06-25T17:44:37.000Z</APICase:createdDate><APICase:doNotChangeSBT>false</APICase:doNotChangeSBT><APICase:externalCommentHandlingSystem xsi:nil="true"/><APICase:hoursWorked xsi:nil="true"/><APICase:id>a0a2i000000VLtzAAG</APICase:id><APICase:isDraft>false</APICase:isDraft><APICase:isPublic>true</APICase:isPublic><APICase:lastModifiedBy>Mashalkar, Kumar</APICase:lastModifiedBy><APICase:lastModifiedByEmailAddress xsi:nil="true"/><APICase:lastModifiedByPersonType>Associate</APICase:lastModifiedByPersonType><APICase:lastModifiedDate>2020-06-25T17:44:36.000Z</APICase:lastModifiedDate><APICase:message xsi:nil="true"/><APICase:publishedDate>2020-06-25T17:44:36.000Z</APICase:publishedDate><APICase:returnCode xsi:nil="true"/><APICase:sharePrivateWithExternalTrackers xsi:nil="true"/><APICase:text>This is a test comment</APICase:text><APICase:visibility xsi:nil="true"/></APICase:comments><APICase:comments><APICase:caseNumber>02470917</APICase:caseNumber><APICase:contentType>plaintext</APICase:contentType><APICase:createdBy>Mashalkar, Kumar</APICase:createdBy><APICase:createdByType>Associate</APICase:createdByType><APICase:createdDate>2020-06-19T15:52:24.000Z</APICase:createdDate><APICase:doNotChangeSBT>false</APICase:doNotChangeSBT><APICase:externalCommentHandlingSystem xsi:nil="true"/><APICase:hoursWorked xsi:nil="true"/><APICase:id>a0a2i000000VG1XAAW</APICase:id><APICase:isDraft>false</APICase:isDraft><APICase:isPublic>false</APICase:isPublic><APICase:lastModifiedBy>Mashalkar, Kumar</APICase:lastModifiedBy><APICase:lastModifiedByEmailAddress xsi:nil="true"/><APICase:lastModifiedByPersonType>Associate</APICase:lastModifiedByPersonType><APICase:lastModifiedDate>2020-06-19T15:52:24.000Z</APICase:lastModifiedDate><APICase:message xsi:nil="true"/><APICase:publishedDate>2020-06-19T15:52:24.000Z</APICase:publishedDate><APICase:returnCode xsi:nil="true"/><APICase:sharePrivateWithExternalTrackers xsi:nil="true"/><APICase:text>This is private comment</APICase:text><APICase:visibility xsi:nil="true"/></APICase:comments><APICase:comments><APICase:caseNumber>02470917</APICase:caseNumber><APICase:contentType>plaintext</APICase:contentType><APICase:createdBy>Mashalkar, Kumar</APICase:createdBy><APICase:createdByType>Associate</APICase:createdByType><APICase:createdDate>2020-06-19T15:40:45.000Z</APICase:createdDate><APICase:doNotChangeSBT>false</APICase:doNotChangeSBT><APICase:externalCommentHandlingSystem xsi:nil="true"/><APICase:hoursWorked xsi:nil="true"/><APICase:id>a0a2i000000VG1SAAW</APICase:id><APICase:isDraft>false</APICase:isDraft><APICase:isPublic>true</APICase:isPublic><APICase:lastModifiedBy>Mashalkar, Kumar</APICase:lastModifiedBy><APICase:lastModifiedByEmailAddress xsi:nil="true"/><APICase:lastModifiedByPersonType>Associate</APICase:lastModifiedByPersonType><APICase:lastModifiedDate>2020-06-19T15:40:45.000Z</APICase:lastModifiedDate><APICase:message xsi:nil="true"/><APICase:publishedDate>2020-06-19T15:40:45.000Z</APICase:publishedDate><APICase:returnCode xsi:nil="true"/><APICase:sharePrivateWithExternalTrackers xsi:nil="true"/><APICase:text>This is public comment</APICase:text><APICase:visibility xsi:nil="true"/></APICase:comments><APICase:contactInfo24x7 xsi:nil="true"/><APICase:contactIsPartner>false</APICase:contactIsPartner><APICase:contactName>David Tse</APICase:contactName><APICase:contacts><APICase:canAccessAllAccounts>false</APICase:canAccessAllAccounts><APICase:canAddAttachments>true</APICase:canAddAttachments><APICase:canSeeDashboard>true</APICase:canSeeDashboard><APICase:defaultGroupName xsi:nil="true"/><APICase:defaultGroupNumber xsi:nil="true"/><APICase:email>gss-sfdc+qa+wophoon@redhat.com</APICase:email><APICase:firstName>Woh Shon</APICase:firstName><APICase:hasChat>false</APICase:hasChat><APICase:hasUser>false</APICase:hasUser><APICase:id>003A000001nOpcXIAS</APICase:id><APICase:isInternal>false</APICase:isInternal><APICase:isOrgAdmin>false</APICase:isOrgAdmin><APICase:isSecured>true</APICase:isSecured><APICase:isSecureSupportTech>false</APICase:isSecureSupportTech><APICase:lastName>Phoon</APICase:lastName><APICase:message xsi:nil="true"/><APICase:name>Woh Shon Phoon</APICase:name><APICase:normalizedTimezone>Asia/Hong_Kong</APICase:normalizedTimezone><APICase:phone>65 9683 0675</APICase:phone><APICase:returnCode xsi:nil="true"/><APICase:sessionId xsi:nil="true"/><APICase:ssoName xsi:nil="true"/><APICase:timezone>(GMT+08:00) Hong Kong Time (Asia/Hong_Kong)</APICase:timezone></APICase:contacts><APICase:contactSSOName>dtse@redhat.com</APICase:contactSSOName><APICase:createdBy>Kumar Mashalkar</APICase:createdBy><APICase:createdBySSOName>gss-tools</APICase:createdBySSOName><APICase:createdDate>2020-06-11T09:48:35.000Z</APICase:createdDate><APICase:critSit>false</APICase:critSit><APICase:customerEscalation>false</APICase:customerEscalation><APICase:customerIntelligenceLink xsi:nil="true"/><APICase:customerNotes xsi:nil="true"/><APICase:description>Test for automation</APICase:description><APICase:enhancedSLA>false</APICase:enhancedSLA><APICase:entitlementId>5502i0000006mxdAAA</APICase:entitlementId><APICase:environment xsi:nil="true"/><APICase:externalLock>false</APICase:externalLock><APICase:externalLockBy xsi:nil="true"/><APICase:externalLockDate xsi:nil="true"/><APICase:firstCaseInactivityWarningSentAt xsi:nil="true"/><APICase:FTS>false</APICase:FTS><APICase:groupName xsi:nil="true"/><APICase:groupNumber xsi:nil="true"/><APICase:handledByAscension>false</APICase:handledByAscension><APICase:hasEnhancedDelivery>false</APICase:hasEnhancedDelivery><APICase:hostname xsi:nil="true"/><APICase:hotfixDelivered>false</APICase:hotfixDelivered><APICase:hotfixRequested>false</APICase:hotfixRequested><APICase:id>5002i0000034NPSAA2</APICase:id><APICase:internalLastModifiedDate>2020-06-29T13:15:59.000Z</APICase:internalLastModifiedDate><APICase:internalpriority xsi:nil="true"/><APICase:internalstatus>Waiting on QA</APICase:internalstatus><APICase:isCertification>false</APICase:isCertification><APICase:isClosed>false</APICase:isClosed><APICase:isFTSHandoverReady>false</APICase:isFTSHandoverReady><APICase:isPoc>false</APICase:isPoc><APICase:isPrivate>false</APICase:isPrivate><APICase:isReviewed>false</APICase:isReviewed><APICase:isStrategicAccount>true</APICase:isStrategicAccount><APICase:issue xsi:nil="true"/><APICase:itar>false</APICase:itar><APICase:language>en</APICase:language><APICase:lastModifiedBy>Mitesh Mishra</APICase:lastModifiedBy><APICase:lastModifiedDate>2020-06-29T13:15:48.000Z</APICase:lastModifiedDate><APICase:ltrocClosed>false</APICase:ltrocClosed><APICase:ltrocClosedSet>false</APICase:ltrocClosedSet><APICase:managementEscalationRequested>false</APICase:managementEscalationRequested><APICase:message xsi:nil="true"/><APICase:needsNewOwner xsi:nil="true"/><APICase:noAutomationForAccount>false</APICase:noAutomationForAccount><APICase:noAutomationForCase>false</APICase:noAutomationForCase><APICase:noAutomationForCaseGroup xsi:nil="true"/><APICase:noLinkedKCSReason xsi:nil="true"/><APICase:noLinkedKCSReasonExplanation xsi:nil="true"/><APICase:openshiftClusterId xsi:nil="true"/><APICase:origin>Phone</APICase:origin><APICase:owner>Kumar Mashalkar</APICase:owner><APICase:periodicityOfIssue xsi:nil="true"/><APICase:premiumPlus>false</APICase:premiumPlus><APICase:priorityScore>695.0</APICase:priorityScore><APICase:proactive>false</APICase:proactive><APICase:proactiveEndDate xsi:nil="true"/><APICase:proactiveStartDate xsi:nil="true"/><APICase:product>OpenShift Container Platform</APICase:product><APICase:pseCase>false</APICase:pseCase><APICase:recordTypeName>GSS Case Record Type</APICase:recordTypeName><APICase:reliefAt xsi:nil="true"/><APICase:remoteSessionTermsAcked>false</APICase:remoteSessionTermsAcked><APICase:remoteSessionTermsAckedBy xsi:nil="true"/><APICase:remoteSessionTermsAckedDate xsi:nil="true"/><APICase:remoteSessionTermsAgreementLevel xsi:nil="true"/><APICase:resolution xsi:nil="true"/><APICase:resolutionDescription xsi:nil="true"/><APICase:resolvedAt xsi:nil="true"/><APICase:returnCode>200</APICase:returnCode><APICase:sbrGroups>API Mgmt</APICase:sbrGroups><APICase:secondCaseInactivityWarningSentAt xsi:nil="true"/><APICase:severity>4 (Low)</APICase:severity><APICase:sla>PREMIUM</APICase:sla><APICase:sparseCaseNotifications>false</APICase:sparseCaseNotifications><APICase:status>Waiting on Red Hat</APICase:status><APICase:summary>This case is test of automation</APICase:summary><APICase:suppliedEmail xsi:nil="true"/><APICase:suppliedName xsi:nil="true"/><APICase:suppliedPhone xsi:nil="true"/><APICase:timeFramesAndUrgency xsi:nil="true"/><APICase:transcripts xsi:nil="true"/><APICase:translationNotRequired>false</APICase:translationNotRequired><APICase:userAgent>Internal</APICase:userAgent><APICase:version>3.10</APICase:version><APICase:waitingOnCallback>false</APICase:waitingOnCallback></result></getCaseResponse></soapenv:Body></soapenv:Envelope>
[#document: null]
APICase:accountNumber
APICase:accountNumber
1460290
&amp#27;[34m1460290&amp#27;[0m
<?xml version="1.0" encoding="UTF-8"?><soapenv:Envelope xmlns:soapenv="http://schemas.xmlsoap.org/soap/envelope/" xmlns="http://soap.sforce.com/schemas/class/CaseAPI" xmlns:APICase="http://soap.sforce.com/schemas/class/APIUtils" xmlns:xsi="http://www.w3.org/2001/XMLSchema-instance"><soapenv:Body><getCaseResponse><result><APICase:abandonCase xsi:nil="true"/><APICase:accountNumber>1460290</APICase:accountNumber><APICase:actionPlan xsi:nil="true"/><APICase:alternateId xsi:nil="true"/><APICase:attachments xsi:nil="true"/><APICase:bugs><APICase:message xsi:nil="true"/><APICase:returnCode xsi:nil="true"/></APICase:bugs><APICase:caseAutomationEnabled>true</APICase:caseAutomationEnabled><APICase:caseCreationSessionId xsi:nil="true"/><APICase:caseNumber>02470917</APICase:caseNumber><APICase:caseResourceLinks><APICase:message xsi:nil="true"/><APICase:returnCode xsi:nil="true"/></APICase:caseResourceLinks><APICase:caseSummary xsi:nil="true"/><APICase:caseType>Other</APICase:caseType><APICase:cep>false</APICase:cep><APICase:certArchitecture xsi:nil="true"/><APICase:certCategory xsi:nil="true"/><APICase:certContainerProjectId xsi:nil="true"/><APICase:certExceptionGranted xsi:nil="true"/><APICase:certIsPrivate xsi:nil="true"/><APICase:certNeedException xsi:nil="true"/><APICase:certPortalId xsi:nil="true"/><APICase:certProduct xsi:nil="true"/><APICase:certProgram xsi:nil="true"/><APICase:certVendorName xsi:nil="true"/><APICase:certVendorPortalId xsi:nil="true"/><APICase:certVendorProductName xsi:nil="true"/><APICase:certVendorProductPortalId xsi:nil="true"/><APICase:certVersion xsi:nil="true"/><APICase:collaborationScore>695.0</APICase:collaborationScore><APICase:comments><APICase:caseNumber>02470917</APICase:caseNumber><APICase:contentType>plaintext</APICase:contentType><APICase:createdBy>Mashalkar, Kumar</APICase:createdBy><APICase:createdByType>Associate</APICase:createdByType><APICase:createdDate>2020-06-29T12:21:33.000Z</APICase:createdDate><APICase:doNotChangeSBT>false</APICase:doNotChangeSBT><APICase:externalCommentHandlingSystem xsi:nil="true"/><APICase:hoursWorked xsi:nil="true"/><APICase:id>a0a2i000000VN1NAAW</APICase:id><APICase:isDraft>false</APICase:isDraft><APICase:isPublic>true</APICase:isPublic><APICase:lastModifiedBy>Mashalkar, Kumar</APICase:lastModifiedBy><APICase:lastModifiedByEmailAddress xsi:nil="true"/><APICase:lastModifiedByPersonType>Associate</APICase:lastModifiedByPersonType><APICase:lastModifiedDate>2020-06-29T12:21:33.000Z</APICase:lastModifiedDate><APICase:message xsi:nil="true"/><APICase:publishedDate>2020-06-29T12:21:33.000Z</APICase:publishedDate><APICase:returnCode xsi:nil="true"/><APICase:sharePrivateWithExternalTrackers xsi:nil="true"/><APICase:text>This is public comment</APICase:text><APICase:visibility xsi:nil="true"/></APICase:comments><APICase:comments><APICase:caseNumber>02470917</APICase:caseNumber><APICase:contentType>plaintext</APICase:contentType><APICase:createdBy>Mashalkar, Kumar</APICase:createdBy><APICase:createdByType>Associate</APICase:createdByType><APICase:createdDate>2020-06-29T12:18:28.000Z</APICase:createdDate><APICase:doNotChangeSBT>false</APICase:doNotChangeSBT><APICase:externalCommentHandlingSystem xsi:nil="true"/><APICase:hoursWorked xsi:nil="true"/><APICase:id>a0a2i000000VN1DAAW</APICase:id><APICase:isDraft>false</APICase:isDraft><APICase:isPublic>true</APICase:isPublic><APICase:lastModifiedBy>Mashalkar, Kumar</APICase:lastModifiedBy><APICase:lastModifiedByEmailAddress xsi:nil="true"/><APICase:lastModifiedByPersonType>Associate</APICase:lastModifiedByPersonType><APICase:lastModifiedDate>2020-06-29T12:18:28.000Z</APICase:lastModifiedDate><APICase:message xsi:nil="true"/><APICase:publishedDate>2020-06-29T12:18:28.000Z</APICase:publishedDate><APICase:returnCode xsi:nil="true"/><APICase:sharePrivateWithExternalTrackers xsi:nil="true"/><APICase:text>This is public comment</APICase:text><APICase:visibility xsi:nil="true"/></APICase:comments><APICase:comments><APICase:caseNumber>02470917</APICase:caseNumber><APICase:contentType>plaintext</APICase:contentType><APICase:createdBy>Mashalkar, Kumar</APICase:createdBy><APICase:createdByType>Associate</APICase:createdByType><APICase:createdDate>2020-06-29T12:12:08.000Z</APICase:createdDate><APICase:doNotChangeSBT>false</APICase:doNotChangeSBT><APICase:externalCommentHandlingSystem xsi:nil="true"/><APICase:hoursWorked xsi:nil="true"/><APICase:id>a0a2i000000VN18AAG</APICase:id><APICase:isDraft>false</APICase:isDraft><APICase:isPublic>true</APICase:isPublic><APICase:lastModifiedBy>Mashalkar, Kumar</APICase:lastModifiedBy><APICase:lastModifiedByEmailAddress xsi:nil="true"/><APICase:lastModifiedByPersonType>Associate</APICase:lastModifiedByPersonType><APICase:lastModifiedDate>2020-06-29T12:12:07.000Z</APICase:lastModifiedDate><APICase:message xsi:nil="true"/><APICase:publishedDate>2020-06-29T12:12:07.000Z</APICase:publishedDate><APICase:returnCode xsi:nil="true"/><APICase:sharePrivateWithExternalTrackers xsi:nil="true"/><APICase:text>This is public comment</APICase:text><APICase:visibility xsi:nil="true"/></APICase:comments><APICase:comments><APICase:caseNumber>02470917</APICase:caseNumber><APICase:contentType>plaintext</APICase:contentType><APICase:createdBy>Mashalkar, Kumar</APICase:createdBy><APICase:createdByType>Associate</APICase:createdByType><APICase:createdDate>2020-06-26T11:45:03.000Z</APICase:createdDate><APICase:doNotChangeSBT>false</APICase:doNotChangeSBT><APICase:externalCommentHandlingSystem xsi:nil="true"/><APICase:hoursWorked xsi:nil="true"/><APICase:id>a0a2i000000VMB5AAO</APICase:id><APICase:isDraft>false</APICase:isDraft><APICase:isPublic>true</APICase:isPublic><APICase:lastModifiedBy>Mashalkar, Kumar</APICase:lastModifiedBy><APICase:lastModifiedByEmailAddress xsi:nil="true"/><APICase:lastModifiedByPersonType>Associate</APICase:lastModifiedByPersonType><APICase:lastModifiedDate>2020-06-26T11:45:03.000Z</APICase:lastModifiedDate><APICase:message xsi:nil="true"/><APICase:publishedDate>2020-06-26T11:45:03.000Z</APICase:publishedDate><APICase:returnCode xsi:nil="true"/><APICase:sharePrivateWithExternalTrackers xsi:nil="true"/><APICase:text>This is public comment</APICase:text><APICase:visibility xsi:nil="true"/></APICase:comments><APICase:comments><APICase:caseNumber>02470917</APICase:caseNumber><APICase:contentType>plaintext</APICase:contentType><APICase:createdBy>Mashalkar, Kumar</APICase:createdBy><APICase:createdByType>Associate</APICase:createdByType><APICase:createdDate>2020-06-26T08:29:28.000Z</APICase:createdDate><APICase:doNotChangeSBT>false</APICase:doNotChangeSBT><APICase:externalCommentHandlingSystem xsi:nil="true"/><APICase:hoursWorked xsi:nil="true"/><APICase:id>a0a2i000000VMAgAAO</APICase:id><APICase:isDraft>false</APICase:isDraft><APICase:isPublic>true</APICase:isPublic><APICase:lastModifiedBy>Mashalkar, Kumar</APICase:lastModifiedBy><APICase:lastModifiedByEmailAddress xsi:nil="true"/><APICase:lastModifiedByPersonType>Associate</APICase:lastModifiedByPersonType><APICase:lastModifiedDate>2020-06-26T08:29:27.000Z</APICase:lastModifiedDate><APICase:message xsi:nil="true"/><APICase:publishedDate>2020-06-26T08:29:27.000Z</APICase:publishedDate><APICase:returnCode xsi:nil="true"/><APICase:sharePrivateWithExternalTrackers xsi:nil="true"/><APICase:text>This is public comment</APICase:text><APICase:visibility xsi:nil="true"/></APICase:comments><APICase:comments><APICase:caseNumber>02470917</APICase:caseNumber><APICase:contentType>plaintext</APICase:contentType><APICase:createdBy>Mashalkar, Kumar</APICase:createdBy><APICase:createdByType>Associate</APICase:createdByType><APICase:createdDate>2020-06-26T04:12:44.000Z</APICase:createdDate><APICase:doNotChangeSBT>false</APICase:doNotChangeSBT><APICase:externalCommentHandlingSystem xsi:nil="true"/><APICase:hoursWorked xsi:nil="true"/><APICase:id>a0a2i000000VM8VAAW</APICase:id><APICase:isDraft>false</APICase:isDraft><APICase:isPublic>true</APICase:isPublic><APICase:lastModifiedBy>Mashalkar, Kumar</APICase:lastModifiedBy><APICase:lastModifiedByEmailAddress xsi:nil="true"/><APICase:lastModifiedByPersonType>Associate</APICase:lastModifiedByPersonType><APICase:lastModifiedDate>2020-06-26T04:12:43.000Z</APICase:lastModifiedDate><APICase:message xsi:nil="true"/><APICase:publishedDate>2020-06-26T04:12:43.000Z</APICase:publishedDate><APICase:returnCode xsi:nil="true"/><APICase:sharePrivateWithExternalTrackers xsi:nil="true"/><APICase:text>This is public comment</APICase:text><APICase:visibility xsi:nil="true"/></APICase:comments><APICase:comments><APICase:caseNumber>02470917</APICase:caseNumber><APICase:contentType>plaintext</APICase:contentType><APICase:createdBy>Mishra, Mitesh</APICase:createdBy><APICase:createdByType>Associate</APICase:createdByType><APICase:createdDate>2020-06-26T04:05:42.000Z</APICase:createdDate><APICase:doNotChangeSBT>false</APICase:doNotChangeSBT><APICase:externalCommentHandlingSystem xsi:nil="true"/><APICase:hoursWorked xsi:nil="true"/><APICase:id>a0a2i000000VM8LAAW</APICase:id><APICase:isDraft>false</APICase:isDraft><APICase:isPublic>true</APICase:isPublic><APICase:lastModifiedBy>Mishra, Mitesh</APICase:lastModifiedBy><APICase:lastModifiedByEmailAddress xsi:nil="true"/><APICase:lastModifiedByPersonType>Associate</APICase:lastModifiedByPersonType><APICase:lastModifiedDate>2020-06-26T04:05:42.000Z</APICase:lastModifiedDate><APICase:message xsi:nil="true"/><APICase:publishedDate>2020-06-26T04:05:42.000Z</APICase:publishedDate><APICase:returnCode xsi:nil="true"/><APICase:sharePrivateWithExternalTrackers xsi:nil="true"/><APICase:text>comment for customer</APICase:text><APICase:visibility xsi:nil="true"/></APICase:comments><APICase:comments><APICase:caseNumber>02470917</APICase:caseNumber><APICase:contentType>plaintext</APICase:contentType><APICase:createdBy>Mishra, Mitesh</APICase:createdBy><APICase:createdByType>Associate</APICase:createdByType><APICase:createdDate>2020-06-26T04:01:47.000Z</APICase:createdDate><APICase:doNotChangeSBT>false</APICase:doNotChangeSBT><APICase:externalCommentHandlingSystem xsi:nil="true"/><APICase:hoursWorked xsi:nil="true"/><APICase:id>a0a2i000000VM8GAAW</APICase:id><APICase:isDraft>false</APICase:isDraft><APICase:isPublic>true</APICase:isPublic><APICase:lastModifiedBy>Mishra, Mitesh</APICase:lastModifiedBy><APICase:lastModifiedByEmailAddress xsi:nil="true"/><APICase:lastModifiedByPersonType>Associate</APICase:lastModifiedByPersonType><APICase:lastModifiedDate>2020-06-26T04:01:47.000Z</APICase:lastModifiedDate><APICase:message xsi:nil="true"/><APICase:publishedDate>2020-06-26T04:01:47.000Z</APICase:publishedDate><APICase:returnCode xsi:nil="true"/><APICase:sharePrivateWithExternalTrackers xsi:nil="true"/><APICase:text>comment to check mail is generated to customer as well</APICase:text><APICase:visibility xsi:nil="true"/></APICase:comments><APICase:comments><APICase:caseNumber>02470917</APICase:caseNumber><APICase:contentType>plaintext</APICase:contentType><APICase:createdBy>Mishra, Mitesh</APICase:createdBy><APICase:createdByType>Associate</APICase:createdByType><APICase:createdDate>2020-06-26T03:59:35.000Z</APICase:createdDate><APICase:doNotChangeSBT>false</APICase:doNotChangeSBT><APICase:externalCommentHandlingSystem xsi:nil="true"/><APICase:hoursWorked xsi:nil="true"/><APICase:id>a0a2i000000VM8BAAW</APICase:id><APICase:isDraft>false</APICase:isDraft><APICase:isPublic>true</APICase:isPublic><APICase:lastModifiedBy>Mishra, Mitesh</APICase:lastModifiedBy><APICase:lastModifiedByEmailAddress xsi:nil="true"/><APICase:lastModifiedByPersonType>Associate</APICase:lastModifiedByPersonType><APICase:lastModifiedDate>2020-06-26T03:59:34.000Z</APICase:lastModifiedDate><APICase:message xsi:nil="true"/><APICase:publishedDate>2020-06-26T03:59:34.000Z</APICase:publishedDate><APICase:returnCode xsi:nil="true"/><APICase:sharePrivateWithExternalTrackers xsi:nil="true"/><APICase:text>test comment</APICase:text><APICase:visibility xsi:nil="true"/></APICase:comments><APICase:comments><APICase:caseNumber>02470917</APICase:caseNumber><APICase:contentType>plaintext</APICase:contentType><APICase:createdBy>Mashalkar, Kumar</APICase:createdBy><APICase:createdByType>Associate</APICase:createdByType><APICase:createdDate>2020-06-25T18:50:15.000Z</APICase:createdDate><APICase:doNotChangeSBT>false</APICase:doNotChangeSBT><APICase:externalCommentHandlingSystem xsi:nil="true"/><APICase:hoursWorked xsi:nil="true"/><APICase:id>a0a2i000000VLv7AAG</APICase:id><APICase:isDraft>false</APICase:isDraft><APICase:isPublic>true</APICase:isPublic><APICase:lastModifiedBy>Mashalkar, Kumar</APICase:lastModifiedBy><APICase:lastModifiedByEmailAddress xsi:nil="true"/><APICase:lastModifiedByPersonType>Associate</APICase:lastModifiedByPersonType><APICase:lastModifiedDate>2020-06-25T18:50:14.000Z</APICase:lastModifiedDate><APICase:message xsi:nil="true"/><APICase:publishedDate>2020-06-25T18:50:14.000Z</APICase:publishedDate><APICase:returnCode xsi:nil="true"/><APICase:sharePrivateWithExternalTrackers xsi:nil="true"/><APICase:text>This is public comment</APICase:text><APICase:visibility xsi:nil="true"/></APICase:comments><APICase:comments><APICase:caseNumber>02470917</APICase:caseNumber><APICase:contentType>plaintext</APICase:contentType><APICase:createdBy>Mashalkar, Kumar</APICase:createdBy><APICase:createdByType>Associate</APICase:createdByType><APICase:createdDate>2020-06-25T18:13:25.000Z</APICase:createdDate><APICase:doNotChangeSBT>false</APICase:doNotChangeSBT><APICase:externalCommentHandlingSystem xsi:nil="true"/><APICase:hoursWorked xsi:nil="true"/><APICase:id>a0a2i000000VLu9AAG</APICase:id><APICase:isDraft>false</APICase:isDraft><APICase:isPublic>true</APICase:isPublic><APICase:lastModifiedBy>Mashalkar, Kumar</APICase:lastModifiedBy><APICase:lastModifiedByEmailAddress xsi:nil="true"/><APICase:lastModifiedByPersonType>Associate</APICase:lastModifiedByPersonType><APICase:lastModifiedDate>2020-06-25T18:13:24.000Z</APICase:lastModifiedDate><APICase:message xsi:nil="true"/><APICase:publishedDate>2020-06-25T18:13:24.000Z</APICase:publishedDate><APICase:returnCode xsi:nil="true"/><APICase:sharePrivateWithExternalTrackers xsi:nil="true"/><APICase:text>This is public comment</APICase:text><APICase:visibility xsi:nil="true"/></APICase:comments><APICase:comments><APICase:caseNumber>02470917</APICase:caseNumber><APICase:contentType>plaintext</APICase:contentType><APICase:createdBy>Mashalkar, Kumar</APICase:createdBy><APICase:createdByType>Associate</APICase:createdByType><APICase:createdDate>2020-06-25T17:44:37.000Z</APICase:createdDate><APICase:doNotChangeSBT>false</APICase:doNotChangeSBT><APICase:externalCommentHandlingSystem xsi:nil="true"/><APICase:hoursWorked xsi:nil="true"/><APICase:id>a0a2i000000VLtzAAG</APICase:id><APICase:isDraft>false</APICase:isDraft><APICase:isPublic>true</APICase:isPublic><APICase:lastModifiedBy>Mashalkar, Kumar</APICase:lastModifiedBy><APICase:lastModifiedByEmailAddress xsi:nil="true"/><APICase:lastModifiedByPersonType>Associate</APICase:lastModifiedByPersonType><APICase:lastModifiedDate>2020-06-25T17:44:36.000Z</APICase:lastModifiedDate><APICase:message xsi:nil="true"/><APICase:publishedDate>2020-06-25T17:44:36.000Z</APICase:publishedDate><APICase:returnCode xsi:nil="true"/><APICase:sharePrivateWithExternalTrackers xsi:nil="true"/><APICase:text>This is a test comment</APICase:text><APICase:visibility xsi:nil="true"/></APICase:comments><APICase:comments><APICase:caseNumber>02470917</APICase:caseNumber><APICase:contentType>plaintext</APICase:contentType><APICase:createdBy>Mashalkar, Kumar</APICase:createdBy><APICase:createdByType>Associate</APICase:createdByType><APICase:createdDate>2020-06-19T15:52:24.000Z</APICase:createdDate><APICase:doNotChangeSBT>false</APICase:doNotChangeSBT><APICase:externalCommentHandlingSystem xsi:nil="true"/><APICase:hoursWorked xsi:nil="true"/><APICase:id>a0a2i000000VG1XAAW</APICase:id><APICase:isDraft>false</APICase:isDraft><APICase:isPublic>false</APICase:isPublic><APICase:lastModifiedBy>Mashalkar, Kumar</APICase:lastModifiedBy><APICase:lastModifiedByEmailAddress xsi:nil="true"/><APICase:lastModifiedByPersonType>Associate</APICase:lastModifiedByPersonType><APICase:lastModifiedDate>2020-06-19T15:52:24.000Z</APICase:lastModifiedDate><APICase:message xsi:nil="true"/><APICase:publishedDate>2020-06-19T15:52:24.000Z</APICase:publishedDate><APICase:returnCode xsi:nil="true"/><APICase:sharePrivateWithExternalTrackers xsi:nil="true"/><APICase:text>This is private comment</APICase:text><APICase:visibility xsi:nil="true"/></APICase:comments><APICase:comments><APICase:caseNumber>02470917</APICase:caseNumber><APICase:contentType>plaintext</APICase:contentType><APICase:createdBy>Mashalkar, Kumar</APICase:createdBy><APICase:createdByType>Associate</APICase:createdByType><APICase:createdDate>2020-06-19T15:40:45.000Z</APICase:createdDate><APICase:doNotChangeSBT>false</APICase:doNotChangeSBT><APICase:externalCommentHandlingSystem xsi:nil="true"/><APICase:hoursWorked xsi:nil="true"/><APICase:id>a0a2i000000VG1SAAW</APICase:id><APICase:isDraft>false</APICase:isDraft><APICase:isPublic>true</APICase:isPublic><APICase:lastModifiedBy>Mashalkar, Kumar</APICase:lastModifiedBy><APICase:lastModifiedByEmailAddress xsi:nil="true"/><APICase:lastModifiedByPersonType>Associate</APICase:lastModifiedByPersonType><APICase:lastModifiedDate>2020-06-19T15:40:45.000Z</APICase:lastModifiedDate><APICase:message xsi:nil="true"/><APICase:publishedDate>2020-06-19T15:40:45.000Z</APICase:publishedDate><APICase:returnCode xsi:nil="true"/><APICase:sharePrivateWithExternalTrackers xsi:nil="true"/><APICase:text>This is public comment</APICase:text><APICase:visibility xsi:nil="true"/></APICase:comments><APICase:contactInfo24x7 xsi:nil="true"/><APICase:contactIsPartner>false</APICase:contactIsPartner><APICase:contactName>David Tse</APICase:contactName><APICase:contacts><APICase:canAccessAllAccounts>false</APICase:canAccessAllAccounts><APICase:canAddAttachments>true</APICase:canAddAttachments><APICase:canSeeDashboard>true</APICase:canSeeDashboard><APICase:defaultGroupName xsi:nil="true"/><APICase:defaultGroupNumber xsi:nil="true"/><APICase:email>gss-sfdc+qa+wophoon@redhat.com</APICase:email><APICase:firstName>Woh Shon</APICase:firstName><APICase:hasChat>false</APICase:hasChat><APICase:hasUser>false</APICase:hasUser><APICase:id>003A000001nOpcXIAS</APICase:id><APICase:isInternal>false</APICase:isInternal><APICase:isOrgAdmin>false</APICase:isOrgAdmin><APICase:isSecured>true</APICase:isSecured><APICase:isSecureSupportTech>false</APICase:isSecureSupportTech><APICase:lastName>Phoon</APICase:lastName><APICase:message xsi:nil="true"/><APICase:name>Woh Shon Phoon</APICase:name><APICase:normalizedTimezone>Asia/Hong_Kong</APICase:normalizedTimezone><APICase:phone>65 9683 0675</APICase:phone><APICase:returnCode xsi:nil="true"/><APICase:sessionId xsi:nil="true"/><APICase:ssoName xsi:nil="true"/><APICase:timezone>(GMT+08:00) Hong Kong Time (Asia/Hong_Kong)</APICase:timezone></APICase:contacts><APICase:contactSSOName>dtse@redhat.com</APICase:contactSSOName><APICase:createdBy>Kumar Mashalkar</APICase:createdBy><APICase:createdBySSOName>gss-tools</APICase:createdBySSOName><APICase:createdDate>2020-06-11T09:48:35.000Z</APICase:createdDate><APICase:critSit>false</APICase:critSit><APICase:customerEscalation>false</APICase:customerEscalation><APICase:customerIntelligenceLink xsi:nil="true"/><APICase:customerNotes xsi:nil="true"/><APICase:description>Test for automation</APICase:description><APICase:enhancedSLA>false</APICase:enhancedSLA><APICase:entitlementId>5502i0000006mxdAAA</APICase:entitlementId><APICase:environment xsi:nil="true"/><APICase:externalLock>false</APICase:externalLock><APICase:externalLockBy xsi:nil="true"/><APICase:externalLockDate xsi:nil="true"/><APICase:firstCaseInactivityWarningSentAt xsi:nil="true"/><APICase:FTS>false</APICase:FTS><APICase:groupName xsi:nil="true"/><APICase:groupNumber xsi:nil="true"/><APICase:handledByAscension>false</APICase:handledByAscension><APICase:hasEnhancedDelivery>false</APICase:hasEnhancedDelivery><APICase:hostname xsi:nil="true"/><APICase:hotfixDelivered>false</APICase:hotfixDelivered><APICase:hotfixRequested>false</APICase:hotfixRequested><APICase:id>5002i0000034NPSAA2</APICase:id><APICase:internalLastModifiedDate>2020-06-29T13:15:59.000Z</APICase:internalLastModifiedDate><APICase:internalpriority xsi:nil="true"/><APICase:internalstatus>Waiting on QA</APICase:internalstatus><APICase:isCertification>false</APICase:isCertification><APICase:isClosed>false</APICase:isClosed><APICase:isFTSHandoverReady>false</APICase:isFTSHandoverReady><APICase:isPoc>false</APICase:isPoc><APICase:isPrivate>false</APICase:isPrivate><APICase:isReviewed>false</APICase:isReviewed><APICase:isStrategicAccount>true</APICase:isStrategicAccount><APICase:issue xsi:nil="true"/><APICase:itar>false</APICase:itar><APICase:language>en</APICase:language><APICase:lastModifiedBy>Mitesh Mishra</APICase:lastModifiedBy><APICase:lastModifiedDate>2020-06-29T13:15:48.000Z</APICase:lastModifiedDate><APICase:ltrocClosed>false</APICase:ltrocClosed><APICase:ltrocClosedSet>false</APICase:ltrocClosedSet><APICase:managementEscalationRequested>false</APICase:managementEscalationRequested><APICase:message xsi:nil="true"/><APICase:needsNewOwner xsi:nil="true"/><APICase:noAutomationForAccount>false</APICase:noAutomationForAccount><APICase:noAutomationForCase>false</APICase:noAutomationForCase><APICase:noAutomationForCaseGroup xsi:nil="true"/><APICase:noLinkedKCSReason xsi:nil="true"/><APICase:noLinkedKCSReasonExplanation xsi:nil="true"/><APICase:openshiftClusterId xsi:nil="true"/><APICase:origin>Phone</APICase:origin><APICase:owner>Kumar Mashalkar</APICase:owner><APICase:periodicityOfIssue xsi:nil="true"/><APICase:premiumPlus>false</APICase:premiumPlus><APICase:priorityScore>695.0</APICase:priorityScore><APICase:proactive>false</APICase:proactive><APICase:proactiveEndDate xsi:nil="true"/><APICase:proactiveStartDate xsi:nil="true"/><APICase:product>OpenShift Container Platform</APICase:product><APICase:pseCase>false</APICase:pseCase><APICase:recordTypeName>GSS Case Record Type</APICase:recordTypeName><APICase:reliefAt xsi:nil="true"/><APICase:remoteSessionTermsAcked>false</APICase:remoteSessionTermsAcked><APICase:remoteSessionTermsAckedBy xsi:nil="true"/><APICase:remoteSessionTermsAckedDate xsi:nil="true"/><APICase:remoteSessionTermsAgreementLevel xsi:nil="true"/><APICase:resolution xsi:nil="true"/><APICase:resolutionDescription xsi:nil="true"/><APICase:resolvedAt xsi:nil="true"/><APICase:returnCode>200</APICase:returnCode><APICase:sbrGroups>API Mgmt</APICase:sbrGroups><APICase:secondCaseInactivityWarningSentAt xsi:nil="true"/><APICase:severity>4 (Low)</APICase:severity><APICase:sla>PREMIUM</APICase:sla><APICase:sparseCaseNotifications>false</APICase:sparseCaseNotifications><APICase:status>Waiting on Red Hat</APICase:status><APICase:summary>This case is test of automation</APICase:summary><APICase:suppliedEmail xsi:nil="true"/><APICase:suppliedName xsi:nil="true"/><APICase:suppliedPhone xsi:nil="true"/><APICase:timeFramesAndUrgency xsi:nil="true"/><APICase:transcripts xsi:nil="true"/><APICase:translationNotRequired>false</APICase:translationNotRequired><APICase:userAgent>Internal</APICase:userAgent><APICase:version>3.10</APICase:version><APICase:waitingOnCallback>false</APICase:waitingOnCallback></result></getCaseResponse></soapenv:Body></soapenv:Envelope>
[#document: null]
APICase:product
APICase:product
OpenShift Container Platform
<?xml version="1.0" encoding="UTF-8"?><soapenv:Envelope xmlns:soapenv="http://schemas.xmlsoap.org/soap/envelope/" xmlns="http://soap.sforce.com/schemas/class/CaseAPI" xmlns:APICase="http://soap.sforce.com/schemas/class/APIUtils" xmlns:xsi="http://www.w3.org/2001/XMLSchema-instance"><soapenv:Body><getCaseResponse><result><APICase:abandonCase xsi:nil="true"/><APICase:accountNumber>1460290</APICase:accountNumber><APICase:actionPlan xsi:nil="true"/><APICase:alternateId xsi:nil="true"/><APICase:attachments xsi:nil="true"/><APICase:bugs><APICase:message xsi:nil="true"/><APICase:returnCode xsi:nil="true"/></APICase:bugs><APICase:caseAutomationEnabled>true</APICase:caseAutomationEnabled><APICase:caseCreationSessionId xsi:nil="true"/><APICase:caseNumber>02470917</APICase:caseNumber><APICase:caseResourceLinks><APICase:message xsi:nil="true"/><APICase:returnCode xsi:nil="true"/></APICase:caseResourceLinks><APICase:caseSummary xsi:nil="true"/><APICase:caseType>Other</APICase:caseType><APICase:cep>false</APICase:cep><APICase:certArchitecture xsi:nil="true"/><APICase:certCategory xsi:nil="true"/><APICase:certContainerProjectId xsi:nil="true"/><APICase:certExceptionGranted xsi:nil="true"/><APICase:certIsPrivate xsi:nil="true"/><APICase:certNeedException xsi:nil="true"/><APICase:certPortalId xsi:nil="true"/><APICase:certProduct xsi:nil="true"/><APICase:certProgram xsi:nil="true"/><APICase:certVendorName xsi:nil="true"/><APICase:certVendorPortalId xsi:nil="true"/><APICase:certVendorProductName xsi:nil="true"/><APICase:certVendorProductPortalId xsi:nil="true"/><APICase:certVersion xsi:nil="true"/><APICase:collaborationScore>695.0</APICase:collaborationScore><APICase:comments><APICase:caseNumber>02470917</APICase:caseNumber><APICase:contentType>plaintext</APICase:contentType><APICase:createdBy>Mashalkar, Kumar</APICase:createdBy><APICase:createdByType>Associate</APICase:createdByType><APICase:createdDate>2020-06-29T12:21:33.000Z</APICase:createdDate><APICase:doNotChangeSBT>false</APICase:doNotChangeSBT><APICase:externalCommentHandlingSystem xsi:nil="true"/><APICase:hoursWorked xsi:nil="true"/><APICase:id>a0a2i000000VN1NAAW</APICase:id><APICase:isDraft>false</APICase:isDraft><APICase:isPublic>true</APICase:isPublic><APICase:lastModifiedBy>Mashalkar, Kumar</APICase:lastModifiedBy><APICase:lastModifiedByEmailAddress xsi:nil="true"/><APICase:lastModifiedByPersonType>Associate</APICase:lastModifiedByPersonType><APICase:lastModifiedDate>2020-06-29T12:21:33.000Z</APICase:lastModifiedDate><APICase:message xsi:nil="true"/><APICase:publishedDate>2020-06-29T12:21:33.000Z</APICase:publishedDate><APICase:returnCode xsi:nil="true"/><APICase:sharePrivateWithExternalTrackers xsi:nil="true"/><APICase:text>This is public comment</APICase:text><APICase:visibility xsi:nil="true"/></APICase:comments><APICase:comments><APICase:caseNumber>02470917</APICase:caseNumber><APICase:contentType>plaintext</APICase:contentType><APICase:createdBy>Mashalkar, Kumar</APICase:createdBy><APICase:createdByType>Associate</APICase:createdByType><APICase:createdDate>2020-06-29T12:18:28.000Z</APICase:createdDate><APICase:doNotChangeSBT>false</APICase:doNotChangeSBT><APICase:externalCommentHandlingSystem xsi:nil="true"/><APICase:hoursWorked xsi:nil="true"/><APICase:id>a0a2i000000VN1DAAW</APICase:id><APICase:isDraft>false</APICase:isDraft><APICase:isPublic>true</APICase:isPublic><APICase:lastModifiedBy>Mashalkar, Kumar</APICase:lastModifiedBy><APICase:lastModifiedByEmailAddress xsi:nil="true"/><APICase:lastModifiedByPersonType>Associate</APICase:lastModifiedByPersonType><APICase:lastModifiedDate>2020-06-29T12:18:28.000Z</APICase:lastModifiedDate><APICase:message xsi:nil="true"/><APICase:publishedDate>2020-06-29T12:18:28.000Z</APICase:publishedDate><APICase:returnCode xsi:nil="true"/><APICase:sharePrivateWithExternalTrackers xsi:nil="true"/><APICase:text>This is public comment</APICase:text><APICase:visibility xsi:nil="true"/></APICase:comments><APICase:comments><APICase:caseNumber>02470917</APICase:caseNumber><APICase:contentType>plaintext</APICase:contentType><APICase:createdBy>Mashalkar, Kumar</APICase:createdBy><APICase:createdByType>Associate</APICase:createdByType><APICase:createdDate>2020-06-29T12:12:08.000Z</APICase:createdDate><APICase:doNotChangeSBT>false</APICase:doNotChangeSBT><APICase:externalCommentHandlingSystem xsi:nil="true"/><APICase:hoursWorked xsi:nil="true"/><APICase:id>a0a2i000000VN18AAG</APICase:id><APICase:isDraft>false</APICase:isDraft><APICase:isPublic>true</APICase:isPublic><APICase:lastModifiedBy>Mashalkar, Kumar</APICase:lastModifiedBy><APICase:lastModifiedByEmailAddress xsi:nil="true"/><APICase:lastModifiedByPersonType>Associate</APICase:lastModifiedByPersonType><APICase:lastModifiedDate>2020-06-29T12:12:07.000Z</APICase:lastModifiedDate><APICase:message xsi:nil="true"/><APICase:publishedDate>2020-06-29T12:12:07.000Z</APICase:publishedDate><APICase:returnCode xsi:nil="true"/><APICase:sharePrivateWithExternalTrackers xsi:nil="true"/><APICase:text>This is public comment</APICase:text><APICase:visibility xsi:nil="true"/></APICase:comments><APICase:comments><APICase:caseNumber>02470917</APICase:caseNumber><APICase:contentType>plaintext</APICase:contentType><APICase:createdBy>Mashalkar, Kumar</APICase:createdBy><APICase:createdByType>Associate</APICase:createdByType><APICase:createdDate>2020-06-26T11:45:03.000Z</APICase:createdDate><APICase:doNotChangeSBT>false</APICase:doNotChangeSBT><APICase:externalCommentHandlingSystem xsi:nil="true"/><APICase:hoursWorked xsi:nil="true"/><APICase:id>a0a2i000000VMB5AAO</APICase:id><APICase:isDraft>false</APICase:isDraft><APICase:isPublic>true</APICase:isPublic><APICase:lastModifiedBy>Mashalkar, Kumar</APICase:lastModifiedBy><APICase:lastModifiedByEmailAddress xsi:nil="true"/><APICase:lastModifiedByPersonType>Associate</APICase:lastModifiedByPersonType><APICase:lastModifiedDate>2020-06-26T11:45:03.000Z</APICase:lastModifiedDate><APICase:message xsi:nil="true"/><APICase:publishedDate>2020-06-26T11:45:03.000Z</APICase:publishedDate><APICase:returnCode xsi:nil="true"/><APICase:sharePrivateWithExternalTrackers xsi:nil="true"/><APICase:text>This is public comment</APICase:text><APICase:visibility xsi:nil="true"/></APICase:comments><APICase:comments><APICase:caseNumber>02470917</APICase:caseNumber><APICase:contentType>plaintext</APICase:contentType><APICase:createdBy>Mashalkar, Kumar</APICase:createdBy><APICase:createdByType>Associate</APICase:createdByType><APICase:createdDate>2020-06-26T08:29:28.000Z</APICase:createdDate><APICase:doNotChangeSBT>false</APICase:doNotChangeSBT><APICase:externalCommentHandlingSystem xsi:nil="true"/><APICase:hoursWorked xsi:nil="true"/><APICase:id>a0a2i000000VMAgAAO</APICase:id><APICase:isDraft>false</APICase:isDraft><APICase:isPublic>true</APICase:isPublic><APICase:lastModifiedBy>Mashalkar, Kumar</APICase:lastModifiedBy><APICase:lastModifiedByEmailAddress xsi:nil="true"/><APICase:lastModifiedByPersonType>Associate</APICase:lastModifiedByPersonType><APICase:lastModifiedDate>2020-06-26T08:29:27.000Z</APICase:lastModifiedDate><APICase:message xsi:nil="true"/><APICase:publishedDate>2020-06-26T08:29:27.000Z</APICase:publishedDate><APICase:returnCode xsi:nil="true"/><APICase:sharePrivateWithExternalTrackers xsi:nil="true"/><APICase:text>This is public comment</APICase:text><APICase:visibility xsi:nil="true"/></APICase:comments><APICase:comments><APICase:caseNumber>02470917</APICase:caseNumber><APICase:contentType>plaintext</APICase:contentType><APICase:createdBy>Mashalkar, Kumar</APICase:createdBy><APICase:createdByType>Associate</APICase:createdByType><APICase:createdDate>2020-06-26T04:12:44.000Z</APICase:createdDate><APICase:doNotChangeSBT>false</APICase:doNotChangeSBT><APICase:externalCommentHandlingSystem xsi:nil="true"/><APICase:hoursWorked xsi:nil="true"/><APICase:id>a0a2i000000VM8VAAW</APICase:id><APICase:isDraft>false</APICase:isDraft><APICase:isPublic>true</APICase:isPublic><APICase:lastModifiedBy>Mashalkar, Kumar</APICase:lastModifiedBy><APICase:lastModifiedByEmailAddress xsi:nil="true"/><APICase:lastModifiedByPersonType>Associate</APICase:lastModifiedByPersonType><APICase:lastModifiedDate>2020-06-26T04:12:43.000Z</APICase:lastModifiedDate><APICase:message xsi:nil="true"/><APICase:publishedDate>2020-06-26T04:12:43.000Z</APICase:publishedDate><APICase:returnCode xsi:nil="true"/><APICase:sharePrivateWithExternalTrackers xsi:nil="true"/><APICase:text>This is public comment</APICase:text><APICase:visibility xsi:nil="true"/></APICase:comments><APICase:comments><APICase:caseNumber>02470917</APICase:caseNumber><APICase:contentType>plaintext</APICase:contentType><APICase:createdBy>Mishra, Mitesh</APICase:createdBy><APICase:createdByType>Associate</APICase:createdByType><APICase:createdDate>2020-06-26T04:05:42.000Z</APICase:createdDate><APICase:doNotChangeSBT>false</APICase:doNotChangeSBT><APICase:externalCommentHandlingSystem xsi:nil="true"/><APICase:hoursWorked xsi:nil="true"/><APICase:id>a0a2i000000VM8LAAW</APICase:id><APICase:isDraft>false</APICase:isDraft><APICase:isPublic>true</APICase:isPublic><APICase:lastModifiedBy>Mishra, Mitesh</APICase:lastModifiedBy><APICase:lastModifiedByEmailAddress xsi:nil="true"/><APICase:lastModifiedByPersonType>Associate</APICase:lastModifiedByPersonType><APICase:lastModifiedDate>2020-06-26T04:05:42.000Z</APICase:lastModifiedDate><APICase:message xsi:nil="true"/><APICase:publishedDate>2020-06-26T04:05:42.000Z</APICase:publishedDate><APICase:returnCode xsi:nil="true"/><APICase:sharePrivateWithExternalTrackers xsi:nil="true"/><APICase:text>comment for customer</APICase:text><APICase:visibility xsi:nil="true"/></APICase:comments><APICase:comments><APICase:caseNumber>02470917</APICase:caseNumber><APICase:contentType>plaintext</APICase:contentType><APICase:createdBy>Mishra, Mitesh</APICase:createdBy><APICase:createdByType>Associate</APICase:createdByType><APICase:createdDate>2020-06-26T04:01:47.000Z</APICase:createdDate><APICase:doNotChangeSBT>false</APICase:doNotChangeSBT><APICase:externalCommentHandlingSystem xsi:nil="true"/><APICase:hoursWorked xsi:nil="true"/><APICase:id>a0a2i000000VM8GAAW</APICase:id><APICase:isDraft>false</APICase:isDraft><APICase:isPublic>true</APICase:isPublic><APICase:lastModifiedBy>Mishra, Mitesh</APICase:lastModifiedBy><APICase:lastModifiedByEmailAddress xsi:nil="true"/><APICase:lastModifiedByPersonType>Associate</APICase:lastModifiedByPersonType><APICase:lastModifiedDate>2020-06-26T04:01:47.000Z</APICase:lastModifiedDate><APICase:message xsi:nil="true"/><APICase:publishedDate>2020-06-26T04:01:47.000Z</APICase:publishedDate><APICase:returnCode xsi:nil="true"/><APICase:sharePrivateWithExternalTrackers xsi:nil="true"/><APICase:text>comment to check mail is generated to customer as well</APICase:text><APICase:visibility xsi:nil="true"/></APICase:comments><APICase:comments><APICase:caseNumber>02470917</APICase:caseNumber><APICase:contentType>plaintext</APICase:contentType><APICase:createdBy>Mishra, Mitesh</APICase:createdBy><APICase:createdByType>Associate</APICase:createdByType><APICase:createdDate>2020-06-26T03:59:35.000Z</APICase:createdDate><APICase:doNotChangeSBT>false</APICase:doNotChangeSBT><APICase:externalCommentHandlingSystem xsi:nil="true"/><APICase:hoursWorked xsi:nil="true"/><APICase:id>a0a2i000000VM8BAAW</APICase:id><APICase:isDraft>false</APICase:isDraft><APICase:isPublic>true</APICase:isPublic><APICase:lastModifiedBy>Mishra, Mitesh</APICase:lastModifiedBy><APICase:lastModifiedByEmailAddress xsi:nil="true"/><APICase:lastModifiedByPersonType>Associate</APICase:lastModifiedByPersonType><APICase:lastModifiedDate>2020-06-26T03:59:34.000Z</APICase:lastModifiedDate><APICase:message xsi:nil="true"/><APICase:publishedDate>2020-06-26T03:59:34.000Z</APICase:publishedDate><APICase:returnCode xsi:nil="true"/><APICase:sharePrivateWithExternalTrackers xsi:nil="true"/><APICase:text>test comment</APICase:text><APICase:visibility xsi:nil="true"/></APICase:comments><APICase:comments><APICase:caseNumber>02470917</APICase:caseNumber><APICase:contentType>plaintext</APICase:contentType><APICase:createdBy>Mashalkar, Kumar</APICase:createdBy><APICase:createdByType>Associate</APICase:createdByType><APICase:createdDate>2020-06-25T18:50:15.000Z</APICase:createdDate><APICase:doNotChangeSBT>false</APICase:doNotChangeSBT><APICase:externalCommentHandlingSystem xsi:nil="true"/><APICase:hoursWorked xsi:nil="true"/><APICase:id>a0a2i000000VLv7AAG</APICase:id><APICase:isDraft>false</APICase:isDraft><APICase:isPublic>true</APICase:isPublic><APICase:lastModifiedBy>Mashalkar, Kumar</APICase:lastModifiedBy><APICase:lastModifiedByEmailAddress xsi:nil="true"/><APICase:lastModifiedByPersonType>Associate</APICase:lastModifiedByPersonType><APICase:lastModifiedDate>2020-06-25T18:50:14.000Z</APICase:lastModifiedDate><APICase:message xsi:nil="true"/><APICase:publishedDate>2020-06-25T18:50:14.000Z</APICase:publishedDate><APICase:returnCode xsi:nil="true"/><APICase:sharePrivateWithExternalTrackers xsi:nil="true"/><APICase:text>This is public comment</APICase:text><APICase:visibility xsi:nil="true"/></APICase:comments><APICase:comments><APICase:caseNumber>02470917</APICase:caseNumber><APICase:contentType>plaintext</APICase:contentType><APICase:createdBy>Mashalkar, Kumar</APICase:createdBy><APICase:createdByType>Associate</APICase:createdByType><APICase:createdDate>2020-06-25T18:13:25.000Z</APICase:createdDate><APICase:doNotChangeSBT>false</APICase:doNotChangeSBT><APICase:externalCommentHandlingSystem xsi:nil="true"/><APICase:hoursWorked xsi:nil="true"/><APICase:id>a0a2i000000VLu9AAG</APICase:id><APICase:isDraft>false</APICase:isDraft><APICase:isPublic>true</APICase:isPublic><APICase:lastModifiedBy>Mashalkar, Kumar</APICase:lastModifiedBy><APICase:lastModifiedByEmailAddress xsi:nil="true"/><APICase:lastModifiedByPersonType>Associate</APICase:lastModifiedByPersonType><APICase:lastModifiedDate>2020-06-25T18:13:24.000Z</APICase:lastModifiedDate><APICase:message xsi:nil="true"/><APICase:publishedDate>2020-06-25T18:13:24.000Z</APICase:publishedDate><APICase:returnCode xsi:nil="true"/><APICase:sharePrivateWithExternalTrackers xsi:nil="true"/><APICase:text>This is public comment</APICase:text><APICase:visibility xsi:nil="true"/></APICase:comments><APICase:comments><APICase:caseNumber>02470917</APICase:caseNumber><APICase:contentType>plaintext</APICase:contentType><APICase:createdBy>Mashalkar, Kumar</APICase:createdBy><APICase:createdByType>Associate</APICase:createdByType><APICase:createdDate>2020-06-25T17:44:37.000Z</APICase:createdDate><APICase:doNotChangeSBT>false</APICase:doNotChangeSBT><APICase:externalCommentHandlingSystem xsi:nil="true"/><APICase:hoursWorked xsi:nil="true"/><APICase:id>a0a2i000000VLtzAAG</APICase:id><APICase:isDraft>false</APICase:isDraft><APICase:isPublic>true</APICase:isPublic><APICase:lastModifiedBy>Mashalkar, Kumar</APICase:lastModifiedBy><APICase:lastModifiedByEmailAddress xsi:nil="true"/><APICase:lastModifiedByPersonType>Associate</APICase:lastModifiedByPersonType><APICase:lastModifiedDate>2020-06-25T17:44:36.000Z</APICase:lastModifiedDate><APICase:message xsi:nil="true"/><APICase:publishedDate>2020-06-25T17:44:36.000Z</APICase:publishedDate><APICase:returnCode xsi:nil="true"/><APICase:sharePrivateWithExternalTrackers xsi:nil="true"/><APICase:text>This is a test comment</APICase:text><APICase:visibility xsi:nil="true"/></APICase:comments><APICase:comments><APICase:caseNumber>02470917</APICase:caseNumber><APICase:contentType>plaintext</APICase:contentType><APICase:createdBy>Mashalkar, Kumar</APICase:createdBy><APICase:createdByType>Associate</APICase:createdByType><APICase:createdDate>2020-06-19T15:52:24.000Z</APICase:createdDate><APICase:doNotChangeSBT>false</APICase:doNotChangeSBT><APICase:externalCommentHandlingSystem xsi:nil="true"/><APICase:hoursWorked xsi:nil="true"/><APICase:id>a0a2i000000VG1XAAW</APICase:id><APICase:isDraft>false</APICase:isDraft><APICase:isPublic>false</APICase:isPublic><APICase:lastModifiedBy>Mashalkar, Kumar</APICase:lastModifiedBy><APICase:lastModifiedByEmailAddress xsi:nil="true"/><APICase:lastModifiedByPersonType>Associate</APICase:lastModifiedByPersonType><APICase:lastModifiedDate>2020-06-19T15:52:24.000Z</APICase:lastModifiedDate><APICase:message xsi:nil="true"/><APICase:publishedDate>2020-06-19T15:52:24.000Z</APICase:publishedDate><APICase:returnCode xsi:nil="true"/><APICase:sharePrivateWithExternalTrackers xsi:nil="true"/><APICase:text>This is private comment</APICase:text><APICase:visibility xsi:nil="true"/></APICase:comments><APICase:comments><APICase:caseNumber>02470917</APICase:caseNumber><APICase:contentType>plaintext</APICase:contentType><APICase:createdBy>Mashalkar, Kumar</APICase:createdBy><APICase:createdByType>Associate</APICase:createdByType><APICase:createdDate>2020-06-19T15:40:45.000Z</APICase:createdDate><APICase:doNotChangeSBT>false</APICase:doNotChangeSBT><APICase:externalCommentHandlingSystem xsi:nil="true"/><APICase:hoursWorked xsi:nil="true"/><APICase:id>a0a2i000000VG1SAAW</APICase:id><APICase:isDraft>false</APICase:isDraft><APICase:isPublic>true</APICase:isPublic><APICase:lastModifiedBy>Mashalkar, Kumar</APICase:lastModifiedBy><APICase:lastModifiedByEmailAddress xsi:nil="true"/><APICase:lastModifiedByPersonType>Associate</APICase:lastModifiedByPersonType><APICase:lastModifiedDate>2020-06-19T15:40:45.000Z</APICase:lastModifiedDate><APICase:message xsi:nil="true"/><APICase:publishedDate>2020-06-19T15:40:45.000Z</APICase:publishedDate><APICase:returnCode xsi:nil="true"/><APICase:sharePrivateWithExternalTrackers xsi:nil="true"/><APICase:text>This is public comment</APICase:text><APICase:visibility xsi:nil="true"/></APICase:comments><APICase:contactInfo24x7 xsi:nil="true"/><APICase:contactIsPartner>false</APICase:contactIsPartner><APICase:contactName>David Tse</APICase:contactName><APICase:contacts><APICase:canAccessAllAccounts>false</APICase:canAccessAllAccounts><APICase:canAddAttachments>true</APICase:canAddAttachments><APICase:canSeeDashboard>true</APICase:canSeeDashboard><APICase:defaultGroupName xsi:nil="true"/><APICase:defaultGroupNumber xsi:nil="true"/><APICase:email>gss-sfdc+qa+wophoon@redhat.com</APICase:email><APICase:firstName>Woh Shon</APICase:firstName><APICase:hasChat>false</APICase:hasChat><APICase:hasUser>false</APICase:hasUser><APICase:id>003A000001nOpcXIAS</APICase:id><APICase:isInternal>false</APICase:isInternal><APICase:isOrgAdmin>false</APICase:isOrgAdmin><APICase:isSecured>true</APICase:isSecured><APICase:isSecureSupportTech>false</APICase:isSecureSupportTech><APICase:lastName>Phoon</APICase:lastName><APICase:message xsi:nil="true"/><APICase:name>Woh Shon Phoon</APICase:name><APICase:normalizedTimezone>Asia/Hong_Kong</APICase:normalizedTimezone><APICase:phone>65 9683 0675</APICase:phone><APICase:returnCode xsi:nil="true"/><APICase:sessionId xsi:nil="true"/><APICase:ssoName xsi:nil="true"/><APICase:timezone>(GMT+08:00) Hong Kong Time (Asia/Hong_Kong)</APICase:timezone></APICase:contacts><APICase:contactSSOName>dtse@redhat.com</APICase:contactSSOName><APICase:createdBy>Kumar Mashalkar</APICase:createdBy><APICase:createdBySSOName>gss-tools</APICase:createdBySSOName><APICase:createdDate>2020-06-11T09:48:35.000Z</APICase:createdDate><APICase:critSit>false</APICase:critSit><APICase:customerEscalation>false</APICase:customerEscalation><APICase:customerIntelligenceLink xsi:nil="true"/><APICase:customerNotes xsi:nil="true"/><APICase:description>Test for automation</APICase:description><APICase:enhancedSLA>false</APICase:enhancedSLA><APICase:entitlementId>5502i0000006mxdAAA</APICase:entitlementId><APICase:environment xsi:nil="true"/><APICase:externalLock>false</APICase:externalLock><APICase:externalLockBy xsi:nil="true"/><APICase:externalLockDate xsi:nil="true"/><APICase:firstCaseInactivityWarningSentAt xsi:nil="true"/><APICase:FTS>false</APICase:FTS><APICase:groupName xsi:nil="true"/><APICase:groupNumber xsi:nil="true"/><APICase:handledByAscension>false</APICase:handledByAscension><APICase:hasEnhancedDelivery>false</APICase:hasEnhancedDelivery><APICase:hostname xsi:nil="true"/><APICase:hotfixDelivered>false</APICase:hotfixDelivered><APICase:hotfixRequested>false</APICase:hotfixRequested><APICase:id>5002i0000034NPSAA2</APICase:id><APICase:internalLastModifiedDate>2020-06-29T13:15:59.000Z</APICase:internalLastModifiedDate><APICase:internalpriority xsi:nil="true"/><APICase:internalstatus>Waiting on QA</APICase:internalstatus><APICase:isCertification>false</APICase:isCertification><APICase:isClosed>false</APICase:isClosed><APICase:isFTSHandoverReady>false</APICase:isFTSHandoverReady><APICase:isPoc>false</APICase:isPoc><APICase:isPrivate>false</APICase:isPrivate><APICase:isReviewed>false</APICase:isReviewed><APICase:isStrategicAccount>true</APICase:isStrategicAccount><APICase:issue xsi:nil="true"/><APICase:itar>false</APICase:itar><APICase:language>en</APICase:language><APICase:lastModifiedBy>Mitesh Mishra</APICase:lastModifiedBy><APICase:lastModifiedDate>2020-06-29T13:15:48.000Z</APICase:lastModifiedDate><APICase:ltrocClosed>false</APICase:ltrocClosed><APICase:ltrocClosedSet>false</APICase:ltrocClosedSet><APICase:managementEscalationRequested>false</APICase:managementEscalationRequested><APICase:message xsi:nil="true"/><APICase:needsNewOwner xsi:nil="true"/><APICase:noAutomationForAccount>false</APICase:noAutomationForAccount><APICase:noAutomationForCase>false</APICase:noAutomationForCase><APICase:noAutomationForCaseGroup xsi:nil="true"/><APICase:noLinkedKCSReason xsi:nil="true"/><APICase:noLinkedKCSReasonExplanation xsi:nil="true"/><APICase:openshiftClusterId xsi:nil="true"/><APICase:origin>Phone</APICase:origin><APICase:owner>Kumar Mashalkar</APICase:owner><APICase:periodicityOfIssue xsi:nil="true"/><APICase:premiumPlus>false</APICase:premiumPlus><APICase:priorityScore>695.0</APICase:priorityScore><APICase:proactive>false</APICase:proactive><APICase:proactiveEndDate xsi:nil="true"/><APICase:proactiveStartDate xsi:nil="true"/><APICase:product>OpenShift Container Platform</APICase:product><APICase:pseCase>false</APICase:pseCase><APICase:recordTypeName>GSS Case Record Type</APICase:recordTypeName><APICase:reliefAt xsi:nil="true"/><APICase:remoteSessionTermsAcked>false</APICase:remoteSessionTermsAcked><APICase:remoteSessionTermsAckedBy xsi:nil="true"/><APICase:remoteSessionTermsAckedDate xsi:nil="true"/><APICase:remoteSessionTermsAgreementLevel xsi:nil="true"/><APICase:resolution xsi:nil="true"/><APICase:resolutionDescription xsi:nil="true"/><APICase:resolvedAt xsi:nil="true"/><APICase:returnCode>200</APICase:returnCode><APICase:sbrGroups>API Mgmt</APICase:sbrGroups><APICase:secondCaseInactivityWarningSentAt xsi:nil="true"/><APICase:severity>4 (Low)</APICase:severity><APICase:sla>PREMIUM</APICase:sla><APICase:sparseCaseNotifications>false</APICase:sparseCaseNotifications><APICase:status>Waiting on Red Hat</APICase:status><APICase:summary>This case is test of automation</APICase:summary><APICase:suppliedEmail xsi:nil="true"/><APICase:suppliedName xsi:nil="true"/><APICase:suppliedPhone xsi:nil="true"/><APICase:timeFramesAndUrgency xsi:nil="true"/><APICase:transcripts xsi:nil="true"/><APICase:translationNotRequired>false</APICase:translationNotRequired><APICase:userAgent>Internal</APICase:userAgent><APICase:version>3.10</APICase:version><APICase:waitingOnCallback>false</APICase:waitingOnCallback></result></getCaseResponse></soapenv:Body></soapenv:Envelope>
[#document: null]
APICase:product
APICase:product
OpenShift Container Platform
&amp#27;[34mOpenShift Container Platform&amp#27;[0m
<?xml version="1.0" encoding="UTF-8"?><soapenv:Envelope xmlns:soapenv="http://schemas.xmlsoap.org/soap/envelope/" xmlns="http://soap.sforce.com/schemas/class/CaseAPI" xmlns:APICase="http://soap.sforce.com/schemas/class/APIUtils" xmlns:xsi="http://www.w3.org/2001/XMLSchema-instance"><soapenv:Body><getCaseResponse><result><APICase:abandonCase xsi:nil="true"/><APICase:accountNumber>1460290</APICase:accountNumber><APICase:actionPlan xsi:nil="true"/><APICase:alternateId xsi:nil="true"/><APICase:attachments xsi:nil="true"/><APICase:bugs><APICase:message xsi:nil="true"/><APICase:returnCode xsi:nil="true"/></APICase:bugs><APICase:caseAutomationEnabled>true</APICase:caseAutomationEnabled><APICase:caseCreationSessionId xsi:nil="true"/><APICase:caseNumber>02470917</APICase:caseNumber><APICase:caseResourceLinks><APICase:message xsi:nil="true"/><APICase:returnCode xsi:nil="true"/></APICase:caseResourceLinks><APICase:caseSummary xsi:nil="true"/><APICase:caseType>Other</APICase:caseType><APICase:cep>false</APICase:cep><APICase:certArchitecture xsi:nil="true"/><APICase:certCategory xsi:nil="true"/><APICase:certContainerProjectId xsi:nil="true"/><APICase:certExceptionGranted xsi:nil="true"/><APICase:certIsPrivate xsi:nil="true"/><APICase:certNeedException xsi:nil="true"/><APICase:certPortalId xsi:nil="true"/><APICase:certProduct xsi:nil="true"/><APICase:certProgram xsi:nil="true"/><APICase:certVendorName xsi:nil="true"/><APICase:certVendorPortalId xsi:nil="true"/><APICase:certVendorProductName xsi:nil="true"/><APICase:certVendorProductPortalId xsi:nil="true"/><APICase:certVersion xsi:nil="true"/><APICase:collaborationScore>695.0</APICase:collaborationScore><APICase:comments><APICase:caseNumber>02470917</APICase:caseNumber><APICase:contentType>plaintext</APICase:contentType><APICase:createdBy>Mashalkar, Kumar</APICase:createdBy><APICase:createdByType>Associate</APICase:createdByType><APICase:createdDate>2020-06-29T12:21:33.000Z</APICase:createdDate><APICase:doNotChangeSBT>false</APICase:doNotChangeSBT><APICase:externalCommentHandlingSystem xsi:nil="true"/><APICase:hoursWorked xsi:nil="true"/><APICase:id>a0a2i000000VN1NAAW</APICase:id><APICase:isDraft>false</APICase:isDraft><APICase:isPublic>true</APICase:isPublic><APICase:lastModifiedBy>Mashalkar, Kumar</APICase:lastModifiedBy><APICase:lastModifiedByEmailAddress xsi:nil="true"/><APICase:lastModifiedByPersonType>Associate</APICase:lastModifiedByPersonType><APICase:lastModifiedDate>2020-06-29T12:21:33.000Z</APICase:lastModifiedDate><APICase:message xsi:nil="true"/><APICase:publishedDate>2020-06-29T12:21:33.000Z</APICase:publishedDate><APICase:returnCode xsi:nil="true"/><APICase:sharePrivateWithExternalTrackers xsi:nil="true"/><APICase:text>This is public comment</APICase:text><APICase:visibility xsi:nil="true"/></APICase:comments><APICase:comments><APICase:caseNumber>02470917</APICase:caseNumber><APICase:contentType>plaintext</APICase:contentType><APICase:createdBy>Mashalkar, Kumar</APICase:createdBy><APICase:createdByType>Associate</APICase:createdByType><APICase:createdDate>2020-06-29T12:18:28.000Z</APICase:createdDate><APICase:doNotChangeSBT>false</APICase:doNotChangeSBT><APICase:externalCommentHandlingSystem xsi:nil="true"/><APICase:hoursWorked xsi:nil="true"/><APICase:id>a0a2i000000VN1DAAW</APICase:id><APICase:isDraft>false</APICase:isDraft><APICase:isPublic>true</APICase:isPublic><APICase:lastModifiedBy>Mashalkar, Kumar</APICase:lastModifiedBy><APICase:lastModifiedByEmailAddress xsi:nil="true"/><APICase:lastModifiedByPersonType>Associate</APICase:lastModifiedByPersonType><APICase:lastModifiedDate>2020-06-29T12:18:28.000Z</APICase:lastModifiedDate><APICase:message xsi:nil="true"/><APICase:publishedDate>2020-06-29T12:18:28.000Z</APICase:publishedDate><APICase:returnCode xsi:nil="true"/><APICase:sharePrivateWithExternalTrackers xsi:nil="true"/><APICase:text>This is public comment</APICase:text><APICase:visibility xsi:nil="true"/></APICase:comments><APICase:comments><APICase:caseNumber>02470917</APICase:caseNumber><APICase:contentType>plaintext</APICase:contentType><APICase:createdBy>Mashalkar, Kumar</APICase:createdBy><APICase:createdByType>Associate</APICase:createdByType><APICase:createdDate>2020-06-29T12:12:08.000Z</APICase:createdDate><APICase:doNotChangeSBT>false</APICase:doNotChangeSBT><APICase:externalCommentHandlingSystem xsi:nil="true"/><APICase:hoursWorked xsi:nil="true"/><APICase:id>a0a2i000000VN18AAG</APICase:id><APICase:isDraft>false</APICase:isDraft><APICase:isPublic>true</APICase:isPublic><APICase:lastModifiedBy>Mashalkar, Kumar</APICase:lastModifiedBy><APICase:lastModifiedByEmailAddress xsi:nil="true"/><APICase:lastModifiedByPersonType>Associate</APICase:lastModifiedByPersonType><APICase:lastModifiedDate>2020-06-29T12:12:07.000Z</APICase:lastModifiedDate><APICase:message xsi:nil="true"/><APICase:publishedDate>2020-06-29T12:12:07.000Z</APICase:publishedDate><APICase:returnCode xsi:nil="true"/><APICase:sharePrivateWithExternalTrackers xsi:nil="true"/><APICase:text>This is public comment</APICase:text><APICase:visibility xsi:nil="true"/></APICase:comments><APICase:comments><APICase:caseNumber>02470917</APICase:caseNumber><APICase:contentType>plaintext</APICase:contentType><APICase:createdBy>Mashalkar, Kumar</APICase:createdBy><APICase:createdByType>Associate</APICase:createdByType><APICase:createdDate>2020-06-26T11:45:03.000Z</APICase:createdDate><APICase:doNotChangeSBT>false</APICase:doNotChangeSBT><APICase:externalCommentHandlingSystem xsi:nil="true"/><APICase:hoursWorked xsi:nil="true"/><APICase:id>a0a2i000000VMB5AAO</APICase:id><APICase:isDraft>false</APICase:isDraft><APICase:isPublic>true</APICase:isPublic><APICase:lastModifiedBy>Mashalkar, Kumar</APICase:lastModifiedBy><APICase:lastModifiedByEmailAddress xsi:nil="true"/><APICase:lastModifiedByPersonType>Associate</APICase:lastModifiedByPersonType><APICase:lastModifiedDate>2020-06-26T11:45:03.000Z</APICase:lastModifiedDate><APICase:message xsi:nil="true"/><APICase:publishedDate>2020-06-26T11:45:03.000Z</APICase:publishedDate><APICase:returnCode xsi:nil="true"/><APICase:sharePrivateWithExternalTrackers xsi:nil="true"/><APICase:text>This is public comment</APICase:text><APICase:visibility xsi:nil="true"/></APICase:comments><APICase:comments><APICase:caseNumber>02470917</APICase:caseNumber><APICase:contentType>plaintext</APICase:contentType><APICase:createdBy>Mashalkar, Kumar</APICase:createdBy><APICase:createdByType>Associate</APICase:createdByType><APICase:createdDate>2020-06-26T08:29:28.000Z</APICase:createdDate><APICase:doNotChangeSBT>false</APICase:doNotChangeSBT><APICase:externalCommentHandlingSystem xsi:nil="true"/><APICase:hoursWorked xsi:nil="true"/><APICase:id>a0a2i000000VMAgAAO</APICase:id><APICase:isDraft>false</APICase:isDraft><APICase:isPublic>true</APICase:isPublic><APICase:lastModifiedBy>Mashalkar, Kumar</APICase:lastModifiedBy><APICase:lastModifiedByEmailAddress xsi:nil="true"/><APICase:lastModifiedByPersonType>Associate</APICase:lastModifiedByPersonType><APICase:lastModifiedDate>2020-06-26T08:29:27.000Z</APICase:lastModifiedDate><APICase:message xsi:nil="true"/><APICase:publishedDate>2020-06-26T08:29:27.000Z</APICase:publishedDate><APICase:returnCode xsi:nil="true"/><APICase:sharePrivateWithExternalTrackers xsi:nil="true"/><APICase:text>This is public comment</APICase:text><APICase:visibility xsi:nil="true"/></APICase:comments><APICase:comments><APICase:caseNumber>02470917</APICase:caseNumber><APICase:contentType>plaintext</APICase:contentType><APICase:createdBy>Mashalkar, Kumar</APICase:createdBy><APICase:createdByType>Associate</APICase:createdByType><APICase:createdDate>2020-06-26T04:12:44.000Z</APICase:createdDate><APICase:doNotChangeSBT>false</APICase:doNotChangeSBT><APICase:externalCommentHandlingSystem xsi:nil="true"/><APICase:hoursWorked xsi:nil="true"/><APICase:id>a0a2i000000VM8VAAW</APICase:id><APICase:isDraft>false</APICase:isDraft><APICase:isPublic>true</APICase:isPublic><APICase:lastModifiedBy>Mashalkar, Kumar</APICase:lastModifiedBy><APICase:lastModifiedByEmailAddress xsi:nil="true"/><APICase:lastModifiedByPersonType>Associate</APICase:lastModifiedByPersonType><APICase:lastModifiedDate>2020-06-26T04:12:43.000Z</APICase:lastModifiedDate><APICase:message xsi:nil="true"/><APICase:publishedDate>2020-06-26T04:12:43.000Z</APICase:publishedDate><APICase:returnCode xsi:nil="true"/><APICase:sharePrivateWithExternalTrackers xsi:nil="true"/><APICase:text>This is public comment</APICase:text><APICase:visibility xsi:nil="true"/></APICase:comments><APICase:comments><APICase:caseNumber>02470917</APICase:caseNumber><APICase:contentType>plaintext</APICase:contentType><APICase:createdBy>Mishra, Mitesh</APICase:createdBy><APICase:createdByType>Associate</APICase:createdByType><APICase:createdDate>2020-06-26T04:05:42.000Z</APICase:createdDate><APICase:doNotChangeSBT>false</APICase:doNotChangeSBT><APICase:externalCommentHandlingSystem xsi:nil="true"/><APICase:hoursWorked xsi:nil="true"/><APICase:id>a0a2i000000VM8LAAW</APICase:id><APICase:isDraft>false</APICase:isDraft><APICase:isPublic>true</APICase:isPublic><APICase:lastModifiedBy>Mishra, Mitesh</APICase:lastModifiedBy><APICase:lastModifiedByEmailAddress xsi:nil="true"/><APICase:lastModifiedByPersonType>Associate</APICase:lastModifiedByPersonType><APICase:lastModifiedDate>2020-06-26T04:05:42.000Z</APICase:lastModifiedDate><APICase:message xsi:nil="true"/><APICase:publishedDate>2020-06-26T04:05:42.000Z</APICase:publishedDate><APICase:returnCode xsi:nil="true"/><APICase:sharePrivateWithExternalTrackers xsi:nil="true"/><APICase:text>comment for customer</APICase:text><APICase:visibility xsi:nil="true"/></APICase:comments><APICase:comments><APICase:caseNumber>02470917</APICase:caseNumber><APICase:contentType>plaintext</APICase:contentType><APICase:createdBy>Mishra, Mitesh</APICase:createdBy><APICase:createdByType>Associate</APICase:createdByType><APICase:createdDate>2020-06-26T04:01:47.000Z</APICase:createdDate><APICase:doNotChangeSBT>false</APICase:doNotChangeSBT><APICase:externalCommentHandlingSystem xsi:nil="true"/><APICase:hoursWorked xsi:nil="true"/><APICase:id>a0a2i000000VM8GAAW</APICase:id><APICase:isDraft>false</APICase:isDraft><APICase:isPublic>true</APICase:isPublic><APICase:lastModifiedBy>Mishra, Mitesh</APICase:lastModifiedBy><APICase:lastModifiedByEmailAddress xsi:nil="true"/><APICase:lastModifiedByPersonType>Associate</APICase:lastModifiedByPersonType><APICase:lastModifiedDate>2020-06-26T04:01:47.000Z</APICase:lastModifiedDate><APICase:message xsi:nil="true"/><APICase:publishedDate>2020-06-26T04:01:47.000Z</APICase:publishedDate><APICase:returnCode xsi:nil="true"/><APICase:sharePrivateWithExternalTrackers xsi:nil="true"/><APICase:text>comment to check mail is generated to customer as well</APICase:text><APICase:visibility xsi:nil="true"/></APICase:comments><APICase:comments><APICase:caseNumber>02470917</APICase:caseNumber><APICase:contentType>plaintext</APICase:contentType><APICase:createdBy>Mishra, Mitesh</APICase:createdBy><APICase:createdByType>Associate</APICase:createdByType><APICase:createdDate>2020-06-26T03:59:35.000Z</APICase:createdDate><APICase:doNotChangeSBT>false</APICase:doNotChangeSBT><APICase:externalCommentHandlingSystem xsi:nil="true"/><APICase:hoursWorked xsi:nil="true"/><APICase:id>a0a2i000000VM8BAAW</APICase:id><APICase:isDraft>false</APICase:isDraft><APICase:isPublic>true</APICase:isPublic><APICase:lastModifiedBy>Mishra, Mitesh</APICase:lastModifiedBy><APICase:lastModifiedByEmailAddress xsi:nil="true"/><APICase:lastModifiedByPersonType>Associate</APICase:lastModifiedByPersonType><APICase:lastModifiedDate>2020-06-26T03:59:34.000Z</APICase:lastModifiedDate><APICase:message xsi:nil="true"/><APICase:publishedDate>2020-06-26T03:59:34.000Z</APICase:publishedDate><APICase:returnCode xsi:nil="true"/><APICase:sharePrivateWithExternalTrackers xsi:nil="true"/><APICase:text>test comment</APICase:text><APICase:visibility xsi:nil="true"/></APICase:comments><APICase:comments><APICase:caseNumber>02470917</APICase:caseNumber><APICase:contentType>plaintext</APICase:contentType><APICase:createdBy>Mashalkar, Kumar</APICase:createdBy><APICase:createdByType>Associate</APICase:createdByType><APICase:createdDate>2020-06-25T18:50:15.000Z</APICase:createdDate><APICase:doNotChangeSBT>false</APICase:doNotChangeSBT><APICase:externalCommentHandlingSystem xsi:nil="true"/><APICase:hoursWorked xsi:nil="true"/><APICase:id>a0a2i000000VLv7AAG</APICase:id><APICase:isDraft>false</APICase:isDraft><APICase:isPublic>true</APICase:isPublic><APICase:lastModifiedBy>Mashalkar, Kumar</APICase:lastModifiedBy><APICase:lastModifiedByEmailAddress xsi:nil="true"/><APICase:lastModifiedByPersonType>Associate</APICase:lastModifiedByPersonType><APICase:lastModifiedDate>2020-06-25T18:50:14.000Z</APICase:lastModifiedDate><APICase:message xsi:nil="true"/><APICase:publishedDate>2020-06-25T18:50:14.000Z</APICase:publishedDate><APICase:returnCode xsi:nil="true"/><APICase:sharePrivateWithExternalTrackers xsi:nil="true"/><APICase:text>This is public comment</APICase:text><APICase:visibility xsi:nil="true"/></APICase:comments><APICase:comments><APICase:caseNumber>02470917</APICase:caseNumber><APICase:contentType>plaintext</APICase:contentType><APICase:createdBy>Mashalkar, Kumar</APICase:createdBy><APICase:createdByType>Associate</APICase:createdByType><APICase:createdDate>2020-06-25T18:13:25.000Z</APICase:createdDate><APICase:doNotChangeSBT>false</APICase:doNotChangeSBT><APICase:externalCommentHandlingSystem xsi:nil="true"/><APICase:hoursWorked xsi:nil="true"/><APICase:id>a0a2i000000VLu9AAG</APICase:id><APICase:isDraft>false</APICase:isDraft><APICase:isPublic>true</APICase:isPublic><APICase:lastModifiedBy>Mashalkar, Kumar</APICase:lastModifiedBy><APICase:lastModifiedByEmailAddress xsi:nil="true"/><APICase:lastModifiedByPersonType>Associate</APICase:lastModifiedByPersonType><APICase:lastModifiedDate>2020-06-25T18:13:24.000Z</APICase:lastModifiedDate><APICase:message xsi:nil="true"/><APICase:publishedDate>2020-06-25T18:13:24.000Z</APICase:publishedDate><APICase:returnCode xsi:nil="true"/><APICase:sharePrivateWithExternalTrackers xsi:nil="true"/><APICase:text>This is public comment</APICase:text><APICase:visibility xsi:nil="true"/></APICase:comments><APICase:comments><APICase:caseNumber>02470917</APICase:caseNumber><APICase:contentType>plaintext</APICase:contentType><APICase:createdBy>Mashalkar, Kumar</APICase:createdBy><APICase:createdByType>Associate</APICase:createdByType><APICase:createdDate>2020-06-25T17:44:37.000Z</APICase:createdDate><APICase:doNotChangeSBT>false</APICase:doNotChangeSBT><APICase:externalCommentHandlingSystem xsi:nil="true"/><APICase:hoursWorked xsi:nil="true"/><APICase:id>a0a2i000000VLtzAAG</APICase:id><APICase:isDraft>false</APICase:isDraft><APICase:isPublic>true</APICase:isPublic><APICase:lastModifiedBy>Mashalkar, Kumar</APICase:lastModifiedBy><APICase:lastModifiedByEmailAddress xsi:nil="true"/><APICase:lastModifiedByPersonType>Associate</APICase:lastModifiedByPersonType><APICase:lastModifiedDate>2020-06-25T17:44:36.000Z</APICase:lastModifiedDate><APICase:message xsi:nil="true"/><APICase:publishedDate>2020-06-25T17:44:36.000Z</APICase:publishedDate><APICase:returnCode xsi:nil="true"/><APICase:sharePrivateWithExternalTrackers xsi:nil="true"/><APICase:text>This is a test comment</APICase:text><APICase:visibility xsi:nil="true"/></APICase:comments><APICase:comments><APICase:caseNumber>02470917</APICase:caseNumber><APICase:contentType>plaintext</APICase:contentType><APICase:createdBy>Mashalkar, Kumar</APICase:createdBy><APICase:createdByType>Associate</APICase:createdByType><APICase:createdDate>2020-06-19T15:52:24.000Z</APICase:createdDate><APICase:doNotChangeSBT>false</APICase:doNotChangeSBT><APICase:externalCommentHandlingSystem xsi:nil="true"/><APICase:hoursWorked xsi:nil="true"/><APICase:id>a0a2i000000VG1XAAW</APICase:id><APICase:isDraft>false</APICase:isDraft><APICase:isPublic>false</APICase:isPublic><APICase:lastModifiedBy>Mashalkar, Kumar</APICase:lastModifiedBy><APICase:lastModifiedByEmailAddress xsi:nil="true"/><APICase:lastModifiedByPersonType>Associate</APICase:lastModifiedByPersonType><APICase:lastModifiedDate>2020-06-19T15:52:24.000Z</APICase:lastModifiedDate><APICase:message xsi:nil="true"/><APICase:publishedDate>2020-06-19T15:52:24.000Z</APICase:publishedDate><APICase:returnCode xsi:nil="true"/><APICase:sharePrivateWithExternalTrackers xsi:nil="true"/><APICase:text>This is private comment</APICase:text><APICase:visibility xsi:nil="true"/></APICase:comments><APICase:comments><APICase:caseNumber>02470917</APICase:caseNumber><APICase:contentType>plaintext</APICase:contentType><APICase:createdBy>Mashalkar, Kumar</APICase:createdBy><APICase:createdByType>Associate</APICase:createdByType><APICase:createdDate>2020-06-19T15:40:45.000Z</APICase:createdDate><APICase:doNotChangeSBT>false</APICase:doNotChangeSBT><APICase:externalCommentHandlingSystem xsi:nil="true"/><APICase:hoursWorked xsi:nil="true"/><APICase:id>a0a2i000000VG1SAAW</APICase:id><APICase:isDraft>false</APICase:isDraft><APICase:isPublic>true</APICase:isPublic><APICase:lastModifiedBy>Mashalkar, Kumar</APICase:lastModifiedBy><APICase:lastModifiedByEmailAddress xsi:nil="true"/><APICase:lastModifiedByPersonType>Associate</APICase:lastModifiedByPersonType><APICase:lastModifiedDate>2020-06-19T15:40:45.000Z</APICase:lastModifiedDate><APICase:message xsi:nil="true"/><APICase:publishedDate>2020-06-19T15:40:45.000Z</APICase:publishedDate><APICase:returnCode xsi:nil="true"/><APICase:sharePrivateWithExternalTrackers xsi:nil="true"/><APICase:text>This is public comment</APICase:text><APICase:visibility xsi:nil="true"/></APICase:comments><APICase:contactInfo24x7 xsi:nil="true"/><APICase:contactIsPartner>false</APICase:contactIsPartner><APICase:contactName>David Tse</APICase:contactName><APICase:contacts><APICase:canAccessAllAccounts>false</APICase:canAccessAllAccounts><APICase:canAddAttachments>true</APICase:canAddAttachments><APICase:canSeeDashboard>true</APICase:canSeeDashboard><APICase:defaultGroupName xsi:nil="true"/><APICase:defaultGroupNumber xsi:nil="true"/><APICase:email>gss-sfdc+qa+wophoon@redhat.com</APICase:email><APICase:firstName>Woh Shon</APICase:firstName><APICase:hasChat>false</APICase:hasChat><APICase:hasUser>false</APICase:hasUser><APICase:id>003A000001nOpcXIAS</APICase:id><APICase:isInternal>false</APICase:isInternal><APICase:isOrgAdmin>false</APICase:isOrgAdmin><APICase:isSecured>true</APICase:isSecured><APICase:isSecureSupportTech>false</APICase:isSecureSupportTech><APICase:lastName>Phoon</APICase:lastName><APICase:message xsi:nil="true"/><APICase:name>Woh Shon Phoon</APICase:name><APICase:normalizedTimezone>Asia/Hong_Kong</APICase:normalizedTimezone><APICase:phone>65 9683 0675</APICase:phone><APICase:returnCode xsi:nil="true"/><APICase:sessionId xsi:nil="true"/><APICase:ssoName xsi:nil="true"/><APICase:timezone>(GMT+08:00) Hong Kong Time (Asia/Hong_Kong)</APICase:timezone></APICase:contacts><APICase:contactSSOName>dtse@redhat.com</APICase:contactSSOName><APICase:createdBy>Kumar Mashalkar</APICase:createdBy><APICase:createdBySSOName>gss-tools</APICase:createdBySSOName><APICase:createdDate>2020-06-11T09:48:35.000Z</APICase:createdDate><APICase:critSit>false</APICase:critSit><APICase:customerEscalation>false</APICase:customerEscalation><APICase:customerIntelligenceLink xsi:nil="true"/><APICase:customerNotes xsi:nil="true"/><APICase:description>Test for automation</APICase:description><APICase:enhancedSLA>false</APICase:enhancedSLA><APICase:entitlementId>5502i0000006mxdAAA</APICase:entitlementId><APICase:environment xsi:nil="true"/><APICase:externalLock>false</APICase:externalLock><APICase:externalLockBy xsi:nil="true"/><APICase:externalLockDate xsi:nil="true"/><APICase:firstCaseInactivityWarningSentAt xsi:nil="true"/><APICase:FTS>false</APICase:FTS><APICase:groupName xsi:nil="true"/><APICase:groupNumber xsi:nil="true"/><APICase:handledByAscension>false</APICase:handledByAscension><APICase:hasEnhancedDelivery>false</APICase:hasEnhancedDelivery><APICase:hostname xsi:nil="true"/><APICase:hotfixDelivered>false</APICase:hotfixDelivered><APICase:hotfixRequested>false</APICase:hotfixRequested><APICase:id>5002i0000034NPSAA2</APICase:id><APICase:internalLastModifiedDate>2020-06-29T13:15:59.000Z</APICase:internalLastModifiedDate><APICase:internalpriority xsi:nil="true"/><APICase:internalstatus>Waiting on QA</APICase:internalstatus><APICase:isCertification>false</APICase:isCertification><APICase:isClosed>false</APICase:isClosed><APICase:isFTSHandoverReady>false</APICase:isFTSHandoverReady><APICase:isPoc>false</APICase:isPoc><APICase:isPrivate>false</APICase:isPrivate><APICase:isReviewed>false</APICase:isReviewed><APICase:isStrategicAccount>true</APICase:isStrategicAccount><APICase:issue xsi:nil="true"/><APICase:itar>false</APICase:itar><APICase:language>en</APICase:language><APICase:lastModifiedBy>Mitesh Mishra</APICase:lastModifiedBy><APICase:lastModifiedDate>2020-06-29T13:15:48.000Z</APICase:lastModifiedDate><APICase:ltrocClosed>false</APICase:ltrocClosed><APICase:ltrocClosedSet>false</APICase:ltrocClosedSet><APICase:managementEscalationRequested>false</APICase:managementEscalationRequested><APICase:message xsi:nil="true"/><APICase:needsNewOwner xsi:nil="true"/><APICase:noAutomationForAccount>false</APICase:noAutomationForAccount><APICase:noAutomationForCase>false</APICase:noAutomationForCase><APICase:noAutomationForCaseGroup xsi:nil="true"/><APICase:noLinkedKCSReason xsi:nil="true"/><APICase:noLinkedKCSReasonExplanation xsi:nil="true"/><APICase:openshiftClusterId xsi:nil="true"/><APICase:origin>Phone</APICase:origin><APICase:owner>Kumar Mashalkar</APICase:owner><APICase:periodicityOfIssue xsi:nil="true"/><APICase:premiumPlus>false</APICase:premiumPlus><APICase:priorityScore>695.0</APICase:priorityScore><APICase:proactive>false</APICase:proactive><APICase:proactiveEndDate xsi:nil="true"/><APICase:proactiveStartDate xsi:nil="true"/><APICase:product>OpenShift Container Platform</APICase:product><APICase:pseCase>false</APICase:pseCase><APICase:recordTypeName>GSS Case Record Type</APICase:recordTypeName><APICase:reliefAt xsi:nil="true"/><APICase:remoteSessionTermsAcked>false</APICase:remoteSessionTermsAcked><APICase:remoteSessionTermsAckedBy xsi:nil="true"/><APICase:remoteSessionTermsAckedDate xsi:nil="true"/><APICase:remoteSessionTermsAgreementLevel xsi:nil="true"/><APICase:resolution xsi:nil="true"/><APICase:resolutionDescription xsi:nil="true"/><APICase:resolvedAt xsi:nil="true"/><APICase:returnCode>200</APICase:returnCode><APICase:sbrGroups>API Mgmt</APICase:sbrGroups><APICase:secondCaseInactivityWarningSentAt xsi:nil="true"/><APICase:severity>4 (Low)</APICase:severity><APICase:sla>PREMIUM</APICase:sla><APICase:sparseCaseNotifications>false</APICase:sparseCaseNotifications><APICase:status>Waiting on Red Hat</APICase:status><APICase:summary>This case is test of automation</APICase:summary><APICase:suppliedEmail xsi:nil="true"/><APICase:suppliedName xsi:nil="true"/><APICase:suppliedPhone xsi:nil="true"/><APICase:timeFramesAndUrgency xsi:nil="true"/><APICase:transcripts xsi:nil="true"/><APICase:translationNotRequired>false</APICase:translationNotRequired><APICase:userAgent>Internal</APICase:userAgent><APICase:version>3.10</APICase:version><APICase:waitingOnCallback>false</APICase:waitingOnCallback></result></getCaseResponse></soapenv:Body></soapenv:Envelope>
[#document: null]
APICase:version
APICase:version
3.10
<?xml version="1.0" encoding="UTF-8"?><soapenv:Envelope xmlns:soapenv="http://schemas.xmlsoap.org/soap/envelope/" xmlns="http://soap.sforce.com/schemas/class/CaseAPI" xmlns:APICase="http://soap.sforce.com/schemas/class/APIUtils" xmlns:xsi="http://www.w3.org/2001/XMLSchema-instance"><soapenv:Body><getCaseResponse><result><APICase:abandonCase xsi:nil="true"/><APICase:accountNumber>1460290</APICase:accountNumber><APICase:actionPlan xsi:nil="true"/><APICase:alternateId xsi:nil="true"/><APICase:attachments xsi:nil="true"/><APICase:bugs><APICase:message xsi:nil="true"/><APICase:returnCode xsi:nil="true"/></APICase:bugs><APICase:caseAutomationEnabled>true</APICase:caseAutomationEnabled><APICase:caseCreationSessionId xsi:nil="true"/><APICase:caseNumber>02470917</APICase:caseNumber><APICase:caseResourceLinks><APICase:message xsi:nil="true"/><APICase:returnCode xsi:nil="true"/></APICase:caseResourceLinks><APICase:caseSummary xsi:nil="true"/><APICase:caseType>Other</APICase:caseType><APICase:cep>false</APICase:cep><APICase:certArchitecture xsi:nil="true"/><APICase:certCategory xsi:nil="true"/><APICase:certContainerProjectId xsi:nil="true"/><APICase:certExceptionGranted xsi:nil="true"/><APICase:certIsPrivate xsi:nil="true"/><APICase:certNeedException xsi:nil="true"/><APICase:certPortalId xsi:nil="true"/><APICase:certProduct xsi:nil="true"/><APICase:certProgram xsi:nil="true"/><APICase:certVendorName xsi:nil="true"/><APICase:certVendorPortalId xsi:nil="true"/><APICase:certVendorProductName xsi:nil="true"/><APICase:certVendorProductPortalId xsi:nil="true"/><APICase:certVersion xsi:nil="true"/><APICase:collaborationScore>695.0</APICase:collaborationScore><APICase:comments><APICase:caseNumber>02470917</APICase:caseNumber><APICase:contentType>plaintext</APICase:contentType><APICase:createdBy>Mashalkar, Kumar</APICase:createdBy><APICase:createdByType>Associate</APICase:createdByType><APICase:createdDate>2020-06-29T12:21:33.000Z</APICase:createdDate><APICase:doNotChangeSBT>false</APICase:doNotChangeSBT><APICase:externalCommentHandlingSystem xsi:nil="true"/><APICase:hoursWorked xsi:nil="true"/><APICase:id>a0a2i000000VN1NAAW</APICase:id><APICase:isDraft>false</APICase:isDraft><APICase:isPublic>true</APICase:isPublic><APICase:lastModifiedBy>Mashalkar, Kumar</APICase:lastModifiedBy><APICase:lastModifiedByEmailAddress xsi:nil="true"/><APICase:lastModifiedByPersonType>Associate</APICase:lastModifiedByPersonType><APICase:lastModifiedDate>2020-06-29T12:21:33.000Z</APICase:lastModifiedDate><APICase:message xsi:nil="true"/><APICase:publishedDate>2020-06-29T12:21:33.000Z</APICase:publishedDate><APICase:returnCode xsi:nil="true"/><APICase:sharePrivateWithExternalTrackers xsi:nil="true"/><APICase:text>This is public comment</APICase:text><APICase:visibility xsi:nil="true"/></APICase:comments><APICase:comments><APICase:caseNumber>02470917</APICase:caseNumber><APICase:contentType>plaintext</APICase:contentType><APICase:createdBy>Mashalkar, Kumar</APICase:createdBy><APICase:createdByType>Associate</APICase:createdByType><APICase:createdDate>2020-06-29T12:18:28.000Z</APICase:createdDate><APICase:doNotChangeSBT>false</APICase:doNotChangeSBT><APICase:externalCommentHandlingSystem xsi:nil="true"/><APICase:hoursWorked xsi:nil="true"/><APICase:id>a0a2i000000VN1DAAW</APICase:id><APICase:isDraft>false</APICase:isDraft><APICase:isPublic>true</APICase:isPublic><APICase:lastModifiedBy>Mashalkar, Kumar</APICase:lastModifiedBy><APICase:lastModifiedByEmailAddress xsi:nil="true"/><APICase:lastModifiedByPersonType>Associate</APICase:lastModifiedByPersonType><APICase:lastModifiedDate>2020-06-29T12:18:28.000Z</APICase:lastModifiedDate><APICase:message xsi:nil="true"/><APICase:publishedDate>2020-06-29T12:18:28.000Z</APICase:publishedDate><APICase:returnCode xsi:nil="true"/><APICase:sharePrivateWithExternalTrackers xsi:nil="true"/><APICase:text>This is public comment</APICase:text><APICase:visibility xsi:nil="true"/></APICase:comments><APICase:comments><APICase:caseNumber>02470917</APICase:caseNumber><APICase:contentType>plaintext</APICase:contentType><APICase:createdBy>Mashalkar, Kumar</APICase:createdBy><APICase:createdByType>Associate</APICase:createdByType><APICase:createdDate>2020-06-29T12:12:08.000Z</APICase:createdDate><APICase:doNotChangeSBT>false</APICase:doNotChangeSBT><APICase:externalCommentHandlingSystem xsi:nil="true"/><APICase:hoursWorked xsi:nil="true"/><APICase:id>a0a2i000000VN18AAG</APICase:id><APICase:isDraft>false</APICase:isDraft><APICase:isPublic>true</APICase:isPublic><APICase:lastModifiedBy>Mashalkar, Kumar</APICase:lastModifiedBy><APICase:lastModifiedByEmailAddress xsi:nil="true"/><APICase:lastModifiedByPersonType>Associate</APICase:lastModifiedByPersonType><APICase:lastModifiedDate>2020-06-29T12:12:07.000Z</APICase:lastModifiedDate><APICase:message xsi:nil="true"/><APICase:publishedDate>2020-06-29T12:12:07.000Z</APICase:publishedDate><APICase:returnCode xsi:nil="true"/><APICase:sharePrivateWithExternalTrackers xsi:nil="true"/><APICase:text>This is public comment</APICase:text><APICase:visibility xsi:nil="true"/></APICase:comments><APICase:comments><APICase:caseNumber>02470917</APICase:caseNumber><APICase:contentType>plaintext</APICase:contentType><APICase:createdBy>Mashalkar, Kumar</APICase:createdBy><APICase:createdByType>Associate</APICase:createdByType><APICase:createdDate>2020-06-26T11:45:03.000Z</APICase:createdDate><APICase:doNotChangeSBT>false</APICase:doNotChangeSBT><APICase:externalCommentHandlingSystem xsi:nil="true"/><APICase:hoursWorked xsi:nil="true"/><APICase:id>a0a2i000000VMB5AAO</APICase:id><APICase:isDraft>false</APICase:isDraft><APICase:isPublic>true</APICase:isPublic><APICase:lastModifiedBy>Mashalkar, Kumar</APICase:lastModifiedBy><APICase:lastModifiedByEmailAddress xsi:nil="true"/><APICase:lastModifiedByPersonType>Associate</APICase:lastModifiedByPersonType><APICase:lastModifiedDate>2020-06-26T11:45:03.000Z</APICase:lastModifiedDate><APICase:message xsi:nil="true"/><APICase:publishedDate>2020-06-26T11:45:03.000Z</APICase:publishedDate><APICase:returnCode xsi:nil="true"/><APICase:sharePrivateWithExternalTrackers xsi:nil="true"/><APICase:text>This is public comment</APICase:text><APICase:visibility xsi:nil="true"/></APICase:comments><APICase:comments><APICase:caseNumber>02470917</APICase:caseNumber><APICase:contentType>plaintext</APICase:contentType><APICase:createdBy>Mashalkar, Kumar</APICase:createdBy><APICase:createdByType>Associate</APICase:createdByType><APICase:createdDate>2020-06-26T08:29:28.000Z</APICase:createdDate><APICase:doNotChangeSBT>false</APICase:doNotChangeSBT><APICase:externalCommentHandlingSystem xsi:nil="true"/><APICase:hoursWorked xsi:nil="true"/><APICase:id>a0a2i000000VMAgAAO</APICase:id><APICase:isDraft>false</APICase:isDraft><APICase:isPublic>true</APICase:isPublic><APICase:lastModifiedBy>Mashalkar, Kumar</APICase:lastModifiedBy><APICase:lastModifiedByEmailAddress xsi:nil="true"/><APICase:lastModifiedByPersonType>Associate</APICase:lastModifiedByPersonType><APICase:lastModifiedDate>2020-06-26T08:29:27.000Z</APICase:lastModifiedDate><APICase:message xsi:nil="true"/><APICase:publishedDate>2020-06-26T08:29:27.000Z</APICase:publishedDate><APICase:returnCode xsi:nil="true"/><APICase:sharePrivateWithExternalTrackers xsi:nil="true"/><APICase:text>This is public comment</APICase:text><APICase:visibility xsi:nil="true"/></APICase:comments><APICase:comments><APICase:caseNumber>02470917</APICase:caseNumber><APICase:contentType>plaintext</APICase:contentType><APICase:createdBy>Mashalkar, Kumar</APICase:createdBy><APICase:createdByType>Associate</APICase:createdByType><APICase:createdDate>2020-06-26T04:12:44.000Z</APICase:createdDate><APICase:doNotChangeSBT>false</APICase:doNotChangeSBT><APICase:externalCommentHandlingSystem xsi:nil="true"/><APICase:hoursWorked xsi:nil="true"/><APICase:id>a0a2i000000VM8VAAW</APICase:id><APICase:isDraft>false</APICase:isDraft><APICase:isPublic>true</APICase:isPublic><APICase:lastModifiedBy>Mashalkar, Kumar</APICase:lastModifiedBy><APICase:lastModifiedByEmailAddress xsi:nil="true"/><APICase:lastModifiedByPersonType>Associate</APICase:lastModifiedByPersonType><APICase:lastModifiedDate>2020-06-26T04:12:43.000Z</APICase:lastModifiedDate><APICase:message xsi:nil="true"/><APICase:publishedDate>2020-06-26T04:12:43.000Z</APICase:publishedDate><APICase:returnCode xsi:nil="true"/><APICase:sharePrivateWithExternalTrackers xsi:nil="true"/><APICase:text>This is public comment</APICase:text><APICase:visibility xsi:nil="true"/></APICase:comments><APICase:comments><APICase:caseNumber>02470917</APICase:caseNumber><APICase:contentType>plaintext</APICase:contentType><APICase:createdBy>Mishra, Mitesh</APICase:createdBy><APICase:createdByType>Associate</APICase:createdByType><APICase:createdDate>2020-06-26T04:05:42.000Z</APICase:createdDate><APICase:doNotChangeSBT>false</APICase:doNotChangeSBT><APICase:externalCommentHandlingSystem xsi:nil="true"/><APICase:hoursWorked xsi:nil="true"/><APICase:id>a0a2i000000VM8LAAW</APICase:id><APICase:isDraft>false</APICase:isDraft><APICase:isPublic>true</APICase:isPublic><APICase:lastModifiedBy>Mishra, Mitesh</APICase:lastModifiedBy><APICase:lastModifiedByEmailAddress xsi:nil="true"/><APICase:lastModifiedByPersonType>Associate</APICase:lastModifiedByPersonType><APICase:lastModifiedDate>2020-06-26T04:05:42.000Z</APICase:lastModifiedDate><APICase:message xsi:nil="true"/><APICase:publishedDate>2020-06-26T04:05:42.000Z</APICase:publishedDate><APICase:returnCode xsi:nil="true"/><APICase:sharePrivateWithExternalTrackers xsi:nil="true"/><APICase:text>comment for customer</APICase:text><APICase:visibility xsi:nil="true"/></APICase:comments><APICase:comments><APICase:caseNumber>02470917</APICase:caseNumber><APICase:contentType>plaintext</APICase:contentType><APICase:createdBy>Mishra, Mitesh</APICase:createdBy><APICase:createdByType>Associate</APICase:createdByType><APICase:createdDate>2020-06-26T04:01:47.000Z</APICase:createdDate><APICase:doNotChangeSBT>false</APICase:doNotChangeSBT><APICase:externalCommentHandlingSystem xsi:nil="true"/><APICase:hoursWorked xsi:nil="true"/><APICase:id>a0a2i000000VM8GAAW</APICase:id><APICase:isDraft>false</APICase:isDraft><APICase:isPublic>true</APICase:isPublic><APICase:lastModifiedBy>Mishra, Mitesh</APICase:lastModifiedBy><APICase:lastModifiedByEmailAddress xsi:nil="true"/><APICase:lastModifiedByPersonType>Associate</APICase:lastModifiedByPersonType><APICase:lastModifiedDate>2020-06-26T04:01:47.000Z</APICase:lastModifiedDate><APICase:message xsi:nil="true"/><APICase:publishedDate>2020-06-26T04:01:47.000Z</APICase:publishedDate><APICase:returnCode xsi:nil="true"/><APICase:sharePrivateWithExternalTrackers xsi:nil="true"/><APICase:text>comment to check mail is generated to customer as well</APICase:text><APICase:visibility xsi:nil="true"/></APICase:comments><APICase:comments><APICase:caseNumber>02470917</APICase:caseNumber><APICase:contentType>plaintext</APICase:contentType><APICase:createdBy>Mishra, Mitesh</APICase:createdBy><APICase:createdByType>Associate</APICase:createdByType><APICase:createdDate>2020-06-26T03:59:35.000Z</APICase:createdDate><APICase:doNotChangeSBT>false</APICase:doNotChangeSBT><APICase:externalCommentHandlingSystem xsi:nil="true"/><APICase:hoursWorked xsi:nil="true"/><APICase:id>a0a2i000000VM8BAAW</APICase:id><APICase:isDraft>false</APICase:isDraft><APICase:isPublic>true</APICase:isPublic><APICase:lastModifiedBy>Mishra, Mitesh</APICase:lastModifiedBy><APICase:lastModifiedByEmailAddress xsi:nil="true"/><APICase:lastModifiedByPersonType>Associate</APICase:lastModifiedByPersonType><APICase:lastModifiedDate>2020-06-26T03:59:34.000Z</APICase:lastModifiedDate><APICase:message xsi:nil="true"/><APICase:publishedDate>2020-06-26T03:59:34.000Z</APICase:publishedDate><APICase:returnCode xsi:nil="true"/><APICase:sharePrivateWithExternalTrackers xsi:nil="true"/><APICase:text>test comment</APICase:text><APICase:visibility xsi:nil="true"/></APICase:comments><APICase:comments><APICase:caseNumber>02470917</APICase:caseNumber><APICase:contentType>plaintext</APICase:contentType><APICase:createdBy>Mashalkar, Kumar</APICase:createdBy><APICase:createdByType>Associate</APICase:createdByType><APICase:createdDate>2020-06-25T18:50:15.000Z</APICase:createdDate><APICase:doNotChangeSBT>false</APICase:doNotChangeSBT><APICase:externalCommentHandlingSystem xsi:nil="true"/><APICase:hoursWorked xsi:nil="true"/><APICase:id>a0a2i000000VLv7AAG</APICase:id><APICase:isDraft>false</APICase:isDraft><APICase:isPublic>true</APICase:isPublic><APICase:lastModifiedBy>Mashalkar, Kumar</APICase:lastModifiedBy><APICase:lastModifiedByEmailAddress xsi:nil="true"/><APICase:lastModifiedByPersonType>Associate</APICase:lastModifiedByPersonType><APICase:lastModifiedDate>2020-06-25T18:50:14.000Z</APICase:lastModifiedDate><APICase:message xsi:nil="true"/><APICase:publishedDate>2020-06-25T18:50:14.000Z</APICase:publishedDate><APICase:returnCode xsi:nil="true"/><APICase:sharePrivateWithExternalTrackers xsi:nil="true"/><APICase:text>This is public comment</APICase:text><APICase:visibility xsi:nil="true"/></APICase:comments><APICase:comments><APICase:caseNumber>02470917</APICase:caseNumber><APICase:contentType>plaintext</APICase:contentType><APICase:createdBy>Mashalkar, Kumar</APICase:createdBy><APICase:createdByType>Associate</APICase:createdByType><APICase:createdDate>2020-06-25T18:13:25.000Z</APICase:createdDate><APICase:doNotChangeSBT>false</APICase:doNotChangeSBT><APICase:externalCommentHandlingSystem xsi:nil="true"/><APICase:hoursWorked xsi:nil="true"/><APICase:id>a0a2i000000VLu9AAG</APICase:id><APICase:isDraft>false</APICase:isDraft><APICase:isPublic>true</APICase:isPublic><APICase:lastModifiedBy>Mashalkar, Kumar</APICase:lastModifiedBy><APICase:lastModifiedByEmailAddress xsi:nil="true"/><APICase:lastModifiedByPersonType>Associate</APICase:lastModifiedByPersonType><APICase:lastModifiedDate>2020-06-25T18:13:24.000Z</APICase:lastModifiedDate><APICase:message xsi:nil="true"/><APICase:publishedDate>2020-06-25T18:13:24.000Z</APICase:publishedDate><APICase:returnCode xsi:nil="true"/><APICase:sharePrivateWithExternalTrackers xsi:nil="true"/><APICase:text>This is public comment</APICase:text><APICase:visibility xsi:nil="true"/></APICase:comments><APICase:comments><APICase:caseNumber>02470917</APICase:caseNumber><APICase:contentType>plaintext</APICase:contentType><APICase:createdBy>Mashalkar, Kumar</APICase:createdBy><APICase:createdByType>Associate</APICase:createdByType><APICase:createdDate>2020-06-25T17:44:37.000Z</APICase:createdDate><APICase:doNotChangeSBT>false</APICase:doNotChangeSBT><APICase:externalCommentHandlingSystem xsi:nil="true"/><APICase:hoursWorked xsi:nil="true"/><APICase:id>a0a2i000000VLtzAAG</APICase:id><APICase:isDraft>false</APICase:isDraft><APICase:isPublic>true</APICase:isPublic><APICase:lastModifiedBy>Mashalkar, Kumar</APICase:lastModifiedBy><APICase:lastModifiedByEmailAddress xsi:nil="true"/><APICase:lastModifiedByPersonType>Associate</APICase:lastModifiedByPersonType><APICase:lastModifiedDate>2020-06-25T17:44:36.000Z</APICase:lastModifiedDate><APICase:message xsi:nil="true"/><APICase:publishedDate>2020-06-25T17:44:36.000Z</APICase:publishedDate><APICase:returnCode xsi:nil="true"/><APICase:sharePrivateWithExternalTrackers xsi:nil="true"/><APICase:text>This is a test comment</APICase:text><APICase:visibility xsi:nil="true"/></APICase:comments><APICase:comments><APICase:caseNumber>02470917</APICase:caseNumber><APICase:contentType>plaintext</APICase:contentType><APICase:createdBy>Mashalkar, Kumar</APICase:createdBy><APICase:createdByType>Associate</APICase:createdByType><APICase:createdDate>2020-06-19T15:52:24.000Z</APICase:createdDate><APICase:doNotChangeSBT>false</APICase:doNotChangeSBT><APICase:externalCommentHandlingSystem xsi:nil="true"/><APICase:hoursWorked xsi:nil="true"/><APICase:id>a0a2i000000VG1XAAW</APICase:id><APICase:isDraft>false</APICase:isDraft><APICase:isPublic>false</APICase:isPublic><APICase:lastModifiedBy>Mashalkar, Kumar</APICase:lastModifiedBy><APICase:lastModifiedByEmailAddress xsi:nil="true"/><APICase:lastModifiedByPersonType>Associate</APICase:lastModifiedByPersonType><APICase:lastModifiedDate>2020-06-19T15:52:24.000Z</APICase:lastModifiedDate><APICase:message xsi:nil="true"/><APICase:publishedDate>2020-06-19T15:52:24.000Z</APICase:publishedDate><APICase:returnCode xsi:nil="true"/><APICase:sharePrivateWithExternalTrackers xsi:nil="true"/><APICase:text>This is private comment</APICase:text><APICase:visibility xsi:nil="true"/></APICase:comments><APICase:comments><APICase:caseNumber>02470917</APICase:caseNumber><APICase:contentType>plaintext</APICase:contentType><APICase:createdBy>Mashalkar, Kumar</APICase:createdBy><APICase:createdByType>Associate</APICase:createdByType><APICase:createdDate>2020-06-19T15:40:45.000Z</APICase:createdDate><APICase:doNotChangeSBT>false</APICase:doNotChangeSBT><APICase:externalCommentHandlingSystem xsi:nil="true"/><APICase:hoursWorked xsi:nil="true"/><APICase:id>a0a2i000000VG1SAAW</APICase:id><APICase:isDraft>false</APICase:isDraft><APICase:isPublic>true</APICase:isPublic><APICase:lastModifiedBy>Mashalkar, Kumar</APICase:lastModifiedBy><APICase:lastModifiedByEmailAddress xsi:nil="true"/><APICase:lastModifiedByPersonType>Associate</APICase:lastModifiedByPersonType><APICase:lastModifiedDate>2020-06-19T15:40:45.000Z</APICase:lastModifiedDate><APICase:message xsi:nil="true"/><APICase:publishedDate>2020-06-19T15:40:45.000Z</APICase:publishedDate><APICase:returnCode xsi:nil="true"/><APICase:sharePrivateWithExternalTrackers xsi:nil="true"/><APICase:text>This is public comment</APICase:text><APICase:visibility xsi:nil="true"/></APICase:comments><APICase:contactInfo24x7 xsi:nil="true"/><APICase:contactIsPartner>false</APICase:contactIsPartner><APICase:contactName>David Tse</APICase:contactName><APICase:contacts><APICase:canAccessAllAccounts>false</APICase:canAccessAllAccounts><APICase:canAddAttachments>true</APICase:canAddAttachments><APICase:canSeeDashboard>true</APICase:canSeeDashboard><APICase:defaultGroupName xsi:nil="true"/><APICase:defaultGroupNumber xsi:nil="true"/><APICase:email>gss-sfdc+qa+wophoon@redhat.com</APICase:email><APICase:firstName>Woh Shon</APICase:firstName><APICase:hasChat>false</APICase:hasChat><APICase:hasUser>false</APICase:hasUser><APICase:id>003A000001nOpcXIAS</APICase:id><APICase:isInternal>false</APICase:isInternal><APICase:isOrgAdmin>false</APICase:isOrgAdmin><APICase:isSecured>true</APICase:isSecured><APICase:isSecureSupportTech>false</APICase:isSecureSupportTech><APICase:lastName>Phoon</APICase:lastName><APICase:message xsi:nil="true"/><APICase:name>Woh Shon Phoon</APICase:name><APICase:normalizedTimezone>Asia/Hong_Kong</APICase:normalizedTimezone><APICase:phone>65 9683 0675</APICase:phone><APICase:returnCode xsi:nil="true"/><APICase:sessionId xsi:nil="true"/><APICase:ssoName xsi:nil="true"/><APICase:timezone>(GMT+08:00) Hong Kong Time (Asia/Hong_Kong)</APICase:timezone></APICase:contacts><APICase:contactSSOName>dtse@redhat.com</APICase:contactSSOName><APICase:createdBy>Kumar Mashalkar</APICase:createdBy><APICase:createdBySSOName>gss-tools</APICase:createdBySSOName><APICase:createdDate>2020-06-11T09:48:35.000Z</APICase:createdDate><APICase:critSit>false</APICase:critSit><APICase:customerEscalation>false</APICase:customerEscalation><APICase:customerIntelligenceLink xsi:nil="true"/><APICase:customerNotes xsi:nil="true"/><APICase:description>Test for automation</APICase:description><APICase:enhancedSLA>false</APICase:enhancedSLA><APICase:entitlementId>5502i0000006mxdAAA</APICase:entitlementId><APICase:environment xsi:nil="true"/><APICase:externalLock>false</APICase:externalLock><APICase:externalLockBy xsi:nil="true"/><APICase:externalLockDate xsi:nil="true"/><APICase:firstCaseInactivityWarningSentAt xsi:nil="true"/><APICase:FTS>false</APICase:FTS><APICase:groupName xsi:nil="true"/><APICase:groupNumber xsi:nil="true"/><APICase:handledByAscension>false</APICase:handledByAscension><APICase:hasEnhancedDelivery>false</APICase:hasEnhancedDelivery><APICase:hostname xsi:nil="true"/><APICase:hotfixDelivered>false</APICase:hotfixDelivered><APICase:hotfixRequested>false</APICase:hotfixRequested><APICase:id>5002i0000034NPSAA2</APICase:id><APICase:internalLastModifiedDate>2020-06-29T13:15:59.000Z</APICase:internalLastModifiedDate><APICase:internalpriority xsi:nil="true"/><APICase:internalstatus>Waiting on QA</APICase:internalstatus><APICase:isCertification>false</APICase:isCertification><APICase:isClosed>false</APICase:isClosed><APICase:isFTSHandoverReady>false</APICase:isFTSHandoverReady><APICase:isPoc>false</APICase:isPoc><APICase:isPrivate>false</APICase:isPrivate><APICase:isReviewed>false</APICase:isReviewed><APICase:isStrategicAccount>true</APICase:isStrategicAccount><APICase:issue xsi:nil="true"/><APICase:itar>false</APICase:itar><APICase:language>en</APICase:language><APICase:lastModifiedBy>Mitesh Mishra</APICase:lastModifiedBy><APICase:lastModifiedDate>2020-06-29T13:15:48.000Z</APICase:lastModifiedDate><APICase:ltrocClosed>false</APICase:ltrocClosed><APICase:ltrocClosedSet>false</APICase:ltrocClosedSet><APICase:managementEscalationRequested>false</APICase:managementEscalationRequested><APICase:message xsi:nil="true"/><APICase:needsNewOwner xsi:nil="true"/><APICase:noAutomationForAccount>false</APICase:noAutomationForAccount><APICase:noAutomationForCase>false</APICase:noAutomationForCase><APICase:noAutomationForCaseGroup xsi:nil="true"/><APICase:noLinkedKCSReason xsi:nil="true"/><APICase:noLinkedKCSReasonExplanation xsi:nil="true"/><APICase:openshiftClusterId xsi:nil="true"/><APICase:origin>Phone</APICase:origin><APICase:owner>Kumar Mashalkar</APICase:owner><APICase:periodicityOfIssue xsi:nil="true"/><APICase:premiumPlus>false</APICase:premiumPlus><APICase:priorityScore>695.0</APICase:priorityScore><APICase:proactive>false</APICase:proactive><APICase:proactiveEndDate xsi:nil="true"/><APICase:proactiveStartDate xsi:nil="true"/><APICase:product>OpenShift Container Platform</APICase:product><APICase:pseCase>false</APICase:pseCase><APICase:recordTypeName>GSS Case Record Type</APICase:recordTypeName><APICase:reliefAt xsi:nil="true"/><APICase:remoteSessionTermsAcked>false</APICase:remoteSessionTermsAcked><APICase:remoteSessionTermsAckedBy xsi:nil="true"/><APICase:remoteSessionTermsAckedDate xsi:nil="true"/><APICase:remoteSessionTermsAgreementLevel xsi:nil="true"/><APICase:resolution xsi:nil="true"/><APICase:resolutionDescription xsi:nil="true"/><APICase:resolvedAt xsi:nil="true"/><APICase:returnCode>200</APICase:returnCode><APICase:sbrGroups>API Mgmt</APICase:sbrGroups><APICase:secondCaseInactivityWarningSentAt xsi:nil="true"/><APICase:severity>4 (Low)</APICase:severity><APICase:sla>PREMIUM</APICase:sla><APICase:sparseCaseNotifications>false</APICase:sparseCaseNotifications><APICase:status>Waiting on Red Hat</APICase:status><APICase:summary>This case is test of automation</APICase:summary><APICase:suppliedEmail xsi:nil="true"/><APICase:suppliedName xsi:nil="true"/><APICase:suppliedPhone xsi:nil="true"/><APICase:timeFramesAndUrgency xsi:nil="true"/><APICase:transcripts xsi:nil="true"/><APICase:translationNotRequired>false</APICase:translationNotRequired><APICase:userAgent>Internal</APICase:userAgent><APICase:version>3.10</APICase:version><APICase:waitingOnCallback>false</APICase:waitingOnCallback></result></getCaseResponse></soapenv:Body></soapenv:Envelope>
[#document: null]
APICase:version
APICase:version
3.10
&amp#27;[34m3.10&amp#27;[0m
<?xml version="1.0" encoding="UTF-8"?><soapenv:Envelope xmlns:soapenv="http://schemas.xmlsoap.org/soap/envelope/" xmlns="http://soap.sforce.com/schemas/class/CaseAPI" xmlns:APICase="http://soap.sforce.com/schemas/class/APIUtils" xmlns:xsi="http://www.w3.org/2001/XMLSchema-instance"><soapenv:Body><getCaseResponse><result><APICase:abandonCase xsi:nil="true"/><APICase:accountNumber>1460290</APICase:accountNumber><APICase:actionPlan xsi:nil="true"/><APICase:alternateId xsi:nil="true"/><APICase:attachments xsi:nil="true"/><APICase:bugs><APICase:message xsi:nil="true"/><APICase:returnCode xsi:nil="true"/></APICase:bugs><APICase:caseAutomationEnabled>true</APICase:caseAutomationEnabled><APICase:caseCreationSessionId xsi:nil="true"/><APICase:caseNumber>02470917</APICase:caseNumber><APICase:caseResourceLinks><APICase:message xsi:nil="true"/><APICase:returnCode xsi:nil="true"/></APICase:caseResourceLinks><APICase:caseSummary xsi:nil="true"/><APICase:caseType>Other</APICase:caseType><APICase:cep>false</APICase:cep><APICase:certArchitecture xsi:nil="true"/><APICase:certCategory xsi:nil="true"/><APICase:certContainerProjectId xsi:nil="true"/><APICase:certExceptionGranted xsi:nil="true"/><APICase:certIsPrivate xsi:nil="true"/><APICase:certNeedException xsi:nil="true"/><APICase:certPortalId xsi:nil="true"/><APICase:certProduct xsi:nil="true"/><APICase:certProgram xsi:nil="true"/><APICase:certVendorName xsi:nil="true"/><APICase:certVendorPortalId xsi:nil="true"/><APICase:certVendorProductName xsi:nil="true"/><APICase:certVendorProductPortalId xsi:nil="true"/><APICase:certVersion xsi:nil="true"/><APICase:collaborationScore>695.0</APICase:collaborationScore><APICase:comments><APICase:caseNumber>02470917</APICase:caseNumber><APICase:contentType>plaintext</APICase:contentType><APICase:createdBy>Mashalkar, Kumar</APICase:createdBy><APICase:createdByType>Associate</APICase:createdByType><APICase:createdDate>2020-06-29T12:21:33.000Z</APICase:createdDate><APICase:doNotChangeSBT>false</APICase:doNotChangeSBT><APICase:externalCommentHandlingSystem xsi:nil="true"/><APICase:hoursWorked xsi:nil="true"/><APICase:id>a0a2i000000VN1NAAW</APICase:id><APICase:isDraft>false</APICase:isDraft><APICase:isPublic>true</APICase:isPublic><APICase:lastModifiedBy>Mashalkar, Kumar</APICase:lastModifiedBy><APICase:lastModifiedByEmailAddress xsi:nil="true"/><APICase:lastModifiedByPersonType>Associate</APICase:lastModifiedByPersonType><APICase:lastModifiedDate>2020-06-29T12:21:33.000Z</APICase:lastModifiedDate><APICase:message xsi:nil="true"/><APICase:publishedDate>2020-06-29T12:21:33.000Z</APICase:publishedDate><APICase:returnCode xsi:nil="true"/><APICase:sharePrivateWithExternalTrackers xsi:nil="true"/><APICase:text>This is public comment</APICase:text><APICase:visibility xsi:nil="true"/></APICase:comments><APICase:comments><APICase:caseNumber>02470917</APICase:caseNumber><APICase:contentType>plaintext</APICase:contentType><APICase:createdBy>Mashalkar, Kumar</APICase:createdBy><APICase:createdByType>Associate</APICase:createdByType><APICase:createdDate>2020-06-29T12:18:28.000Z</APICase:createdDate><APICase:doNotChangeSBT>false</APICase:doNotChangeSBT><APICase:externalCommentHandlingSystem xsi:nil="true"/><APICase:hoursWorked xsi:nil="true"/><APICase:id>a0a2i000000VN1DAAW</APICase:id><APICase:isDraft>false</APICase:isDraft><APICase:isPublic>true</APICase:isPublic><APICase:lastModifiedBy>Mashalkar, Kumar</APICase:lastModifiedBy><APICase:lastModifiedByEmailAddress xsi:nil="true"/><APICase:lastModifiedByPersonType>Associate</APICase:lastModifiedByPersonType><APICase:lastModifiedDate>2020-06-29T12:18:28.000Z</APICase:lastModifiedDate><APICase:message xsi:nil="true"/><APICase:publishedDate>2020-06-29T12:18:28.000Z</APICase:publishedDate><APICase:returnCode xsi:nil="true"/><APICase:sharePrivateWithExternalTrackers xsi:nil="true"/><APICase:text>This is public comment</APICase:text><APICase:visibility xsi:nil="true"/></APICase:comments><APICase:comments><APICase:caseNumber>02470917</APICase:caseNumber><APICase:contentType>plaintext</APICase:contentType><APICase:createdBy>Mashalkar, Kumar</APICase:createdBy><APICase:createdByType>Associate</APICase:createdByType><APICase:createdDate>2020-06-29T12:12:08.000Z</APICase:createdDate><APICase:doNotChangeSBT>false</APICase:doNotChangeSBT><APICase:externalCommentHandlingSystem xsi:nil="true"/><APICase:hoursWorked xsi:nil="true"/><APICase:id>a0a2i000000VN18AAG</APICase:id><APICase:isDraft>false</APICase:isDraft><APICase:isPublic>true</APICase:isPublic><APICase:lastModifiedBy>Mashalkar, Kumar</APICase:lastModifiedBy><APICase:lastModifiedByEmailAddress xsi:nil="true"/><APICase:lastModifiedByPersonType>Associate</APICase:lastModifiedByPersonType><APICase:lastModifiedDate>2020-06-29T12:12:07.000Z</APICase:lastModifiedDate><APICase:message xsi:nil="true"/><APICase:publishedDate>2020-06-29T12:12:07.000Z</APICase:publishedDate><APICase:returnCode xsi:nil="true"/><APICase:sharePrivateWithExternalTrackers xsi:nil="true"/><APICase:text>This is public comment</APICase:text><APICase:visibility xsi:nil="true"/></APICase:comments><APICase:comments><APICase:caseNumber>02470917</APICase:caseNumber><APICase:contentType>plaintext</APICase:contentType><APICase:createdBy>Mashalkar, Kumar</APICase:createdBy><APICase:createdByType>Associate</APICase:createdByType><APICase:createdDate>2020-06-26T11:45:03.000Z</APICase:createdDate><APICase:doNotChangeSBT>false</APICase:doNotChangeSBT><APICase:externalCommentHandlingSystem xsi:nil="true"/><APICase:hoursWorked xsi:nil="true"/><APICase:id>a0a2i000000VMB5AAO</APICase:id><APICase:isDraft>false</APICase:isDraft><APICase:isPublic>true</APICase:isPublic><APICase:lastModifiedBy>Mashalkar, Kumar</APICase:lastModifiedBy><APICase:lastModifiedByEmailAddress xsi:nil="true"/><APICase:lastModifiedByPersonType>Associate</APICase:lastModifiedByPersonType><APICase:lastModifiedDate>2020-06-26T11:45:03.000Z</APICase:lastModifiedDate><APICase:message xsi:nil="true"/><APICase:publishedDate>2020-06-26T11:45:03.000Z</APICase:publishedDate><APICase:returnCode xsi:nil="true"/><APICase:sharePrivateWithExternalTrackers xsi:nil="true"/><APICase:text>This is public comment</APICase:text><APICase:visibility xsi:nil="true"/></APICase:comments><APICase:comments><APICase:caseNumber>02470917</APICase:caseNumber><APICase:contentType>plaintext</APICase:contentType><APICase:createdBy>Mashalkar, Kumar</APICase:createdBy><APICase:createdByType>Associate</APICase:createdByType><APICase:createdDate>2020-06-26T08:29:28.000Z</APICase:createdDate><APICase:doNotChangeSBT>false</APICase:doNotChangeSBT><APICase:externalCommentHandlingSystem xsi:nil="true"/><APICase:hoursWorked xsi:nil="true"/><APICase:id>a0a2i000000VMAgAAO</APICase:id><APICase:isDraft>false</APICase:isDraft><APICase:isPublic>true</APICase:isPublic><APICase:lastModifiedBy>Mashalkar, Kumar</APICase:lastModifiedBy><APICase:lastModifiedByEmailAddress xsi:nil="true"/><APICase:lastModifiedByPersonType>Associate</APICase:lastModifiedByPersonType><APICase:lastModifiedDate>2020-06-26T08:29:27.000Z</APICase:lastModifiedDate><APICase:message xsi:nil="true"/><APICase:publishedDate>2020-06-26T08:29:27.000Z</APICase:publishedDate><APICase:returnCode xsi:nil="true"/><APICase:sharePrivateWithExternalTrackers xsi:nil="true"/><APICase:text>This is public comment</APICase:text><APICase:visibility xsi:nil="true"/></APICase:comments><APICase:comments><APICase:caseNumber>02470917</APICase:caseNumber><APICase:contentType>plaintext</APICase:contentType><APICase:createdBy>Mashalkar, Kumar</APICase:createdBy><APICase:createdByType>Associate</APICase:createdByType><APICase:createdDate>2020-06-26T04:12:44.000Z</APICase:createdDate><APICase:doNotChangeSBT>false</APICase:doNotChangeSBT><APICase:externalCommentHandlingSystem xsi:nil="true"/><APICase:hoursWorked xsi:nil="true"/><APICase:id>a0a2i000000VM8VAAW</APICase:id><APICase:isDraft>false</APICase:isDraft><APICase:isPublic>true</APICase:isPublic><APICase:lastModifiedBy>Mashalkar, Kumar</APICase:lastModifiedBy><APICase:lastModifiedByEmailAddress xsi:nil="true"/><APICase:lastModifiedByPersonType>Associate</APICase:lastModifiedByPersonType><APICase:lastModifiedDate>2020-06-26T04:12:43.000Z</APICase:lastModifiedDate><APICase:message xsi:nil="true"/><APICase:publishedDate>2020-06-26T04:12:43.000Z</APICase:publishedDate><APICase:returnCode xsi:nil="true"/><APICase:sharePrivateWithExternalTrackers xsi:nil="true"/><APICase:text>This is public comment</APICase:text><APICase:visibility xsi:nil="true"/></APICase:comments><APICase:comments><APICase:caseNumber>02470917</APICase:caseNumber><APICase:contentType>plaintext</APICase:contentType><APICase:createdBy>Mishra, Mitesh</APICase:createdBy><APICase:createdByType>Associate</APICase:createdByType><APICase:createdDate>2020-06-26T04:05:42.000Z</APICase:createdDate><APICase:doNotChangeSBT>false</APICase:doNotChangeSBT><APICase:externalCommentHandlingSystem xsi:nil="true"/><APICase:hoursWorked xsi:nil="true"/><APICase:id>a0a2i000000VM8LAAW</APICase:id><APICase:isDraft>false</APICase:isDraft><APICase:isPublic>true</APICase:isPublic><APICase:lastModifiedBy>Mishra, Mitesh</APICase:lastModifiedBy><APICase:lastModifiedByEmailAddress xsi:nil="true"/><APICase:lastModifiedByPersonType>Associate</APICase:lastModifiedByPersonType><APICase:lastModifiedDate>2020-06-26T04:05:42.000Z</APICase:lastModifiedDate><APICase:message xsi:nil="true"/><APICase:publishedDate>2020-06-26T04:05:42.000Z</APICase:publishedDate><APICase:returnCode xsi:nil="true"/><APICase:sharePrivateWithExternalTrackers xsi:nil="true"/><APICase:text>comment for customer</APICase:text><APICase:visibility xsi:nil="true"/></APICase:comments><APICase:comments><APICase:caseNumber>02470917</APICase:caseNumber><APICase:contentType>plaintext</APICase:contentType><APICase:createdBy>Mishra, Mitesh</APICase:createdBy><APICase:createdByType>Associate</APICase:createdByType><APICase:createdDate>2020-06-26T04:01:47.000Z</APICase:createdDate><APICase:doNotChangeSBT>false</APICase:doNotChangeSBT><APICase:externalCommentHandlingSystem xsi:nil="true"/><APICase:hoursWorked xsi:nil="true"/><APICase:id>a0a2i000000VM8GAAW</APICase:id><APICase:isDraft>false</APICase:isDraft><APICase:isPublic>true</APICase:isPublic><APICase:lastModifiedBy>Mishra, Mitesh</APICase:lastModifiedBy><APICase:lastModifiedByEmailAddress xsi:nil="true"/><APICase:lastModifiedByPersonType>Associate</APICase:lastModifiedByPersonType><APICase:lastModifiedDate>2020-06-26T04:01:47.000Z</APICase:lastModifiedDate><APICase:message xsi:nil="true"/><APICase:publishedDate>2020-06-26T04:01:47.000Z</APICase:publishedDate><APICase:returnCode xsi:nil="true"/><APICase:sharePrivateWithExternalTrackers xsi:nil="true"/><APICase:text>comment to check mail is generated to customer as well</APICase:text><APICase:visibility xsi:nil="true"/></APICase:comments><APICase:comments><APICase:caseNumber>02470917</APICase:caseNumber><APICase:contentType>plaintext</APICase:contentType><APICase:createdBy>Mishra, Mitesh</APICase:createdBy><APICase:createdByType>Associate</APICase:createdByType><APICase:createdDate>2020-06-26T03:59:35.000Z</APICase:createdDate><APICase:doNotChangeSBT>false</APICase:doNotChangeSBT><APICase:externalCommentHandlingSystem xsi:nil="true"/><APICase:hoursWorked xsi:nil="true"/><APICase:id>a0a2i000000VM8BAAW</APICase:id><APICase:isDraft>false</APICase:isDraft><APICase:isPublic>true</APICase:isPublic><APICase:lastModifiedBy>Mishra, Mitesh</APICase:lastModifiedBy><APICase:lastModifiedByEmailAddress xsi:nil="true"/><APICase:lastModifiedByPersonType>Associate</APICase:lastModifiedByPersonType><APICase:lastModifiedDate>2020-06-26T03:59:34.000Z</APICase:lastModifiedDate><APICase:message xsi:nil="true"/><APICase:publishedDate>2020-06-26T03:59:34.000Z</APICase:publishedDate><APICase:returnCode xsi:nil="true"/><APICase:sharePrivateWithExternalTrackers xsi:nil="true"/><APICase:text>test comment</APICase:text><APICase:visibility xsi:nil="true"/></APICase:comments><APICase:comments><APICase:caseNumber>02470917</APICase:caseNumber><APICase:contentType>plaintext</APICase:contentType><APICase:createdBy>Mashalkar, Kumar</APICase:createdBy><APICase:createdByType>Associate</APICase:createdByType><APICase:createdDate>2020-06-25T18:50:15.000Z</APICase:createdDate><APICase:doNotChangeSBT>false</APICase:doNotChangeSBT><APICase:externalCommentHandlingSystem xsi:nil="true"/><APICase:hoursWorked xsi:nil="true"/><APICase:id>a0a2i000000VLv7AAG</APICase:id><APICase:isDraft>false</APICase:isDraft><APICase:isPublic>true</APICase:isPublic><APICase:lastModifiedBy>Mashalkar, Kumar</APICase:lastModifiedBy><APICase:lastModifiedByEmailAddress xsi:nil="true"/><APICase:lastModifiedByPersonType>Associate</APICase:lastModifiedByPersonType><APICase:lastModifiedDate>2020-06-25T18:50:14.000Z</APICase:lastModifiedDate><APICase:message xsi:nil="true"/><APICase:publishedDate>2020-06-25T18:50:14.000Z</APICase:publishedDate><APICase:returnCode xsi:nil="true"/><APICase:sharePrivateWithExternalTrackers xsi:nil="true"/><APICase:text>This is public comment</APICase:text><APICase:visibility xsi:nil="true"/></APICase:comments><APICase:comments><APICase:caseNumber>02470917</APICase:caseNumber><APICase:contentType>plaintext</APICase:contentType><APICase:createdBy>Mashalkar, Kumar</APICase:createdBy><APICase:createdByType>Associate</APICase:createdByType><APICase:createdDate>2020-06-25T18:13:25.000Z</APICase:createdDate><APICase:doNotChangeSBT>false</APICase:doNotChangeSBT><APICase:externalCommentHandlingSystem xsi:nil="true"/><APICase:hoursWorked xsi:nil="true"/><APICase:id>a0a2i000000VLu9AAG</APICase:id><APICase:isDraft>false</APICase:isDraft><APICase:isPublic>true</APICase:isPublic><APICase:lastModifiedBy>Mashalkar, Kumar</APICase:lastModifiedBy><APICase:lastModifiedByEmailAddress xsi:nil="true"/><APICase:lastModifiedByPersonType>Associate</APICase:lastModifiedByPersonType><APICase:lastModifiedDate>2020-06-25T18:13:24.000Z</APICase:lastModifiedDate><APICase:message xsi:nil="true"/><APICase:publishedDate>2020-06-25T18:13:24.000Z</APICase:publishedDate><APICase:returnCode xsi:nil="true"/><APICase:sharePrivateWithExternalTrackers xsi:nil="true"/><APICase:text>This is public comment</APICase:text><APICase:visibility xsi:nil="true"/></APICase:comments><APICase:comments><APICase:caseNumber>02470917</APICase:caseNumber><APICase:contentType>plaintext</APICase:contentType><APICase:createdBy>Mashalkar, Kumar</APICase:createdBy><APICase:createdByType>Associate</APICase:createdByType><APICase:createdDate>2020-06-25T17:44:37.000Z</APICase:createdDate><APICase:doNotChangeSBT>false</APICase:doNotChangeSBT><APICase:externalCommentHandlingSystem xsi:nil="true"/><APICase:hoursWorked xsi:nil="true"/><APICase:id>a0a2i000000VLtzAAG</APICase:id><APICase:isDraft>false</APICase:isDraft><APICase:isPublic>true</APICase:isPublic><APICase:lastModifiedBy>Mashalkar, Kumar</APICase:lastModifiedBy><APICase:lastModifiedByEmailAddress xsi:nil="true"/><APICase:lastModifiedByPersonType>Associate</APICase:lastModifiedByPersonType><APICase:lastModifiedDate>2020-06-25T17:44:36.000Z</APICase:lastModifiedDate><APICase:message xsi:nil="true"/><APICase:publishedDate>2020-06-25T17:44:36.000Z</APICase:publishedDate><APICase:returnCode xsi:nil="true"/><APICase:sharePrivateWithExternalTrackers xsi:nil="true"/><APICase:text>This is a test comment</APICase:text><APICase:visibility xsi:nil="true"/></APICase:comments><APICase:comments><APICase:caseNumber>02470917</APICase:caseNumber><APICase:contentType>plaintext</APICase:contentType><APICase:createdBy>Mashalkar, Kumar</APICase:createdBy><APICase:createdByType>Associate</APICase:createdByType><APICase:createdDate>2020-06-19T15:52:24.000Z</APICase:createdDate><APICase:doNotChangeSBT>false</APICase:doNotChangeSBT><APICase:externalCommentHandlingSystem xsi:nil="true"/><APICase:hoursWorked xsi:nil="true"/><APICase:id>a0a2i000000VG1XAAW</APICase:id><APICase:isDraft>false</APICase:isDraft><APICase:isPublic>false</APICase:isPublic><APICase:lastModifiedBy>Mashalkar, Kumar</APICase:lastModifiedBy><APICase:lastModifiedByEmailAddress xsi:nil="true"/><APICase:lastModifiedByPersonType>Associate</APICase:lastModifiedByPersonType><APICase:lastModifiedDate>2020-06-19T15:52:24.000Z</APICase:lastModifiedDate><APICase:message xsi:nil="true"/><APICase:publishedDate>2020-06-19T15:52:24.000Z</APICase:publishedDate><APICase:returnCode xsi:nil="true"/><APICase:sharePrivateWithExternalTrackers xsi:nil="true"/><APICase:text>This is private comment</APICase:text><APICase:visibility xsi:nil="true"/></APICase:comments><APICase:comments><APICase:caseNumber>02470917</APICase:caseNumber><APICase:contentType>plaintext</APICase:contentType><APICase:createdBy>Mashalkar, Kumar</APICase:createdBy><APICase:createdByType>Associate</APICase:createdByType><APICase:createdDate>2020-06-19T15:40:45.000Z</APICase:createdDate><APICase:doNotChangeSBT>false</APICase:doNotChangeSBT><APICase:externalCommentHandlingSystem xsi:nil="true"/><APICase:hoursWorked xsi:nil="true"/><APICase:id>a0a2i000000VG1SAAW</APICase:id><APICase:isDraft>false</APICase:isDraft><APICase:isPublic>true</APICase:isPublic><APICase:lastModifiedBy>Mashalkar, Kumar</APICase:lastModifiedBy><APICase:lastModifiedByEmailAddress xsi:nil="true"/><APICase:lastModifiedByPersonType>Associate</APICase:lastModifiedByPersonType><APICase:lastModifiedDate>2020-06-19T15:40:45.000Z</APICase:lastModifiedDate><APICase:message xsi:nil="true"/><APICase:publishedDate>2020-06-19T15:40:45.000Z</APICase:publishedDate><APICase:returnCode xsi:nil="true"/><APICase:sharePrivateWithExternalTrackers xsi:nil="true"/><APICase:text>This is public comment</APICase:text><APICase:visibility xsi:nil="true"/></APICase:comments><APICase:contactInfo24x7 xsi:nil="true"/><APICase:contactIsPartner>false</APICase:contactIsPartner><APICase:contactName>David Tse</APICase:contactName><APICase:contacts><APICase:canAccessAllAccounts>false</APICase:canAccessAllAccounts><APICase:canAddAttachments>true</APICase:canAddAttachments><APICase:canSeeDashboard>true</APICase:canSeeDashboard><APICase:defaultGroupName xsi:nil="true"/><APICase:defaultGroupNumber xsi:nil="true"/><APICase:email>gss-sfdc+qa+wophoon@redhat.com</APICase:email><APICase:firstName>Woh Shon</APICase:firstName><APICase:hasChat>false</APICase:hasChat><APICase:hasUser>false</APICase:hasUser><APICase:id>003A000001nOpcXIAS</APICase:id><APICase:isInternal>false</APICase:isInternal><APICase:isOrgAdmin>false</APICase:isOrgAdmin><APICase:isSecured>true</APICase:isSecured><APICase:isSecureSupportTech>false</APICase:isSecureSupportTech><APICase:lastName>Phoon</APICase:lastName><APICase:message xsi:nil="true"/><APICase:name>Woh Shon Phoon</APICase:name><APICase:normalizedTimezone>Asia/Hong_Kong</APICase:normalizedTimezone><APICase:phone>65 9683 0675</APICase:phone><APICase:returnCode xsi:nil="true"/><APICase:sessionId xsi:nil="true"/><APICase:ssoName xsi:nil="true"/><APICase:timezone>(GMT+08:00) Hong Kong Time (Asia/Hong_Kong)</APICase:timezone></APICase:contacts><APICase:contactSSOName>dtse@redhat.com</APICase:contactSSOName><APICase:createdBy>Kumar Mashalkar</APICase:createdBy><APICase:createdBySSOName>gss-tools</APICase:createdBySSOName><APICase:createdDate>2020-06-11T09:48:35.000Z</APICase:createdDate><APICase:critSit>false</APICase:critSit><APICase:customerEscalation>false</APICase:customerEscalation><APICase:customerIntelligenceLink xsi:nil="true"/><APICase:customerNotes xsi:nil="true"/><APICase:description>Test for automation</APICase:description><APICase:enhancedSLA>false</APICase:enhancedSLA><APICase:entitlementId>5502i0000006mxdAAA</APICase:entitlementId><APICase:environment xsi:nil="true"/><APICase:externalLock>false</APICase:externalLock><APICase:externalLockBy xsi:nil="true"/><APICase:externalLockDate xsi:nil="true"/><APICase:firstCaseInactivityWarningSentAt xsi:nil="true"/><APICase:FTS>false</APICase:FTS><APICase:groupName xsi:nil="true"/><APICase:groupNumber xsi:nil="true"/><APICase:handledByAscension>false</APICase:handledByAscension><APICase:hasEnhancedDelivery>false</APICase:hasEnhancedDelivery><APICase:hostname xsi:nil="true"/><APICase:hotfixDelivered>false</APICase:hotfixDelivered><APICase:hotfixRequested>false</APICase:hotfixRequested><APICase:id>5002i0000034NPSAA2</APICase:id><APICase:internalLastModifiedDate>2020-06-29T13:15:59.000Z</APICase:internalLastModifiedDate><APICase:internalpriority xsi:nil="true"/><APICase:internalstatus>Waiting on QA</APICase:internalstatus><APICase:isCertification>false</APICase:isCertification><APICase:isClosed>false</APICase:isClosed><APICase:isFTSHandoverReady>false</APICase:isFTSHandoverReady><APICase:isPoc>false</APICase:isPoc><APICase:isPrivate>false</APICase:isPrivate><APICase:isReviewed>false</APICase:isReviewed><APICase:isStrategicAccount>true</APICase:isStrategicAccount><APICase:issue xsi:nil="true"/><APICase:itar>false</APICase:itar><APICase:language>en</APICase:language><APICase:lastModifiedBy>Mitesh Mishra</APICase:lastModifiedBy><APICase:lastModifiedDate>2020-06-29T13:15:48.000Z</APICase:lastModifiedDate><APICase:ltrocClosed>false</APICase:ltrocClosed><APICase:ltrocClosedSet>false</APICase:ltrocClosedSet><APICase:managementEscalationRequested>false</APICase:managementEscalationRequested><APICase:message xsi:nil="true"/><APICase:needsNewOwner xsi:nil="true"/><APICase:noAutomationForAccount>false</APICase:noAutomationForAccount><APICase:noAutomationForCase>false</APICase:noAutomationForCase><APICase:noAutomationForCaseGroup xsi:nil="true"/><APICase:noLinkedKCSReason xsi:nil="true"/><APICase:noLinkedKCSReasonExplanation xsi:nil="true"/><APICase:openshiftClusterId xsi:nil="true"/><APICase:origin>Phone</APICase:origin><APICase:owner>Kumar Mashalkar</APICase:owner><APICase:periodicityOfIssue xsi:nil="true"/><APICase:premiumPlus>false</APICase:premiumPlus><APICase:priorityScore>695.0</APICase:priorityScore><APICase:proactive>false</APICase:proactive><APICase:proactiveEndDate xsi:nil="true"/><APICase:proactiveStartDate xsi:nil="true"/><APICase:product>OpenShift Container Platform</APICase:product><APICase:pseCase>false</APICase:pseCase><APICase:recordTypeName>GSS Case Record Type</APICase:recordTypeName><APICase:reliefAt xsi:nil="true"/><APICase:remoteSessionTermsAcked>false</APICase:remoteSessionTermsAcked><APICase:remoteSessionTermsAckedBy xsi:nil="true"/><APICase:remoteSessionTermsAckedDate xsi:nil="true"/><APICase:remoteSessionTermsAgreementLevel xsi:nil="true"/><APICase:resolution xsi:nil="true"/><APICase:resolutionDescription xsi:nil="true"/><APICase:resolvedAt xsi:nil="true"/><APICase:returnCode>200</APICase:returnCode><APICase:sbrGroups>API Mgmt</APICase:sbrGroups><APICase:secondCaseInactivityWarningSentAt xsi:nil="true"/><APICase:severity>4 (Low)</APICase:severity><APICase:sla>PREMIUM</APICase:sla><APICase:sparseCaseNotifications>false</APICase:sparseCaseNotifications><APICase:status>Waiting on Red Hat</APICase:status><APICase:summary>This case is test of automation</APICase:summary><APICase:suppliedEmail xsi:nil="true"/><APICase:suppliedName xsi:nil="true"/><APICase:suppliedPhone xsi:nil="true"/><APICase:timeFramesAndUrgency xsi:nil="true"/><APICase:transcripts xsi:nil="true"/><APICase:translationNotRequired>false</APICase:translationNotRequired><APICase:userAgent>Internal</APICase:userAgent><APICase:version>3.10</APICase:version><APICase:waitingOnCallback>false</APICase:waitingOnCallback></result></getCaseResponse></soapenv:Body></soapenv:Envelope>
[#document: null]
APICase:status
APICase:status
Waiting on Red Hat
<?xml version="1.0" encoding="UTF-8"?><soapenv:Envelope xmlns:soapenv="http://schemas.xmlsoap.org/soap/envelope/" xmlns="http://soap.sforce.com/schemas/class/CaseAPI" xmlns:APICase="http://soap.sforce.com/schemas/class/APIUtils" xmlns:xsi="http://www.w3.org/2001/XMLSchema-instance"><soapenv:Body><getCaseResponse><result><APICase:abandonCase xsi:nil="true"/><APICase:accountNumber>1460290</APICase:accountNumber><APICase:actionPlan xsi:nil="true"/><APICase:alternateId xsi:nil="true"/><APICase:attachments xsi:nil="true"/><APICase:bugs><APICase:message xsi:nil="true"/><APICase:returnCode xsi:nil="true"/></APICase:bugs><APICase:caseAutomationEnabled>true</APICase:caseAutomationEnabled><APICase:caseCreationSessionId xsi:nil="true"/><APICase:caseNumber>02470917</APICase:caseNumber><APICase:caseResourceLinks><APICase:message xsi:nil="true"/><APICase:returnCode xsi:nil="true"/></APICase:caseResourceLinks><APICase:caseSummary xsi:nil="true"/><APICase:caseType>Other</APICase:caseType><APICase:cep>false</APICase:cep><APICase:certArchitecture xsi:nil="true"/><APICase:certCategory xsi:nil="true"/><APICase:certContainerProjectId xsi:nil="true"/><APICase:certExceptionGranted xsi:nil="true"/><APICase:certIsPrivate xsi:nil="true"/><APICase:certNeedException xsi:nil="true"/><APICase:certPortalId xsi:nil="true"/><APICase:certProduct xsi:nil="true"/><APICase:certProgram xsi:nil="true"/><APICase:certVendorName xsi:nil="true"/><APICase:certVendorPortalId xsi:nil="true"/><APICase:certVendorProductName xsi:nil="true"/><APICase:certVendorProductPortalId xsi:nil="true"/><APICase:certVersion xsi:nil="true"/><APICase:collaborationScore>695.0</APICase:collaborationScore><APICase:comments><APICase:caseNumber>02470917</APICase:caseNumber><APICase:contentType>plaintext</APICase:contentType><APICase:createdBy>Mashalkar, Kumar</APICase:createdBy><APICase:createdByType>Associate</APICase:createdByType><APICase:createdDate>2020-06-29T12:21:33.000Z</APICase:createdDate><APICase:doNotChangeSBT>false</APICase:doNotChangeSBT><APICase:externalCommentHandlingSystem xsi:nil="true"/><APICase:hoursWorked xsi:nil="true"/><APICase:id>a0a2i000000VN1NAAW</APICase:id><APICase:isDraft>false</APICase:isDraft><APICase:isPublic>true</APICase:isPublic><APICase:lastModifiedBy>Mashalkar, Kumar</APICase:lastModifiedBy><APICase:lastModifiedByEmailAddress xsi:nil="true"/><APICase:lastModifiedByPersonType>Associate</APICase:lastModifiedByPersonType><APICase:lastModifiedDate>2020-06-29T12:21:33.000Z</APICase:lastModifiedDate><APICase:message xsi:nil="true"/><APICase:publishedDate>2020-06-29T12:21:33.000Z</APICase:publishedDate><APICase:returnCode xsi:nil="true"/><APICase:sharePrivateWithExternalTrackers xsi:nil="true"/><APICase:text>This is public comment</APICase:text><APICase:visibility xsi:nil="true"/></APICase:comments><APICase:comments><APICase:caseNumber>02470917</APICase:caseNumber><APICase:contentType>plaintext</APICase:contentType><APICase:createdBy>Mashalkar, Kumar</APICase:createdBy><APICase:createdByType>Associate</APICase:createdByType><APICase:createdDate>2020-06-29T12:18:28.000Z</APICase:createdDate><APICase:doNotChangeSBT>false</APICase:doNotChangeSBT><APICase:externalCommentHandlingSystem xsi:nil="true"/><APICase:hoursWorked xsi:nil="true"/><APICase:id>a0a2i000000VN1DAAW</APICase:id><APICase:isDraft>false</APICase:isDraft><APICase:isPublic>true</APICase:isPublic><APICase:lastModifiedBy>Mashalkar, Kumar</APICase:lastModifiedBy><APICase:lastModifiedByEmailAddress xsi:nil="true"/><APICase:lastModifiedByPersonType>Associate</APICase:lastModifiedByPersonType><APICase:lastModifiedDate>2020-06-29T12:18:28.000Z</APICase:lastModifiedDate><APICase:message xsi:nil="true"/><APICase:publishedDate>2020-06-29T12:18:28.000Z</APICase:publishedDate><APICase:returnCode xsi:nil="true"/><APICase:sharePrivateWithExternalTrackers xsi:nil="true"/><APICase:text>This is public comment</APICase:text><APICase:visibility xsi:nil="true"/></APICase:comments><APICase:comments><APICase:caseNumber>02470917</APICase:caseNumber><APICase:contentType>plaintext</APICase:contentType><APICase:createdBy>Mashalkar, Kumar</APICase:createdBy><APICase:createdByType>Associate</APICase:createdByType><APICase:createdDate>2020-06-29T12:12:08.000Z</APICase:createdDate><APICase:doNotChangeSBT>false</APICase:doNotChangeSBT><APICase:externalCommentHandlingSystem xsi:nil="true"/><APICase:hoursWorked xsi:nil="true"/><APICase:id>a0a2i000000VN18AAG</APICase:id><APICase:isDraft>false</APICase:isDraft><APICase:isPublic>true</APICase:isPublic><APICase:lastModifiedBy>Mashalkar, Kumar</APICase:lastModifiedBy><APICase:lastModifiedByEmailAddress xsi:nil="true"/><APICase:lastModifiedByPersonType>Associate</APICase:lastModifiedByPersonType><APICase:lastModifiedDate>2020-06-29T12:12:07.000Z</APICase:lastModifiedDate><APICase:message xsi:nil="true"/><APICase:publishedDate>2020-06-29T12:12:07.000Z</APICase:publishedDate><APICase:returnCode xsi:nil="true"/><APICase:sharePrivateWithExternalTrackers xsi:nil="true"/><APICase:text>This is public comment</APICase:text><APICase:visibility xsi:nil="true"/></APICase:comments><APICase:comments><APICase:caseNumber>02470917</APICase:caseNumber><APICase:contentType>plaintext</APICase:contentType><APICase:createdBy>Mashalkar, Kumar</APICase:createdBy><APICase:createdByType>Associate</APICase:createdByType><APICase:createdDate>2020-06-26T11:45:03.000Z</APICase:createdDate><APICase:doNotChangeSBT>false</APICase:doNotChangeSBT><APICase:externalCommentHandlingSystem xsi:nil="true"/><APICase:hoursWorked xsi:nil="true"/><APICase:id>a0a2i000000VMB5AAO</APICase:id><APICase:isDraft>false</APICase:isDraft><APICase:isPublic>true</APICase:isPublic><APICase:lastModifiedBy>Mashalkar, Kumar</APICase:lastModifiedBy><APICase:lastModifiedByEmailAddress xsi:nil="true"/><APICase:lastModifiedByPersonType>Associate</APICase:lastModifiedByPersonType><APICase:lastModifiedDate>2020-06-26T11:45:03.000Z</APICase:lastModifiedDate><APICase:message xsi:nil="true"/><APICase:publishedDate>2020-06-26T11:45:03.000Z</APICase:publishedDate><APICase:returnCode xsi:nil="true"/><APICase:sharePrivateWithExternalTrackers xsi:nil="true"/><APICase:text>This is public comment</APICase:text><APICase:visibility xsi:nil="true"/></APICase:comments><APICase:comments><APICase:caseNumber>02470917</APICase:caseNumber><APICase:contentType>plaintext</APICase:contentType><APICase:createdBy>Mashalkar, Kumar</APICase:createdBy><APICase:createdByType>Associate</APICase:createdByType><APICase:createdDate>2020-06-26T08:29:28.000Z</APICase:createdDate><APICase:doNotChangeSBT>false</APICase:doNotChangeSBT><APICase:externalCommentHandlingSystem xsi:nil="true"/><APICase:hoursWorked xsi:nil="true"/><APICase:id>a0a2i000000VMAgAAO</APICase:id><APICase:isDraft>false</APICase:isDraft><APICase:isPublic>true</APICase:isPublic><APICase:lastModifiedBy>Mashalkar, Kumar</APICase:lastModifiedBy><APICase:lastModifiedByEmailAddress xsi:nil="true"/><APICase:lastModifiedByPersonType>Associate</APICase:lastModifiedByPersonType><APICase:lastModifiedDate>2020-06-26T08:29:27.000Z</APICase:lastModifiedDate><APICase:message xsi:nil="true"/><APICase:publishedDate>2020-06-26T08:29:27.000Z</APICase:publishedDate><APICase:returnCode xsi:nil="true"/><APICase:sharePrivateWithExternalTrackers xsi:nil="true"/><APICase:text>This is public comment</APICase:text><APICase:visibility xsi:nil="true"/></APICase:comments><APICase:comments><APICase:caseNumber>02470917</APICase:caseNumber><APICase:contentType>plaintext</APICase:contentType><APICase:createdBy>Mashalkar, Kumar</APICase:createdBy><APICase:createdByType>Associate</APICase:createdByType><APICase:createdDate>2020-06-26T04:12:44.000Z</APICase:createdDate><APICase:doNotChangeSBT>false</APICase:doNotChangeSBT><APICase:externalCommentHandlingSystem xsi:nil="true"/><APICase:hoursWorked xsi:nil="true"/><APICase:id>a0a2i000000VM8VAAW</APICase:id><APICase:isDraft>false</APICase:isDraft><APICase:isPublic>true</APICase:isPublic><APICase:lastModifiedBy>Mashalkar, Kumar</APICase:lastModifiedBy><APICase:lastModifiedByEmailAddress xsi:nil="true"/><APICase:lastModifiedByPersonType>Associate</APICase:lastModifiedByPersonType><APICase:lastModifiedDate>2020-06-26T04:12:43.000Z</APICase:lastModifiedDate><APICase:message xsi:nil="true"/><APICase:publishedDate>2020-06-26T04:12:43.000Z</APICase:publishedDate><APICase:returnCode xsi:nil="true"/><APICase:sharePrivateWithExternalTrackers xsi:nil="true"/><APICase:text>This is public comment</APICase:text><APICase:visibility xsi:nil="true"/></APICase:comments><APICase:comments><APICase:caseNumber>02470917</APICase:caseNumber><APICase:contentType>plaintext</APICase:contentType><APICase:createdBy>Mishra, Mitesh</APICase:createdBy><APICase:createdByType>Associate</APICase:createdByType><APICase:createdDate>2020-06-26T04:05:42.000Z</APICase:createdDate><APICase:doNotChangeSBT>false</APICase:doNotChangeSBT><APICase:externalCommentHandlingSystem xsi:nil="true"/><APICase:hoursWorked xsi:nil="true"/><APICase:id>a0a2i000000VM8LAAW</APICase:id><APICase:isDraft>false</APICase:isDraft><APICase:isPublic>true</APICase:isPublic><APICase:lastModifiedBy>Mishra, Mitesh</APICase:lastModifiedBy><APICase:lastModifiedByEmailAddress xsi:nil="true"/><APICase:lastModifiedByPersonType>Associate</APICase:lastModifiedByPersonType><APICase:lastModifiedDate>2020-06-26T04:05:42.000Z</APICase:lastModifiedDate><APICase:message xsi:nil="true"/><APICase:publishedDate>2020-06-26T04:05:42.000Z</APICase:publishedDate><APICase:returnCode xsi:nil="true"/><APICase:sharePrivateWithExternalTrackers xsi:nil="true"/><APICase:text>comment for customer</APICase:text><APICase:visibility xsi:nil="true"/></APICase:comments><APICase:comments><APICase:caseNumber>02470917</APICase:caseNumber><APICase:contentType>plaintext</APICase:contentType><APICase:createdBy>Mishra, Mitesh</APICase:createdBy><APICase:createdByType>Associate</APICase:createdByType><APICase:createdDate>2020-06-26T04:01:47.000Z</APICase:createdDate><APICase:doNotChangeSBT>false</APICase:doNotChangeSBT><APICase:externalCommentHandlingSystem xsi:nil="true"/><APICase:hoursWorked xsi:nil="true"/><APICase:id>a0a2i000000VM8GAAW</APICase:id><APICase:isDraft>false</APICase:isDraft><APICase:isPublic>true</APICase:isPublic><APICase:lastModifiedBy>Mishra, Mitesh</APICase:lastModifiedBy><APICase:lastModifiedByEmailAddress xsi:nil="true"/><APICase:lastModifiedByPersonType>Associate</APICase:lastModifiedByPersonType><APICase:lastModifiedDate>2020-06-26T04:01:47.000Z</APICase:lastModifiedDate><APICase:message xsi:nil="true"/><APICase:publishedDate>2020-06-26T04:01:47.000Z</APICase:publishedDate><APICase:returnCode xsi:nil="true"/><APICase:sharePrivateWithExternalTrackers xsi:nil="true"/><APICase:text>comment to check mail is generated to customer as well</APICase:text><APICase:visibility xsi:nil="true"/></APICase:comments><APICase:comments><APICase:caseNumber>02470917</APICase:caseNumber><APICase:contentType>plaintext</APICase:contentType><APICase:createdBy>Mishra, Mitesh</APICase:createdBy><APICase:createdByType>Associate</APICase:createdByType><APICase:createdDate>2020-06-26T03:59:35.000Z</APICase:createdDate><APICase:doNotChangeSBT>false</APICase:doNotChangeSBT><APICase:externalCommentHandlingSystem xsi:nil="true"/><APICase:hoursWorked xsi:nil="true"/><APICase:id>a0a2i000000VM8BAAW</APICase:id><APICase:isDraft>false</APICase:isDraft><APICase:isPublic>true</APICase:isPublic><APICase:lastModifiedBy>Mishra, Mitesh</APICase:lastModifiedBy><APICase:lastModifiedByEmailAddress xsi:nil="true"/><APICase:lastModifiedByPersonType>Associate</APICase:lastModifiedByPersonType><APICase:lastModifiedDate>2020-06-26T03:59:34.000Z</APICase:lastModifiedDate><APICase:message xsi:nil="true"/><APICase:publishedDate>2020-06-26T03:59:34.000Z</APICase:publishedDate><APICase:returnCode xsi:nil="true"/><APICase:sharePrivateWithExternalTrackers xsi:nil="true"/><APICase:text>test comment</APICase:text><APICase:visibility xsi:nil="true"/></APICase:comments><APICase:comments><APICase:caseNumber>02470917</APICase:caseNumber><APICase:contentType>plaintext</APICase:contentType><APICase:createdBy>Mashalkar, Kumar</APICase:createdBy><APICase:createdByType>Associate</APICase:createdByType><APICase:createdDate>2020-06-25T18:50:15.000Z</APICase:createdDate><APICase:doNotChangeSBT>false</APICase:doNotChangeSBT><APICase:externalCommentHandlingSystem xsi:nil="true"/><APICase:hoursWorked xsi:nil="true"/><APICase:id>a0a2i000000VLv7AAG</APICase:id><APICase:isDraft>false</APICase:isDraft><APICase:isPublic>true</APICase:isPublic><APICase:lastModifiedBy>Mashalkar, Kumar</APICase:lastModifiedBy><APICase:lastModifiedByEmailAddress xsi:nil="true"/><APICase:lastModifiedByPersonType>Associate</APICase:lastModifiedByPersonType><APICase:lastModifiedDate>2020-06-25T18:50:14.000Z</APICase:lastModifiedDate><APICase:message xsi:nil="true"/><APICase:publishedDate>2020-06-25T18:50:14.000Z</APICase:publishedDate><APICase:returnCode xsi:nil="true"/><APICase:sharePrivateWithExternalTrackers xsi:nil="true"/><APICase:text>This is public comment</APICase:text><APICase:visibility xsi:nil="true"/></APICase:comments><APICase:comments><APICase:caseNumber>02470917</APICase:caseNumber><APICase:contentType>plaintext</APICase:contentType><APICase:createdBy>Mashalkar, Kumar</APICase:createdBy><APICase:createdByType>Associate</APICase:createdByType><APICase:createdDate>2020-06-25T18:13:25.000Z</APICase:createdDate><APICase:doNotChangeSBT>false</APICase:doNotChangeSBT><APICase:externalCommentHandlingSystem xsi:nil="true"/><APICase:hoursWorked xsi:nil="true"/><APICase:id>a0a2i000000VLu9AAG</APICase:id><APICase:isDraft>false</APICase:isDraft><APICase:isPublic>true</APICase:isPublic><APICase:lastModifiedBy>Mashalkar, Kumar</APICase:lastModifiedBy><APICase:lastModifiedByEmailAddress xsi:nil="true"/><APICase:lastModifiedByPersonType>Associate</APICase:lastModifiedByPersonType><APICase:lastModifiedDate>2020-06-25T18:13:24.000Z</APICase:lastModifiedDate><APICase:message xsi:nil="true"/><APICase:publishedDate>2020-06-25T18:13:24.000Z</APICase:publishedDate><APICase:returnCode xsi:nil="true"/><APICase:sharePrivateWithExternalTrackers xsi:nil="true"/><APICase:text>This is public comment</APICase:text><APICase:visibility xsi:nil="true"/></APICase:comments><APICase:comments><APICase:caseNumber>02470917</APICase:caseNumber><APICase:contentType>plaintext</APICase:contentType><APICase:createdBy>Mashalkar, Kumar</APICase:createdBy><APICase:createdByType>Associate</APICase:createdByType><APICase:createdDate>2020-06-25T17:44:37.000Z</APICase:createdDate><APICase:doNotChangeSBT>false</APICase:doNotChangeSBT><APICase:externalCommentHandlingSystem xsi:nil="true"/><APICase:hoursWorked xsi:nil="true"/><APICase:id>a0a2i000000VLtzAAG</APICase:id><APICase:isDraft>false</APICase:isDraft><APICase:isPublic>true</APICase:isPublic><APICase:lastModifiedBy>Mashalkar, Kumar</APICase:lastModifiedBy><APICase:lastModifiedByEmailAddress xsi:nil="true"/><APICase:lastModifiedByPersonType>Associate</APICase:lastModifiedByPersonType><APICase:lastModifiedDate>2020-06-25T17:44:36.000Z</APICase:lastModifiedDate><APICase:message xsi:nil="true"/><APICase:publishedDate>2020-06-25T17:44:36.000Z</APICase:publishedDate><APICase:returnCode xsi:nil="true"/><APICase:sharePrivateWithExternalTrackers xsi:nil="true"/><APICase:text>This is a test comment</APICase:text><APICase:visibility xsi:nil="true"/></APICase:comments><APICase:comments><APICase:caseNumber>02470917</APICase:caseNumber><APICase:contentType>plaintext</APICase:contentType><APICase:createdBy>Mashalkar, Kumar</APICase:createdBy><APICase:createdByType>Associate</APICase:createdByType><APICase:createdDate>2020-06-19T15:52:24.000Z</APICase:createdDate><APICase:doNotChangeSBT>false</APICase:doNotChangeSBT><APICase:externalCommentHandlingSystem xsi:nil="true"/><APICase:hoursWorked xsi:nil="true"/><APICase:id>a0a2i000000VG1XAAW</APICase:id><APICase:isDraft>false</APICase:isDraft><APICase:isPublic>false</APICase:isPublic><APICase:lastModifiedBy>Mashalkar, Kumar</APICase:lastModifiedBy><APICase:lastModifiedByEmailAddress xsi:nil="true"/><APICase:lastModifiedByPersonType>Associate</APICase:lastModifiedByPersonType><APICase:lastModifiedDate>2020-06-19T15:52:24.000Z</APICase:lastModifiedDate><APICase:message xsi:nil="true"/><APICase:publishedDate>2020-06-19T15:52:24.000Z</APICase:publishedDate><APICase:returnCode xsi:nil="true"/><APICase:sharePrivateWithExternalTrackers xsi:nil="true"/><APICase:text>This is private comment</APICase:text><APICase:visibility xsi:nil="true"/></APICase:comments><APICase:comments><APICase:caseNumber>02470917</APICase:caseNumber><APICase:contentType>plaintext</APICase:contentType><APICase:createdBy>Mashalkar, Kumar</APICase:createdBy><APICase:createdByType>Associate</APICase:createdByType><APICase:createdDate>2020-06-19T15:40:45.000Z</APICase:createdDate><APICase:doNotChangeSBT>false</APICase:doNotChangeSBT><APICase:externalCommentHandlingSystem xsi:nil="true"/><APICase:hoursWorked xsi:nil="true"/><APICase:id>a0a2i000000VG1SAAW</APICase:id><APICase:isDraft>false</APICase:isDraft><APICase:isPublic>true</APICase:isPublic><APICase:lastModifiedBy>Mashalkar, Kumar</APICase:lastModifiedBy><APICase:lastModifiedByEmailAddress xsi:nil="true"/><APICase:lastModifiedByPersonType>Associate</APICase:lastModifiedByPersonType><APICase:lastModifiedDate>2020-06-19T15:40:45.000Z</APICase:lastModifiedDate><APICase:message xsi:nil="true"/><APICase:publishedDate>2020-06-19T15:40:45.000Z</APICase:publishedDate><APICase:returnCode xsi:nil="true"/><APICase:sharePrivateWithExternalTrackers xsi:nil="true"/><APICase:text>This is public comment</APICase:text><APICase:visibility xsi:nil="true"/></APICase:comments><APICase:contactInfo24x7 xsi:nil="true"/><APICase:contactIsPartner>false</APICase:contactIsPartner><APICase:contactName>David Tse</APICase:contactName><APICase:contacts><APICase:canAccessAllAccounts>false</APICase:canAccessAllAccounts><APICase:canAddAttachments>true</APICase:canAddAttachments><APICase:canSeeDashboard>true</APICase:canSeeDashboard><APICase:defaultGroupName xsi:nil="true"/><APICase:defaultGroupNumber xsi:nil="true"/><APICase:email>gss-sfdc+qa+wophoon@redhat.com</APICase:email><APICase:firstName>Woh Shon</APICase:firstName><APICase:hasChat>false</APICase:hasChat><APICase:hasUser>false</APICase:hasUser><APICase:id>003A000001nOpcXIAS</APICase:id><APICase:isInternal>false</APICase:isInternal><APICase:isOrgAdmin>false</APICase:isOrgAdmin><APICase:isSecured>true</APICase:isSecured><APICase:isSecureSupportTech>false</APICase:isSecureSupportTech><APICase:lastName>Phoon</APICase:lastName><APICase:message xsi:nil="true"/><APICase:name>Woh Shon Phoon</APICase:name><APICase:normalizedTimezone>Asia/Hong_Kong</APICase:normalizedTimezone><APICase:phone>65 9683 0675</APICase:phone><APICase:returnCode xsi:nil="true"/><APICase:sessionId xsi:nil="true"/><APICase:ssoName xsi:nil="true"/><APICase:timezone>(GMT+08:00) Hong Kong Time (Asia/Hong_Kong)</APICase:timezone></APICase:contacts><APICase:contactSSOName>dtse@redhat.com</APICase:contactSSOName><APICase:createdBy>Kumar Mashalkar</APICase:createdBy><APICase:createdBySSOName>gss-tools</APICase:createdBySSOName><APICase:createdDate>2020-06-11T09:48:35.000Z</APICase:createdDate><APICase:critSit>false</APICase:critSit><APICase:customerEscalation>false</APICase:customerEscalation><APICase:customerIntelligenceLink xsi:nil="true"/><APICase:customerNotes xsi:nil="true"/><APICase:description>Test for automation</APICase:description><APICase:enhancedSLA>false</APICase:enhancedSLA><APICase:entitlementId>5502i0000006mxdAAA</APICase:entitlementId><APICase:environment xsi:nil="true"/><APICase:externalLock>false</APICase:externalLock><APICase:externalLockBy xsi:nil="true"/><APICase:externalLockDate xsi:nil="true"/><APICase:firstCaseInactivityWarningSentAt xsi:nil="true"/><APICase:FTS>false</APICase:FTS><APICase:groupName xsi:nil="true"/><APICase:groupNumber xsi:nil="true"/><APICase:handledByAscension>false</APICase:handledByAscension><APICase:hasEnhancedDelivery>false</APICase:hasEnhancedDelivery><APICase:hostname xsi:nil="true"/><APICase:hotfixDelivered>false</APICase:hotfixDelivered><APICase:hotfixRequested>false</APICase:hotfixRequested><APICase:id>5002i0000034NPSAA2</APICase:id><APICase:internalLastModifiedDate>2020-06-29T13:15:59.000Z</APICase:internalLastModifiedDate><APICase:internalpriority xsi:nil="true"/><APICase:internalstatus>Waiting on QA</APICase:internalstatus><APICase:isCertification>false</APICase:isCertification><APICase:isClosed>false</APICase:isClosed><APICase:isFTSHandoverReady>false</APICase:isFTSHandoverReady><APICase:isPoc>false</APICase:isPoc><APICase:isPrivate>false</APICase:isPrivate><APICase:isReviewed>false</APICase:isReviewed><APICase:isStrategicAccount>true</APICase:isStrategicAccount><APICase:issue xsi:nil="true"/><APICase:itar>false</APICase:itar><APICase:language>en</APICase:language><APICase:lastModifiedBy>Mitesh Mishra</APICase:lastModifiedBy><APICase:lastModifiedDate>2020-06-29T13:15:48.000Z</APICase:lastModifiedDate><APICase:ltrocClosed>false</APICase:ltrocClosed><APICase:ltrocClosedSet>false</APICase:ltrocClosedSet><APICase:managementEscalationRequested>false</APICase:managementEscalationRequested><APICase:message xsi:nil="true"/><APICase:needsNewOwner xsi:nil="true"/><APICase:noAutomationForAccount>false</APICase:noAutomationForAccount><APICase:noAutomationForCase>false</APICase:noAutomationForCase><APICase:noAutomationForCaseGroup xsi:nil="true"/><APICase:noLinkedKCSReason xsi:nil="true"/><APICase:noLinkedKCSReasonExplanation xsi:nil="true"/><APICase:openshiftClusterId xsi:nil="true"/><APICase:origin>Phone</APICase:origin><APICase:owner>Kumar Mashalkar</APICase:owner><APICase:periodicityOfIssue xsi:nil="true"/><APICase:premiumPlus>false</APICase:premiumPlus><APICase:priorityScore>695.0</APICase:priorityScore><APICase:proactive>false</APICase:proactive><APICase:proactiveEndDate xsi:nil="true"/><APICase:proactiveStartDate xsi:nil="true"/><APICase:product>OpenShift Container Platform</APICase:product><APICase:pseCase>false</APICase:pseCase><APICase:recordTypeName>GSS Case Record Type</APICase:recordTypeName><APICase:reliefAt xsi:nil="true"/><APICase:remoteSessionTermsAcked>false</APICase:remoteSessionTermsAcked><APICase:remoteSessionTermsAckedBy xsi:nil="true"/><APICase:remoteSessionTermsAckedDate xsi:nil="true"/><APICase:remoteSessionTermsAgreementLevel xsi:nil="true"/><APICase:resolution xsi:nil="true"/><APICase:resolutionDescription xsi:nil="true"/><APICase:resolvedAt xsi:nil="true"/><APICase:returnCode>200</APICase:returnCode><APICase:sbrGroups>API Mgmt</APICase:sbrGroups><APICase:secondCaseInactivityWarningSentAt xsi:nil="true"/><APICase:severity>4 (Low)</APICase:severity><APICase:sla>PREMIUM</APICase:sla><APICase:sparseCaseNotifications>false</APICase:sparseCaseNotifications><APICase:status>Waiting on Red Hat</APICase:status><APICase:summary>This case is test of automation</APICase:summary><APICase:suppliedEmail xsi:nil="true"/><APICase:suppliedName xsi:nil="true"/><APICase:suppliedPhone xsi:nil="true"/><APICase:timeFramesAndUrgency xsi:nil="true"/><APICase:transcripts xsi:nil="true"/><APICase:translationNotRequired>false</APICase:translationNotRequired><APICase:userAgent>Internal</APICase:userAgent><APICase:version>3.10</APICase:version><APICase:waitingOnCallback>false</APICase:waitingOnCallback></result></getCaseResponse></soapenv:Body></soapenv:Envelope>
[#document: null]
APICase:status
APICase:status
Waiting on Red Hat
&amp#27;[34mWaiting on Red Hat&amp#27;[0m
<?xml version="1.0" encoding="UTF-8"?><soapenv:Envelope xmlns:soapenv="http://schemas.xmlsoap.org/soap/envelope/" xmlns="http://soap.sforce.com/schemas/class/CaseAPI" xmlns:APICase="http://soap.sforce.com/schemas/class/APIUtils" xmlns:xsi="http://www.w3.org/2001/XMLSchema-instance"><soapenv:Body><getCaseResponse><result><APICase:abandonCase xsi:nil="true"/><APICase:accountNumber>1460290</APICase:accountNumber><APICase:actionPlan xsi:nil="true"/><APICase:alternateId xsi:nil="true"/><APICase:attachments xsi:nil="true"/><APICase:bugs><APICase:message xsi:nil="true"/><APICase:returnCode xsi:nil="true"/></APICase:bugs><APICase:caseAutomationEnabled>true</APICase:caseAutomationEnabled><APICase:caseCreationSessionId xsi:nil="true"/><APICase:caseNumber>02470917</APICase:caseNumber><APICase:caseResourceLinks><APICase:message xsi:nil="true"/><APICase:returnCode xsi:nil="true"/></APICase:caseResourceLinks><APICase:caseSummary xsi:nil="true"/><APICase:caseType>Other</APICase:caseType><APICase:cep>false</APICase:cep><APICase:certArchitecture xsi:nil="true"/><APICase:certCategory xsi:nil="true"/><APICase:certContainerProjectId xsi:nil="true"/><APICase:certExceptionGranted xsi:nil="true"/><APICase:certIsPrivate xsi:nil="true"/><APICase:certNeedException xsi:nil="true"/><APICase:certPortalId xsi:nil="true"/><APICase:certProduct xsi:nil="true"/><APICase:certProgram xsi:nil="true"/><APICase:certVendorName xsi:nil="true"/><APICase:certVendorPortalId xsi:nil="true"/><APICase:certVendorProductName xsi:nil="true"/><APICase:certVendorProductPortalId xsi:nil="true"/><APICase:certVersion xsi:nil="true"/><APICase:collaborationScore>695.0</APICase:collaborationScore><APICase:comments><APICase:caseNumber>02470917</APICase:caseNumber><APICase:contentType>plaintext</APICase:contentType><APICase:createdBy>Mashalkar, Kumar</APICase:createdBy><APICase:createdByType>Associate</APICase:createdByType><APICase:createdDate>2020-06-29T12:21:33.000Z</APICase:createdDate><APICase:doNotChangeSBT>false</APICase:doNotChangeSBT><APICase:externalCommentHandlingSystem xsi:nil="true"/><APICase:hoursWorked xsi:nil="true"/><APICase:id>a0a2i000000VN1NAAW</APICase:id><APICase:isDraft>false</APICase:isDraft><APICase:isPublic>true</APICase:isPublic><APICase:lastModifiedBy>Mashalkar, Kumar</APICase:lastModifiedBy><APICase:lastModifiedByEmailAddress xsi:nil="true"/><APICase:lastModifiedByPersonType>Associate</APICase:lastModifiedByPersonType><APICase:lastModifiedDate>2020-06-29T12:21:33.000Z</APICase:lastModifiedDate><APICase:message xsi:nil="true"/><APICase:publishedDate>2020-06-29T12:21:33.000Z</APICase:publishedDate><APICase:returnCode xsi:nil="true"/><APICase:sharePrivateWithExternalTrackers xsi:nil="true"/><APICase:text>This is public comment</APICase:text><APICase:visibility xsi:nil="true"/></APICase:comments><APICase:comments><APICase:caseNumber>02470917</APICase:caseNumber><APICase:contentType>plaintext</APICase:contentType><APICase:createdBy>Mashalkar, Kumar</APICase:createdBy><APICase:createdByType>Associate</APICase:createdByType><APICase:createdDate>2020-06-29T12:18:28.000Z</APICase:createdDate><APICase:doNotChangeSBT>false</APICase:doNotChangeSBT><APICase:externalCommentHandlingSystem xsi:nil="true"/><APICase:hoursWorked xsi:nil="true"/><APICase:id>a0a2i000000VN1DAAW</APICase:id><APICase:isDraft>false</APICase:isDraft><APICase:isPublic>true</APICase:isPublic><APICase:lastModifiedBy>Mashalkar, Kumar</APICase:lastModifiedBy><APICase:lastModifiedByEmailAddress xsi:nil="true"/><APICase:lastModifiedByPersonType>Associate</APICase:lastModifiedByPersonType><APICase:lastModifiedDate>2020-06-29T12:18:28.000Z</APICase:lastModifiedDate><APICase:message xsi:nil="true"/><APICase:publishedDate>2020-06-29T12:18:28.000Z</APICase:publishedDate><APICase:returnCode xsi:nil="true"/><APICase:sharePrivateWithExternalTrackers xsi:nil="true"/><APICase:text>This is public comment</APICase:text><APICase:visibility xsi:nil="true"/></APICase:comments><APICase:comments><APICase:caseNumber>02470917</APICase:caseNumber><APICase:contentType>plaintext</APICase:contentType><APICase:createdBy>Mashalkar, Kumar</APICase:createdBy><APICase:createdByType>Associate</APICase:createdByType><APICase:createdDate>2020-06-29T12:12:08.000Z</APICase:createdDate><APICase:doNotChangeSBT>false</APICase:doNotChangeSBT><APICase:externalCommentHandlingSystem xsi:nil="true"/><APICase:hoursWorked xsi:nil="true"/><APICase:id>a0a2i000000VN18AAG</APICase:id><APICase:isDraft>false</APICase:isDraft><APICase:isPublic>true</APICase:isPublic><APICase:lastModifiedBy>Mashalkar, Kumar</APICase:lastModifiedBy><APICase:lastModifiedByEmailAddress xsi:nil="true"/><APICase:lastModifiedByPersonType>Associate</APICase:lastModifiedByPersonType><APICase:lastModifiedDate>2020-06-29T12:12:07.000Z</APICase:lastModifiedDate><APICase:message xsi:nil="true"/><APICase:publishedDate>2020-06-29T12:12:07.000Z</APICase:publishedDate><APICase:returnCode xsi:nil="true"/><APICase:sharePrivateWithExternalTrackers xsi:nil="true"/><APICase:text>This is public comment</APICase:text><APICase:visibility xsi:nil="true"/></APICase:comments><APICase:comments><APICase:caseNumber>02470917</APICase:caseNumber><APICase:contentType>plaintext</APICase:contentType><APICase:createdBy>Mashalkar, Kumar</APICase:createdBy><APICase:createdByType>Associate</APICase:createdByType><APICase:createdDate>2020-06-26T11:45:03.000Z</APICase:createdDate><APICase:doNotChangeSBT>false</APICase:doNotChangeSBT><APICase:externalCommentHandlingSystem xsi:nil="true"/><APICase:hoursWorked xsi:nil="true"/><APICase:id>a0a2i000000VMB5AAO</APICase:id><APICase:isDraft>false</APICase:isDraft><APICase:isPublic>true</APICase:isPublic><APICase:lastModifiedBy>Mashalkar, Kumar</APICase:lastModifiedBy><APICase:lastModifiedByEmailAddress xsi:nil="true"/><APICase:lastModifiedByPersonType>Associate</APICase:lastModifiedByPersonType><APICase:lastModifiedDate>2020-06-26T11:45:03.000Z</APICase:lastModifiedDate><APICase:message xsi:nil="true"/><APICase:publishedDate>2020-06-26T11:45:03.000Z</APICase:publishedDate><APICase:returnCode xsi:nil="true"/><APICase:sharePrivateWithExternalTrackers xsi:nil="true"/><APICase:text>This is public comment</APICase:text><APICase:visibility xsi:nil="true"/></APICase:comments><APICase:comments><APICase:caseNumber>02470917</APICase:caseNumber><APICase:contentType>plaintext</APICase:contentType><APICase:createdBy>Mashalkar, Kumar</APICase:createdBy><APICase:createdByType>Associate</APICase:createdByType><APICase:createdDate>2020-06-26T08:29:28.000Z</APICase:createdDate><APICase:doNotChangeSBT>false</APICase:doNotChangeSBT><APICase:externalCommentHandlingSystem xsi:nil="true"/><APICase:hoursWorked xsi:nil="true"/><APICase:id>a0a2i000000VMAgAAO</APICase:id><APICase:isDraft>false</APICase:isDraft><APICase:isPublic>true</APICase:isPublic><APICase:lastModifiedBy>Mashalkar, Kumar</APICase:lastModifiedBy><APICase:lastModifiedByEmailAddress xsi:nil="true"/><APICase:lastModifiedByPersonType>Associate</APICase:lastModifiedByPersonType><APICase:lastModifiedDate>2020-06-26T08:29:27.000Z</APICase:lastModifiedDate><APICase:message xsi:nil="true"/><APICase:publishedDate>2020-06-26T08:29:27.000Z</APICase:publishedDate><APICase:returnCode xsi:nil="true"/><APICase:sharePrivateWithExternalTrackers xsi:nil="true"/><APICase:text>This is public comment</APICase:text><APICase:visibility xsi:nil="true"/></APICase:comments><APICase:comments><APICase:caseNumber>02470917</APICase:caseNumber><APICase:contentType>plaintext</APICase:contentType><APICase:createdBy>Mashalkar, Kumar</APICase:createdBy><APICase:createdByType>Associate</APICase:createdByType><APICase:createdDate>2020-06-26T04:12:44.000Z</APICase:createdDate><APICase:doNotChangeSBT>false</APICase:doNotChangeSBT><APICase:externalCommentHandlingSystem xsi:nil="true"/><APICase:hoursWorked xsi:nil="true"/><APICase:id>a0a2i000000VM8VAAW</APICase:id><APICase:isDraft>false</APICase:isDraft><APICase:isPublic>true</APICase:isPublic><APICase:lastModifiedBy>Mashalkar, Kumar</APICase:lastModifiedBy><APICase:lastModifiedByEmailAddress xsi:nil="true"/><APICase:lastModifiedByPersonType>Associate</APICase:lastModifiedByPersonType><APICase:lastModifiedDate>2020-06-26T04:12:43.000Z</APICase:lastModifiedDate><APICase:message xsi:nil="true"/><APICase:publishedDate>2020-06-26T04:12:43.000Z</APICase:publishedDate><APICase:returnCode xsi:nil="true"/><APICase:sharePrivateWithExternalTrackers xsi:nil="true"/><APICase:text>This is public comment</APICase:text><APICase:visibility xsi:nil="true"/></APICase:comments><APICase:comments><APICase:caseNumber>02470917</APICase:caseNumber><APICase:contentType>plaintext</APICase:contentType><APICase:createdBy>Mishra, Mitesh</APICase:createdBy><APICase:createdByType>Associate</APICase:createdByType><APICase:createdDate>2020-06-26T04:05:42.000Z</APICase:createdDate><APICase:doNotChangeSBT>false</APICase:doNotChangeSBT><APICase:externalCommentHandlingSystem xsi:nil="true"/><APICase:hoursWorked xsi:nil="true"/><APICase:id>a0a2i000000VM8LAAW</APICase:id><APICase:isDraft>false</APICase:isDraft><APICase:isPublic>true</APICase:isPublic><APICase:lastModifiedBy>Mishra, Mitesh</APICase:lastModifiedBy><APICase:lastModifiedByEmailAddress xsi:nil="true"/><APICase:lastModifiedByPersonType>Associate</APICase:lastModifiedByPersonType><APICase:lastModifiedDate>2020-06-26T04:05:42.000Z</APICase:lastModifiedDate><APICase:message xsi:nil="true"/><APICase:publishedDate>2020-06-26T04:05:42.000Z</APICase:publishedDate><APICase:returnCode xsi:nil="true"/><APICase:sharePrivateWithExternalTrackers xsi:nil="true"/><APICase:text>comment for customer</APICase:text><APICase:visibility xsi:nil="true"/></APICase:comments><APICase:comments><APICase:caseNumber>02470917</APICase:caseNumber><APICase:contentType>plaintext</APICase:contentType><APICase:createdBy>Mishra, Mitesh</APICase:createdBy><APICase:createdByType>Associate</APICase:createdByType><APICase:createdDate>2020-06-26T04:01:47.000Z</APICase:createdDate><APICase:doNotChangeSBT>false</APICase:doNotChangeSBT><APICase:externalCommentHandlingSystem xsi:nil="true"/><APICase:hoursWorked xsi:nil="true"/><APICase:id>a0a2i000000VM8GAAW</APICase:id><APICase:isDraft>false</APICase:isDraft><APICase:isPublic>true</APICase:isPublic><APICase:lastModifiedBy>Mishra, Mitesh</APICase:lastModifiedBy><APICase:lastModifiedByEmailAddress xsi:nil="true"/><APICase:lastModifiedByPersonType>Associate</APICase:lastModifiedByPersonType><APICase:lastModifiedDate>2020-06-26T04:01:47.000Z</APICase:lastModifiedDate><APICase:message xsi:nil="true"/><APICase:publishedDate>2020-06-26T04:01:47.000Z</APICase:publishedDate><APICase:returnCode xsi:nil="true"/><APICase:sharePrivateWithExternalTrackers xsi:nil="true"/><APICase:text>comment to check mail is generated to customer as well</APICase:text><APICase:visibility xsi:nil="true"/></APICase:comments><APICase:comments><APICase:caseNumber>02470917</APICase:caseNumber><APICase:contentType>plaintext</APICase:contentType><APICase:createdBy>Mishra, Mitesh</APICase:createdBy><APICase:createdByType>Associate</APICase:createdByType><APICase:createdDate>2020-06-26T03:59:35.000Z</APICase:createdDate><APICase:doNotChangeSBT>false</APICase:doNotChangeSBT><APICase:externalCommentHandlingSystem xsi:nil="true"/><APICase:hoursWorked xsi:nil="true"/><APICase:id>a0a2i000000VM8BAAW</APICase:id><APICase:isDraft>false</APICase:isDraft><APICase:isPublic>true</APICase:isPublic><APICase:lastModifiedBy>Mishra, Mitesh</APICase:lastModifiedBy><APICase:lastModifiedByEmailAddress xsi:nil="true"/><APICase:lastModifiedByPersonType>Associate</APICase:lastModifiedByPersonType><APICase:lastModifiedDate>2020-06-26T03:59:34.000Z</APICase:lastModifiedDate><APICase:message xsi:nil="true"/><APICase:publishedDate>2020-06-26T03:59:34.000Z</APICase:publishedDate><APICase:returnCode xsi:nil="true"/><APICase:sharePrivateWithExternalTrackers xsi:nil="true"/><APICase:text>test comment</APICase:text><APICase:visibility xsi:nil="true"/></APICase:comments><APICase:comments><APICase:caseNumber>02470917</APICase:caseNumber><APICase:contentType>plaintext</APICase:contentType><APICase:createdBy>Mashalkar, Kumar</APICase:createdBy><APICase:createdByType>Associate</APICase:createdByType><APICase:createdDate>2020-06-25T18:50:15.000Z</APICase:createdDate><APICase:doNotChangeSBT>false</APICase:doNotChangeSBT><APICase:externalCommentHandlingSystem xsi:nil="true"/><APICase:hoursWorked xsi:nil="true"/><APICase:id>a0a2i000000VLv7AAG</APICase:id><APICase:isDraft>false</APICase:isDraft><APICase:isPublic>true</APICase:isPublic><APICase:lastModifiedBy>Mashalkar, Kumar</APICase:lastModifiedBy><APICase:lastModifiedByEmailAddress xsi:nil="true"/><APICase:lastModifiedByPersonType>Associate</APICase:lastModifiedByPersonType><APICase:lastModifiedDate>2020-06-25T18:50:14.000Z</APICase:lastModifiedDate><APICase:message xsi:nil="true"/><APICase:publishedDate>2020-06-25T18:50:14.000Z</APICase:publishedDate><APICase:returnCode xsi:nil="true"/><APICase:sharePrivateWithExternalTrackers xsi:nil="true"/><APICase:text>This is public comment</APICase:text><APICase:visibility xsi:nil="true"/></APICase:comments><APICase:comments><APICase:caseNumber>02470917</APICase:caseNumber><APICase:contentType>plaintext</APICase:contentType><APICase:createdBy>Mashalkar, Kumar</APICase:createdBy><APICase:createdByType>Associate</APICase:createdByType><APICase:createdDate>2020-06-25T18:13:25.000Z</APICase:createdDate><APICase:doNotChangeSBT>false</APICase:doNotChangeSBT><APICase:externalCommentHandlingSystem xsi:nil="true"/><APICase:hoursWorked xsi:nil="true"/><APICase:id>a0a2i000000VLu9AAG</APICase:id><APICase:isDraft>false</APICase:isDraft><APICase:isPublic>true</APICase:isPublic><APICase:lastModifiedBy>Mashalkar, Kumar</APICase:lastModifiedBy><APICase:lastModifiedByEmailAddress xsi:nil="true"/><APICase:lastModifiedByPersonType>Associate</APICase:lastModifiedByPersonType><APICase:lastModifiedDate>2020-06-25T18:13:24.000Z</APICase:lastModifiedDate><APICase:message xsi:nil="true"/><APICase:publishedDate>2020-06-25T18:13:24.000Z</APICase:publishedDate><APICase:returnCode xsi:nil="true"/><APICase:sharePrivateWithExternalTrackers xsi:nil="true"/><APICase:text>This is public comment</APICase:text><APICase:visibility xsi:nil="true"/></APICase:comments><APICase:comments><APICase:caseNumber>02470917</APICase:caseNumber><APICase:contentType>plaintext</APICase:contentType><APICase:createdBy>Mashalkar, Kumar</APICase:createdBy><APICase:createdByType>Associate</APICase:createdByType><APICase:createdDate>2020-06-25T17:44:37.000Z</APICase:createdDate><APICase:doNotChangeSBT>false</APICase:doNotChangeSBT><APICase:externalCommentHandlingSystem xsi:nil="true"/><APICase:hoursWorked xsi:nil="true"/><APICase:id>a0a2i000000VLtzAAG</APICase:id><APICase:isDraft>false</APICase:isDraft><APICase:isPublic>true</APICase:isPublic><APICase:lastModifiedBy>Mashalkar, Kumar</APICase:lastModifiedBy><APICase:lastModifiedByEmailAddress xsi:nil="true"/><APICase:lastModifiedByPersonType>Associate</APICase:lastModifiedByPersonType><APICase:lastModifiedDate>2020-06-25T17:44:36.000Z</APICase:lastModifiedDate><APICase:message xsi:nil="true"/><APICase:publishedDate>2020-06-25T17:44:36.000Z</APICase:publishedDate><APICase:returnCode xsi:nil="true"/><APICase:sharePrivateWithExternalTrackers xsi:nil="true"/><APICase:text>This is a test comment</APICase:text><APICase:visibility xsi:nil="true"/></APICase:comments><APICase:comments><APICase:caseNumber>02470917</APICase:caseNumber><APICase:contentType>plaintext</APICase:contentType><APICase:createdBy>Mashalkar, Kumar</APICase:createdBy><APICase:createdByType>Associate</APICase:createdByType><APICase:createdDate>2020-06-19T15:52:24.000Z</APICase:createdDate><APICase:doNotChangeSBT>false</APICase:doNotChangeSBT><APICase:externalCommentHandlingSystem xsi:nil="true"/><APICase:hoursWorked xsi:nil="true"/><APICase:id>a0a2i000000VG1XAAW</APICase:id><APICase:isDraft>false</APICase:isDraft><APICase:isPublic>false</APICase:isPublic><APICase:lastModifiedBy>Mashalkar, Kumar</APICase:lastModifiedBy><APICase:lastModifiedByEmailAddress xsi:nil="true"/><APICase:lastModifiedByPersonType>Associate</APICase:lastModifiedByPersonType><APICase:lastModifiedDate>2020-06-19T15:52:24.000Z</APICase:lastModifiedDate><APICase:message xsi:nil="true"/><APICase:publishedDate>2020-06-19T15:52:24.000Z</APICase:publishedDate><APICase:returnCode xsi:nil="true"/><APICase:sharePrivateWithExternalTrackers xsi:nil="true"/><APICase:text>This is private comment</APICase:text><APICase:visibility xsi:nil="true"/></APICase:comments><APICase:comments><APICase:caseNumber>02470917</APICase:caseNumber><APICase:contentType>plaintext</APICase:contentType><APICase:createdBy>Mashalkar, Kumar</APICase:createdBy><APICase:createdByType>Associate</APICase:createdByType><APICase:createdDate>2020-06-19T15:40:45.000Z</APICase:createdDate><APICase:doNotChangeSBT>false</APICase:doNotChangeSBT><APICase:externalCommentHandlingSystem xsi:nil="true"/><APICase:hoursWorked xsi:nil="true"/><APICase:id>a0a2i000000VG1SAAW</APICase:id><APICase:isDraft>false</APICase:isDraft><APICase:isPublic>true</APICase:isPublic><APICase:lastModifiedBy>Mashalkar, Kumar</APICase:lastModifiedBy><APICase:lastModifiedByEmailAddress xsi:nil="true"/><APICase:lastModifiedByPersonType>Associate</APICase:lastModifiedByPersonType><APICase:lastModifiedDate>2020-06-19T15:40:45.000Z</APICase:lastModifiedDate><APICase:message xsi:nil="true"/><APICase:publishedDate>2020-06-19T15:40:45.000Z</APICase:publishedDate><APICase:returnCode xsi:nil="true"/><APICase:sharePrivateWithExternalTrackers xsi:nil="true"/><APICase:text>This is public comment</APICase:text><APICase:visibility xsi:nil="true"/></APICase:comments><APICase:contactInfo24x7 xsi:nil="true"/><APICase:contactIsPartner>false</APICase:contactIsPartner><APICase:contactName>David Tse</APICase:contactName><APICase:contacts><APICase:canAccessAllAccounts>false</APICase:canAccessAllAccounts><APICase:canAddAttachments>true</APICase:canAddAttachments><APICase:canSeeDashboard>true</APICase:canSeeDashboard><APICase:defaultGroupName xsi:nil="true"/><APICase:defaultGroupNumber xsi:nil="true"/><APICase:email>gss-sfdc+qa+wophoon@redhat.com</APICase:email><APICase:firstName>Woh Shon</APICase:firstName><APICase:hasChat>false</APICase:hasChat><APICase:hasUser>false</APICase:hasUser><APICase:id>003A000001nOpcXIAS</APICase:id><APICase:isInternal>false</APICase:isInternal><APICase:isOrgAdmin>false</APICase:isOrgAdmin><APICase:isSecured>true</APICase:isSecured><APICase:isSecureSupportTech>false</APICase:isSecureSupportTech><APICase:lastName>Phoon</APICase:lastName><APICase:message xsi:nil="true"/><APICase:name>Woh Shon Phoon</APICase:name><APICase:normalizedTimezone>Asia/Hong_Kong</APICase:normalizedTimezone><APICase:phone>65 9683 0675</APICase:phone><APICase:returnCode xsi:nil="true"/><APICase:sessionId xsi:nil="true"/><APICase:ssoName xsi:nil="true"/><APICase:timezone>(GMT+08:00) Hong Kong Time (Asia/Hong_Kong)</APICase:timezone></APICase:contacts><APICase:contactSSOName>dtse@redhat.com</APICase:contactSSOName><APICase:createdBy>Kumar Mashalkar</APICase:createdBy><APICase:createdBySSOName>gss-tools</APICase:createdBySSOName><APICase:createdDate>2020-06-11T09:48:35.000Z</APICase:createdDate><APICase:critSit>false</APICase:critSit><APICase:customerEscalation>false</APICase:customerEscalation><APICase:customerIntelligenceLink xsi:nil="true"/><APICase:customerNotes xsi:nil="true"/><APICase:description>Test for automation</APICase:description><APICase:enhancedSLA>false</APICase:enhancedSLA><APICase:entitlementId>5502i0000006mxdAAA</APICase:entitlementId><APICase:environment xsi:nil="true"/><APICase:externalLock>false</APICase:externalLock><APICase:externalLockBy xsi:nil="true"/><APICase:externalLockDate xsi:nil="true"/><APICase:firstCaseInactivityWarningSentAt xsi:nil="true"/><APICase:FTS>false</APICase:FTS><APICase:groupName xsi:nil="true"/><APICase:groupNumber xsi:nil="true"/><APICase:handledByAscension>false</APICase:handledByAscension><APICase:hasEnhancedDelivery>false</APICase:hasEnhancedDelivery><APICase:hostname xsi:nil="true"/><APICase:hotfixDelivered>false</APICase:hotfixDelivered><APICase:hotfixRequested>false</APICase:hotfixRequested><APICase:id>5002i0000034NPSAA2</APICase:id><APICase:internalLastModifiedDate>2020-06-29T13:15:59.000Z</APICase:internalLastModifiedDate><APICase:internalpriority xsi:nil="true"/><APICase:internalstatus>Waiting on QA</APICase:internalstatus><APICase:isCertification>false</APICase:isCertification><APICase:isClosed>false</APICase:isClosed><APICase:isFTSHandoverReady>false</APICase:isFTSHandoverReady><APICase:isPoc>false</APICase:isPoc><APICase:isPrivate>false</APICase:isPrivate><APICase:isReviewed>false</APICase:isReviewed><APICase:isStrategicAccount>true</APICase:isStrategicAccount><APICase:issue xsi:nil="true"/><APICase:itar>false</APICase:itar><APICase:language>en</APICase:language><APICase:lastModifiedBy>Mitesh Mishra</APICase:lastModifiedBy><APICase:lastModifiedDate>2020-06-29T13:15:48.000Z</APICase:lastModifiedDate><APICase:ltrocClosed>false</APICase:ltrocClosed><APICase:ltrocClosedSet>false</APICase:ltrocClosedSet><APICase:managementEscalationRequested>false</APICase:managementEscalationRequested><APICase:message xsi:nil="true"/><APICase:needsNewOwner xsi:nil="true"/><APICase:noAutomationForAccount>false</APICase:noAutomationForAccount><APICase:noAutomationForCase>false</APICase:noAutomationForCase><APICase:noAutomationForCaseGroup xsi:nil="true"/><APICase:noLinkedKCSReason xsi:nil="true"/><APICase:noLinkedKCSReasonExplanation xsi:nil="true"/><APICase:openshiftClusterId xsi:nil="true"/><APICase:origin>Phone</APICase:origin><APICase:owner>Kumar Mashalkar</APICase:owner><APICase:periodicityOfIssue xsi:nil="true"/><APICase:premiumPlus>false</APICase:premiumPlus><APICase:priorityScore>695.0</APICase:priorityScore><APICase:proactive>false</APICase:proactive><APICase:proactiveEndDate xsi:nil="true"/><APICase:proactiveStartDate xsi:nil="true"/><APICase:product>OpenShift Container Platform</APICase:product><APICase:pseCase>false</APICase:pseCase><APICase:recordTypeName>GSS Case Record Type</APICase:recordTypeName><APICase:reliefAt xsi:nil="true"/><APICase:remoteSessionTermsAcked>false</APICase:remoteSessionTermsAcked><APICase:remoteSessionTermsAckedBy xsi:nil="true"/><APICase:remoteSessionTermsAckedDate xsi:nil="true"/><APICase:remoteSessionTermsAgreementLevel xsi:nil="true"/><APICase:resolution xsi:nil="true"/><APICase:resolutionDescription xsi:nil="true"/><APICase:resolvedAt xsi:nil="true"/><APICase:returnCode>200</APICase:returnCode><APICase:sbrGroups>API Mgmt</APICase:sbrGroups><APICase:secondCaseInactivityWarningSentAt xsi:nil="true"/><APICase:severity>4 (Low)</APICase:severity><APICase:sla>PREMIUM</APICase:sla><APICase:sparseCaseNotifications>false</APICase:sparseCaseNotifications><APICase:status>Waiting on Red Hat</APICase:status><APICase:summary>This case is test of automation</APICase:summary><APICase:suppliedEmail xsi:nil="true"/><APICase:suppliedName xsi:nil="true"/><APICase:suppliedPhone xsi:nil="true"/><APICase:timeFramesAndUrgency xsi:nil="true"/><APICase:transcripts xsi:nil="true"/><APICase:translationNotRequired>false</APICase:translationNotRequired><APICase:userAgent>Internal</APICase:userAgent><APICase:version>3.10</APICase:version><APICase:waitingOnCallback>false</APICase:waitingOnCallback></result></getCaseResponse></soapenv:Body></soapenv:Envelope>
[#document: null]
APICase:owner
APICase:owner
Kumar Mashalkar
<?xml version="1.0" encoding="UTF-8"?><soapenv:Envelope xmlns:soapenv="http://schemas.xmlsoap.org/soap/envelope/" xmlns="http://soap.sforce.com/schemas/class/CaseAPI" xmlns:APICase="http://soap.sforce.com/schemas/class/APIUtils" xmlns:xsi="http://www.w3.org/2001/XMLSchema-instance"><soapenv:Body><getCaseResponse><result><APICase:abandonCase xsi:nil="true"/><APICase:accountNumber>1460290</APICase:accountNumber><APICase:actionPlan xsi:nil="true"/><APICase:alternateId xsi:nil="true"/><APICase:attachments xsi:nil="true"/><APICase:bugs><APICase:message xsi:nil="true"/><APICase:returnCode xsi:nil="true"/></APICase:bugs><APICase:caseAutomationEnabled>true</APICase:caseAutomationEnabled><APICase:caseCreationSessionId xsi:nil="true"/><APICase:caseNumber>02470917</APICase:caseNumber><APICase:caseResourceLinks><APICase:message xsi:nil="true"/><APICase:returnCode xsi:nil="true"/></APICase:caseResourceLinks><APICase:caseSummary xsi:nil="true"/><APICase:caseType>Other</APICase:caseType><APICase:cep>false</APICase:cep><APICase:certArchitecture xsi:nil="true"/><APICase:certCategory xsi:nil="true"/><APICase:certContainerProjectId xsi:nil="true"/><APICase:certExceptionGranted xsi:nil="true"/><APICase:certIsPrivate xsi:nil="true"/><APICase:certNeedException xsi:nil="true"/><APICase:certPortalId xsi:nil="true"/><APICase:certProduct xsi:nil="true"/><APICase:certProgram xsi:nil="true"/><APICase:certVendorName xsi:nil="true"/><APICase:certVendorPortalId xsi:nil="true"/><APICase:certVendorProductName xsi:nil="true"/><APICase:certVendorProductPortalId xsi:nil="true"/><APICase:certVersion xsi:nil="true"/><APICase:collaborationScore>695.0</APICase:collaborationScore><APICase:comments><APICase:caseNumber>02470917</APICase:caseNumber><APICase:contentType>plaintext</APICase:contentType><APICase:createdBy>Mashalkar, Kumar</APICase:createdBy><APICase:createdByType>Associate</APICase:createdByType><APICase:createdDate>2020-06-29T12:21:33.000Z</APICase:createdDate><APICase:doNotChangeSBT>false</APICase:doNotChangeSBT><APICase:externalCommentHandlingSystem xsi:nil="true"/><APICase:hoursWorked xsi:nil="true"/><APICase:id>a0a2i000000VN1NAAW</APICase:id><APICase:isDraft>false</APICase:isDraft><APICase:isPublic>true</APICase:isPublic><APICase:lastModifiedBy>Mashalkar, Kumar</APICase:lastModifiedBy><APICase:lastModifiedByEmailAddress xsi:nil="true"/><APICase:lastModifiedByPersonType>Associate</APICase:lastModifiedByPersonType><APICase:lastModifiedDate>2020-06-29T12:21:33.000Z</APICase:lastModifiedDate><APICase:message xsi:nil="true"/><APICase:publishedDate>2020-06-29T12:21:33.000Z</APICase:publishedDate><APICase:returnCode xsi:nil="true"/><APICase:sharePrivateWithExternalTrackers xsi:nil="true"/><APICase:text>This is public comment</APICase:text><APICase:visibility xsi:nil="true"/></APICase:comments><APICase:comments><APICase:caseNumber>02470917</APICase:caseNumber><APICase:contentType>plaintext</APICase:contentType><APICase:createdBy>Mashalkar, Kumar</APICase:createdBy><APICase:createdByType>Associate</APICase:createdByType><APICase:createdDate>2020-06-29T12:18:28.000Z</APICase:createdDate><APICase:doNotChangeSBT>false</APICase:doNotChangeSBT><APICase:externalCommentHandlingSystem xsi:nil="true"/><APICase:hoursWorked xsi:nil="true"/><APICase:id>a0a2i000000VN1DAAW</APICase:id><APICase:isDraft>false</APICase:isDraft><APICase:isPublic>true</APICase:isPublic><APICase:lastModifiedBy>Mashalkar, Kumar</APICase:lastModifiedBy><APICase:lastModifiedByEmailAddress xsi:nil="true"/><APICase:lastModifiedByPersonType>Associate</APICase:lastModifiedByPersonType><APICase:lastModifiedDate>2020-06-29T12:18:28.000Z</APICase:lastModifiedDate><APICase:message xsi:nil="true"/><APICase:publishedDate>2020-06-29T12:18:28.000Z</APICase:publishedDate><APICase:returnCode xsi:nil="true"/><APICase:sharePrivateWithExternalTrackers xsi:nil="true"/><APICase:text>This is public comment</APICase:text><APICase:visibility xsi:nil="true"/></APICase:comments><APICase:comments><APICase:caseNumber>02470917</APICase:caseNumber><APICase:contentType>plaintext</APICase:contentType><APICase:createdBy>Mashalkar, Kumar</APICase:createdBy><APICase:createdByType>Associate</APICase:createdByType><APICase:createdDate>2020-06-29T12:12:08.000Z</APICase:createdDate><APICase:doNotChangeSBT>false</APICase:doNotChangeSBT><APICase:externalCommentHandlingSystem xsi:nil="true"/><APICase:hoursWorked xsi:nil="true"/><APICase:id>a0a2i000000VN18AAG</APICase:id><APICase:isDraft>false</APICase:isDraft><APICase:isPublic>true</APICase:isPublic><APICase:lastModifiedBy>Mashalkar, Kumar</APICase:lastModifiedBy><APICase:lastModifiedByEmailAddress xsi:nil="true"/><APICase:lastModifiedByPersonType>Associate</APICase:lastModifiedByPersonType><APICase:lastModifiedDate>2020-06-29T12:12:07.000Z</APICase:lastModifiedDate><APICase:message xsi:nil="true"/><APICase:publishedDate>2020-06-29T12:12:07.000Z</APICase:publishedDate><APICase:returnCode xsi:nil="true"/><APICase:sharePrivateWithExternalTrackers xsi:nil="true"/><APICase:text>This is public comment</APICase:text><APICase:visibility xsi:nil="true"/></APICase:comments><APICase:comments><APICase:caseNumber>02470917</APICase:caseNumber><APICase:contentType>plaintext</APICase:contentType><APICase:createdBy>Mashalkar, Kumar</APICase:createdBy><APICase:createdByType>Associate</APICase:createdByType><APICase:createdDate>2020-06-26T11:45:03.000Z</APICase:createdDate><APICase:doNotChangeSBT>false</APICase:doNotChangeSBT><APICase:externalCommentHandlingSystem xsi:nil="true"/><APICase:hoursWorked xsi:nil="true"/><APICase:id>a0a2i000000VMB5AAO</APICase:id><APICase:isDraft>false</APICase:isDraft><APICase:isPublic>true</APICase:isPublic><APICase:lastModifiedBy>Mashalkar, Kumar</APICase:lastModifiedBy><APICase:lastModifiedByEmailAddress xsi:nil="true"/><APICase:lastModifiedByPersonType>Associate</APICase:lastModifiedByPersonType><APICase:lastModifiedDate>2020-06-26T11:45:03.000Z</APICase:lastModifiedDate><APICase:message xsi:nil="true"/><APICase:publishedDate>2020-06-26T11:45:03.000Z</APICase:publishedDate><APICase:returnCode xsi:nil="true"/><APICase:sharePrivateWithExternalTrackers xsi:nil="true"/><APICase:text>This is public comment</APICase:text><APICase:visibility xsi:nil="true"/></APICase:comments><APICase:comments><APICase:caseNumber>02470917</APICase:caseNumber><APICase:contentType>plaintext</APICase:contentType><APICase:createdBy>Mashalkar, Kumar</APICase:createdBy><APICase:createdByType>Associate</APICase:createdByType><APICase:createdDate>2020-06-26T08:29:28.000Z</APICase:createdDate><APICase:doNotChangeSBT>false</APICase:doNotChangeSBT><APICase:externalCommentHandlingSystem xsi:nil="true"/><APICase:hoursWorked xsi:nil="true"/><APICase:id>a0a2i000000VMAgAAO</APICase:id><APICase:isDraft>false</APICase:isDraft><APICase:isPublic>true</APICase:isPublic><APICase:lastModifiedBy>Mashalkar, Kumar</APICase:lastModifiedBy><APICase:lastModifiedByEmailAddress xsi:nil="true"/><APICase:lastModifiedByPersonType>Associate</APICase:lastModifiedByPersonType><APICase:lastModifiedDate>2020-06-26T08:29:27.000Z</APICase:lastModifiedDate><APICase:message xsi:nil="true"/><APICase:publishedDate>2020-06-26T08:29:27.000Z</APICase:publishedDate><APICase:returnCode xsi:nil="true"/><APICase:sharePrivateWithExternalTrackers xsi:nil="true"/><APICase:text>This is public comment</APICase:text><APICase:visibility xsi:nil="true"/></APICase:comments><APICase:comments><APICase:caseNumber>02470917</APICase:caseNumber><APICase:contentType>plaintext</APICase:contentType><APICase:createdBy>Mashalkar, Kumar</APICase:createdBy><APICase:createdByType>Associate</APICase:createdByType><APICase:createdDate>2020-06-26T04:12:44.000Z</APICase:createdDate><APICase:doNotChangeSBT>false</APICase:doNotChangeSBT><APICase:externalCommentHandlingSystem xsi:nil="true"/><APICase:hoursWorked xsi:nil="true"/><APICase:id>a0a2i000000VM8VAAW</APICase:id><APICase:isDraft>false</APICase:isDraft><APICase:isPublic>true</APICase:isPublic><APICase:lastModifiedBy>Mashalkar, Kumar</APICase:lastModifiedBy><APICase:lastModifiedByEmailAddress xsi:nil="true"/><APICase:lastModifiedByPersonType>Associate</APICase:lastModifiedByPersonType><APICase:lastModifiedDate>2020-06-26T04:12:43.000Z</APICase:lastModifiedDate><APICase:message xsi:nil="true"/><APICase:publishedDate>2020-06-26T04:12:43.000Z</APICase:publishedDate><APICase:returnCode xsi:nil="true"/><APICase:sharePrivateWithExternalTrackers xsi:nil="true"/><APICase:text>This is public comment</APICase:text><APICase:visibility xsi:nil="true"/></APICase:comments><APICase:comments><APICase:caseNumber>02470917</APICase:caseNumber><APICase:contentType>plaintext</APICase:contentType><APICase:createdBy>Mishra, Mitesh</APICase:createdBy><APICase:createdByType>Associate</APICase:createdByType><APICase:createdDate>2020-06-26T04:05:42.000Z</APICase:createdDate><APICase:doNotChangeSBT>false</APICase:doNotChangeSBT><APICase:externalCommentHandlingSystem xsi:nil="true"/><APICase:hoursWorked xsi:nil="true"/><APICase:id>a0a2i000000VM8LAAW</APICase:id><APICase:isDraft>false</APICase:isDraft><APICase:isPublic>true</APICase:isPublic><APICase:lastModifiedBy>Mishra, Mitesh</APICase:lastModifiedBy><APICase:lastModifiedByEmailAddress xsi:nil="true"/><APICase:lastModifiedByPersonType>Associate</APICase:lastModifiedByPersonType><APICase:lastModifiedDate>2020-06-26T04:05:42.000Z</APICase:lastModifiedDate><APICase:message xsi:nil="true"/><APICase:publishedDate>2020-06-26T04:05:42.000Z</APICase:publishedDate><APICase:returnCode xsi:nil="true"/><APICase:sharePrivateWithExternalTrackers xsi:nil="true"/><APICase:text>comment for customer</APICase:text><APICase:visibility xsi:nil="true"/></APICase:comments><APICase:comments><APICase:caseNumber>02470917</APICase:caseNumber><APICase:contentType>plaintext</APICase:contentType><APICase:createdBy>Mishra, Mitesh</APICase:createdBy><APICase:createdByType>Associate</APICase:createdByType><APICase:createdDate>2020-06-26T04:01:47.000Z</APICase:createdDate><APICase:doNotChangeSBT>false</APICase:doNotChangeSBT><APICase:externalCommentHandlingSystem xsi:nil="true"/><APICase:hoursWorked xsi:nil="true"/><APICase:id>a0a2i000000VM8GAAW</APICase:id><APICase:isDraft>false</APICase:isDraft><APICase:isPublic>true</APICase:isPublic><APICase:lastModifiedBy>Mishra, Mitesh</APICase:lastModifiedBy><APICase:lastModifiedByEmailAddress xsi:nil="true"/><APICase:lastModifiedByPersonType>Associate</APICase:lastModifiedByPersonType><APICase:lastModifiedDate>2020-06-26T04:01:47.000Z</APICase:lastModifiedDate><APICase:message xsi:nil="true"/><APICase:publishedDate>2020-06-26T04:01:47.000Z</APICase:publishedDate><APICase:returnCode xsi:nil="true"/><APICase:sharePrivateWithExternalTrackers xsi:nil="true"/><APICase:text>comment to check mail is generated to customer as well</APICase:text><APICase:visibility xsi:nil="true"/></APICase:comments><APICase:comments><APICase:caseNumber>02470917</APICase:caseNumber><APICase:contentType>plaintext</APICase:contentType><APICase:createdBy>Mishra, Mitesh</APICase:createdBy><APICase:createdByType>Associate</APICase:createdByType><APICase:createdDate>2020-06-26T03:59:35.000Z</APICase:createdDate><APICase:doNotChangeSBT>false</APICase:doNotChangeSBT><APICase:externalCommentHandlingSystem xsi:nil="true"/><APICase:hoursWorked xsi:nil="true"/><APICase:id>a0a2i000000VM8BAAW</APICase:id><APICase:isDraft>false</APICase:isDraft><APICase:isPublic>true</APICase:isPublic><APICase:lastModifiedBy>Mishra, Mitesh</APICase:lastModifiedBy><APICase:lastModifiedByEmailAddress xsi:nil="true"/><APICase:lastModifiedByPersonType>Associate</APICase:lastModifiedByPersonType><APICase:lastModifiedDate>2020-06-26T03:59:34.000Z</APICase:lastModifiedDate><APICase:message xsi:nil="true"/><APICase:publishedDate>2020-06-26T03:59:34.000Z</APICase:publishedDate><APICase:returnCode xsi:nil="true"/><APICase:sharePrivateWithExternalTrackers xsi:nil="true"/><APICase:text>test comment</APICase:text><APICase:visibility xsi:nil="true"/></APICase:comments><APICase:comments><APICase:caseNumber>02470917</APICase:caseNumber><APICase:contentType>plaintext</APICase:contentType><APICase:createdBy>Mashalkar, Kumar</APICase:createdBy><APICase:createdByType>Associate</APICase:createdByType><APICase:createdDate>2020-06-25T18:50:15.000Z</APICase:createdDate><APICase:doNotChangeSBT>false</APICase:doNotChangeSBT><APICase:externalCommentHandlingSystem xsi:nil="true"/><APICase:hoursWorked xsi:nil="true"/><APICase:id>a0a2i000000VLv7AAG</APICase:id><APICase:isDraft>false</APICase:isDraft><APICase:isPublic>true</APICase:isPublic><APICase:lastModifiedBy>Mashalkar, Kumar</APICase:lastModifiedBy><APICase:lastModifiedByEmailAddress xsi:nil="true"/><APICase:lastModifiedByPersonType>Associate</APICase:lastModifiedByPersonType><APICase:lastModifiedDate>2020-06-25T18:50:14.000Z</APICase:lastModifiedDate><APICase:message xsi:nil="true"/><APICase:publishedDate>2020-06-25T18:50:14.000Z</APICase:publishedDate><APICase:returnCode xsi:nil="true"/><APICase:sharePrivateWithExternalTrackers xsi:nil="true"/><APICase:text>This is public comment</APICase:text><APICase:visibility xsi:nil="true"/></APICase:comments><APICase:comments><APICase:caseNumber>02470917</APICase:caseNumber><APICase:contentType>plaintext</APICase:contentType><APICase:createdBy>Mashalkar, Kumar</APICase:createdBy><APICase:createdByType>Associate</APICase:createdByType><APICase:createdDate>2020-06-25T18:13:25.000Z</APICase:createdDate><APICase:doNotChangeSBT>false</APICase:doNotChangeSBT><APICase:externalCommentHandlingSystem xsi:nil="true"/><APICase:hoursWorked xsi:nil="true"/><APICase:id>a0a2i000000VLu9AAG</APICase:id><APICase:isDraft>false</APICase:isDraft><APICase:isPublic>true</APICase:isPublic><APICase:lastModifiedBy>Mashalkar, Kumar</APICase:lastModifiedBy><APICase:lastModifiedByEmailAddress xsi:nil="true"/><APICase:lastModifiedByPersonType>Associate</APICase:lastModifiedByPersonType><APICase:lastModifiedDate>2020-06-25T18:13:24.000Z</APICase:lastModifiedDate><APICase:message xsi:nil="true"/><APICase:publishedDate>2020-06-25T18:13:24.000Z</APICase:publishedDate><APICase:returnCode xsi:nil="true"/><APICase:sharePrivateWithExternalTrackers xsi:nil="true"/><APICase:text>This is public comment</APICase:text><APICase:visibility xsi:nil="true"/></APICase:comments><APICase:comments><APICase:caseNumber>02470917</APICase:caseNumber><APICase:contentType>plaintext</APICase:contentType><APICase:createdBy>Mashalkar, Kumar</APICase:createdBy><APICase:createdByType>Associate</APICase:createdByType><APICase:createdDate>2020-06-25T17:44:37.000Z</APICase:createdDate><APICase:doNotChangeSBT>false</APICase:doNotChangeSBT><APICase:externalCommentHandlingSystem xsi:nil="true"/><APICase:hoursWorked xsi:nil="true"/><APICase:id>a0a2i000000VLtzAAG</APICase:id><APICase:isDraft>false</APICase:isDraft><APICase:isPublic>true</APICase:isPublic><APICase:lastModifiedBy>Mashalkar, Kumar</APICase:lastModifiedBy><APICase:lastModifiedByEmailAddress xsi:nil="true"/><APICase:lastModifiedByPersonType>Associate</APICase:lastModifiedByPersonType><APICase:lastModifiedDate>2020-06-25T17:44:36.000Z</APICase:lastModifiedDate><APICase:message xsi:nil="true"/><APICase:publishedDate>2020-06-25T17:44:36.000Z</APICase:publishedDate><APICase:returnCode xsi:nil="true"/><APICase:sharePrivateWithExternalTrackers xsi:nil="true"/><APICase:text>This is a test comment</APICase:text><APICase:visibility xsi:nil="true"/></APICase:comments><APICase:comments><APICase:caseNumber>02470917</APICase:caseNumber><APICase:contentType>plaintext</APICase:contentType><APICase:createdBy>Mashalkar, Kumar</APICase:createdBy><APICase:createdByType>Associate</APICase:createdByType><APICase:createdDate>2020-06-19T15:52:24.000Z</APICase:createdDate><APICase:doNotChangeSBT>false</APICase:doNotChangeSBT><APICase:externalCommentHandlingSystem xsi:nil="true"/><APICase:hoursWorked xsi:nil="true"/><APICase:id>a0a2i000000VG1XAAW</APICase:id><APICase:isDraft>false</APICase:isDraft><APICase:isPublic>false</APICase:isPublic><APICase:lastModifiedBy>Mashalkar, Kumar</APICase:lastModifiedBy><APICase:lastModifiedByEmailAddress xsi:nil="true"/><APICase:lastModifiedByPersonType>Associate</APICase:lastModifiedByPersonType><APICase:lastModifiedDate>2020-06-19T15:52:24.000Z</APICase:lastModifiedDate><APICase:message xsi:nil="true"/><APICase:publishedDate>2020-06-19T15:52:24.000Z</APICase:publishedDate><APICase:returnCode xsi:nil="true"/><APICase:sharePrivateWithExternalTrackers xsi:nil="true"/><APICase:text>This is private comment</APICase:text><APICase:visibility xsi:nil="true"/></APICase:comments><APICase:comments><APICase:caseNumber>02470917</APICase:caseNumber><APICase:contentType>plaintext</APICase:contentType><APICase:createdBy>Mashalkar, Kumar</APICase:createdBy><APICase:createdByType>Associate</APICase:createdByType><APICase:createdDate>2020-06-19T15:40:45.000Z</APICase:createdDate><APICase:doNotChangeSBT>false</APICase:doNotChangeSBT><APICase:externalCommentHandlingSystem xsi:nil="true"/><APICase:hoursWorked xsi:nil="true"/><APICase:id>a0a2i000000VG1SAAW</APICase:id><APICase:isDraft>false</APICase:isDraft><APICase:isPublic>true</APICase:isPublic><APICase:lastModifiedBy>Mashalkar, Kumar</APICase:lastModifiedBy><APICase:lastModifiedByEmailAddress xsi:nil="true"/><APICase:lastModifiedByPersonType>Associate</APICase:lastModifiedByPersonType><APICase:lastModifiedDate>2020-06-19T15:40:45.000Z</APICase:lastModifiedDate><APICase:message xsi:nil="true"/><APICase:publishedDate>2020-06-19T15:40:45.000Z</APICase:publishedDate><APICase:returnCode xsi:nil="true"/><APICase:sharePrivateWithExternalTrackers xsi:nil="true"/><APICase:text>This is public comment</APICase:text><APICase:visibility xsi:nil="true"/></APICase:comments><APICase:contactInfo24x7 xsi:nil="true"/><APICase:contactIsPartner>false</APICase:contactIsPartner><APICase:contactName>David Tse</APICase:contactName><APICase:contacts><APICase:canAccessAllAccounts>false</APICase:canAccessAllAccounts><APICase:canAddAttachments>true</APICase:canAddAttachments><APICase:canSeeDashboard>true</APICase:canSeeDashboard><APICase:defaultGroupName xsi:nil="true"/><APICase:defaultGroupNumber xsi:nil="true"/><APICase:email>gss-sfdc+qa+wophoon@redhat.com</APICase:email><APICase:firstName>Woh Shon</APICase:firstName><APICase:hasChat>false</APICase:hasChat><APICase:hasUser>false</APICase:hasUser><APICase:id>003A000001nOpcXIAS</APICase:id><APICase:isInternal>false</APICase:isInternal><APICase:isOrgAdmin>false</APICase:isOrgAdmin><APICase:isSecured>true</APICase:isSecured><APICase:isSecureSupportTech>false</APICase:isSecureSupportTech><APICase:lastName>Phoon</APICase:lastName><APICase:message xsi:nil="true"/><APICase:name>Woh Shon Phoon</APICase:name><APICase:normalizedTimezone>Asia/Hong_Kong</APICase:normalizedTimezone><APICase:phone>65 9683 0675</APICase:phone><APICase:returnCode xsi:nil="true"/><APICase:sessionId xsi:nil="true"/><APICase:ssoName xsi:nil="true"/><APICase:timezone>(GMT+08:00) Hong Kong Time (Asia/Hong_Kong)</APICase:timezone></APICase:contacts><APICase:contactSSOName>dtse@redhat.com</APICase:contactSSOName><APICase:createdBy>Kumar Mashalkar</APICase:createdBy><APICase:createdBySSOName>gss-tools</APICase:createdBySSOName><APICase:createdDate>2020-06-11T09:48:35.000Z</APICase:createdDate><APICase:critSit>false</APICase:critSit><APICase:customerEscalation>false</APICase:customerEscalation><APICase:customerIntelligenceLink xsi:nil="true"/><APICase:customerNotes xsi:nil="true"/><APICase:description>Test for automation</APICase:description><APICase:enhancedSLA>false</APICase:enhancedSLA><APICase:entitlementId>5502i0000006mxdAAA</APICase:entitlementId><APICase:environment xsi:nil="true"/><APICase:externalLock>false</APICase:externalLock><APICase:externalLockBy xsi:nil="true"/><APICase:externalLockDate xsi:nil="true"/><APICase:firstCaseInactivityWarningSentAt xsi:nil="true"/><APICase:FTS>false</APICase:FTS><APICase:groupName xsi:nil="true"/><APICase:groupNumber xsi:nil="true"/><APICase:handledByAscension>false</APICase:handledByAscension><APICase:hasEnhancedDelivery>false</APICase:hasEnhancedDelivery><APICase:hostname xsi:nil="true"/><APICase:hotfixDelivered>false</APICase:hotfixDelivered><APICase:hotfixRequested>false</APICase:hotfixRequested><APICase:id>5002i0000034NPSAA2</APICase:id><APICase:internalLastModifiedDate>2020-06-29T13:15:59.000Z</APICase:internalLastModifiedDate><APICase:internalpriority xsi:nil="true"/><APICase:internalstatus>Waiting on QA</APICase:internalstatus><APICase:isCertification>false</APICase:isCertification><APICase:isClosed>false</APICase:isClosed><APICase:isFTSHandoverReady>false</APICase:isFTSHandoverReady><APICase:isPoc>false</APICase:isPoc><APICase:isPrivate>false</APICase:isPrivate><APICase:isReviewed>false</APICase:isReviewed><APICase:isStrategicAccount>true</APICase:isStrategicAccount><APICase:issue xsi:nil="true"/><APICase:itar>false</APICase:itar><APICase:language>en</APICase:language><APICase:lastModifiedBy>Mitesh Mishra</APICase:lastModifiedBy><APICase:lastModifiedDate>2020-06-29T13:15:48.000Z</APICase:lastModifiedDate><APICase:ltrocClosed>false</APICase:ltrocClosed><APICase:ltrocClosedSet>false</APICase:ltrocClosedSet><APICase:managementEscalationRequested>false</APICase:managementEscalationRequested><APICase:message xsi:nil="true"/><APICase:needsNewOwner xsi:nil="true"/><APICase:noAutomationForAccount>false</APICase:noAutomationForAccount><APICase:noAutomationForCase>false</APICase:noAutomationForCase><APICase:noAutomationForCaseGroup xsi:nil="true"/><APICase:noLinkedKCSReason xsi:nil="true"/><APICase:noLinkedKCSReasonExplanation xsi:nil="true"/><APICase:openshiftClusterId xsi:nil="true"/><APICase:origin>Phone</APICase:origin><APICase:owner>Kumar Mashalkar</APICase:owner><APICase:periodicityOfIssue xsi:nil="true"/><APICase:premiumPlus>false</APICase:premiumPlus><APICase:priorityScore>695.0</APICase:priorityScore><APICase:proactive>false</APICase:proactive><APICase:proactiveEndDate xsi:nil="true"/><APICase:proactiveStartDate xsi:nil="true"/><APICase:product>OpenShift Container Platform</APICase:product><APICase:pseCase>false</APICase:pseCase><APICase:recordTypeName>GSS Case Record Type</APICase:recordTypeName><APICase:reliefAt xsi:nil="true"/><APICase:remoteSessionTermsAcked>false</APICase:remoteSessionTermsAcked><APICase:remoteSessionTermsAckedBy xsi:nil="true"/><APICase:remoteSessionTermsAckedDate xsi:nil="true"/><APICase:remoteSessionTermsAgreementLevel xsi:nil="true"/><APICase:resolution xsi:nil="true"/><APICase:resolutionDescription xsi:nil="true"/><APICase:resolvedAt xsi:nil="true"/><APICase:returnCode>200</APICase:returnCode><APICase:sbrGroups>API Mgmt</APICase:sbrGroups><APICase:secondCaseInactivityWarningSentAt xsi:nil="true"/><APICase:severity>4 (Low)</APICase:severity><APICase:sla>PREMIUM</APICase:sla><APICase:sparseCaseNotifications>false</APICase:sparseCaseNotifications><APICase:status>Waiting on Red Hat</APICase:status><APICase:summary>This case is test of automation</APICase:summary><APICase:suppliedEmail xsi:nil="true"/><APICase:suppliedName xsi:nil="true"/><APICase:suppliedPhone xsi:nil="true"/><APICase:timeFramesAndUrgency xsi:nil="true"/><APICase:transcripts xsi:nil="true"/><APICase:translationNotRequired>false</APICase:translationNotRequired><APICase:userAgent>Internal</APICase:userAgent><APICase:version>3.10</APICase:version><APICase:waitingOnCallback>false</APICase:waitingOnCallback></result></getCaseResponse></soapenv:Body></soapenv:Envelope>
[#document: null]
APICase:owner
APICase:owner
Kumar Mashalkar
&amp#27;[34mKumar Mashalkar&amp#27;[0m
<?xml version="1.0" encoding="UTF-8"?><soapenv:Envelope xmlns:soapenv="http://schemas.xmlsoap.org/soap/envelope/" xmlns="http://soap.sforce.com/schemas/class/CaseAPI" xmlns:APICase="http://soap.sforce.com/schemas/class/APIUtils" xmlns:xsi="http://www.w3.org/2001/XMLSchema-instance"><soapenv:Body><getCaseResponse><result><APICase:abandonCase xsi:nil="true"/><APICase:accountNumber>1460290</APICase:accountNumber><APICase:actionPlan xsi:nil="true"/><APICase:alternateId xsi:nil="true"/><APICase:attachments xsi:nil="true"/><APICase:bugs><APICase:message xsi:nil="true"/><APICase:returnCode xsi:nil="true"/></APICase:bugs><APICase:caseAutomationEnabled>true</APICase:caseAutomationEnabled><APICase:caseCreationSessionId xsi:nil="true"/><APICase:caseNumber>02470917</APICase:caseNumber><APICase:caseResourceLinks><APICase:message xsi:nil="true"/><APICase:returnCode xsi:nil="true"/></APICase:caseResourceLinks><APICase:caseSummary xsi:nil="true"/><APICase:caseType>Other</APICase:caseType><APICase:cep>false</APICase:cep><APICase:certArchitecture xsi:nil="true"/><APICase:certCategory xsi:nil="true"/><APICase:certContainerProjectId xsi:nil="true"/><APICase:certExceptionGranted xsi:nil="true"/><APICase:certIsPrivate xsi:nil="true"/><APICase:certNeedException xsi:nil="true"/><APICase:certPortalId xsi:nil="true"/><APICase:certProduct xsi:nil="true"/><APICase:certProgram xsi:nil="true"/><APICase:certVendorName xsi:nil="true"/><APICase:certVendorPortalId xsi:nil="true"/><APICase:certVendorProductName xsi:nil="true"/><APICase:certVendorProductPortalId xsi:nil="true"/><APICase:certVersion xsi:nil="true"/><APICase:collaborationScore>695.0</APICase:collaborationScore><APICase:comments><APICase:caseNumber>02470917</APICase:caseNumber><APICase:contentType>plaintext</APICase:contentType><APICase:createdBy>Mashalkar, Kumar</APICase:createdBy><APICase:createdByType>Associate</APICase:createdByType><APICase:createdDate>2020-06-29T12:21:33.000Z</APICase:createdDate><APICase:doNotChangeSBT>false</APICase:doNotChangeSBT><APICase:externalCommentHandlingSystem xsi:nil="true"/><APICase:hoursWorked xsi:nil="true"/><APICase:id>a0a2i000000VN1NAAW</APICase:id><APICase:isDraft>false</APICase:isDraft><APICase:isPublic>true</APICase:isPublic><APICase:lastModifiedBy>Mashalkar, Kumar</APICase:lastModifiedBy><APICase:lastModifiedByEmailAddress xsi:nil="true"/><APICase:lastModifiedByPersonType>Associate</APICase:lastModifiedByPersonType><APICase:lastModifiedDate>2020-06-29T12:21:33.000Z</APICase:lastModifiedDate><APICase:message xsi:nil="true"/><APICase:publishedDate>2020-06-29T12:21:33.000Z</APICase:publishedDate><APICase:returnCode xsi:nil="true"/><APICase:sharePrivateWithExternalTrackers xsi:nil="true"/><APICase:text>This is public comment</APICase:text><APICase:visibility xsi:nil="true"/></APICase:comments><APICase:comments><APICase:caseNumber>02470917</APICase:caseNumber><APICase:contentType>plaintext</APICase:contentType><APICase:createdBy>Mashalkar, Kumar</APICase:createdBy><APICase:createdByType>Associate</APICase:createdByType><APICase:createdDate>2020-06-29T12:18:28.000Z</APICase:createdDate><APICase:doNotChangeSBT>false</APICase:doNotChangeSBT><APICase:externalCommentHandlingSystem xsi:nil="true"/><APICase:hoursWorked xsi:nil="true"/><APICase:id>a0a2i000000VN1DAAW</APICase:id><APICase:isDraft>false</APICase:isDraft><APICase:isPublic>true</APICase:isPublic><APICase:lastModifiedBy>Mashalkar, Kumar</APICase:lastModifiedBy><APICase:lastModifiedByEmailAddress xsi:nil="true"/><APICase:lastModifiedByPersonType>Associate</APICase:lastModifiedByPersonType><APICase:lastModifiedDate>2020-06-29T12:18:28.000Z</APICase:lastModifiedDate><APICase:message xsi:nil="true"/><APICase:publishedDate>2020-06-29T12:18:28.000Z</APICase:publishedDate><APICase:returnCode xsi:nil="true"/><APICase:sharePrivateWithExternalTrackers xsi:nil="true"/><APICase:text>This is public comment</APICase:text><APICase:visibility xsi:nil="true"/></APICase:comments><APICase:comments><APICase:caseNumber>02470917</APICase:caseNumber><APICase:contentType>plaintext</APICase:contentType><APICase:createdBy>Mashalkar, Kumar</APICase:createdBy><APICase:createdByType>Associate</APICase:createdByType><APICase:createdDate>2020-06-29T12:12:08.000Z</APICase:createdDate><APICase:doNotChangeSBT>false</APICase:doNotChangeSBT><APICase:externalCommentHandlingSystem xsi:nil="true"/><APICase:hoursWorked xsi:nil="true"/><APICase:id>a0a2i000000VN18AAG</APICase:id><APICase:isDraft>false</APICase:isDraft><APICase:isPublic>true</APICase:isPublic><APICase:lastModifiedBy>Mashalkar, Kumar</APICase:lastModifiedBy><APICase:lastModifiedByEmailAddress xsi:nil="true"/><APICase:lastModifiedByPersonType>Associate</APICase:lastModifiedByPersonType><APICase:lastModifiedDate>2020-06-29T12:12:07.000Z</APICase:lastModifiedDate><APICase:message xsi:nil="true"/><APICase:publishedDate>2020-06-29T12:12:07.000Z</APICase:publishedDate><APICase:returnCode xsi:nil="true"/><APICase:sharePrivateWithExternalTrackers xsi:nil="true"/><APICase:text>This is public comment</APICase:text><APICase:visibility xsi:nil="true"/></APICase:comments><APICase:comments><APICase:caseNumber>02470917</APICase:caseNumber><APICase:contentType>plaintext</APICase:contentType><APICase:createdBy>Mashalkar, Kumar</APICase:createdBy><APICase:createdByType>Associate</APICase:createdByType><APICase:createdDate>2020-06-26T11:45:03.000Z</APICase:createdDate><APICase:doNotChangeSBT>false</APICase:doNotChangeSBT><APICase:externalCommentHandlingSystem xsi:nil="true"/><APICase:hoursWorked xsi:nil="true"/><APICase:id>a0a2i000000VMB5AAO</APICase:id><APICase:isDraft>false</APICase:isDraft><APICase:isPublic>true</APICase:isPublic><APICase:lastModifiedBy>Mashalkar, Kumar</APICase:lastModifiedBy><APICase:lastModifiedByEmailAddress xsi:nil="true"/><APICase:lastModifiedByPersonType>Associate</APICase:lastModifiedByPersonType><APICase:lastModifiedDate>2020-06-26T11:45:03.000Z</APICase:lastModifiedDate><APICase:message xsi:nil="true"/><APICase:publishedDate>2020-06-26T11:45:03.000Z</APICase:publishedDate><APICase:returnCode xsi:nil="true"/><APICase:sharePrivateWithExternalTrackers xsi:nil="true"/><APICase:text>This is public comment</APICase:text><APICase:visibility xsi:nil="true"/></APICase:comments><APICase:comments><APICase:caseNumber>02470917</APICase:caseNumber><APICase:contentType>plaintext</APICase:contentType><APICase:createdBy>Mashalkar, Kumar</APICase:createdBy><APICase:createdByType>Associate</APICase:createdByType><APICase:createdDate>2020-06-26T08:29:28.000Z</APICase:createdDate><APICase:doNotChangeSBT>false</APICase:doNotChangeSBT><APICase:externalCommentHandlingSystem xsi:nil="true"/><APICase:hoursWorked xsi:nil="true"/><APICase:id>a0a2i000000VMAgAAO</APICase:id><APICase:isDraft>false</APICase:isDraft><APICase:isPublic>true</APICase:isPublic><APICase:lastModifiedBy>Mashalkar, Kumar</APICase:lastModifiedBy><APICase:lastModifiedByEmailAddress xsi:nil="true"/><APICase:lastModifiedByPersonType>Associate</APICase:lastModifiedByPersonType><APICase:lastModifiedDate>2020-06-26T08:29:27.000Z</APICase:lastModifiedDate><APICase:message xsi:nil="true"/><APICase:publishedDate>2020-06-26T08:29:27.000Z</APICase:publishedDate><APICase:returnCode xsi:nil="true"/><APICase:sharePrivateWithExternalTrackers xsi:nil="true"/><APICase:text>This is public comment</APICase:text><APICase:visibility xsi:nil="true"/></APICase:comments><APICase:comments><APICase:caseNumber>02470917</APICase:caseNumber><APICase:contentType>plaintext</APICase:contentType><APICase:createdBy>Mashalkar, Kumar</APICase:createdBy><APICase:createdByType>Associate</APICase:createdByType><APICase:createdDate>2020-06-26T04:12:44.000Z</APICase:createdDate><APICase:doNotChangeSBT>false</APICase:doNotChangeSBT><APICase:externalCommentHandlingSystem xsi:nil="true"/><APICase:hoursWorked xsi:nil="true"/><APICase:id>a0a2i000000VM8VAAW</APICase:id><APICase:isDraft>false</APICase:isDraft><APICase:isPublic>true</APICase:isPublic><APICase:lastModifiedBy>Mashalkar, Kumar</APICase:lastModifiedBy><APICase:lastModifiedByEmailAddress xsi:nil="true"/><APICase:lastModifiedByPersonType>Associate</APICase:lastModifiedByPersonType><APICase:lastModifiedDate>2020-06-26T04:12:43.000Z</APICase:lastModifiedDate><APICase:message xsi:nil="true"/><APICase:publishedDate>2020-06-26T04:12:43.000Z</APICase:publishedDate><APICase:returnCode xsi:nil="true"/><APICase:sharePrivateWithExternalTrackers xsi:nil="true"/><APICase:text>This is public comment</APICase:text><APICase:visibility xsi:nil="true"/></APICase:comments><APICase:comments><APICase:caseNumber>02470917</APICase:caseNumber><APICase:contentType>plaintext</APICase:contentType><APICase:createdBy>Mishra, Mitesh</APICase:createdBy><APICase:createdByType>Associate</APICase:createdByType><APICase:createdDate>2020-06-26T04:05:42.000Z</APICase:createdDate><APICase:doNotChangeSBT>false</APICase:doNotChangeSBT><APICase:externalCommentHandlingSystem xsi:nil="true"/><APICase:hoursWorked xsi:nil="true"/><APICase:id>a0a2i000000VM8LAAW</APICase:id><APICase:isDraft>false</APICase:isDraft><APICase:isPublic>true</APICase:isPublic><APICase:lastModifiedBy>Mishra, Mitesh</APICase:lastModifiedBy><APICase:lastModifiedByEmailAddress xsi:nil="true"/><APICase:lastModifiedByPersonType>Associate</APICase:lastModifiedByPersonType><APICase:lastModifiedDate>2020-06-26T04:05:42.000Z</APICase:lastModifiedDate><APICase:message xsi:nil="true"/><APICase:publishedDate>2020-06-26T04:05:42.000Z</APICase:publishedDate><APICase:returnCode xsi:nil="true"/><APICase:sharePrivateWithExternalTrackers xsi:nil="true"/><APICase:text>comment for customer</APICase:text><APICase:visibility xsi:nil="true"/></APICase:comments><APICase:comments><APICase:caseNumber>02470917</APICase:caseNumber><APICase:contentType>plaintext</APICase:contentType><APICase:createdBy>Mishra, Mitesh</APICase:createdBy><APICase:createdByType>Associate</APICase:createdByType><APICase:createdDate>2020-06-26T04:01:47.000Z</APICase:createdDate><APICase:doNotChangeSBT>false</APICase:doNotChangeSBT><APICase:externalCommentHandlingSystem xsi:nil="true"/><APICase:hoursWorked xsi:nil="true"/><APICase:id>a0a2i000000VM8GAAW</APICase:id><APICase:isDraft>false</APICase:isDraft><APICase:isPublic>true</APICase:isPublic><APICase:lastModifiedBy>Mishra, Mitesh</APICase:lastModifiedBy><APICase:lastModifiedByEmailAddress xsi:nil="true"/><APICase:lastModifiedByPersonType>Associate</APICase:lastModifiedByPersonType><APICase:lastModifiedDate>2020-06-26T04:01:47.000Z</APICase:lastModifiedDate><APICase:message xsi:nil="true"/><APICase:publishedDate>2020-06-26T04:01:47.000Z</APICase:publishedDate><APICase:returnCode xsi:nil="true"/><APICase:sharePrivateWithExternalTrackers xsi:nil="true"/><APICase:text>comment to check mail is generated to customer as well</APICase:text><APICase:visibility xsi:nil="true"/></APICase:comments><APICase:comments><APICase:caseNumber>02470917</APICase:caseNumber><APICase:contentType>plaintext</APICase:contentType><APICase:createdBy>Mishra, Mitesh</APICase:createdBy><APICase:createdByType>Associate</APICase:createdByType><APICase:createdDate>2020-06-26T03:59:35.000Z</APICase:createdDate><APICase:doNotChangeSBT>false</APICase:doNotChangeSBT><APICase:externalCommentHandlingSystem xsi:nil="true"/><APICase:hoursWorked xsi:nil="true"/><APICase:id>a0a2i000000VM8BAAW</APICase:id><APICase:isDraft>false</APICase:isDraft><APICase:isPublic>true</APICase:isPublic><APICase:lastModifiedBy>Mishra, Mitesh</APICase:lastModifiedBy><APICase:lastModifiedByEmailAddress xsi:nil="true"/><APICase:lastModifiedByPersonType>Associate</APICase:lastModifiedByPersonType><APICase:lastModifiedDate>2020-06-26T03:59:34.000Z</APICase:lastModifiedDate><APICase:message xsi:nil="true"/><APICase:publishedDate>2020-06-26T03:59:34.000Z</APICase:publishedDate><APICase:returnCode xsi:nil="true"/><APICase:sharePrivateWithExternalTrackers xsi:nil="true"/><APICase:text>test comment</APICase:text><APICase:visibility xsi:nil="true"/></APICase:comments><APICase:comments><APICase:caseNumber>02470917</APICase:caseNumber><APICase:contentType>plaintext</APICase:contentType><APICase:createdBy>Mashalkar, Kumar</APICase:createdBy><APICase:createdByType>Associate</APICase:createdByType><APICase:createdDate>2020-06-25T18:50:15.000Z</APICase:createdDate><APICase:doNotChangeSBT>false</APICase:doNotChangeSBT><APICase:externalCommentHandlingSystem xsi:nil="true"/><APICase:hoursWorked xsi:nil="true"/><APICase:id>a0a2i000000VLv7AAG</APICase:id><APICase:isDraft>false</APICase:isDraft><APICase:isPublic>true</APICase:isPublic><APICase:lastModifiedBy>Mashalkar, Kumar</APICase:lastModifiedBy><APICase:lastModifiedByEmailAddress xsi:nil="true"/><APICase:lastModifiedByPersonType>Associate</APICase:lastModifiedByPersonType><APICase:lastModifiedDate>2020-06-25T18:50:14.000Z</APICase:lastModifiedDate><APICase:message xsi:nil="true"/><APICase:publishedDate>2020-06-25T18:50:14.000Z</APICase:publishedDate><APICase:returnCode xsi:nil="true"/><APICase:sharePrivateWithExternalTrackers xsi:nil="true"/><APICase:text>This is public comment</APICase:text><APICase:visibility xsi:nil="true"/></APICase:comments><APICase:comments><APICase:caseNumber>02470917</APICase:caseNumber><APICase:contentType>plaintext</APICase:contentType><APICase:createdBy>Mashalkar, Kumar</APICase:createdBy><APICase:createdByType>Associate</APICase:createdByType><APICase:createdDate>2020-06-25T18:13:25.000Z</APICase:createdDate><APICase:doNotChangeSBT>false</APICase:doNotChangeSBT><APICase:externalCommentHandlingSystem xsi:nil="true"/><APICase:hoursWorked xsi:nil="true"/><APICase:id>a0a2i000000VLu9AAG</APICase:id><APICase:isDraft>false</APICase:isDraft><APICase:isPublic>true</APICase:isPublic><APICase:lastModifiedBy>Mashalkar, Kumar</APICase:lastModifiedBy><APICase:lastModifiedByEmailAddress xsi:nil="true"/><APICase:lastModifiedByPersonType>Associate</APICase:lastModifiedByPersonType><APICase:lastModifiedDate>2020-06-25T18:13:24.000Z</APICase:lastModifiedDate><APICase:message xsi:nil="true"/><APICase:publishedDate>2020-06-25T18:13:24.000Z</APICase:publishedDate><APICase:returnCode xsi:nil="true"/><APICase:sharePrivateWithExternalTrackers xsi:nil="true"/><APICase:text>This is public comment</APICase:text><APICase:visibility xsi:nil="true"/></APICase:comments><APICase:comments><APICase:caseNumber>02470917</APICase:caseNumber><APICase:contentType>plaintext</APICase:contentType><APICase:createdBy>Mashalkar, Kumar</APICase:createdBy><APICase:createdByType>Associate</APICase:createdByType><APICase:createdDate>2020-06-25T17:44:37.000Z</APICase:createdDate><APICase:doNotChangeSBT>false</APICase:doNotChangeSBT><APICase:externalCommentHandlingSystem xsi:nil="true"/><APICase:hoursWorked xsi:nil="true"/><APICase:id>a0a2i000000VLtzAAG</APICase:id><APICase:isDraft>false</APICase:isDraft><APICase:isPublic>true</APICase:isPublic><APICase:lastModifiedBy>Mashalkar, Kumar</APICase:lastModifiedBy><APICase:lastModifiedByEmailAddress xsi:nil="true"/><APICase:lastModifiedByPersonType>Associate</APICase:lastModifiedByPersonType><APICase:lastModifiedDate>2020-06-25T17:44:36.000Z</APICase:lastModifiedDate><APICase:message xsi:nil="true"/><APICase:publishedDate>2020-06-25T17:44:36.000Z</APICase:publishedDate><APICase:returnCode xsi:nil="true"/><APICase:sharePrivateWithExternalTrackers xsi:nil="true"/><APICase:text>This is a test comment</APICase:text><APICase:visibility xsi:nil="true"/></APICase:comments><APICase:comments><APICase:caseNumber>02470917</APICase:caseNumber><APICase:contentType>plaintext</APICase:contentType><APICase:createdBy>Mashalkar, Kumar</APICase:createdBy><APICase:createdByType>Associate</APICase:createdByType><APICase:createdDate>2020-06-19T15:52:24.000Z</APICase:createdDate><APICase:doNotChangeSBT>false</APICase:doNotChangeSBT><APICase:externalCommentHandlingSystem xsi:nil="true"/><APICase:hoursWorked xsi:nil="true"/><APICase:id>a0a2i000000VG1XAAW</APICase:id><APICase:isDraft>false</APICase:isDraft><APICase:isPublic>false</APICase:isPublic><APICase:lastModifiedBy>Mashalkar, Kumar</APICase:lastModifiedBy><APICase:lastModifiedByEmailAddress xsi:nil="true"/><APICase:lastModifiedByPersonType>Associate</APICase:lastModifiedByPersonType><APICase:lastModifiedDate>2020-06-19T15:52:24.000Z</APICase:lastModifiedDate><APICase:message xsi:nil="true"/><APICase:publishedDate>2020-06-19T15:52:24.000Z</APICase:publishedDate><APICase:returnCode xsi:nil="true"/><APICase:sharePrivateWithExternalTrackers xsi:nil="true"/><APICase:text>This is private comment</APICase:text><APICase:visibility xsi:nil="true"/></APICase:comments><APICase:comments><APICase:caseNumber>02470917</APICase:caseNumber><APICase:contentType>plaintext</APICase:contentType><APICase:createdBy>Mashalkar, Kumar</APICase:createdBy><APICase:createdByType>Associate</APICase:createdByType><APICase:createdDate>2020-06-19T15:40:45.000Z</APICase:createdDate><APICase:doNotChangeSBT>false</APICase:doNotChangeSBT><APICase:externalCommentHandlingSystem xsi:nil="true"/><APICase:hoursWorked xsi:nil="true"/><APICase:id>a0a2i000000VG1SAAW</APICase:id><APICase:isDraft>false</APICase:isDraft><APICase:isPublic>true</APICase:isPublic><APICase:lastModifiedBy>Mashalkar, Kumar</APICase:lastModifiedBy><APICase:lastModifiedByEmailAddress xsi:nil="true"/><APICase:lastModifiedByPersonType>Associate</APICase:lastModifiedByPersonType><APICase:lastModifiedDate>2020-06-19T15:40:45.000Z</APICase:lastModifiedDate><APICase:message xsi:nil="true"/><APICase:publishedDate>2020-06-19T15:40:45.000Z</APICase:publishedDate><APICase:returnCode xsi:nil="true"/><APICase:sharePrivateWithExternalTrackers xsi:nil="true"/><APICase:text>This is public comment</APICase:text><APICase:visibility xsi:nil="true"/></APICase:comments><APICase:contactInfo24x7 xsi:nil="true"/><APICase:contactIsPartner>false</APICase:contactIsPartner><APICase:contactName>David Tse</APICase:contactName><APICase:contacts><APICase:canAccessAllAccounts>false</APICase:canAccessAllAccounts><APICase:canAddAttachments>true</APICase:canAddAttachments><APICase:canSeeDashboard>true</APICase:canSeeDashboard><APICase:defaultGroupName xsi:nil="true"/><APICase:defaultGroupNumber xsi:nil="true"/><APICase:email>gss-sfdc+qa+wophoon@redhat.com</APICase:email><APICase:firstName>Woh Shon</APICase:firstName><APICase:hasChat>false</APICase:hasChat><APICase:hasUser>false</APICase:hasUser><APICase:id>003A000001nOpcXIAS</APICase:id><APICase:isInternal>false</APICase:isInternal><APICase:isOrgAdmin>false</APICase:isOrgAdmin><APICase:isSecured>true</APICase:isSecured><APICase:isSecureSupportTech>false</APICase:isSecureSupportTech><APICase:lastName>Phoon</APICase:lastName><APICase:message xsi:nil="true"/><APICase:name>Woh Shon Phoon</APICase:name><APICase:normalizedTimezone>Asia/Hong_Kong</APICase:normalizedTimezone><APICase:phone>65 9683 0675</APICase:phone><APICase:returnCode xsi:nil="true"/><APICase:sessionId xsi:nil="true"/><APICase:ssoName xsi:nil="true"/><APICase:timezone>(GMT+08:00) Hong Kong Time (Asia/Hong_Kong)</APICase:timezone></APICase:contacts><APICase:contactSSOName>dtse@redhat.com</APICase:contactSSOName><APICase:createdBy>Kumar Mashalkar</APICase:createdBy><APICase:createdBySSOName>gss-tools</APICase:createdBySSOName><APICase:createdDate>2020-06-11T09:48:35.000Z</APICase:createdDate><APICase:critSit>false</APICase:critSit><APICase:customerEscalation>false</APICase:customerEscalation><APICase:customerIntelligenceLink xsi:nil="true"/><APICase:customerNotes xsi:nil="true"/><APICase:description>Test for automation</APICase:description><APICase:enhancedSLA>false</APICase:enhancedSLA><APICase:entitlementId>5502i0000006mxdAAA</APICase:entitlementId><APICase:environment xsi:nil="true"/><APICase:externalLock>false</APICase:externalLock><APICase:externalLockBy xsi:nil="true"/><APICase:externalLockDate xsi:nil="true"/><APICase:firstCaseInactivityWarningSentAt xsi:nil="true"/><APICase:FTS>false</APICase:FTS><APICase:groupName xsi:nil="true"/><APICase:groupNumber xsi:nil="true"/><APICase:handledByAscension>false</APICase:handledByAscension><APICase:hasEnhancedDelivery>false</APICase:hasEnhancedDelivery><APICase:hostname xsi:nil="true"/><APICase:hotfixDelivered>false</APICase:hotfixDelivered><APICase:hotfixRequested>false</APICase:hotfixRequested><APICase:id>5002i0000034NPSAA2</APICase:id><APICase:internalLastModifiedDate>2020-06-29T13:15:59.000Z</APICase:internalLastModifiedDate><APICase:internalpriority xsi:nil="true"/><APICase:internalstatus>Waiting on QA</APICase:internalstatus><APICase:isCertification>false</APICase:isCertification><APICase:isClosed>false</APICase:isClosed><APICase:isFTSHandoverReady>false</APICase:isFTSHandoverReady><APICase:isPoc>false</APICase:isPoc><APICase:isPrivate>false</APICase:isPrivate><APICase:isReviewed>false</APICase:isReviewed><APICase:isStrategicAccount>true</APICase:isStrategicAccount><APICase:issue xsi:nil="true"/><APICase:itar>false</APICase:itar><APICase:language>en</APICase:language><APICase:lastModifiedBy>Mitesh Mishra</APICase:lastModifiedBy><APICase:lastModifiedDate>2020-06-29T13:15:48.000Z</APICase:lastModifiedDate><APICase:ltrocClosed>false</APICase:ltrocClosed><APICase:ltrocClosedSet>false</APICase:ltrocClosedSet><APICase:managementEscalationRequested>false</APICase:managementEscalationRequested><APICase:message xsi:nil="true"/><APICase:needsNewOwner xsi:nil="true"/><APICase:noAutomationForAccount>false</APICase:noAutomationForAccount><APICase:noAutomationForCase>false</APICase:noAutomationForCase><APICase:noAutomationForCaseGroup xsi:nil="true"/><APICase:noLinkedKCSReason xsi:nil="true"/><APICase:noLinkedKCSReasonExplanation xsi:nil="true"/><APICase:openshiftClusterId xsi:nil="true"/><APICase:origin>Phone</APICase:origin><APICase:owner>Kumar Mashalkar</APICase:owner><APICase:periodicityOfIssue xsi:nil="true"/><APICase:premiumPlus>false</APICase:premiumPlus><APICase:priorityScore>695.0</APICase:priorityScore><APICase:proactive>false</APICase:proactive><APICase:proactiveEndDate xsi:nil="true"/><APICase:proactiveStartDate xsi:nil="true"/><APICase:product>OpenShift Container Platform</APICase:product><APICase:pseCase>false</APICase:pseCase><APICase:recordTypeName>GSS Case Record Type</APICase:recordTypeName><APICase:reliefAt xsi:nil="true"/><APICase:remoteSessionTermsAcked>false</APICase:remoteSessionTermsAcked><APICase:remoteSessionTermsAckedBy xsi:nil="true"/><APICase:remoteSessionTermsAckedDate xsi:nil="true"/><APICase:remoteSessionTermsAgreementLevel xsi:nil="true"/><APICase:resolution xsi:nil="true"/><APICase:resolutionDescription xsi:nil="true"/><APICase:resolvedAt xsi:nil="true"/><APICase:returnCode>200</APICase:returnCode><APICase:sbrGroups>API Mgmt</APICase:sbrGroups><APICase:secondCaseInactivityWarningSentAt xsi:nil="true"/><APICase:severity>4 (Low)</APICase:severity><APICase:sla>PREMIUM</APICase:sla><APICase:sparseCaseNotifications>false</APICase:sparseCaseNotifications><APICase:status>Waiting on Red Hat</APICase:status><APICase:summary>This case is test of automation</APICase:summary><APICase:suppliedEmail xsi:nil="true"/><APICase:suppliedName xsi:nil="true"/><APICase:suppliedPhone xsi:nil="true"/><APICase:timeFramesAndUrgency xsi:nil="true"/><APICase:transcripts xsi:nil="true"/><APICase:translationNotRequired>false</APICase:translationNotRequired><APICase:userAgent>Internal</APICase:userAgent><APICase:version>3.10</APICase:version><APICase:waitingOnCallback>false</APICase:waitingOnCallback></result></getCaseResponse></soapenv:Body></soapenv:Envelope>
[#document: null]
APICase:origin
APICase:origin
Phone
<?xml version="1.0" encoding="UTF-8"?><soapenv:Envelope xmlns:soapenv="http://schemas.xmlsoap.org/soap/envelope/" xmlns="http://soap.sforce.com/schemas/class/CaseAPI" xmlns:APICase="http://soap.sforce.com/schemas/class/APIUtils" xmlns:xsi="http://www.w3.org/2001/XMLSchema-instance"><soapenv:Body><getCaseResponse><result><APICase:abandonCase xsi:nil="true"/><APICase:accountNumber>1460290</APICase:accountNumber><APICase:actionPlan xsi:nil="true"/><APICase:alternateId xsi:nil="true"/><APICase:attachments xsi:nil="true"/><APICase:bugs><APICase:message xsi:nil="true"/><APICase:returnCode xsi:nil="true"/></APICase:bugs><APICase:caseAutomationEnabled>true</APICase:caseAutomationEnabled><APICase:caseCreationSessionId xsi:nil="true"/><APICase:caseNumber>02470917</APICase:caseNumber><APICase:caseResourceLinks><APICase:message xsi:nil="true"/><APICase:returnCode xsi:nil="true"/></APICase:caseResourceLinks><APICase:caseSummary xsi:nil="true"/><APICase:caseType>Other</APICase:caseType><APICase:cep>false</APICase:cep><APICase:certArchitecture xsi:nil="true"/><APICase:certCategory xsi:nil="true"/><APICase:certContainerProjectId xsi:nil="true"/><APICase:certExceptionGranted xsi:nil="true"/><APICase:certIsPrivate xsi:nil="true"/><APICase:certNeedException xsi:nil="true"/><APICase:certPortalId xsi:nil="true"/><APICase:certProduct xsi:nil="true"/><APICase:certProgram xsi:nil="true"/><APICase:certVendorName xsi:nil="true"/><APICase:certVendorPortalId xsi:nil="true"/><APICase:certVendorProductName xsi:nil="true"/><APICase:certVendorProductPortalId xsi:nil="true"/><APICase:certVersion xsi:nil="true"/><APICase:collaborationScore>695.0</APICase:collaborationScore><APICase:comments><APICase:caseNumber>02470917</APICase:caseNumber><APICase:contentType>plaintext</APICase:contentType><APICase:createdBy>Mashalkar, Kumar</APICase:createdBy><APICase:createdByType>Associate</APICase:createdByType><APICase:createdDate>2020-06-29T12:21:33.000Z</APICase:createdDate><APICase:doNotChangeSBT>false</APICase:doNotChangeSBT><APICase:externalCommentHandlingSystem xsi:nil="true"/><APICase:hoursWorked xsi:nil="true"/><APICase:id>a0a2i000000VN1NAAW</APICase:id><APICase:isDraft>false</APICase:isDraft><APICase:isPublic>true</APICase:isPublic><APICase:lastModifiedBy>Mashalkar, Kumar</APICase:lastModifiedBy><APICase:lastModifiedByEmailAddress xsi:nil="true"/><APICase:lastModifiedByPersonType>Associate</APICase:lastModifiedByPersonType><APICase:lastModifiedDate>2020-06-29T12:21:33.000Z</APICase:lastModifiedDate><APICase:message xsi:nil="true"/><APICase:publishedDate>2020-06-29T12:21:33.000Z</APICase:publishedDate><APICase:returnCode xsi:nil="true"/><APICase:sharePrivateWithExternalTrackers xsi:nil="true"/><APICase:text>This is public comment</APICase:text><APICase:visibility xsi:nil="true"/></APICase:comments><APICase:comments><APICase:caseNumber>02470917</APICase:caseNumber><APICase:contentType>plaintext</APICase:contentType><APICase:createdBy>Mashalkar, Kumar</APICase:createdBy><APICase:createdByType>Associate</APICase:createdByType><APICase:createdDate>2020-06-29T12:18:28.000Z</APICase:createdDate><APICase:doNotChangeSBT>false</APICase:doNotChangeSBT><APICase:externalCommentHandlingSystem xsi:nil="true"/><APICase:hoursWorked xsi:nil="true"/><APICase:id>a0a2i000000VN1DAAW</APICase:id><APICase:isDraft>false</APICase:isDraft><APICase:isPublic>true</APICase:isPublic><APICase:lastModifiedBy>Mashalkar, Kumar</APICase:lastModifiedBy><APICase:lastModifiedByEmailAddress xsi:nil="true"/><APICase:lastModifiedByPersonType>Associate</APICase:lastModifiedByPersonType><APICase:lastModifiedDate>2020-06-29T12:18:28.000Z</APICase:lastModifiedDate><APICase:message xsi:nil="true"/><APICase:publishedDate>2020-06-29T12:18:28.000Z</APICase:publishedDate><APICase:returnCode xsi:nil="true"/><APICase:sharePrivateWithExternalTrackers xsi:nil="true"/><APICase:text>This is public comment</APICase:text><APICase:visibility xsi:nil="true"/></APICase:comments><APICase:comments><APICase:caseNumber>02470917</APICase:caseNumber><APICase:contentType>plaintext</APICase:contentType><APICase:createdBy>Mashalkar, Kumar</APICase:createdBy><APICase:createdByType>Associate</APICase:createdByType><APICase:createdDate>2020-06-29T12:12:08.000Z</APICase:createdDate><APICase:doNotChangeSBT>false</APICase:doNotChangeSBT><APICase:externalCommentHandlingSystem xsi:nil="true"/><APICase:hoursWorked xsi:nil="true"/><APICase:id>a0a2i000000VN18AAG</APICase:id><APICase:isDraft>false</APICase:isDraft><APICase:isPublic>true</APICase:isPublic><APICase:lastModifiedBy>Mashalkar, Kumar</APICase:lastModifiedBy><APICase:lastModifiedByEmailAddress xsi:nil="true"/><APICase:lastModifiedByPersonType>Associate</APICase:lastModifiedByPersonType><APICase:lastModifiedDate>2020-06-29T12:12:07.000Z</APICase:lastModifiedDate><APICase:message xsi:nil="true"/><APICase:publishedDate>2020-06-29T12:12:07.000Z</APICase:publishedDate><APICase:returnCode xsi:nil="true"/><APICase:sharePrivateWithExternalTrackers xsi:nil="true"/><APICase:text>This is public comment</APICase:text><APICase:visibility xsi:nil="true"/></APICase:comments><APICase:comments><APICase:caseNumber>02470917</APICase:caseNumber><APICase:contentType>plaintext</APICase:contentType><APICase:createdBy>Mashalkar, Kumar</APICase:createdBy><APICase:createdByType>Associate</APICase:createdByType><APICase:createdDate>2020-06-26T11:45:03.000Z</APICase:createdDate><APICase:doNotChangeSBT>false</APICase:doNotChangeSBT><APICase:externalCommentHandlingSystem xsi:nil="true"/><APICase:hoursWorked xsi:nil="true"/><APICase:id>a0a2i000000VMB5AAO</APICase:id><APICase:isDraft>false</APICase:isDraft><APICase:isPublic>true</APICase:isPublic><APICase:lastModifiedBy>Mashalkar, Kumar</APICase:lastModifiedBy><APICase:lastModifiedByEmailAddress xsi:nil="true"/><APICase:lastModifiedByPersonType>Associate</APICase:lastModifiedByPersonType><APICase:lastModifiedDate>2020-06-26T11:45:03.000Z</APICase:lastModifiedDate><APICase:message xsi:nil="true"/><APICase:publishedDate>2020-06-26T11:45:03.000Z</APICase:publishedDate><APICase:returnCode xsi:nil="true"/><APICase:sharePrivateWithExternalTrackers xsi:nil="true"/><APICase:text>This is public comment</APICase:text><APICase:visibility xsi:nil="true"/></APICase:comments><APICase:comments><APICase:caseNumber>02470917</APICase:caseNumber><APICase:contentType>plaintext</APICase:contentType><APICase:createdBy>Mashalkar, Kumar</APICase:createdBy><APICase:createdByType>Associate</APICase:createdByType><APICase:createdDate>2020-06-26T08:29:28.000Z</APICase:createdDate><APICase:doNotChangeSBT>false</APICase:doNotChangeSBT><APICase:externalCommentHandlingSystem xsi:nil="true"/><APICase:hoursWorked xsi:nil="true"/><APICase:id>a0a2i000000VMAgAAO</APICase:id><APICase:isDraft>false</APICase:isDraft><APICase:isPublic>true</APICase:isPublic><APICase:lastModifiedBy>Mashalkar, Kumar</APICase:lastModifiedBy><APICase:lastModifiedByEmailAddress xsi:nil="true"/><APICase:lastModifiedByPersonType>Associate</APICase:lastModifiedByPersonType><APICase:lastModifiedDate>2020-06-26T08:29:27.000Z</APICase:lastModifiedDate><APICase:message xsi:nil="true"/><APICase:publishedDate>2020-06-26T08:29:27.000Z</APICase:publishedDate><APICase:returnCode xsi:nil="true"/><APICase:sharePrivateWithExternalTrackers xsi:nil="true"/><APICase:text>This is public comment</APICase:text><APICase:visibility xsi:nil="true"/></APICase:comments><APICase:comments><APICase:caseNumber>02470917</APICase:caseNumber><APICase:contentType>plaintext</APICase:contentType><APICase:createdBy>Mashalkar, Kumar</APICase:createdBy><APICase:createdByType>Associate</APICase:createdByType><APICase:createdDate>2020-06-26T04:12:44.000Z</APICase:createdDate><APICase:doNotChangeSBT>false</APICase:doNotChangeSBT><APICase:externalCommentHandlingSystem xsi:nil="true"/><APICase:hoursWorked xsi:nil="true"/><APICase:id>a0a2i000000VM8VAAW</APICase:id><APICase:isDraft>false</APICase:isDraft><APICase:isPublic>true</APICase:isPublic><APICase:lastModifiedBy>Mashalkar, Kumar</APICase:lastModifiedBy><APICase:lastModifiedByEmailAddress xsi:nil="true"/><APICase:lastModifiedByPersonType>Associate</APICase:lastModifiedByPersonType><APICase:lastModifiedDate>2020-06-26T04:12:43.000Z</APICase:lastModifiedDate><APICase:message xsi:nil="true"/><APICase:publishedDate>2020-06-26T04:12:43.000Z</APICase:publishedDate><APICase:returnCode xsi:nil="true"/><APICase:sharePrivateWithExternalTrackers xsi:nil="true"/><APICase:text>This is public comment</APICase:text><APICase:visibility xsi:nil="true"/></APICase:comments><APICase:comments><APICase:caseNumber>02470917</APICase:caseNumber><APICase:contentType>plaintext</APICase:contentType><APICase:createdBy>Mishra, Mitesh</APICase:createdBy><APICase:createdByType>Associate</APICase:createdByType><APICase:createdDate>2020-06-26T04:05:42.000Z</APICase:createdDate><APICase:doNotChangeSBT>false</APICase:doNotChangeSBT><APICase:externalCommentHandlingSystem xsi:nil="true"/><APICase:hoursWorked xsi:nil="true"/><APICase:id>a0a2i000000VM8LAAW</APICase:id><APICase:isDraft>false</APICase:isDraft><APICase:isPublic>true</APICase:isPublic><APICase:lastModifiedBy>Mishra, Mitesh</APICase:lastModifiedBy><APICase:lastModifiedByEmailAddress xsi:nil="true"/><APICase:lastModifiedByPersonType>Associate</APICase:lastModifiedByPersonType><APICase:lastModifiedDate>2020-06-26T04:05:42.000Z</APICase:lastModifiedDate><APICase:message xsi:nil="true"/><APICase:publishedDate>2020-06-26T04:05:42.000Z</APICase:publishedDate><APICase:returnCode xsi:nil="true"/><APICase:sharePrivateWithExternalTrackers xsi:nil="true"/><APICase:text>comment for customer</APICase:text><APICase:visibility xsi:nil="true"/></APICase:comments><APICase:comments><APICase:caseNumber>02470917</APICase:caseNumber><APICase:contentType>plaintext</APICase:contentType><APICase:createdBy>Mishra, Mitesh</APICase:createdBy><APICase:createdByType>Associate</APICase:createdByType><APICase:createdDate>2020-06-26T04:01:47.000Z</APICase:createdDate><APICase:doNotChangeSBT>false</APICase:doNotChangeSBT><APICase:externalCommentHandlingSystem xsi:nil="true"/><APICase:hoursWorked xsi:nil="true"/><APICase:id>a0a2i000000VM8GAAW</APICase:id><APICase:isDraft>false</APICase:isDraft><APICase:isPublic>true</APICase:isPublic><APICase:lastModifiedBy>Mishra, Mitesh</APICase:lastModifiedBy><APICase:lastModifiedByEmailAddress xsi:nil="true"/><APICase:lastModifiedByPersonType>Associate</APICase:lastModifiedByPersonType><APICase:lastModifiedDate>2020-06-26T04:01:47.000Z</APICase:lastModifiedDate><APICase:message xsi:nil="true"/><APICase:publishedDate>2020-06-26T04:01:47.000Z</APICase:publishedDate><APICase:returnCode xsi:nil="true"/><APICase:sharePrivateWithExternalTrackers xsi:nil="true"/><APICase:text>comment to check mail is generated to customer as well</APICase:text><APICase:visibility xsi:nil="true"/></APICase:comments><APICase:comments><APICase:caseNumber>02470917</APICase:caseNumber><APICase:contentType>plaintext</APICase:contentType><APICase:createdBy>Mishra, Mitesh</APICase:createdBy><APICase:createdByType>Associate</APICase:createdByType><APICase:createdDate>2020-06-26T03:59:35.000Z</APICase:createdDate><APICase:doNotChangeSBT>false</APICase:doNotChangeSBT><APICase:externalCommentHandlingSystem xsi:nil="true"/><APICase:hoursWorked xsi:nil="true"/><APICase:id>a0a2i000000VM8BAAW</APICase:id><APICase:isDraft>false</APICase:isDraft><APICase:isPublic>true</APICase:isPublic><APICase:lastModifiedBy>Mishra, Mitesh</APICase:lastModifiedBy><APICase:lastModifiedByEmailAddress xsi:nil="true"/><APICase:lastModifiedByPersonType>Associate</APICase:lastModifiedByPersonType><APICase:lastModifiedDate>2020-06-26T03:59:34.000Z</APICase:lastModifiedDate><APICase:message xsi:nil="true"/><APICase:publishedDate>2020-06-26T03:59:34.000Z</APICase:publishedDate><APICase:returnCode xsi:nil="true"/><APICase:sharePrivateWithExternalTrackers xsi:nil="true"/><APICase:text>test comment</APICase:text><APICase:visibility xsi:nil="true"/></APICase:comments><APICase:comments><APICase:caseNumber>02470917</APICase:caseNumber><APICase:contentType>plaintext</APICase:contentType><APICase:createdBy>Mashalkar, Kumar</APICase:createdBy><APICase:createdByType>Associate</APICase:createdByType><APICase:createdDate>2020-06-25T18:50:15.000Z</APICase:createdDate><APICase:doNotChangeSBT>false</APICase:doNotChangeSBT><APICase:externalCommentHandlingSystem xsi:nil="true"/><APICase:hoursWorked xsi:nil="true"/><APICase:id>a0a2i000000VLv7AAG</APICase:id><APICase:isDraft>false</APICase:isDraft><APICase:isPublic>true</APICase:isPublic><APICase:lastModifiedBy>Mashalkar, Kumar</APICase:lastModifiedBy><APICase:lastModifiedByEmailAddress xsi:nil="true"/><APICase:lastModifiedByPersonType>Associate</APICase:lastModifiedByPersonType><APICase:lastModifiedDate>2020-06-25T18:50:14.000Z</APICase:lastModifiedDate><APICase:message xsi:nil="true"/><APICase:publishedDate>2020-06-25T18:50:14.000Z</APICase:publishedDate><APICase:returnCode xsi:nil="true"/><APICase:sharePrivateWithExternalTrackers xsi:nil="true"/><APICase:text>This is public comment</APICase:text><APICase:visibility xsi:nil="true"/></APICase:comments><APICase:comments><APICase:caseNumber>02470917</APICase:caseNumber><APICase:contentType>plaintext</APICase:contentType><APICase:createdBy>Mashalkar, Kumar</APICase:createdBy><APICase:createdByType>Associate</APICase:createdByType><APICase:createdDate>2020-06-25T18:13:25.000Z</APICase:createdDate><APICase:doNotChangeSBT>false</APICase:doNotChangeSBT><APICase:externalCommentHandlingSystem xsi:nil="true"/><APICase:hoursWorked xsi:nil="true"/><APICase:id>a0a2i000000VLu9AAG</APICase:id><APICase:isDraft>false</APICase:isDraft><APICase:isPublic>true</APICase:isPublic><APICase:lastModifiedBy>Mashalkar, Kumar</APICase:lastModifiedBy><APICase:lastModifiedByEmailAddress xsi:nil="true"/><APICase:lastModifiedByPersonType>Associate</APICase:lastModifiedByPersonType><APICase:lastModifiedDate>2020-06-25T18:13:24.000Z</APICase:lastModifiedDate><APICase:message xsi:nil="true"/><APICase:publishedDate>2020-06-25T18:13:24.000Z</APICase:publishedDate><APICase:returnCode xsi:nil="true"/><APICase:sharePrivateWithExternalTrackers xsi:nil="true"/><APICase:text>This is public comment</APICase:text><APICase:visibility xsi:nil="true"/></APICase:comments><APICase:comments><APICase:caseNumber>02470917</APICase:caseNumber><APICase:contentType>plaintext</APICase:contentType><APICase:createdBy>Mashalkar, Kumar</APICase:createdBy><APICase:createdByType>Associate</APICase:createdByType><APICase:createdDate>2020-06-25T17:44:37.000Z</APICase:createdDate><APICase:doNotChangeSBT>false</APICase:doNotChangeSBT><APICase:externalCommentHandlingSystem xsi:nil="true"/><APICase:hoursWorked xsi:nil="true"/><APICase:id>a0a2i000000VLtzAAG</APICase:id><APICase:isDraft>false</APICase:isDraft><APICase:isPublic>true</APICase:isPublic><APICase:lastModifiedBy>Mashalkar, Kumar</APICase:lastModifiedBy><APICase:lastModifiedByEmailAddress xsi:nil="true"/><APICase:lastModifiedByPersonType>Associate</APICase:lastModifiedByPersonType><APICase:lastModifiedDate>2020-06-25T17:44:36.000Z</APICase:lastModifiedDate><APICase:message xsi:nil="true"/><APICase:publishedDate>2020-06-25T17:44:36.000Z</APICase:publishedDate><APICase:returnCode xsi:nil="true"/><APICase:sharePrivateWithExternalTrackers xsi:nil="true"/><APICase:text>This is a test comment</APICase:text><APICase:visibility xsi:nil="true"/></APICase:comments><APICase:comments><APICase:caseNumber>02470917</APICase:caseNumber><APICase:contentType>plaintext</APICase:contentType><APICase:createdBy>Mashalkar, Kumar</APICase:createdBy><APICase:createdByType>Associate</APICase:createdByType><APICase:createdDate>2020-06-19T15:52:24.000Z</APICase:createdDate><APICase:doNotChangeSBT>false</APICase:doNotChangeSBT><APICase:externalCommentHandlingSystem xsi:nil="true"/><APICase:hoursWorked xsi:nil="true"/><APICase:id>a0a2i000000VG1XAAW</APICase:id><APICase:isDraft>false</APICase:isDraft><APICase:isPublic>false</APICase:isPublic><APICase:lastModifiedBy>Mashalkar, Kumar</APICase:lastModifiedBy><APICase:lastModifiedByEmailAddress xsi:nil="true"/><APICase:lastModifiedByPersonType>Associate</APICase:lastModifiedByPersonType><APICase:lastModifiedDate>2020-06-19T15:52:24.000Z</APICase:lastModifiedDate><APICase:message xsi:nil="true"/><APICase:publishedDate>2020-06-19T15:52:24.000Z</APICase:publishedDate><APICase:returnCode xsi:nil="true"/><APICase:sharePrivateWithExternalTrackers xsi:nil="true"/><APICase:text>This is private comment</APICase:text><APICase:visibility xsi:nil="true"/></APICase:comments><APICase:comments><APICase:caseNumber>02470917</APICase:caseNumber><APICase:contentType>plaintext</APICase:contentType><APICase:createdBy>Mashalkar, Kumar</APICase:createdBy><APICase:createdByType>Associate</APICase:createdByType><APICase:createdDate>2020-06-19T15:40:45.000Z</APICase:createdDate><APICase:doNotChangeSBT>false</APICase:doNotChangeSBT><APICase:externalCommentHandlingSystem xsi:nil="true"/><APICase:hoursWorked xsi:nil="true"/><APICase:id>a0a2i000000VG1SAAW</APICase:id><APICase:isDraft>false</APICase:isDraft><APICase:isPublic>true</APICase:isPublic><APICase:lastModifiedBy>Mashalkar, Kumar</APICase:lastModifiedBy><APICase:lastModifiedByEmailAddress xsi:nil="true"/><APICase:lastModifiedByPersonType>Associate</APICase:lastModifiedByPersonType><APICase:lastModifiedDate>2020-06-19T15:40:45.000Z</APICase:lastModifiedDate><APICase:message xsi:nil="true"/><APICase:publishedDate>2020-06-19T15:40:45.000Z</APICase:publishedDate><APICase:returnCode xsi:nil="true"/><APICase:sharePrivateWithExternalTrackers xsi:nil="true"/><APICase:text>This is public comment</APICase:text><APICase:visibility xsi:nil="true"/></APICase:comments><APICase:contactInfo24x7 xsi:nil="true"/><APICase:contactIsPartner>false</APICase:contactIsPartner><APICase:contactName>David Tse</APICase:contactName><APICase:contacts><APICase:canAccessAllAccounts>false</APICase:canAccessAllAccounts><APICase:canAddAttachments>true</APICase:canAddAttachments><APICase:canSeeDashboard>true</APICase:canSeeDashboard><APICase:defaultGroupName xsi:nil="true"/><APICase:defaultGroupNumber xsi:nil="true"/><APICase:email>gss-sfdc+qa+wophoon@redhat.com</APICase:email><APICase:firstName>Woh Shon</APICase:firstName><APICase:hasChat>false</APICase:hasChat><APICase:hasUser>false</APICase:hasUser><APICase:id>003A000001nOpcXIAS</APICase:id><APICase:isInternal>false</APICase:isInternal><APICase:isOrgAdmin>false</APICase:isOrgAdmin><APICase:isSecured>true</APICase:isSecured><APICase:isSecureSupportTech>false</APICase:isSecureSupportTech><APICase:lastName>Phoon</APICase:lastName><APICase:message xsi:nil="true"/><APICase:name>Woh Shon Phoon</APICase:name><APICase:normalizedTimezone>Asia/Hong_Kong</APICase:normalizedTimezone><APICase:phone>65 9683 0675</APICase:phone><APICase:returnCode xsi:nil="true"/><APICase:sessionId xsi:nil="true"/><APICase:ssoName xsi:nil="true"/><APICase:timezone>(GMT+08:00) Hong Kong Time (Asia/Hong_Kong)</APICase:timezone></APICase:contacts><APICase:contactSSOName>dtse@redhat.com</APICase:contactSSOName><APICase:createdBy>Kumar Mashalkar</APICase:createdBy><APICase:createdBySSOName>gss-tools</APICase:createdBySSOName><APICase:createdDate>2020-06-11T09:48:35.000Z</APICase:createdDate><APICase:critSit>false</APICase:critSit><APICase:customerEscalation>false</APICase:customerEscalation><APICase:customerIntelligenceLink xsi:nil="true"/><APICase:customerNotes xsi:nil="true"/><APICase:description>Test for automation</APICase:description><APICase:enhancedSLA>false</APICase:enhancedSLA><APICase:entitlementId>5502i0000006mxdAAA</APICase:entitlementId><APICase:environment xsi:nil="true"/><APICase:externalLock>false</APICase:externalLock><APICase:externalLockBy xsi:nil="true"/><APICase:externalLockDate xsi:nil="true"/><APICase:firstCaseInactivityWarningSentAt xsi:nil="true"/><APICase:FTS>false</APICase:FTS><APICase:groupName xsi:nil="true"/><APICase:groupNumber xsi:nil="true"/><APICase:handledByAscension>false</APICase:handledByAscension><APICase:hasEnhancedDelivery>false</APICase:hasEnhancedDelivery><APICase:hostname xsi:nil="true"/><APICase:hotfixDelivered>false</APICase:hotfixDelivered><APICase:hotfixRequested>false</APICase:hotfixRequested><APICase:id>5002i0000034NPSAA2</APICase:id><APICase:internalLastModifiedDate>2020-06-29T13:15:59.000Z</APICase:internalLastModifiedDate><APICase:internalpriority xsi:nil="true"/><APICase:internalstatus>Waiting on QA</APICase:internalstatus><APICase:isCertification>false</APICase:isCertification><APICase:isClosed>false</APICase:isClosed><APICase:isFTSHandoverReady>false</APICase:isFTSHandoverReady><APICase:isPoc>false</APICase:isPoc><APICase:isPrivate>false</APICase:isPrivate><APICase:isReviewed>false</APICase:isReviewed><APICase:isStrategicAccount>true</APICase:isStrategicAccount><APICase:issue xsi:nil="true"/><APICase:itar>false</APICase:itar><APICase:language>en</APICase:language><APICase:lastModifiedBy>Mitesh Mishra</APICase:lastModifiedBy><APICase:lastModifiedDate>2020-06-29T13:15:48.000Z</APICase:lastModifiedDate><APICase:ltrocClosed>false</APICase:ltrocClosed><APICase:ltrocClosedSet>false</APICase:ltrocClosedSet><APICase:managementEscalationRequested>false</APICase:managementEscalationRequested><APICase:message xsi:nil="true"/><APICase:needsNewOwner xsi:nil="true"/><APICase:noAutomationForAccount>false</APICase:noAutomationForAccount><APICase:noAutomationForCase>false</APICase:noAutomationForCase><APICase:noAutomationForCaseGroup xsi:nil="true"/><APICase:noLinkedKCSReason xsi:nil="true"/><APICase:noLinkedKCSReasonExplanation xsi:nil="true"/><APICase:openshiftClusterId xsi:nil="true"/><APICase:origin>Phone</APICase:origin><APICase:owner>Kumar Mashalkar</APICase:owner><APICase:periodicityOfIssue xsi:nil="true"/><APICase:premiumPlus>false</APICase:premiumPlus><APICase:priorityScore>695.0</APICase:priorityScore><APICase:proactive>false</APICase:proactive><APICase:proactiveEndDate xsi:nil="true"/><APICase:proactiveStartDate xsi:nil="true"/><APICase:product>OpenShift Container Platform</APICase:product><APICase:pseCase>false</APICase:pseCase><APICase:recordTypeName>GSS Case Record Type</APICase:recordTypeName><APICase:reliefAt xsi:nil="true"/><APICase:remoteSessionTermsAcked>false</APICase:remoteSessionTermsAcked><APICase:remoteSessionTermsAckedBy xsi:nil="true"/><APICase:remoteSessionTermsAckedDate xsi:nil="true"/><APICase:remoteSessionTermsAgreementLevel xsi:nil="true"/><APICase:resolution xsi:nil="true"/><APICase:resolutionDescription xsi:nil="true"/><APICase:resolvedAt xsi:nil="true"/><APICase:returnCode>200</APICase:returnCode><APICase:sbrGroups>API Mgmt</APICase:sbrGroups><APICase:secondCaseInactivityWarningSentAt xsi:nil="true"/><APICase:severity>4 (Low)</APICase:severity><APICase:sla>PREMIUM</APICase:sla><APICase:sparseCaseNotifications>false</APICase:sparseCaseNotifications><APICase:status>Waiting on Red Hat</APICase:status><APICase:summary>This case is test of automation</APICase:summary><APICase:suppliedEmail xsi:nil="true"/><APICase:suppliedName xsi:nil="true"/><APICase:suppliedPhone xsi:nil="true"/><APICase:timeFramesAndUrgency xsi:nil="true"/><APICase:transcripts xsi:nil="true"/><APICase:translationNotRequired>false</APICase:translationNotRequired><APICase:userAgent>Internal</APICase:userAgent><APICase:version>3.10</APICase:version><APICase:waitingOnCallback>false</APICase:waitingOnCallback></result></getCaseResponse></soapenv:Body></soapenv:Envelope>
[#document: null]
APICase:origin
APICase:origin
Phone
&amp#27;[34mPhone&amp#27;[0m
<?xml version="1.0" encoding="UTF-8"?><soapenv:Envelope xmlns:soapenv="http://schemas.xmlsoap.org/soap/envelope/" xmlns="http://soap.sforce.com/schemas/class/CaseAPI" xmlns:APICase="http://soap.sforce.com/schemas/class/APIUtils" xmlns:xsi="http://www.w3.org/2001/XMLSchema-instance"><soapenv:Body><getCaseResponse><result><APICase:abandonCase xsi:nil="true"/><APICase:accountNumber>1460290</APICase:accountNumber><APICase:actionPlan xsi:nil="true"/><APICase:alternateId xsi:nil="true"/><APICase:attachments xsi:nil="true"/><APICase:bugs><APICase:message xsi:nil="true"/><APICase:returnCode xsi:nil="true"/></APICase:bugs><APICase:caseAutomationEnabled>true</APICase:caseAutomationEnabled><APICase:caseCreationSessionId xsi:nil="true"/><APICase:caseNumber>02470917</APICase:caseNumber><APICase:caseResourceLinks><APICase:message xsi:nil="true"/><APICase:returnCode xsi:nil="true"/></APICase:caseResourceLinks><APICase:caseSummary xsi:nil="true"/><APICase:caseType>Other</APICase:caseType><APICase:cep>false</APICase:cep><APICase:certArchitecture xsi:nil="true"/><APICase:certCategory xsi:nil="true"/><APICase:certContainerProjectId xsi:nil="true"/><APICase:certExceptionGranted xsi:nil="true"/><APICase:certIsPrivate xsi:nil="true"/><APICase:certNeedException xsi:nil="true"/><APICase:certPortalId xsi:nil="true"/><APICase:certProduct xsi:nil="true"/><APICase:certProgram xsi:nil="true"/><APICase:certVendorName xsi:nil="true"/><APICase:certVendorPortalId xsi:nil="true"/><APICase:certVendorProductName xsi:nil="true"/><APICase:certVendorProductPortalId xsi:nil="true"/><APICase:certVersion xsi:nil="true"/><APICase:collaborationScore>695.0</APICase:collaborationScore><APICase:comments><APICase:caseNumber>02470917</APICase:caseNumber><APICase:contentType>plaintext</APICase:contentType><APICase:createdBy>Mashalkar, Kumar</APICase:createdBy><APICase:createdByType>Associate</APICase:createdByType><APICase:createdDate>2020-06-29T12:21:33.000Z</APICase:createdDate><APICase:doNotChangeSBT>false</APICase:doNotChangeSBT><APICase:externalCommentHandlingSystem xsi:nil="true"/><APICase:hoursWorked xsi:nil="true"/><APICase:id>a0a2i000000VN1NAAW</APICase:id><APICase:isDraft>false</APICase:isDraft><APICase:isPublic>true</APICase:isPublic><APICase:lastModifiedBy>Mashalkar, Kumar</APICase:lastModifiedBy><APICase:lastModifiedByEmailAddress xsi:nil="true"/><APICase:lastModifiedByPersonType>Associate</APICase:lastModifiedByPersonType><APICase:lastModifiedDate>2020-06-29T12:21:33.000Z</APICase:lastModifiedDate><APICase:message xsi:nil="true"/><APICase:publishedDate>2020-06-29T12:21:33.000Z</APICase:publishedDate><APICase:returnCode xsi:nil="true"/><APICase:sharePrivateWithExternalTrackers xsi:nil="true"/><APICase:text>This is public comment</APICase:text><APICase:visibility xsi:nil="true"/></APICase:comments><APICase:comments><APICase:caseNumber>02470917</APICase:caseNumber><APICase:contentType>plaintext</APICase:contentType><APICase:createdBy>Mashalkar, Kumar</APICase:createdBy><APICase:createdByType>Associate</APICase:createdByType><APICase:createdDate>2020-06-29T12:18:28.000Z</APICase:createdDate><APICase:doNotChangeSBT>false</APICase:doNotChangeSBT><APICase:externalCommentHandlingSystem xsi:nil="true"/><APICase:hoursWorked xsi:nil="true"/><APICase:id>a0a2i000000VN1DAAW</APICase:id><APICase:isDraft>false</APICase:isDraft><APICase:isPublic>true</APICase:isPublic><APICase:lastModifiedBy>Mashalkar, Kumar</APICase:lastModifiedBy><APICase:lastModifiedByEmailAddress xsi:nil="true"/><APICase:lastModifiedByPersonType>Associate</APICase:lastModifiedByPersonType><APICase:lastModifiedDate>2020-06-29T12:18:28.000Z</APICase:lastModifiedDate><APICase:message xsi:nil="true"/><APICase:publishedDate>2020-06-29T12:18:28.000Z</APICase:publishedDate><APICase:returnCode xsi:nil="true"/><APICase:sharePrivateWithExternalTrackers xsi:nil="true"/><APICase:text>This is public comment</APICase:text><APICase:visibility xsi:nil="true"/></APICase:comments><APICase:comments><APICase:caseNumber>02470917</APICase:caseNumber><APICase:contentType>plaintext</APICase:contentType><APICase:createdBy>Mashalkar, Kumar</APICase:createdBy><APICase:createdByType>Associate</APICase:createdByType><APICase:createdDate>2020-06-29T12:12:08.000Z</APICase:createdDate><APICase:doNotChangeSBT>false</APICase:doNotChangeSBT><APICase:externalCommentHandlingSystem xsi:nil="true"/><APICase:hoursWorked xsi:nil="true"/><APICase:id>a0a2i000000VN18AAG</APICase:id><APICase:isDraft>false</APICase:isDraft><APICase:isPublic>true</APICase:isPublic><APICase:lastModifiedBy>Mashalkar, Kumar</APICase:lastModifiedBy><APICase:lastModifiedByEmailAddress xsi:nil="true"/><APICase:lastModifiedByPersonType>Associate</APICase:lastModifiedByPersonType><APICase:lastModifiedDate>2020-06-29T12:12:07.000Z</APICase:lastModifiedDate><APICase:message xsi:nil="true"/><APICase:publishedDate>2020-06-29T12:12:07.000Z</APICase:publishedDate><APICase:returnCode xsi:nil="true"/><APICase:sharePrivateWithExternalTrackers xsi:nil="true"/><APICase:text>This is public comment</APICase:text><APICase:visibility xsi:nil="true"/></APICase:comments><APICase:comments><APICase:caseNumber>02470917</APICase:caseNumber><APICase:contentType>plaintext</APICase:contentType><APICase:createdBy>Mashalkar, Kumar</APICase:createdBy><APICase:createdByType>Associate</APICase:createdByType><APICase:createdDate>2020-06-26T11:45:03.000Z</APICase:createdDate><APICase:doNotChangeSBT>false</APICase:doNotChangeSBT><APICase:externalCommentHandlingSystem xsi:nil="true"/><APICase:hoursWorked xsi:nil="true"/><APICase:id>a0a2i000000VMB5AAO</APICase:id><APICase:isDraft>false</APICase:isDraft><APICase:isPublic>true</APICase:isPublic><APICase:lastModifiedBy>Mashalkar, Kumar</APICase:lastModifiedBy><APICase:lastModifiedByEmailAddress xsi:nil="true"/><APICase:lastModifiedByPersonType>Associate</APICase:lastModifiedByPersonType><APICase:lastModifiedDate>2020-06-26T11:45:03.000Z</APICase:lastModifiedDate><APICase:message xsi:nil="true"/><APICase:publishedDate>2020-06-26T11:45:03.000Z</APICase:publishedDate><APICase:returnCode xsi:nil="true"/><APICase:sharePrivateWithExternalTrackers xsi:nil="true"/><APICase:text>This is public comment</APICase:text><APICase:visibility xsi:nil="true"/></APICase:comments><APICase:comments><APICase:caseNumber>02470917</APICase:caseNumber><APICase:contentType>plaintext</APICase:contentType><APICase:createdBy>Mashalkar, Kumar</APICase:createdBy><APICase:createdByType>Associate</APICase:createdByType><APICase:createdDate>2020-06-26T08:29:28.000Z</APICase:createdDate><APICase:doNotChangeSBT>false</APICase:doNotChangeSBT><APICase:externalCommentHandlingSystem xsi:nil="true"/><APICase:hoursWorked xsi:nil="true"/><APICase:id>a0a2i000000VMAgAAO</APICase:id><APICase:isDraft>false</APICase:isDraft><APICase:isPublic>true</APICase:isPublic><APICase:lastModifiedBy>Mashalkar, Kumar</APICase:lastModifiedBy><APICase:lastModifiedByEmailAddress xsi:nil="true"/><APICase:lastModifiedByPersonType>Associate</APICase:lastModifiedByPersonType><APICase:lastModifiedDate>2020-06-26T08:29:27.000Z</APICase:lastModifiedDate><APICase:message xsi:nil="true"/><APICase:publishedDate>2020-06-26T08:29:27.000Z</APICase:publishedDate><APICase:returnCode xsi:nil="true"/><APICase:sharePrivateWithExternalTrackers xsi:nil="true"/><APICase:text>This is public comment</APICase:text><APICase:visibility xsi:nil="true"/></APICase:comments><APICase:comments><APICase:caseNumber>02470917</APICase:caseNumber><APICase:contentType>plaintext</APICase:contentType><APICase:createdBy>Mashalkar, Kumar</APICase:createdBy><APICase:createdByType>Associate</APICase:createdByType><APICase:createdDate>2020-06-26T04:12:44.000Z</APICase:createdDate><APICase:doNotChangeSBT>false</APICase:doNotChangeSBT><APICase:externalCommentHandlingSystem xsi:nil="true"/><APICase:hoursWorked xsi:nil="true"/><APICase:id>a0a2i000000VM8VAAW</APICase:id><APICase:isDraft>false</APICase:isDraft><APICase:isPublic>true</APICase:isPublic><APICase:lastModifiedBy>Mashalkar, Kumar</APICase:lastModifiedBy><APICase:lastModifiedByEmailAddress xsi:nil="true"/><APICase:lastModifiedByPersonType>Associate</APICase:lastModifiedByPersonType><APICase:lastModifiedDate>2020-06-26T04:12:43.000Z</APICase:lastModifiedDate><APICase:message xsi:nil="true"/><APICase:publishedDate>2020-06-26T04:12:43.000Z</APICase:publishedDate><APICase:returnCode xsi:nil="true"/><APICase:sharePrivateWithExternalTrackers xsi:nil="true"/><APICase:text>This is public comment</APICase:text><APICase:visibility xsi:nil="true"/></APICase:comments><APICase:comments><APICase:caseNumber>02470917</APICase:caseNumber><APICase:contentType>plaintext</APICase:contentType><APICase:createdBy>Mishra, Mitesh</APICase:createdBy><APICase:createdByType>Associate</APICase:createdByType><APICase:createdDate>2020-06-26T04:05:42.000Z</APICase:createdDate><APICase:doNotChangeSBT>false</APICase:doNotChangeSBT><APICase:externalCommentHandlingSystem xsi:nil="true"/><APICase:hoursWorked xsi:nil="true"/><APICase:id>a0a2i000000VM8LAAW</APICase:id><APICase:isDraft>false</APICase:isDraft><APICase:isPublic>true</APICase:isPublic><APICase:lastModifiedBy>Mishra, Mitesh</APICase:lastModifiedBy><APICase:lastModifiedByEmailAddress xsi:nil="true"/><APICase:lastModifiedByPersonType>Associate</APICase:lastModifiedByPersonType><APICase:lastModifiedDate>2020-06-26T04:05:42.000Z</APICase:lastModifiedDate><APICase:message xsi:nil="true"/><APICase:publishedDate>2020-06-26T04:05:42.000Z</APICase:publishedDate><APICase:returnCode xsi:nil="true"/><APICase:sharePrivateWithExternalTrackers xsi:nil="true"/><APICase:text>comment for customer</APICase:text><APICase:visibility xsi:nil="true"/></APICase:comments><APICase:comments><APICase:caseNumber>02470917</APICase:caseNumber><APICase:contentType>plaintext</APICase:contentType><APICase:createdBy>Mishra, Mitesh</APICase:createdBy><APICase:createdByType>Associate</APICase:createdByType><APICase:createdDate>2020-06-26T04:01:47.000Z</APICase:createdDate><APICase:doNotChangeSBT>false</APICase:doNotChangeSBT><APICase:externalCommentHandlingSystem xsi:nil="true"/><APICase:hoursWorked xsi:nil="true"/><APICase:id>a0a2i000000VM8GAAW</APICase:id><APICase:isDraft>false</APICase:isDraft><APICase:isPublic>true</APICase:isPublic><APICase:lastModifiedBy>Mishra, Mitesh</APICase:lastModifiedBy><APICase:lastModifiedByEmailAddress xsi:nil="true"/><APICase:lastModifiedByPersonType>Associate</APICase:lastModifiedByPersonType><APICase:lastModifiedDate>2020-06-26T04:01:47.000Z</APICase:lastModifiedDate><APICase:message xsi:nil="true"/><APICase:publishedDate>2020-06-26T04:01:47.000Z</APICase:publishedDate><APICase:returnCode xsi:nil="true"/><APICase:sharePrivateWithExternalTrackers xsi:nil="true"/><APICase:text>comment to check mail is generated to customer as well</APICase:text><APICase:visibility xsi:nil="true"/></APICase:comments><APICase:comments><APICase:caseNumber>02470917</APICase:caseNumber><APICase:contentType>plaintext</APICase:contentType><APICase:createdBy>Mishra, Mitesh</APICase:createdBy><APICase:createdByType>Associate</APICase:createdByType><APICase:createdDate>2020-06-26T03:59:35.000Z</APICase:createdDate><APICase:doNotChangeSBT>false</APICase:doNotChangeSBT><APICase:externalCommentHandlingSystem xsi:nil="true"/><APICase:hoursWorked xsi:nil="true"/><APICase:id>a0a2i000000VM8BAAW</APICase:id><APICase:isDraft>false</APICase:isDraft><APICase:isPublic>true</APICase:isPublic><APICase:lastModifiedBy>Mishra, Mitesh</APICase:lastModifiedBy><APICase:lastModifiedByEmailAddress xsi:nil="true"/><APICase:lastModifiedByPersonType>Associate</APICase:lastModifiedByPersonType><APICase:lastModifiedDate>2020-06-26T03:59:34.000Z</APICase:lastModifiedDate><APICase:message xsi:nil="true"/><APICase:publishedDate>2020-06-26T03:59:34.000Z</APICase:publishedDate><APICase:returnCode xsi:nil="true"/><APICase:sharePrivateWithExternalTrackers xsi:nil="true"/><APICase:text>test comment</APICase:text><APICase:visibility xsi:nil="true"/></APICase:comments><APICase:comments><APICase:caseNumber>02470917</APICase:caseNumber><APICase:contentType>plaintext</APICase:contentType><APICase:createdBy>Mashalkar, Kumar</APICase:createdBy><APICase:createdByType>Associate</APICase:createdByType><APICase:createdDate>2020-06-25T18:50:15.000Z</APICase:createdDate><APICase:doNotChangeSBT>false</APICase:doNotChangeSBT><APICase:externalCommentHandlingSystem xsi:nil="true"/><APICase:hoursWorked xsi:nil="true"/><APICase:id>a0a2i000000VLv7AAG</APICase:id><APICase:isDraft>false</APICase:isDraft><APICase:isPublic>true</APICase:isPublic><APICase:lastModifiedBy>Mashalkar, Kumar</APICase:lastModifiedBy><APICase:lastModifiedByEmailAddress xsi:nil="true"/><APICase:lastModifiedByPersonType>Associate</APICase:lastModifiedByPersonType><APICase:lastModifiedDate>2020-06-25T18:50:14.000Z</APICase:lastModifiedDate><APICase:message xsi:nil="true"/><APICase:publishedDate>2020-06-25T18:50:14.000Z</APICase:publishedDate><APICase:returnCode xsi:nil="true"/><APICase:sharePrivateWithExternalTrackers xsi:nil="true"/><APICase:text>This is public comment</APICase:text><APICase:visibility xsi:nil="true"/></APICase:comments><APICase:comments><APICase:caseNumber>02470917</APICase:caseNumber><APICase:contentType>plaintext</APICase:contentType><APICase:createdBy>Mashalkar, Kumar</APICase:createdBy><APICase:createdByType>Associate</APICase:createdByType><APICase:createdDate>2020-06-25T18:13:25.000Z</APICase:createdDate><APICase:doNotChangeSBT>false</APICase:doNotChangeSBT><APICase:externalCommentHandlingSystem xsi:nil="true"/><APICase:hoursWorked xsi:nil="true"/><APICase:id>a0a2i000000VLu9AAG</APICase:id><APICase:isDraft>false</APICase:isDraft><APICase:isPublic>true</APICase:isPublic><APICase:lastModifiedBy>Mashalkar, Kumar</APICase:lastModifiedBy><APICase:lastModifiedByEmailAddress xsi:nil="true"/><APICase:lastModifiedByPersonType>Associate</APICase:lastModifiedByPersonType><APICase:lastModifiedDate>2020-06-25T18:13:24.000Z</APICase:lastModifiedDate><APICase:message xsi:nil="true"/><APICase:publishedDate>2020-06-25T18:13:24.000Z</APICase:publishedDate><APICase:returnCode xsi:nil="true"/><APICase:sharePrivateWithExternalTrackers xsi:nil="true"/><APICase:text>This is public comment</APICase:text><APICase:visibility xsi:nil="true"/></APICase:comments><APICase:comments><APICase:caseNumber>02470917</APICase:caseNumber><APICase:contentType>plaintext</APICase:contentType><APICase:createdBy>Mashalkar, Kumar</APICase:createdBy><APICase:createdByType>Associate</APICase:createdByType><APICase:createdDate>2020-06-25T17:44:37.000Z</APICase:createdDate><APICase:doNotChangeSBT>false</APICase:doNotChangeSBT><APICase:externalCommentHandlingSystem xsi:nil="true"/><APICase:hoursWorked xsi:nil="true"/><APICase:id>a0a2i000000VLtzAAG</APICase:id><APICase:isDraft>false</APICase:isDraft><APICase:isPublic>true</APICase:isPublic><APICase:lastModifiedBy>Mashalkar, Kumar</APICase:lastModifiedBy><APICase:lastModifiedByEmailAddress xsi:nil="true"/><APICase:lastModifiedByPersonType>Associate</APICase:lastModifiedByPersonType><APICase:lastModifiedDate>2020-06-25T17:44:36.000Z</APICase:lastModifiedDate><APICase:message xsi:nil="true"/><APICase:publishedDate>2020-06-25T17:44:36.000Z</APICase:publishedDate><APICase:returnCode xsi:nil="true"/><APICase:sharePrivateWithExternalTrackers xsi:nil="true"/><APICase:text>This is a test comment</APICase:text><APICase:visibility xsi:nil="true"/></APICase:comments><APICase:comments><APICase:caseNumber>02470917</APICase:caseNumber><APICase:contentType>plaintext</APICase:contentType><APICase:createdBy>Mashalkar, Kumar</APICase:createdBy><APICase:createdByType>Associate</APICase:createdByType><APICase:createdDate>2020-06-19T15:52:24.000Z</APICase:createdDate><APICase:doNotChangeSBT>false</APICase:doNotChangeSBT><APICase:externalCommentHandlingSystem xsi:nil="true"/><APICase:hoursWorked xsi:nil="true"/><APICase:id>a0a2i000000VG1XAAW</APICase:id><APICase:isDraft>false</APICase:isDraft><APICase:isPublic>false</APICase:isPublic><APICase:lastModifiedBy>Mashalkar, Kumar</APICase:lastModifiedBy><APICase:lastModifiedByEmailAddress xsi:nil="true"/><APICase:lastModifiedByPersonType>Associate</APICase:lastModifiedByPersonType><APICase:lastModifiedDate>2020-06-19T15:52:24.000Z</APICase:lastModifiedDate><APICase:message xsi:nil="true"/><APICase:publishedDate>2020-06-19T15:52:24.000Z</APICase:publishedDate><APICase:returnCode xsi:nil="true"/><APICase:sharePrivateWithExternalTrackers xsi:nil="true"/><APICase:text>This is private comment</APICase:text><APICase:visibility xsi:nil="true"/></APICase:comments><APICase:comments><APICase:caseNumber>02470917</APICase:caseNumber><APICase:contentType>plaintext</APICase:contentType><APICase:createdBy>Mashalkar, Kumar</APICase:createdBy><APICase:createdByType>Associate</APICase:createdByType><APICase:createdDate>2020-06-19T15:40:45.000Z</APICase:createdDate><APICase:doNotChangeSBT>false</APICase:doNotChangeSBT><APICase:externalCommentHandlingSystem xsi:nil="true"/><APICase:hoursWorked xsi:nil="true"/><APICase:id>a0a2i000000VG1SAAW</APICase:id><APICase:isDraft>false</APICase:isDraft><APICase:isPublic>true</APICase:isPublic><APICase:lastModifiedBy>Mashalkar, Kumar</APICase:lastModifiedBy><APICase:lastModifiedByEmailAddress xsi:nil="true"/><APICase:lastModifiedByPersonType>Associate</APICase:lastModifiedByPersonType><APICase:lastModifiedDate>2020-06-19T15:40:45.000Z</APICase:lastModifiedDate><APICase:message xsi:nil="true"/><APICase:publishedDate>2020-06-19T15:40:45.000Z</APICase:publishedDate><APICase:returnCode xsi:nil="true"/><APICase:sharePrivateWithExternalTrackers xsi:nil="true"/><APICase:text>This is public comment</APICase:text><APICase:visibility xsi:nil="true"/></APICase:comments><APICase:contactInfo24x7 xsi:nil="true"/><APICase:contactIsPartner>false</APICase:contactIsPartner><APICase:contactName>David Tse</APICase:contactName><APICase:contacts><APICase:canAccessAllAccounts>false</APICase:canAccessAllAccounts><APICase:canAddAttachments>true</APICase:canAddAttachments><APICase:canSeeDashboard>true</APICase:canSeeDashboard><APICase:defaultGroupName xsi:nil="true"/><APICase:defaultGroupNumber xsi:nil="true"/><APICase:email>gss-sfdc+qa+wophoon@redhat.com</APICase:email><APICase:firstName>Woh Shon</APICase:firstName><APICase:hasChat>false</APICase:hasChat><APICase:hasUser>false</APICase:hasUser><APICase:id>003A000001nOpcXIAS</APICase:id><APICase:isInternal>false</APICase:isInternal><APICase:isOrgAdmin>false</APICase:isOrgAdmin><APICase:isSecured>true</APICase:isSecured><APICase:isSecureSupportTech>false</APICase:isSecureSupportTech><APICase:lastName>Phoon</APICase:lastName><APICase:message xsi:nil="true"/><APICase:name>Woh Shon Phoon</APICase:name><APICase:normalizedTimezone>Asia/Hong_Kong</APICase:normalizedTimezone><APICase:phone>65 9683 0675</APICase:phone><APICase:returnCode xsi:nil="true"/><APICase:sessionId xsi:nil="true"/><APICase:ssoName xsi:nil="true"/><APICase:timezone>(GMT+08:00) Hong Kong Time (Asia/Hong_Kong)</APICase:timezone></APICase:contacts><APICase:contactSSOName>dtse@redhat.com</APICase:contactSSOName><APICase:createdBy>Kumar Mashalkar</APICase:createdBy><APICase:createdBySSOName>gss-tools</APICase:createdBySSOName><APICase:createdDate>2020-06-11T09:48:35.000Z</APICase:createdDate><APICase:critSit>false</APICase:critSit><APICase:customerEscalation>false</APICase:customerEscalation><APICase:customerIntelligenceLink xsi:nil="true"/><APICase:customerNotes xsi:nil="true"/><APICase:description>Test for automation</APICase:description><APICase:enhancedSLA>false</APICase:enhancedSLA><APICase:entitlementId>5502i0000006mxdAAA</APICase:entitlementId><APICase:environment xsi:nil="true"/><APICase:externalLock>false</APICase:externalLock><APICase:externalLockBy xsi:nil="true"/><APICase:externalLockDate xsi:nil="true"/><APICase:firstCaseInactivityWarningSentAt xsi:nil="true"/><APICase:FTS>false</APICase:FTS><APICase:groupName xsi:nil="true"/><APICase:groupNumber xsi:nil="true"/><APICase:handledByAscension>false</APICase:handledByAscension><APICase:hasEnhancedDelivery>false</APICase:hasEnhancedDelivery><APICase:hostname xsi:nil="true"/><APICase:hotfixDelivered>false</APICase:hotfixDelivered><APICase:hotfixRequested>false</APICase:hotfixRequested><APICase:id>5002i0000034NPSAA2</APICase:id><APICase:internalLastModifiedDate>2020-06-29T13:15:59.000Z</APICase:internalLastModifiedDate><APICase:internalpriority xsi:nil="true"/><APICase:internalstatus>Waiting on QA</APICase:internalstatus><APICase:isCertification>false</APICase:isCertification><APICase:isClosed>false</APICase:isClosed><APICase:isFTSHandoverReady>false</APICase:isFTSHandoverReady><APICase:isPoc>false</APICase:isPoc><APICase:isPrivate>false</APICase:isPrivate><APICase:isReviewed>false</APICase:isReviewed><APICase:isStrategicAccount>true</APICase:isStrategicAccount><APICase:issue xsi:nil="true"/><APICase:itar>false</APICase:itar><APICase:language>en</APICase:language><APICase:lastModifiedBy>Mitesh Mishra</APICase:lastModifiedBy><APICase:lastModifiedDate>2020-06-29T13:15:48.000Z</APICase:lastModifiedDate><APICase:ltrocClosed>false</APICase:ltrocClosed><APICase:ltrocClosedSet>false</APICase:ltrocClosedSet><APICase:managementEscalationRequested>false</APICase:managementEscalationRequested><APICase:message xsi:nil="true"/><APICase:needsNewOwner xsi:nil="true"/><APICase:noAutomationForAccount>false</APICase:noAutomationForAccount><APICase:noAutomationForCase>false</APICase:noAutomationForCase><APICase:noAutomationForCaseGroup xsi:nil="true"/><APICase:noLinkedKCSReason xsi:nil="true"/><APICase:noLinkedKCSReasonExplanation xsi:nil="true"/><APICase:openshiftClusterId xsi:nil="true"/><APICase:origin>Phone</APICase:origin><APICase:owner>Kumar Mashalkar</APICase:owner><APICase:periodicityOfIssue xsi:nil="true"/><APICase:premiumPlus>false</APICase:premiumPlus><APICase:priorityScore>695.0</APICase:priorityScore><APICase:proactive>false</APICase:proactive><APICase:proactiveEndDate xsi:nil="true"/><APICase:proactiveStartDate xsi:nil="true"/><APICase:product>OpenShift Container Platform</APICase:product><APICase:pseCase>false</APICase:pseCase><APICase:recordTypeName>GSS Case Record Type</APICase:recordTypeName><APICase:reliefAt xsi:nil="true"/><APICase:remoteSessionTermsAcked>false</APICase:remoteSessionTermsAcked><APICase:remoteSessionTermsAckedBy xsi:nil="true"/><APICase:remoteSessionTermsAckedDate xsi:nil="true"/><APICase:remoteSessionTermsAgreementLevel xsi:nil="true"/><APICase:resolution xsi:nil="true"/><APICase:resolutionDescription xsi:nil="true"/><APICase:resolvedAt xsi:nil="true"/><APICase:returnCode>200</APICase:returnCode><APICase:sbrGroups>API Mgmt</APICase:sbrGroups><APICase:secondCaseInactivityWarningSentAt xsi:nil="true"/><APICase:severity>4 (Low)</APICase:severity><APICase:sla>PREMIUM</APICase:sla><APICase:sparseCaseNotifications>false</APICase:sparseCaseNotifications><APICase:status>Waiting on Red Hat</APICase:status><APICase:summary>This case is test of automation</APICase:summary><APICase:suppliedEmail xsi:nil="true"/><APICase:suppliedName xsi:nil="true"/><APICase:suppliedPhone xsi:nil="true"/><APICase:timeFramesAndUrgency xsi:nil="true"/><APICase:transcripts xsi:nil="true"/><APICase:translationNotRequired>false</APICase:translationNotRequired><APICase:userAgent>Internal</APICase:userAgent><APICase:version>3.10</APICase:version><APICase:waitingOnCallback>false</APICase:waitingOnCallback></result></getCaseResponse></soapenv:Body></soapenv:Envelope>
[#document: null]
APICase:contactName
APICase:contactName
David Tse
<?xml version="1.0" encoding="UTF-8"?><soapenv:Envelope xmlns:soapenv="http://schemas.xmlsoap.org/soap/envelope/" xmlns="http://soap.sforce.com/schemas/class/CaseAPI" xmlns:APICase="http://soap.sforce.com/schemas/class/APIUtils" xmlns:xsi="http://www.w3.org/2001/XMLSchema-instance"><soapenv:Body><getCaseResponse><result><APICase:abandonCase xsi:nil="true"/><APICase:accountNumber>1460290</APICase:accountNumber><APICase:actionPlan xsi:nil="true"/><APICase:alternateId xsi:nil="true"/><APICase:attachments xsi:nil="true"/><APICase:bugs><APICase:message xsi:nil="true"/><APICase:returnCode xsi:nil="true"/></APICase:bugs><APICase:caseAutomationEnabled>true</APICase:caseAutomationEnabled><APICase:caseCreationSessionId xsi:nil="true"/><APICase:caseNumber>02470917</APICase:caseNumber><APICase:caseResourceLinks><APICase:message xsi:nil="true"/><APICase:returnCode xsi:nil="true"/></APICase:caseResourceLinks><APICase:caseSummary xsi:nil="true"/><APICase:caseType>Other</APICase:caseType><APICase:cep>false</APICase:cep><APICase:certArchitecture xsi:nil="true"/><APICase:certCategory xsi:nil="true"/><APICase:certContainerProjectId xsi:nil="true"/><APICase:certExceptionGranted xsi:nil="true"/><APICase:certIsPrivate xsi:nil="true"/><APICase:certNeedException xsi:nil="true"/><APICase:certPortalId xsi:nil="true"/><APICase:certProduct xsi:nil="true"/><APICase:certProgram xsi:nil="true"/><APICase:certVendorName xsi:nil="true"/><APICase:certVendorPortalId xsi:nil="true"/><APICase:certVendorProductName xsi:nil="true"/><APICase:certVendorProductPortalId xsi:nil="true"/><APICase:certVersion xsi:nil="true"/><APICase:collaborationScore>695.0</APICase:collaborationScore><APICase:comments><APICase:caseNumber>02470917</APICase:caseNumber><APICase:contentType>plaintext</APICase:contentType><APICase:createdBy>Mashalkar, Kumar</APICase:createdBy><APICase:createdByType>Associate</APICase:createdByType><APICase:createdDate>2020-06-29T12:21:33.000Z</APICase:createdDate><APICase:doNotChangeSBT>false</APICase:doNotChangeSBT><APICase:externalCommentHandlingSystem xsi:nil="true"/><APICase:hoursWorked xsi:nil="true"/><APICase:id>a0a2i000000VN1NAAW</APICase:id><APICase:isDraft>false</APICase:isDraft><APICase:isPublic>true</APICase:isPublic><APICase:lastModifiedBy>Mashalkar, Kumar</APICase:lastModifiedBy><APICase:lastModifiedByEmailAddress xsi:nil="true"/><APICase:lastModifiedByPersonType>Associate</APICase:lastModifiedByPersonType><APICase:lastModifiedDate>2020-06-29T12:21:33.000Z</APICase:lastModifiedDate><APICase:message xsi:nil="true"/><APICase:publishedDate>2020-06-29T12:21:33.000Z</APICase:publishedDate><APICase:returnCode xsi:nil="true"/><APICase:sharePrivateWithExternalTrackers xsi:nil="true"/><APICase:text>This is public comment</APICase:text><APICase:visibility xsi:nil="true"/></APICase:comments><APICase:comments><APICase:caseNumber>02470917</APICase:caseNumber><APICase:contentType>plaintext</APICase:contentType><APICase:createdBy>Mashalkar, Kumar</APICase:createdBy><APICase:createdByType>Associate</APICase:createdByType><APICase:createdDate>2020-06-29T12:18:28.000Z</APICase:createdDate><APICase:doNotChangeSBT>false</APICase:doNotChangeSBT><APICase:externalCommentHandlingSystem xsi:nil="true"/><APICase:hoursWorked xsi:nil="true"/><APICase:id>a0a2i000000VN1DAAW</APICase:id><APICase:isDraft>false</APICase:isDraft><APICase:isPublic>true</APICase:isPublic><APICase:lastModifiedBy>Mashalkar, Kumar</APICase:lastModifiedBy><APICase:lastModifiedByEmailAddress xsi:nil="true"/><APICase:lastModifiedByPersonType>Associate</APICase:lastModifiedByPersonType><APICase:lastModifiedDate>2020-06-29T12:18:28.000Z</APICase:lastModifiedDate><APICase:message xsi:nil="true"/><APICase:publishedDate>2020-06-29T12:18:28.000Z</APICase:publishedDate><APICase:returnCode xsi:nil="true"/><APICase:sharePrivateWithExternalTrackers xsi:nil="true"/><APICase:text>This is public comment</APICase:text><APICase:visibility xsi:nil="true"/></APICase:comments><APICase:comments><APICase:caseNumber>02470917</APICase:caseNumber><APICase:contentType>plaintext</APICase:contentType><APICase:createdBy>Mashalkar, Kumar</APICase:createdBy><APICase:createdByType>Associate</APICase:createdByType><APICase:createdDate>2020-06-29T12:12:08.000Z</APICase:createdDate><APICase:doNotChangeSBT>false</APICase:doNotChangeSBT><APICase:externalCommentHandlingSystem xsi:nil="true"/><APICase:hoursWorked xsi:nil="true"/><APICase:id>a0a2i000000VN18AAG</APICase:id><APICase:isDraft>false</APICase:isDraft><APICase:isPublic>true</APICase:isPublic><APICase:lastModifiedBy>Mashalkar, Kumar</APICase:lastModifiedBy><APICase:lastModifiedByEmailAddress xsi:nil="true"/><APICase:lastModifiedByPersonType>Associate</APICase:lastModifiedByPersonType><APICase:lastModifiedDate>2020-06-29T12:12:07.000Z</APICase:lastModifiedDate><APICase:message xsi:nil="true"/><APICase:publishedDate>2020-06-29T12:12:07.000Z</APICase:publishedDate><APICase:returnCode xsi:nil="true"/><APICase:sharePrivateWithExternalTrackers xsi:nil="true"/><APICase:text>This is public comment</APICase:text><APICase:visibility xsi:nil="true"/></APICase:comments><APICase:comments><APICase:caseNumber>02470917</APICase:caseNumber><APICase:contentType>plaintext</APICase:contentType><APICase:createdBy>Mashalkar, Kumar</APICase:createdBy><APICase:createdByType>Associate</APICase:createdByType><APICase:createdDate>2020-06-26T11:45:03.000Z</APICase:createdDate><APICase:doNotChangeSBT>false</APICase:doNotChangeSBT><APICase:externalCommentHandlingSystem xsi:nil="true"/><APICase:hoursWorked xsi:nil="true"/><APICase:id>a0a2i000000VMB5AAO</APICase:id><APICase:isDraft>false</APICase:isDraft><APICase:isPublic>true</APICase:isPublic><APICase:lastModifiedBy>Mashalkar, Kumar</APICase:lastModifiedBy><APICase:lastModifiedByEmailAddress xsi:nil="true"/><APICase:lastModifiedByPersonType>Associate</APICase:lastModifiedByPersonType><APICase:lastModifiedDate>2020-06-26T11:45:03.000Z</APICase:lastModifiedDate><APICase:message xsi:nil="true"/><APICase:publishedDate>2020-06-26T11:45:03.000Z</APICase:publishedDate><APICase:returnCode xsi:nil="true"/><APICase:sharePrivateWithExternalTrackers xsi:nil="true"/><APICase:text>This is public comment</APICase:text><APICase:visibility xsi:nil="true"/></APICase:comments><APICase:comments><APICase:caseNumber>02470917</APICase:caseNumber><APICase:contentType>plaintext</APICase:contentType><APICase:createdBy>Mashalkar, Kumar</APICase:createdBy><APICase:createdByType>Associate</APICase:createdByType><APICase:createdDate>2020-06-26T08:29:28.000Z</APICase:createdDate><APICase:doNotChangeSBT>false</APICase:doNotChangeSBT><APICase:externalCommentHandlingSystem xsi:nil="true"/><APICase:hoursWorked xsi:nil="true"/><APICase:id>a0a2i000000VMAgAAO</APICase:id><APICase:isDraft>false</APICase:isDraft><APICase:isPublic>true</APICase:isPublic><APICase:lastModifiedBy>Mashalkar, Kumar</APICase:lastModifiedBy><APICase:lastModifiedByEmailAddress xsi:nil="true"/><APICase:lastModifiedByPersonType>Associate</APICase:lastModifiedByPersonType><APICase:lastModifiedDate>2020-06-26T08:29:27.000Z</APICase:lastModifiedDate><APICase:message xsi:nil="true"/><APICase:publishedDate>2020-06-26T08:29:27.000Z</APICase:publishedDate><APICase:returnCode xsi:nil="true"/><APICase:sharePrivateWithExternalTrackers xsi:nil="true"/><APICase:text>This is public comment</APICase:text><APICase:visibility xsi:nil="true"/></APICase:comments><APICase:comments><APICase:caseNumber>02470917</APICase:caseNumber><APICase:contentType>plaintext</APICase:contentType><APICase:createdBy>Mashalkar, Kumar</APICase:createdBy><APICase:createdByType>Associate</APICase:createdByType><APICase:createdDate>2020-06-26T04:12:44.000Z</APICase:createdDate><APICase:doNotChangeSBT>false</APICase:doNotChangeSBT><APICase:externalCommentHandlingSystem xsi:nil="true"/><APICase:hoursWorked xsi:nil="true"/><APICase:id>a0a2i000000VM8VAAW</APICase:id><APICase:isDraft>false</APICase:isDraft><APICase:isPublic>true</APICase:isPublic><APICase:lastModifiedBy>Mashalkar, Kumar</APICase:lastModifiedBy><APICase:lastModifiedByEmailAddress xsi:nil="true"/><APICase:lastModifiedByPersonType>Associate</APICase:lastModifiedByPersonType><APICase:lastModifiedDate>2020-06-26T04:12:43.000Z</APICase:lastModifiedDate><APICase:message xsi:nil="true"/><APICase:publishedDate>2020-06-26T04:12:43.000Z</APICase:publishedDate><APICase:returnCode xsi:nil="true"/><APICase:sharePrivateWithExternalTrackers xsi:nil="true"/><APICase:text>This is public comment</APICase:text><APICase:visibility xsi:nil="true"/></APICase:comments><APICase:comments><APICase:caseNumber>02470917</APICase:caseNumber><APICase:contentType>plaintext</APICase:contentType><APICase:createdBy>Mishra, Mitesh</APICase:createdBy><APICase:createdByType>Associate</APICase:createdByType><APICase:createdDate>2020-06-26T04:05:42.000Z</APICase:createdDate><APICase:doNotChangeSBT>false</APICase:doNotChangeSBT><APICase:externalCommentHandlingSystem xsi:nil="true"/><APICase:hoursWorked xsi:nil="true"/><APICase:id>a0a2i000000VM8LAAW</APICase:id><APICase:isDraft>false</APICase:isDraft><APICase:isPublic>true</APICase:isPublic><APICase:lastModifiedBy>Mishra, Mitesh</APICase:lastModifiedBy><APICase:lastModifiedByEmailAddress xsi:nil="true"/><APICase:lastModifiedByPersonType>Associate</APICase:lastModifiedByPersonType><APICase:lastModifiedDate>2020-06-26T04:05:42.000Z</APICase:lastModifiedDate><APICase:message xsi:nil="true"/><APICase:publishedDate>2020-06-26T04:05:42.000Z</APICase:publishedDate><APICase:returnCode xsi:nil="true"/><APICase:sharePrivateWithExternalTrackers xsi:nil="true"/><APICase:text>comment for customer</APICase:text><APICase:visibility xsi:nil="true"/></APICase:comments><APICase:comments><APICase:caseNumber>02470917</APICase:caseNumber><APICase:contentType>plaintext</APICase:contentType><APICase:createdBy>Mishra, Mitesh</APICase:createdBy><APICase:createdByType>Associate</APICase:createdByType><APICase:createdDate>2020-06-26T04:01:47.000Z</APICase:createdDate><APICase:doNotChangeSBT>false</APICase:doNotChangeSBT><APICase:externalCommentHandlingSystem xsi:nil="true"/><APICase:hoursWorked xsi:nil="true"/><APICase:id>a0a2i000000VM8GAAW</APICase:id><APICase:isDraft>false</APICase:isDraft><APICase:isPublic>true</APICase:isPublic><APICase:lastModifiedBy>Mishra, Mitesh</APICase:lastModifiedBy><APICase:lastModifiedByEmailAddress xsi:nil="true"/><APICase:lastModifiedByPersonType>Associate</APICase:lastModifiedByPersonType><APICase:lastModifiedDate>2020-06-26T04:01:47.000Z</APICase:lastModifiedDate><APICase:message xsi:nil="true"/><APICase:publishedDate>2020-06-26T04:01:47.000Z</APICase:publishedDate><APICase:returnCode xsi:nil="true"/><APICase:sharePrivateWithExternalTrackers xsi:nil="true"/><APICase:text>comment to check mail is generated to customer as well</APICase:text><APICase:visibility xsi:nil="true"/></APICase:comments><APICase:comments><APICase:caseNumber>02470917</APICase:caseNumber><APICase:contentType>plaintext</APICase:contentType><APICase:createdBy>Mishra, Mitesh</APICase:createdBy><APICase:createdByType>Associate</APICase:createdByType><APICase:createdDate>2020-06-26T03:59:35.000Z</APICase:createdDate><APICase:doNotChangeSBT>false</APICase:doNotChangeSBT><APICase:externalCommentHandlingSystem xsi:nil="true"/><APICase:hoursWorked xsi:nil="true"/><APICase:id>a0a2i000000VM8BAAW</APICase:id><APICase:isDraft>false</APICase:isDraft><APICase:isPublic>true</APICase:isPublic><APICase:lastModifiedBy>Mishra, Mitesh</APICase:lastModifiedBy><APICase:lastModifiedByEmailAddress xsi:nil="true"/><APICase:lastModifiedByPersonType>Associate</APICase:lastModifiedByPersonType><APICase:lastModifiedDate>2020-06-26T03:59:34.000Z</APICase:lastModifiedDate><APICase:message xsi:nil="true"/><APICase:publishedDate>2020-06-26T03:59:34.000Z</APICase:publishedDate><APICase:returnCode xsi:nil="true"/><APICase:sharePrivateWithExternalTrackers xsi:nil="true"/><APICase:text>test comment</APICase:text><APICase:visibility xsi:nil="true"/></APICase:comments><APICase:comments><APICase:caseNumber>02470917</APICase:caseNumber><APICase:contentType>plaintext</APICase:contentType><APICase:createdBy>Mashalkar, Kumar</APICase:createdBy><APICase:createdByType>Associate</APICase:createdByType><APICase:createdDate>2020-06-25T18:50:15.000Z</APICase:createdDate><APICase:doNotChangeSBT>false</APICase:doNotChangeSBT><APICase:externalCommentHandlingSystem xsi:nil="true"/><APICase:hoursWorked xsi:nil="true"/><APICase:id>a0a2i000000VLv7AAG</APICase:id><APICase:isDraft>false</APICase:isDraft><APICase:isPublic>true</APICase:isPublic><APICase:lastModifiedBy>Mashalkar, Kumar</APICase:lastModifiedBy><APICase:lastModifiedByEmailAddress xsi:nil="true"/><APICase:lastModifiedByPersonType>Associate</APICase:lastModifiedByPersonType><APICase:lastModifiedDate>2020-06-25T18:50:14.000Z</APICase:lastModifiedDate><APICase:message xsi:nil="true"/><APICase:publishedDate>2020-06-25T18:50:14.000Z</APICase:publishedDate><APICase:returnCode xsi:nil="true"/><APICase:sharePrivateWithExternalTrackers xsi:nil="true"/><APICase:text>This is public comment</APICase:text><APICase:visibility xsi:nil="true"/></APICase:comments><APICase:comments><APICase:caseNumber>02470917</APICase:caseNumber><APICase:contentType>plaintext</APICase:contentType><APICase:createdBy>Mashalkar, Kumar</APICase:createdBy><APICase:createdByType>Associate</APICase:createdByType><APICase:createdDate>2020-06-25T18:13:25.000Z</APICase:createdDate><APICase:doNotChangeSBT>false</APICase:doNotChangeSBT><APICase:externalCommentHandlingSystem xsi:nil="true"/><APICase:hoursWorked xsi:nil="true"/><APICase:id>a0a2i000000VLu9AAG</APICase:id><APICase:isDraft>false</APICase:isDraft><APICase:isPublic>true</APICase:isPublic><APICase:lastModifiedBy>Mashalkar, Kumar</APICase:lastModifiedBy><APICase:lastModifiedByEmailAddress xsi:nil="true"/><APICase:lastModifiedByPersonType>Associate</APICase:lastModifiedByPersonType><APICase:lastModifiedDate>2020-06-25T18:13:24.000Z</APICase:lastModifiedDate><APICase:message xsi:nil="true"/><APICase:publishedDate>2020-06-25T18:13:24.000Z</APICase:publishedDate><APICase:returnCode xsi:nil="true"/><APICase:sharePrivateWithExternalTrackers xsi:nil="true"/><APICase:text>This is public comment</APICase:text><APICase:visibility xsi:nil="true"/></APICase:comments><APICase:comments><APICase:caseNumber>02470917</APICase:caseNumber><APICase:contentType>plaintext</APICase:contentType><APICase:createdBy>Mashalkar, Kumar</APICase:createdBy><APICase:createdByType>Associate</APICase:createdByType><APICase:createdDate>2020-06-25T17:44:37.000Z</APICase:createdDate><APICase:doNotChangeSBT>false</APICase:doNotChangeSBT><APICase:externalCommentHandlingSystem xsi:nil="true"/><APICase:hoursWorked xsi:nil="true"/><APICase:id>a0a2i000000VLtzAAG</APICase:id><APICase:isDraft>false</APICase:isDraft><APICase:isPublic>true</APICase:isPublic><APICase:lastModifiedBy>Mashalkar, Kumar</APICase:lastModifiedBy><APICase:lastModifiedByEmailAddress xsi:nil="true"/><APICase:lastModifiedByPersonType>Associate</APICase:lastModifiedByPersonType><APICase:lastModifiedDate>2020-06-25T17:44:36.000Z</APICase:lastModifiedDate><APICase:message xsi:nil="true"/><APICase:publishedDate>2020-06-25T17:44:36.000Z</APICase:publishedDate><APICase:returnCode xsi:nil="true"/><APICase:sharePrivateWithExternalTrackers xsi:nil="true"/><APICase:text>This is a test comment</APICase:text><APICase:visibility xsi:nil="true"/></APICase:comments><APICase:comments><APICase:caseNumber>02470917</APICase:caseNumber><APICase:contentType>plaintext</APICase:contentType><APICase:createdBy>Mashalkar, Kumar</APICase:createdBy><APICase:createdByType>Associate</APICase:createdByType><APICase:createdDate>2020-06-19T15:52:24.000Z</APICase:createdDate><APICase:doNotChangeSBT>false</APICase:doNotChangeSBT><APICase:externalCommentHandlingSystem xsi:nil="true"/><APICase:hoursWorked xsi:nil="true"/><APICase:id>a0a2i000000VG1XAAW</APICase:id><APICase:isDraft>false</APICase:isDraft><APICase:isPublic>false</APICase:isPublic><APICase:lastModifiedBy>Mashalkar, Kumar</APICase:lastModifiedBy><APICase:lastModifiedByEmailAddress xsi:nil="true"/><APICase:lastModifiedByPersonType>Associate</APICase:lastModifiedByPersonType><APICase:lastModifiedDate>2020-06-19T15:52:24.000Z</APICase:lastModifiedDate><APICase:message xsi:nil="true"/><APICase:publishedDate>2020-06-19T15:52:24.000Z</APICase:publishedDate><APICase:returnCode xsi:nil="true"/><APICase:sharePrivateWithExternalTrackers xsi:nil="true"/><APICase:text>This is private comment</APICase:text><APICase:visibility xsi:nil="true"/></APICase:comments><APICase:comments><APICase:caseNumber>02470917</APICase:caseNumber><APICase:contentType>plaintext</APICase:contentType><APICase:createdBy>Mashalkar, Kumar</APICase:createdBy><APICase:createdByType>Associate</APICase:createdByType><APICase:createdDate>2020-06-19T15:40:45.000Z</APICase:createdDate><APICase:doNotChangeSBT>false</APICase:doNotChangeSBT><APICase:externalCommentHandlingSystem xsi:nil="true"/><APICase:hoursWorked xsi:nil="true"/><APICase:id>a0a2i000000VG1SAAW</APICase:id><APICase:isDraft>false</APICase:isDraft><APICase:isPublic>true</APICase:isPublic><APICase:lastModifiedBy>Mashalkar, Kumar</APICase:lastModifiedBy><APICase:lastModifiedByEmailAddress xsi:nil="true"/><APICase:lastModifiedByPersonType>Associate</APICase:lastModifiedByPersonType><APICase:lastModifiedDate>2020-06-19T15:40:45.000Z</APICase:lastModifiedDate><APICase:message xsi:nil="true"/><APICase:publishedDate>2020-06-19T15:40:45.000Z</APICase:publishedDate><APICase:returnCode xsi:nil="true"/><APICase:sharePrivateWithExternalTrackers xsi:nil="true"/><APICase:text>This is public comment</APICase:text><APICase:visibility xsi:nil="true"/></APICase:comments><APICase:contactInfo24x7 xsi:nil="true"/><APICase:contactIsPartner>false</APICase:contactIsPartner><APICase:contactName>David Tse</APICase:contactName><APICase:contacts><APICase:canAccessAllAccounts>false</APICase:canAccessAllAccounts><APICase:canAddAttachments>true</APICase:canAddAttachments><APICase:canSeeDashboard>true</APICase:canSeeDashboard><APICase:defaultGroupName xsi:nil="true"/><APICase:defaultGroupNumber xsi:nil="true"/><APICase:email>gss-sfdc+qa+wophoon@redhat.com</APICase:email><APICase:firstName>Woh Shon</APICase:firstName><APICase:hasChat>false</APICase:hasChat><APICase:hasUser>false</APICase:hasUser><APICase:id>003A000001nOpcXIAS</APICase:id><APICase:isInternal>false</APICase:isInternal><APICase:isOrgAdmin>false</APICase:isOrgAdmin><APICase:isSecured>true</APICase:isSecured><APICase:isSecureSupportTech>false</APICase:isSecureSupportTech><APICase:lastName>Phoon</APICase:lastName><APICase:message xsi:nil="true"/><APICase:name>Woh Shon Phoon</APICase:name><APICase:normalizedTimezone>Asia/Hong_Kong</APICase:normalizedTimezone><APICase:phone>65 9683 0675</APICase:phone><APICase:returnCode xsi:nil="true"/><APICase:sessionId xsi:nil="true"/><APICase:ssoName xsi:nil="true"/><APICase:timezone>(GMT+08:00) Hong Kong Time (Asia/Hong_Kong)</APICase:timezone></APICase:contacts><APICase:contactSSOName>dtse@redhat.com</APICase:contactSSOName><APICase:createdBy>Kumar Mashalkar</APICase:createdBy><APICase:createdBySSOName>gss-tools</APICase:createdBySSOName><APICase:createdDate>2020-06-11T09:48:35.000Z</APICase:createdDate><APICase:critSit>false</APICase:critSit><APICase:customerEscalation>false</APICase:customerEscalation><APICase:customerIntelligenceLink xsi:nil="true"/><APICase:customerNotes xsi:nil="true"/><APICase:description>Test for automation</APICase:description><APICase:enhancedSLA>false</APICase:enhancedSLA><APICase:entitlementId>5502i0000006mxdAAA</APICase:entitlementId><APICase:environment xsi:nil="true"/><APICase:externalLock>false</APICase:externalLock><APICase:externalLockBy xsi:nil="true"/><APICase:externalLockDate xsi:nil="true"/><APICase:firstCaseInactivityWarningSentAt xsi:nil="true"/><APICase:FTS>false</APICase:FTS><APICase:groupName xsi:nil="true"/><APICase:groupNumber xsi:nil="true"/><APICase:handledByAscension>false</APICase:handledByAscension><APICase:hasEnhancedDelivery>false</APICase:hasEnhancedDelivery><APICase:hostname xsi:nil="true"/><APICase:hotfixDelivered>false</APICase:hotfixDelivered><APICase:hotfixRequested>false</APICase:hotfixRequested><APICase:id>5002i0000034NPSAA2</APICase:id><APICase:internalLastModifiedDate>2020-06-29T13:15:59.000Z</APICase:internalLastModifiedDate><APICase:internalpriority xsi:nil="true"/><APICase:internalstatus>Waiting on QA</APICase:internalstatus><APICase:isCertification>false</APICase:isCertification><APICase:isClosed>false</APICase:isClosed><APICase:isFTSHandoverReady>false</APICase:isFTSHandoverReady><APICase:isPoc>false</APICase:isPoc><APICase:isPrivate>false</APICase:isPrivate><APICase:isReviewed>false</APICase:isReviewed><APICase:isStrategicAccount>true</APICase:isStrategicAccount><APICase:issue xsi:nil="true"/><APICase:itar>false</APICase:itar><APICase:language>en</APICase:language><APICase:lastModifiedBy>Mitesh Mishra</APICase:lastModifiedBy><APICase:lastModifiedDate>2020-06-29T13:15:48.000Z</APICase:lastModifiedDate><APICase:ltrocClosed>false</APICase:ltrocClosed><APICase:ltrocClosedSet>false</APICase:ltrocClosedSet><APICase:managementEscalationRequested>false</APICase:managementEscalationRequested><APICase:message xsi:nil="true"/><APICase:needsNewOwner xsi:nil="true"/><APICase:noAutomationForAccount>false</APICase:noAutomationForAccount><APICase:noAutomationForCase>false</APICase:noAutomationForCase><APICase:noAutomationForCaseGroup xsi:nil="true"/><APICase:noLinkedKCSReason xsi:nil="true"/><APICase:noLinkedKCSReasonExplanation xsi:nil="true"/><APICase:openshiftClusterId xsi:nil="true"/><APICase:origin>Phone</APICase:origin><APICase:owner>Kumar Mashalkar</APICase:owner><APICase:periodicityOfIssue xsi:nil="true"/><APICase:premiumPlus>false</APICase:premiumPlus><APICase:priorityScore>695.0</APICase:priorityScore><APICase:proactive>false</APICase:proactive><APICase:proactiveEndDate xsi:nil="true"/><APICase:proactiveStartDate xsi:nil="true"/><APICase:product>OpenShift Container Platform</APICase:product><APICase:pseCase>false</APICase:pseCase><APICase:recordTypeName>GSS Case Record Type</APICase:recordTypeName><APICase:reliefAt xsi:nil="true"/><APICase:remoteSessionTermsAcked>false</APICase:remoteSessionTermsAcked><APICase:remoteSessionTermsAckedBy xsi:nil="true"/><APICase:remoteSessionTermsAckedDate xsi:nil="true"/><APICase:remoteSessionTermsAgreementLevel xsi:nil="true"/><APICase:resolution xsi:nil="true"/><APICase:resolutionDescription xsi:nil="true"/><APICase:resolvedAt xsi:nil="true"/><APICase:returnCode>200</APICase:returnCode><APICase:sbrGroups>API Mgmt</APICase:sbrGroups><APICase:secondCaseInactivityWarningSentAt xsi:nil="true"/><APICase:severity>4 (Low)</APICase:severity><APICase:sla>PREMIUM</APICase:sla><APICase:sparseCaseNotifications>false</APICase:sparseCaseNotifications><APICase:status>Waiting on Red Hat</APICase:status><APICase:summary>This case is test of automation</APICase:summary><APICase:suppliedEmail xsi:nil="true"/><APICase:suppliedName xsi:nil="true"/><APICase:suppliedPhone xsi:nil="true"/><APICase:timeFramesAndUrgency xsi:nil="true"/><APICase:transcripts xsi:nil="true"/><APICase:translationNotRequired>false</APICase:translationNotRequired><APICase:userAgent>Internal</APICase:userAgent><APICase:version>3.10</APICase:version><APICase:waitingOnCallback>false</APICase:waitingOnCallback></result></getCaseResponse></soapenv:Body></soapenv:Envelope>
[#document: null]
APICase:contactName
APICase:contactName
David Tse
&amp#27;[34mDavid Tse&amp#27;[0m
<?xml version="1.0" encoding="UTF-8"?><soapenv:Envelope xmlns:soapenv="http://schemas.xmlsoap.org/soap/envelope/" xmlns="http://soap.sforce.com/schemas/class/CaseAPI" xmlns:APICase="http://soap.sforce.com/schemas/class/APIUtils" xmlns:xsi="http://www.w3.org/2001/XMLSchema-instance"><soapenv:Body><getCaseResponse><result><APICase:abandonCase xsi:nil="true"/><APICase:accountNumber>1460290</APICase:accountNumber><APICase:actionPlan xsi:nil="true"/><APICase:alternateId xsi:nil="true"/><APICase:attachments xsi:nil="true"/><APICase:bugs><APICase:message xsi:nil="true"/><APICase:returnCode xsi:nil="true"/></APICase:bugs><APICase:caseAutomationEnabled>true</APICase:caseAutomationEnabled><APICase:caseCreationSessionId xsi:nil="true"/><APICase:caseNumber>02470917</APICase:caseNumber><APICase:caseResourceLinks><APICase:message xsi:nil="true"/><APICase:returnCode xsi:nil="true"/></APICase:caseResourceLinks><APICase:caseSummary xsi:nil="true"/><APICase:caseType>Other</APICase:caseType><APICase:cep>false</APICase:cep><APICase:certArchitecture xsi:nil="true"/><APICase:certCategory xsi:nil="true"/><APICase:certContainerProjectId xsi:nil="true"/><APICase:certExceptionGranted xsi:nil="true"/><APICase:certIsPrivate xsi:nil="true"/><APICase:certNeedException xsi:nil="true"/><APICase:certPortalId xsi:nil="true"/><APICase:certProduct xsi:nil="true"/><APICase:certProgram xsi:nil="true"/><APICase:certVendorName xsi:nil="true"/><APICase:certVendorPortalId xsi:nil="true"/><APICase:certVendorProductName xsi:nil="true"/><APICase:certVendorProductPortalId xsi:nil="true"/><APICase:certVersion xsi:nil="true"/><APICase:collaborationScore>695.0</APICase:collaborationScore><APICase:comments><APICase:caseNumber>02470917</APICase:caseNumber><APICase:contentType>plaintext</APICase:contentType><APICase:createdBy>Mashalkar, Kumar</APICase:createdBy><APICase:createdByType>Associate</APICase:createdByType><APICase:createdDate>2020-06-29T12:21:33.000Z</APICase:createdDate><APICase:doNotChangeSBT>false</APICase:doNotChangeSBT><APICase:externalCommentHandlingSystem xsi:nil="true"/><APICase:hoursWorked xsi:nil="true"/><APICase:id>a0a2i000000VN1NAAW</APICase:id><APICase:isDraft>false</APICase:isDraft><APICase:isPublic>true</APICase:isPublic><APICase:lastModifiedBy>Mashalkar, Kumar</APICase:lastModifiedBy><APICase:lastModifiedByEmailAddress xsi:nil="true"/><APICase:lastModifiedByPersonType>Associate</APICase:lastModifiedByPersonType><APICase:lastModifiedDate>2020-06-29T12:21:33.000Z</APICase:lastModifiedDate><APICase:message xsi:nil="true"/><APICase:publishedDate>2020-06-29T12:21:33.000Z</APICase:publishedDate><APICase:returnCode xsi:nil="true"/><APICase:sharePrivateWithExternalTrackers xsi:nil="true"/><APICase:text>This is public comment</APICase:text><APICase:visibility xsi:nil="true"/></APICase:comments><APICase:comments><APICase:caseNumber>02470917</APICase:caseNumber><APICase:contentType>plaintext</APICase:contentType><APICase:createdBy>Mashalkar, Kumar</APICase:createdBy><APICase:createdByType>Associate</APICase:createdByType><APICase:createdDate>2020-06-29T12:18:28.000Z</APICase:createdDate><APICase:doNotChangeSBT>false</APICase:doNotChangeSBT><APICase:externalCommentHandlingSystem xsi:nil="true"/><APICase:hoursWorked xsi:nil="true"/><APICase:id>a0a2i000000VN1DAAW</APICase:id><APICase:isDraft>false</APICase:isDraft><APICase:isPublic>true</APICase:isPublic><APICase:lastModifiedBy>Mashalkar, Kumar</APICase:lastModifiedBy><APICase:lastModifiedByEmailAddress xsi:nil="true"/><APICase:lastModifiedByPersonType>Associate</APICase:lastModifiedByPersonType><APICase:lastModifiedDate>2020-06-29T12:18:28.000Z</APICase:lastModifiedDate><APICase:message xsi:nil="true"/><APICase:publishedDate>2020-06-29T12:18:28.000Z</APICase:publishedDate><APICase:returnCode xsi:nil="true"/><APICase:sharePrivateWithExternalTrackers xsi:nil="true"/><APICase:text>This is public comment</APICase:text><APICase:visibility xsi:nil="true"/></APICase:comments><APICase:comments><APICase:caseNumber>02470917</APICase:caseNumber><APICase:contentType>plaintext</APICase:contentType><APICase:createdBy>Mashalkar, Kumar</APICase:createdBy><APICase:createdByType>Associate</APICase:createdByType><APICase:createdDate>2020-06-29T12:12:08.000Z</APICase:createdDate><APICase:doNotChangeSBT>false</APICase:doNotChangeSBT><APICase:externalCommentHandlingSystem xsi:nil="true"/><APICase:hoursWorked xsi:nil="true"/><APICase:id>a0a2i000000VN18AAG</APICase:id><APICase:isDraft>false</APICase:isDraft><APICase:isPublic>true</APICase:isPublic><APICase:lastModifiedBy>Mashalkar, Kumar</APICase:lastModifiedBy><APICase:lastModifiedByEmailAddress xsi:nil="true"/><APICase:lastModifiedByPersonType>Associate</APICase:lastModifiedByPersonType><APICase:lastModifiedDate>2020-06-29T12:12:07.000Z</APICase:lastModifiedDate><APICase:message xsi:nil="true"/><APICase:publishedDate>2020-06-29T12:12:07.000Z</APICase:publishedDate><APICase:returnCode xsi:nil="true"/><APICase:sharePrivateWithExternalTrackers xsi:nil="true"/><APICase:text>This is public comment</APICase:text><APICase:visibility xsi:nil="true"/></APICase:comments><APICase:comments><APICase:caseNumber>02470917</APICase:caseNumber><APICase:contentType>plaintext</APICase:contentType><APICase:createdBy>Mashalkar, Kumar</APICase:createdBy><APICase:createdByType>Associate</APICase:createdByType><APICase:createdDate>2020-06-26T11:45:03.000Z</APICase:createdDate><APICase:doNotChangeSBT>false</APICase:doNotChangeSBT><APICase:externalCommentHandlingSystem xsi:nil="true"/><APICase:hoursWorked xsi:nil="true"/><APICase:id>a0a2i000000VMB5AAO</APICase:id><APICase:isDraft>false</APICase:isDraft><APICase:isPublic>true</APICase:isPublic><APICase:lastModifiedBy>Mashalkar, Kumar</APICase:lastModifiedBy><APICase:lastModifiedByEmailAddress xsi:nil="true"/><APICase:lastModifiedByPersonType>Associate</APICase:lastModifiedByPersonType><APICase:lastModifiedDate>2020-06-26T11:45:03.000Z</APICase:lastModifiedDate><APICase:message xsi:nil="true"/><APICase:publishedDate>2020-06-26T11:45:03.000Z</APICase:publishedDate><APICase:returnCode xsi:nil="true"/><APICase:sharePrivateWithExternalTrackers xsi:nil="true"/><APICase:text>This is public comment</APICase:text><APICase:visibility xsi:nil="true"/></APICase:comments><APICase:comments><APICase:caseNumber>02470917</APICase:caseNumber><APICase:contentType>plaintext</APICase:contentType><APICase:createdBy>Mashalkar, Kumar</APICase:createdBy><APICase:createdByType>Associate</APICase:createdByType><APICase:createdDate>2020-06-26T08:29:28.000Z</APICase:createdDate><APICase:doNotChangeSBT>false</APICase:doNotChangeSBT><APICase:externalCommentHandlingSystem xsi:nil="true"/><APICase:hoursWorked xsi:nil="true"/><APICase:id>a0a2i000000VMAgAAO</APICase:id><APICase:isDraft>false</APICase:isDraft><APICase:isPublic>true</APICase:isPublic><APICase:lastModifiedBy>Mashalkar, Kumar</APICase:lastModifiedBy><APICase:lastModifiedByEmailAddress xsi:nil="true"/><APICase:lastModifiedByPersonType>Associate</APICase:lastModifiedByPersonType><APICase:lastModifiedDate>2020-06-26T08:29:27.000Z</APICase:lastModifiedDate><APICase:message xsi:nil="true"/><APICase:publishedDate>2020-06-26T08:29:27.000Z</APICase:publishedDate><APICase:returnCode xsi:nil="true"/><APICase:sharePrivateWithExternalTrackers xsi:nil="true"/><APICase:text>This is public comment</APICase:text><APICase:visibility xsi:nil="true"/></APICase:comments><APICase:comments><APICase:caseNumber>02470917</APICase:caseNumber><APICase:contentType>plaintext</APICase:contentType><APICase:createdBy>Mashalkar, Kumar</APICase:createdBy><APICase:createdByType>Associate</APICase:createdByType><APICase:createdDate>2020-06-26T04:12:44.000Z</APICase:createdDate><APICase:doNotChangeSBT>false</APICase:doNotChangeSBT><APICase:externalCommentHandlingSystem xsi:nil="true"/><APICase:hoursWorked xsi:nil="true"/><APICase:id>a0a2i000000VM8VAAW</APICase:id><APICase:isDraft>false</APICase:isDraft><APICase:isPublic>true</APICase:isPublic><APICase:lastModifiedBy>Mashalkar, Kumar</APICase:lastModifiedBy><APICase:lastModifiedByEmailAddress xsi:nil="true"/><APICase:lastModifiedByPersonType>Associate</APICase:lastModifiedByPersonType><APICase:lastModifiedDate>2020-06-26T04:12:43.000Z</APICase:lastModifiedDate><APICase:message xsi:nil="true"/><APICase:publishedDate>2020-06-26T04:12:43.000Z</APICase:publishedDate><APICase:returnCode xsi:nil="true"/><APICase:sharePrivateWithExternalTrackers xsi:nil="true"/><APICase:text>This is public comment</APICase:text><APICase:visibility xsi:nil="true"/></APICase:comments><APICase:comments><APICase:caseNumber>02470917</APICase:caseNumber><APICase:contentType>plaintext</APICase:contentType><APICase:createdBy>Mishra, Mitesh</APICase:createdBy><APICase:createdByType>Associate</APICase:createdByType><APICase:createdDate>2020-06-26T04:05:42.000Z</APICase:createdDate><APICase:doNotChangeSBT>false</APICase:doNotChangeSBT><APICase:externalCommentHandlingSystem xsi:nil="true"/><APICase:hoursWorked xsi:nil="true"/><APICase:id>a0a2i000000VM8LAAW</APICase:id><APICase:isDraft>false</APICase:isDraft><APICase:isPublic>true</APICase:isPublic><APICase:lastModifiedBy>Mishra, Mitesh</APICase:lastModifiedBy><APICase:lastModifiedByEmailAddress xsi:nil="true"/><APICase:lastModifiedByPersonType>Associate</APICase:lastModifiedByPersonType><APICase:lastModifiedDate>2020-06-26T04:05:42.000Z</APICase:lastModifiedDate><APICase:message xsi:nil="true"/><APICase:publishedDate>2020-06-26T04:05:42.000Z</APICase:publishedDate><APICase:returnCode xsi:nil="true"/><APICase:sharePrivateWithExternalTrackers xsi:nil="true"/><APICase:text>comment for customer</APICase:text><APICase:visibility xsi:nil="true"/></APICase:comments><APICase:comments><APICase:caseNumber>02470917</APICase:caseNumber><APICase:contentType>plaintext</APICase:contentType><APICase:createdBy>Mishra, Mitesh</APICase:createdBy><APICase:createdByType>Associate</APICase:createdByType><APICase:createdDate>2020-06-26T04:01:47.000Z</APICase:createdDate><APICase:doNotChangeSBT>false</APICase:doNotChangeSBT><APICase:externalCommentHandlingSystem xsi:nil="true"/><APICase:hoursWorked xsi:nil="true"/><APICase:id>a0a2i000000VM8GAAW</APICase:id><APICase:isDraft>false</APICase:isDraft><APICase:isPublic>true</APICase:isPublic><APICase:lastModifiedBy>Mishra, Mitesh</APICase:lastModifiedBy><APICase:lastModifiedByEmailAddress xsi:nil="true"/><APICase:lastModifiedByPersonType>Associate</APICase:lastModifiedByPersonType><APICase:lastModifiedDate>2020-06-26T04:01:47.000Z</APICase:lastModifiedDate><APICase:message xsi:nil="true"/><APICase:publishedDate>2020-06-26T04:01:47.000Z</APICase:publishedDate><APICase:returnCode xsi:nil="true"/><APICase:sharePrivateWithExternalTrackers xsi:nil="true"/><APICase:text>comment to check mail is generated to customer as well</APICase:text><APICase:visibility xsi:nil="true"/></APICase:comments><APICase:comments><APICase:caseNumber>02470917</APICase:caseNumber><APICase:contentType>plaintext</APICase:contentType><APICase:createdBy>Mishra, Mitesh</APICase:createdBy><APICase:createdByType>Associate</APICase:createdByType><APICase:createdDate>2020-06-26T03:59:35.000Z</APICase:createdDate><APICase:doNotChangeSBT>false</APICase:doNotChangeSBT><APICase:externalCommentHandlingSystem xsi:nil="true"/><APICase:hoursWorked xsi:nil="true"/><APICase:id>a0a2i000000VM8BAAW</APICase:id><APICase:isDraft>false</APICase:isDraft><APICase:isPublic>true</APICase:isPublic><APICase:lastModifiedBy>Mishra, Mitesh</APICase:lastModifiedBy><APICase:lastModifiedByEmailAddress xsi:nil="true"/><APICase:lastModifiedByPersonType>Associate</APICase:lastModifiedByPersonType><APICase:lastModifiedDate>2020-06-26T03:59:34.000Z</APICase:lastModifiedDate><APICase:message xsi:nil="true"/><APICase:publishedDate>2020-06-26T03:59:34.000Z</APICase:publishedDate><APICase:returnCode xsi:nil="true"/><APICase:sharePrivateWithExternalTrackers xsi:nil="true"/><APICase:text>test comment</APICase:text><APICase:visibility xsi:nil="true"/></APICase:comments><APICase:comments><APICase:caseNumber>02470917</APICase:caseNumber><APICase:contentType>plaintext</APICase:contentType><APICase:createdBy>Mashalkar, Kumar</APICase:createdBy><APICase:createdByType>Associate</APICase:createdByType><APICase:createdDate>2020-06-25T18:50:15.000Z</APICase:createdDate><APICase:doNotChangeSBT>false</APICase:doNotChangeSBT><APICase:externalCommentHandlingSystem xsi:nil="true"/><APICase:hoursWorked xsi:nil="true"/><APICase:id>a0a2i000000VLv7AAG</APICase:id><APICase:isDraft>false</APICase:isDraft><APICase:isPublic>true</APICase:isPublic><APICase:lastModifiedBy>Mashalkar, Kumar</APICase:lastModifiedBy><APICase:lastModifiedByEmailAddress xsi:nil="true"/><APICase:lastModifiedByPersonType>Associate</APICase:lastModifiedByPersonType><APICase:lastModifiedDate>2020-06-25T18:50:14.000Z</APICase:lastModifiedDate><APICase:message xsi:nil="true"/><APICase:publishedDate>2020-06-25T18:50:14.000Z</APICase:publishedDate><APICase:returnCode xsi:nil="true"/><APICase:sharePrivateWithExternalTrackers xsi:nil="true"/><APICase:text>This is public comment</APICase:text><APICase:visibility xsi:nil="true"/></APICase:comments><APICase:comments><APICase:caseNumber>02470917</APICase:caseNumber><APICase:contentType>plaintext</APICase:contentType><APICase:createdBy>Mashalkar, Kumar</APICase:createdBy><APICase:createdByType>Associate</APICase:createdByType><APICase:createdDate>2020-06-25T18:13:25.000Z</APICase:createdDate><APICase:doNotChangeSBT>false</APICase:doNotChangeSBT><APICase:externalCommentHandlingSystem xsi:nil="true"/><APICase:hoursWorked xsi:nil="true"/><APICase:id>a0a2i000000VLu9AAG</APICase:id><APICase:isDraft>false</APICase:isDraft><APICase:isPublic>true</APICase:isPublic><APICase:lastModifiedBy>Mashalkar, Kumar</APICase:lastModifiedBy><APICase:lastModifiedByEmailAddress xsi:nil="true"/><APICase:lastModifiedByPersonType>Associate</APICase:lastModifiedByPersonType><APICase:lastModifiedDate>2020-06-25T18:13:24.000Z</APICase:lastModifiedDate><APICase:message xsi:nil="true"/><APICase:publishedDate>2020-06-25T18:13:24.000Z</APICase:publishedDate><APICase:returnCode xsi:nil="true"/><APICase:sharePrivateWithExternalTrackers xsi:nil="true"/><APICase:text>This is public comment</APICase:text><APICase:visibility xsi:nil="true"/></APICase:comments><APICase:comments><APICase:caseNumber>02470917</APICase:caseNumber><APICase:contentType>plaintext</APICase:contentType><APICase:createdBy>Mashalkar, Kumar</APICase:createdBy><APICase:createdByType>Associate</APICase:createdByType><APICase:createdDate>2020-06-25T17:44:37.000Z</APICase:createdDate><APICase:doNotChangeSBT>false</APICase:doNotChangeSBT><APICase:externalCommentHandlingSystem xsi:nil="true"/><APICase:hoursWorked xsi:nil="true"/><APICase:id>a0a2i000000VLtzAAG</APICase:id><APICase:isDraft>false</APICase:isDraft><APICase:isPublic>true</APICase:isPublic><APICase:lastModifiedBy>Mashalkar, Kumar</APICase:lastModifiedBy><APICase:lastModifiedByEmailAddress xsi:nil="true"/><APICase:lastModifiedByPersonType>Associate</APICase:lastModifiedByPersonType><APICase:lastModifiedDate>2020-06-25T17:44:36.000Z</APICase:lastModifiedDate><APICase:message xsi:nil="true"/><APICase:publishedDate>2020-06-25T17:44:36.000Z</APICase:publishedDate><APICase:returnCode xsi:nil="true"/><APICase:sharePrivateWithExternalTrackers xsi:nil="true"/><APICase:text>This is a test comment</APICase:text><APICase:visibility xsi:nil="true"/></APICase:comments><APICase:comments><APICase:caseNumber>02470917</APICase:caseNumber><APICase:contentType>plaintext</APICase:contentType><APICase:createdBy>Mashalkar, Kumar</APICase:createdBy><APICase:createdByType>Associate</APICase:createdByType><APICase:createdDate>2020-06-19T15:52:24.000Z</APICase:createdDate><APICase:doNotChangeSBT>false</APICase:doNotChangeSBT><APICase:externalCommentHandlingSystem xsi:nil="true"/><APICase:hoursWorked xsi:nil="true"/><APICase:id>a0a2i000000VG1XAAW</APICase:id><APICase:isDraft>false</APICase:isDraft><APICase:isPublic>false</APICase:isPublic><APICase:lastModifiedBy>Mashalkar, Kumar</APICase:lastModifiedBy><APICase:lastModifiedByEmailAddress xsi:nil="true"/><APICase:lastModifiedByPersonType>Associate</APICase:lastModifiedByPersonType><APICase:lastModifiedDate>2020-06-19T15:52:24.000Z</APICase:lastModifiedDate><APICase:message xsi:nil="true"/><APICase:publishedDate>2020-06-19T15:52:24.000Z</APICase:publishedDate><APICase:returnCode xsi:nil="true"/><APICase:sharePrivateWithExternalTrackers xsi:nil="true"/><APICase:text>This is private comment</APICase:text><APICase:visibility xsi:nil="true"/></APICase:comments><APICase:comments><APICase:caseNumber>02470917</APICase:caseNumber><APICase:contentType>plaintext</APICase:contentType><APICase:createdBy>Mashalkar, Kumar</APICase:createdBy><APICase:createdByType>Associate</APICase:createdByType><APICase:createdDate>2020-06-19T15:40:45.000Z</APICase:createdDate><APICase:doNotChangeSBT>false</APICase:doNotChangeSBT><APICase:externalCommentHandlingSystem xsi:nil="true"/><APICase:hoursWorked xsi:nil="true"/><APICase:id>a0a2i000000VG1SAAW</APICase:id><APICase:isDraft>false</APICase:isDraft><APICase:isPublic>true</APICase:isPublic><APICase:lastModifiedBy>Mashalkar, Kumar</APICase:lastModifiedBy><APICase:lastModifiedByEmailAddress xsi:nil="true"/><APICase:lastModifiedByPersonType>Associate</APICase:lastModifiedByPersonType><APICase:lastModifiedDate>2020-06-19T15:40:45.000Z</APICase:lastModifiedDate><APICase:message xsi:nil="true"/><APICase:publishedDate>2020-06-19T15:40:45.000Z</APICase:publishedDate><APICase:returnCode xsi:nil="true"/><APICase:sharePrivateWithExternalTrackers xsi:nil="true"/><APICase:text>This is public comment</APICase:text><APICase:visibility xsi:nil="true"/></APICase:comments><APICase:contactInfo24x7 xsi:nil="true"/><APICase:contactIsPartner>false</APICase:contactIsPartner><APICase:contactName>David Tse</APICase:contactName><APICase:contacts><APICase:canAccessAllAccounts>false</APICase:canAccessAllAccounts><APICase:canAddAttachments>true</APICase:canAddAttachments><APICase:canSeeDashboard>true</APICase:canSeeDashboard><APICase:defaultGroupName xsi:nil="true"/><APICase:defaultGroupNumber xsi:nil="true"/><APICase:email>gss-sfdc+qa+wophoon@redhat.com</APICase:email><APICase:firstName>Woh Shon</APICase:firstName><APICase:hasChat>false</APICase:hasChat><APICase:hasUser>false</APICase:hasUser><APICase:id>003A000001nOpcXIAS</APICase:id><APICase:isInternal>false</APICase:isInternal><APICase:isOrgAdmin>false</APICase:isOrgAdmin><APICase:isSecured>true</APICase:isSecured><APICase:isSecureSupportTech>false</APICase:isSecureSupportTech><APICase:lastName>Phoon</APICase:lastName><APICase:message xsi:nil="true"/><APICase:name>Woh Shon Phoon</APICase:name><APICase:normalizedTimezone>Asia/Hong_Kong</APICase:normalizedTimezone><APICase:phone>65 9683 0675</APICase:phone><APICase:returnCode xsi:nil="true"/><APICase:sessionId xsi:nil="true"/><APICase:ssoName xsi:nil="true"/><APICase:timezone>(GMT+08:00) Hong Kong Time (Asia/Hong_Kong)</APICase:timezone></APICase:contacts><APICase:contactSSOName>dtse@redhat.com</APICase:contactSSOName><APICase:createdBy>Kumar Mashalkar</APICase:createdBy><APICase:createdBySSOName>gss-tools</APICase:createdBySSOName><APICase:createdDate>2020-06-11T09:48:35.000Z</APICase:createdDate><APICase:critSit>false</APICase:critSit><APICase:customerEscalation>false</APICase:customerEscalation><APICase:customerIntelligenceLink xsi:nil="true"/><APICase:customerNotes xsi:nil="true"/><APICase:description>Test for automation</APICase:description><APICase:enhancedSLA>false</APICase:enhancedSLA><APICase:entitlementId>5502i0000006mxdAAA</APICase:entitlementId><APICase:environment xsi:nil="true"/><APICase:externalLock>false</APICase:externalLock><APICase:externalLockBy xsi:nil="true"/><APICase:externalLockDate xsi:nil="true"/><APICase:firstCaseInactivityWarningSentAt xsi:nil="true"/><APICase:FTS>false</APICase:FTS><APICase:groupName xsi:nil="true"/><APICase:groupNumber xsi:nil="true"/><APICase:handledByAscension>false</APICase:handledByAscension><APICase:hasEnhancedDelivery>false</APICase:hasEnhancedDelivery><APICase:hostname xsi:nil="true"/><APICase:hotfixDelivered>false</APICase:hotfixDelivered><APICase:hotfixRequested>false</APICase:hotfixRequested><APICase:id>5002i0000034NPSAA2</APICase:id><APICase:internalLastModifiedDate>2020-06-29T13:15:59.000Z</APICase:internalLastModifiedDate><APICase:internalpriority xsi:nil="true"/><APICase:internalstatus>Waiting on QA</APICase:internalstatus><APICase:isCertification>false</APICase:isCertification><APICase:isClosed>false</APICase:isClosed><APICase:isFTSHandoverReady>false</APICase:isFTSHandoverReady><APICase:isPoc>false</APICase:isPoc><APICase:isPrivate>false</APICase:isPrivate><APICase:isReviewed>false</APICase:isReviewed><APICase:isStrategicAccount>true</APICase:isStrategicAccount><APICase:issue xsi:nil="true"/><APICase:itar>false</APICase:itar><APICase:language>en</APICase:language><APICase:lastModifiedBy>Mitesh Mishra</APICase:lastModifiedBy><APICase:lastModifiedDate>2020-06-29T13:15:48.000Z</APICase:lastModifiedDate><APICase:ltrocClosed>false</APICase:ltrocClosed><APICase:ltrocClosedSet>false</APICase:ltrocClosedSet><APICase:managementEscalationRequested>false</APICase:managementEscalationRequested><APICase:message xsi:nil="true"/><APICase:needsNewOwner xsi:nil="true"/><APICase:noAutomationForAccount>false</APICase:noAutomationForAccount><APICase:noAutomationForCase>false</APICase:noAutomationForCase><APICase:noAutomationForCaseGroup xsi:nil="true"/><APICase:noLinkedKCSReason xsi:nil="true"/><APICase:noLinkedKCSReasonExplanation xsi:nil="true"/><APICase:openshiftClusterId xsi:nil="true"/><APICase:origin>Phone</APICase:origin><APICase:owner>Kumar Mashalkar</APICase:owner><APICase:periodicityOfIssue xsi:nil="true"/><APICase:premiumPlus>false</APICase:premiumPlus><APICase:priorityScore>695.0</APICase:priorityScore><APICase:proactive>false</APICase:proactive><APICase:proactiveEndDate xsi:nil="true"/><APICase:proactiveStartDate xsi:nil="true"/><APICase:product>OpenShift Container Platform</APICase:product><APICase:pseCase>false</APICase:pseCase><APICase:recordTypeName>GSS Case Record Type</APICase:recordTypeName><APICase:reliefAt xsi:nil="true"/><APICase:remoteSessionTermsAcked>false</APICase:remoteSessionTermsAcked><APICase:remoteSessionTermsAckedBy xsi:nil="true"/><APICase:remoteSessionTermsAckedDate xsi:nil="true"/><APICase:remoteSessionTermsAgreementLevel xsi:nil="true"/><APICase:resolution xsi:nil="true"/><APICase:resolutionDescription xsi:nil="true"/><APICase:resolvedAt xsi:nil="true"/><APICase:returnCode>200</APICase:returnCode><APICase:sbrGroups>API Mgmt</APICase:sbrGroups><APICase:secondCaseInactivityWarningSentAt xsi:nil="true"/><APICase:severity>4 (Low)</APICase:severity><APICase:sla>PREMIUM</APICase:sla><APICase:sparseCaseNotifications>false</APICase:sparseCaseNotifications><APICase:status>Waiting on Red Hat</APICase:status><APICase:summary>This case is test of automation</APICase:summary><APICase:suppliedEmail xsi:nil="true"/><APICase:suppliedName xsi:nil="true"/><APICase:suppliedPhone xsi:nil="true"/><APICase:timeFramesAndUrgency xsi:nil="true"/><APICase:transcripts xsi:nil="true"/><APICase:translationNotRequired>false</APICase:translationNotRequired><APICase:userAgent>Internal</APICase:userAgent><APICase:version>3.10</APICase:version><APICase:waitingOnCallback>false</APICase:waitingOnCallback></result></getCaseResponse></soapenv:Body></soapenv:Envelope>
[#document: null]
APICase:description
APICase:description
Test for automation
<?xml version="1.0" encoding="UTF-8"?><soapenv:Envelope xmlns:soapenv="http://schemas.xmlsoap.org/soap/envelope/" xmlns="http://soap.sforce.com/schemas/class/CaseAPI" xmlns:APICase="http://soap.sforce.com/schemas/class/APIUtils" xmlns:xsi="http://www.w3.org/2001/XMLSchema-instance"><soapenv:Body><getCaseResponse><result><APICase:abandonCase xsi:nil="true"/><APICase:accountNumber>1460290</APICase:accountNumber><APICase:actionPlan xsi:nil="true"/><APICase:alternateId xsi:nil="true"/><APICase:attachments xsi:nil="true"/><APICase:bugs><APICase:message xsi:nil="true"/><APICase:returnCode xsi:nil="true"/></APICase:bugs><APICase:caseAutomationEnabled>true</APICase:caseAutomationEnabled><APICase:caseCreationSessionId xsi:nil="true"/><APICase:caseNumber>02470917</APICase:caseNumber><APICase:caseResourceLinks><APICase:message xsi:nil="true"/><APICase:returnCode xsi:nil="true"/></APICase:caseResourceLinks><APICase:caseSummary xsi:nil="true"/><APICase:caseType>Other</APICase:caseType><APICase:cep>false</APICase:cep><APICase:certArchitecture xsi:nil="true"/><APICase:certCategory xsi:nil="true"/><APICase:certContainerProjectId xsi:nil="true"/><APICase:certExceptionGranted xsi:nil="true"/><APICase:certIsPrivate xsi:nil="true"/><APICase:certNeedException xsi:nil="true"/><APICase:certPortalId xsi:nil="true"/><APICase:certProduct xsi:nil="true"/><APICase:certProgram xsi:nil="true"/><APICase:certVendorName xsi:nil="true"/><APICase:certVendorPortalId xsi:nil="true"/><APICase:certVendorProductName xsi:nil="true"/><APICase:certVendorProductPortalId xsi:nil="true"/><APICase:certVersion xsi:nil="true"/><APICase:collaborationScore>695.0</APICase:collaborationScore><APICase:comments><APICase:caseNumber>02470917</APICase:caseNumber><APICase:contentType>plaintext</APICase:contentType><APICase:createdBy>Mashalkar, Kumar</APICase:createdBy><APICase:createdByType>Associate</APICase:createdByType><APICase:createdDate>2020-06-29T12:21:33.000Z</APICase:createdDate><APICase:doNotChangeSBT>false</APICase:doNotChangeSBT><APICase:externalCommentHandlingSystem xsi:nil="true"/><APICase:hoursWorked xsi:nil="true"/><APICase:id>a0a2i000000VN1NAAW</APICase:id><APICase:isDraft>false</APICase:isDraft><APICase:isPublic>true</APICase:isPublic><APICase:lastModifiedBy>Mashalkar, Kumar</APICase:lastModifiedBy><APICase:lastModifiedByEmailAddress xsi:nil="true"/><APICase:lastModifiedByPersonType>Associate</APICase:lastModifiedByPersonType><APICase:lastModifiedDate>2020-06-29T12:21:33.000Z</APICase:lastModifiedDate><APICase:message xsi:nil="true"/><APICase:publishedDate>2020-06-29T12:21:33.000Z</APICase:publishedDate><APICase:returnCode xsi:nil="true"/><APICase:sharePrivateWithExternalTrackers xsi:nil="true"/><APICase:text>This is public comment</APICase:text><APICase:visibility xsi:nil="true"/></APICase:comments><APICase:comments><APICase:caseNumber>02470917</APICase:caseNumber><APICase:contentType>plaintext</APICase:contentType><APICase:createdBy>Mashalkar, Kumar</APICase:createdBy><APICase:createdByType>Associate</APICase:createdByType><APICase:createdDate>2020-06-29T12:18:28.000Z</APICase:createdDate><APICase:doNotChangeSBT>false</APICase:doNotChangeSBT><APICase:externalCommentHandlingSystem xsi:nil="true"/><APICase:hoursWorked xsi:nil="true"/><APICase:id>a0a2i000000VN1DAAW</APICase:id><APICase:isDraft>false</APICase:isDraft><APICase:isPublic>true</APICase:isPublic><APICase:lastModifiedBy>Mashalkar, Kumar</APICase:lastModifiedBy><APICase:lastModifiedByEmailAddress xsi:nil="true"/><APICase:lastModifiedByPersonType>Associate</APICase:lastModifiedByPersonType><APICase:lastModifiedDate>2020-06-29T12:18:28.000Z</APICase:lastModifiedDate><APICase:message xsi:nil="true"/><APICase:publishedDate>2020-06-29T12:18:28.000Z</APICase:publishedDate><APICase:returnCode xsi:nil="true"/><APICase:sharePrivateWithExternalTrackers xsi:nil="true"/><APICase:text>This is public comment</APICase:text><APICase:visibility xsi:nil="true"/></APICase:comments><APICase:comments><APICase:caseNumber>02470917</APICase:caseNumber><APICase:contentType>plaintext</APICase:contentType><APICase:createdBy>Mashalkar, Kumar</APICase:createdBy><APICase:createdByType>Associate</APICase:createdByType><APICase:createdDate>2020-06-29T12:12:08.000Z</APICase:createdDate><APICase:doNotChangeSBT>false</APICase:doNotChangeSBT><APICase:externalCommentHandlingSystem xsi:nil="true"/><APICase:hoursWorked xsi:nil="true"/><APICase:id>a0a2i000000VN18AAG</APICase:id><APICase:isDraft>false</APICase:isDraft><APICase:isPublic>true</APICase:isPublic><APICase:lastModifiedBy>Mashalkar, Kumar</APICase:lastModifiedBy><APICase:lastModifiedByEmailAddress xsi:nil="true"/><APICase:lastModifiedByPersonType>Associate</APICase:lastModifiedByPersonType><APICase:lastModifiedDate>2020-06-29T12:12:07.000Z</APICase:lastModifiedDate><APICase:message xsi:nil="true"/><APICase:publishedDate>2020-06-29T12:12:07.000Z</APICase:publishedDate><APICase:returnCode xsi:nil="true"/><APICase:sharePrivateWithExternalTrackers xsi:nil="true"/><APICase:text>This is public comment</APICase:text><APICase:visibility xsi:nil="true"/></APICase:comments><APICase:comments><APICase:caseNumber>02470917</APICase:caseNumber><APICase:contentType>plaintext</APICase:contentType><APICase:createdBy>Mashalkar, Kumar</APICase:createdBy><APICase:createdByType>Associate</APICase:createdByType><APICase:createdDate>2020-06-26T11:45:03.000Z</APICase:createdDate><APICase:doNotChangeSBT>false</APICase:doNotChangeSBT><APICase:externalCommentHandlingSystem xsi:nil="true"/><APICase:hoursWorked xsi:nil="true"/><APICase:id>a0a2i000000VMB5AAO</APICase:id><APICase:isDraft>false</APICase:isDraft><APICase:isPublic>true</APICase:isPublic><APICase:lastModifiedBy>Mashalkar, Kumar</APICase:lastModifiedBy><APICase:lastModifiedByEmailAddress xsi:nil="true"/><APICase:lastModifiedByPersonType>Associate</APICase:lastModifiedByPersonType><APICase:lastModifiedDate>2020-06-26T11:45:03.000Z</APICase:lastModifiedDate><APICase:message xsi:nil="true"/><APICase:publishedDate>2020-06-26T11:45:03.000Z</APICase:publishedDate><APICase:returnCode xsi:nil="true"/><APICase:sharePrivateWithExternalTrackers xsi:nil="true"/><APICase:text>This is public comment</APICase:text><APICase:visibility xsi:nil="true"/></APICase:comments><APICase:comments><APICase:caseNumber>02470917</APICase:caseNumber><APICase:contentType>plaintext</APICase:contentType><APICase:createdBy>Mashalkar, Kumar</APICase:createdBy><APICase:createdByType>Associate</APICase:createdByType><APICase:createdDate>2020-06-26T08:29:28.000Z</APICase:createdDate><APICase:doNotChangeSBT>false</APICase:doNotChangeSBT><APICase:externalCommentHandlingSystem xsi:nil="true"/><APICase:hoursWorked xsi:nil="true"/><APICase:id>a0a2i000000VMAgAAO</APICase:id><APICase:isDraft>false</APICase:isDraft><APICase:isPublic>true</APICase:isPublic><APICase:lastModifiedBy>Mashalkar, Kumar</APICase:lastModifiedBy><APICase:lastModifiedByEmailAddress xsi:nil="true"/><APICase:lastModifiedByPersonType>Associate</APICase:lastModifiedByPersonType><APICase:lastModifiedDate>2020-06-26T08:29:27.000Z</APICase:lastModifiedDate><APICase:message xsi:nil="true"/><APICase:publishedDate>2020-06-26T08:29:27.000Z</APICase:publishedDate><APICase:returnCode xsi:nil="true"/><APICase:sharePrivateWithExternalTrackers xsi:nil="true"/><APICase:text>This is public comment</APICase:text><APICase:visibility xsi:nil="true"/></APICase:comments><APICase:comments><APICase:caseNumber>02470917</APICase:caseNumber><APICase:contentType>plaintext</APICase:contentType><APICase:createdBy>Mashalkar, Kumar</APICase:createdBy><APICase:createdByType>Associate</APICase:createdByType><APICase:createdDate>2020-06-26T04:12:44.000Z</APICase:createdDate><APICase:doNotChangeSBT>false</APICase:doNotChangeSBT><APICase:externalCommentHandlingSystem xsi:nil="true"/><APICase:hoursWorked xsi:nil="true"/><APICase:id>a0a2i000000VM8VAAW</APICase:id><APICase:isDraft>false</APICase:isDraft><APICase:isPublic>true</APICase:isPublic><APICase:lastModifiedBy>Mashalkar, Kumar</APICase:lastModifiedBy><APICase:lastModifiedByEmailAddress xsi:nil="true"/><APICase:lastModifiedByPersonType>Associate</APICase:lastModifiedByPersonType><APICase:lastModifiedDate>2020-06-26T04:12:43.000Z</APICase:lastModifiedDate><APICase:message xsi:nil="true"/><APICase:publishedDate>2020-06-26T04:12:43.000Z</APICase:publishedDate><APICase:returnCode xsi:nil="true"/><APICase:sharePrivateWithExternalTrackers xsi:nil="true"/><APICase:text>This is public comment</APICase:text><APICase:visibility xsi:nil="true"/></APICase:comments><APICase:comments><APICase:caseNumber>02470917</APICase:caseNumber><APICase:contentType>plaintext</APICase:contentType><APICase:createdBy>Mishra, Mitesh</APICase:createdBy><APICase:createdByType>Associate</APICase:createdByType><APICase:createdDate>2020-06-26T04:05:42.000Z</APICase:createdDate><APICase:doNotChangeSBT>false</APICase:doNotChangeSBT><APICase:externalCommentHandlingSystem xsi:nil="true"/><APICase:hoursWorked xsi:nil="true"/><APICase:id>a0a2i000000VM8LAAW</APICase:id><APICase:isDraft>false</APICase:isDraft><APICase:isPublic>true</APICase:isPublic><APICase:lastModifiedBy>Mishra, Mitesh</APICase:lastModifiedBy><APICase:lastModifiedByEmailAddress xsi:nil="true"/><APICase:lastModifiedByPersonType>Associate</APICase:lastModifiedByPersonType><APICase:lastModifiedDate>2020-06-26T04:05:42.000Z</APICase:lastModifiedDate><APICase:message xsi:nil="true"/><APICase:publishedDate>2020-06-26T04:05:42.000Z</APICase:publishedDate><APICase:returnCode xsi:nil="true"/><APICase:sharePrivateWithExternalTrackers xsi:nil="true"/><APICase:text>comment for customer</APICase:text><APICase:visibility xsi:nil="true"/></APICase:comments><APICase:comments><APICase:caseNumber>02470917</APICase:caseNumber><APICase:contentType>plaintext</APICase:contentType><APICase:createdBy>Mishra, Mitesh</APICase:createdBy><APICase:createdByType>Associate</APICase:createdByType><APICase:createdDate>2020-06-26T04:01:47.000Z</APICase:createdDate><APICase:doNotChangeSBT>false</APICase:doNotChangeSBT><APICase:externalCommentHandlingSystem xsi:nil="true"/><APICase:hoursWorked xsi:nil="true"/><APICase:id>a0a2i000000VM8GAAW</APICase:id><APICase:isDraft>false</APICase:isDraft><APICase:isPublic>true</APICase:isPublic><APICase:lastModifiedBy>Mishra, Mitesh</APICase:lastModifiedBy><APICase:lastModifiedByEmailAddress xsi:nil="true"/><APICase:lastModifiedByPersonType>Associate</APICase:lastModifiedByPersonType><APICase:lastModifiedDate>2020-06-26T04:01:47.000Z</APICase:lastModifiedDate><APICase:message xsi:nil="true"/><APICase:publishedDate>2020-06-26T04:01:47.000Z</APICase:publishedDate><APICase:returnCode xsi:nil="true"/><APICase:sharePrivateWithExternalTrackers xsi:nil="true"/><APICase:text>comment to check mail is generated to customer as well</APICase:text><APICase:visibility xsi:nil="true"/></APICase:comments><APICase:comments><APICase:caseNumber>02470917</APICase:caseNumber><APICase:contentType>plaintext</APICase:contentType><APICase:createdBy>Mishra, Mitesh</APICase:createdBy><APICase:createdByType>Associate</APICase:createdByType><APICase:createdDate>2020-06-26T03:59:35.000Z</APICase:createdDate><APICase:doNotChangeSBT>false</APICase:doNotChangeSBT><APICase:externalCommentHandlingSystem xsi:nil="true"/><APICase:hoursWorked xsi:nil="true"/><APICase:id>a0a2i000000VM8BAAW</APICase:id><APICase:isDraft>false</APICase:isDraft><APICase:isPublic>true</APICase:isPublic><APICase:lastModifiedBy>Mishra, Mitesh</APICase:lastModifiedBy><APICase:lastModifiedByEmailAddress xsi:nil="true"/><APICase:lastModifiedByPersonType>Associate</APICase:lastModifiedByPersonType><APICase:lastModifiedDate>2020-06-26T03:59:34.000Z</APICase:lastModifiedDate><APICase:message xsi:nil="true"/><APICase:publishedDate>2020-06-26T03:59:34.000Z</APICase:publishedDate><APICase:returnCode xsi:nil="true"/><APICase:sharePrivateWithExternalTrackers xsi:nil="true"/><APICase:text>test comment</APICase:text><APICase:visibility xsi:nil="true"/></APICase:comments><APICase:comments><APICase:caseNumber>02470917</APICase:caseNumber><APICase:contentType>plaintext</APICase:contentType><APICase:createdBy>Mashalkar, Kumar</APICase:createdBy><APICase:createdByType>Associate</APICase:createdByType><APICase:createdDate>2020-06-25T18:50:15.000Z</APICase:createdDate><APICase:doNotChangeSBT>false</APICase:doNotChangeSBT><APICase:externalCommentHandlingSystem xsi:nil="true"/><APICase:hoursWorked xsi:nil="true"/><APICase:id>a0a2i000000VLv7AAG</APICase:id><APICase:isDraft>false</APICase:isDraft><APICase:isPublic>true</APICase:isPublic><APICase:lastModifiedBy>Mashalkar, Kumar</APICase:lastModifiedBy><APICase:lastModifiedByEmailAddress xsi:nil="true"/><APICase:lastModifiedByPersonType>Associate</APICase:lastModifiedByPersonType><APICase:lastModifiedDate>2020-06-25T18:50:14.000Z</APICase:lastModifiedDate><APICase:message xsi:nil="true"/><APICase:publishedDate>2020-06-25T18:50:14.000Z</APICase:publishedDate><APICase:returnCode xsi:nil="true"/><APICase:sharePrivateWithExternalTrackers xsi:nil="true"/><APICase:text>This is public comment</APICase:text><APICase:visibility xsi:nil="true"/></APICase:comments><APICase:comments><APICase:caseNumber>02470917</APICase:caseNumber><APICase:contentType>plaintext</APICase:contentType><APICase:createdBy>Mashalkar, Kumar</APICase:createdBy><APICase:createdByType>Associate</APICase:createdByType><APICase:createdDate>2020-06-25T18:13:25.000Z</APICase:createdDate><APICase:doNotChangeSBT>false</APICase:doNotChangeSBT><APICase:externalCommentHandlingSystem xsi:nil="true"/><APICase:hoursWorked xsi:nil="true"/><APICase:id>a0a2i000000VLu9AAG</APICase:id><APICase:isDraft>false</APICase:isDraft><APICase:isPublic>true</APICase:isPublic><APICase:lastModifiedBy>Mashalkar, Kumar</APICase:lastModifiedBy><APICase:lastModifiedByEmailAddress xsi:nil="true"/><APICase:lastModifiedByPersonType>Associate</APICase:lastModifiedByPersonType><APICase:lastModifiedDate>2020-06-25T18:13:24.000Z</APICase:lastModifiedDate><APICase:message xsi:nil="true"/><APICase:publishedDate>2020-06-25T18:13:24.000Z</APICase:publishedDate><APICase:returnCode xsi:nil="true"/><APICase:sharePrivateWithExternalTrackers xsi:nil="true"/><APICase:text>This is public comment</APICase:text><APICase:visibility xsi:nil="true"/></APICase:comments><APICase:comments><APICase:caseNumber>02470917</APICase:caseNumber><APICase:contentType>plaintext</APICase:contentType><APICase:createdBy>Mashalkar, Kumar</APICase:createdBy><APICase:createdByType>Associate</APICase:createdByType><APICase:createdDate>2020-06-25T17:44:37.000Z</APICase:createdDate><APICase:doNotChangeSBT>false</APICase:doNotChangeSBT><APICase:externalCommentHandlingSystem xsi:nil="true"/><APICase:hoursWorked xsi:nil="true"/><APICase:id>a0a2i000000VLtzAAG</APICase:id><APICase:isDraft>false</APICase:isDraft><APICase:isPublic>true</APICase:isPublic><APICase:lastModifiedBy>Mashalkar, Kumar</APICase:lastModifiedBy><APICase:lastModifiedByEmailAddress xsi:nil="true"/><APICase:lastModifiedByPersonType>Associate</APICase:lastModifiedByPersonType><APICase:lastModifiedDate>2020-06-25T17:44:36.000Z</APICase:lastModifiedDate><APICase:message xsi:nil="true"/><APICase:publishedDate>2020-06-25T17:44:36.000Z</APICase:publishedDate><APICase:returnCode xsi:nil="true"/><APICase:sharePrivateWithExternalTrackers xsi:nil="true"/><APICase:text>This is a test comment</APICase:text><APICase:visibility xsi:nil="true"/></APICase:comments><APICase:comments><APICase:caseNumber>02470917</APICase:caseNumber><APICase:contentType>plaintext</APICase:contentType><APICase:createdBy>Mashalkar, Kumar</APICase:createdBy><APICase:createdByType>Associate</APICase:createdByType><APICase:createdDate>2020-06-19T15:52:24.000Z</APICase:createdDate><APICase:doNotChangeSBT>false</APICase:doNotChangeSBT><APICase:externalCommentHandlingSystem xsi:nil="true"/><APICase:hoursWorked xsi:nil="true"/><APICase:id>a0a2i000000VG1XAAW</APICase:id><APICase:isDraft>false</APICase:isDraft><APICase:isPublic>false</APICase:isPublic><APICase:lastModifiedBy>Mashalkar, Kumar</APICase:lastModifiedBy><APICase:lastModifiedByEmailAddress xsi:nil="true"/><APICase:lastModifiedByPersonType>Associate</APICase:lastModifiedByPersonType><APICase:lastModifiedDate>2020-06-19T15:52:24.000Z</APICase:lastModifiedDate><APICase:message xsi:nil="true"/><APICase:publishedDate>2020-06-19T15:52:24.000Z</APICase:publishedDate><APICase:returnCode xsi:nil="true"/><APICase:sharePrivateWithExternalTrackers xsi:nil="true"/><APICase:text>This is private comment</APICase:text><APICase:visibility xsi:nil="true"/></APICase:comments><APICase:comments><APICase:caseNumber>02470917</APICase:caseNumber><APICase:contentType>plaintext</APICase:contentType><APICase:createdBy>Mashalkar, Kumar</APICase:createdBy><APICase:createdByType>Associate</APICase:createdByType><APICase:createdDate>2020-06-19T15:40:45.000Z</APICase:createdDate><APICase:doNotChangeSBT>false</APICase:doNotChangeSBT><APICase:externalCommentHandlingSystem xsi:nil="true"/><APICase:hoursWorked xsi:nil="true"/><APICase:id>a0a2i000000VG1SAAW</APICase:id><APICase:isDraft>false</APICase:isDraft><APICase:isPublic>true</APICase:isPublic><APICase:lastModifiedBy>Mashalkar, Kumar</APICase:lastModifiedBy><APICase:lastModifiedByEmailAddress xsi:nil="true"/><APICase:lastModifiedByPersonType>Associate</APICase:lastModifiedByPersonType><APICase:lastModifiedDate>2020-06-19T15:40:45.000Z</APICase:lastModifiedDate><APICase:message xsi:nil="true"/><APICase:publishedDate>2020-06-19T15:40:45.000Z</APICase:publishedDate><APICase:returnCode xsi:nil="true"/><APICase:sharePrivateWithExternalTrackers xsi:nil="true"/><APICase:text>This is public comment</APICase:text><APICase:visibility xsi:nil="true"/></APICase:comments><APICase:contactInfo24x7 xsi:nil="true"/><APICase:contactIsPartner>false</APICase:contactIsPartner><APICase:contactName>David Tse</APICase:contactName><APICase:contacts><APICase:canAccessAllAccounts>false</APICase:canAccessAllAccounts><APICase:canAddAttachments>true</APICase:canAddAttachments><APICase:canSeeDashboard>true</APICase:canSeeDashboard><APICase:defaultGroupName xsi:nil="true"/><APICase:defaultGroupNumber xsi:nil="true"/><APICase:email>gss-sfdc+qa+wophoon@redhat.com</APICase:email><APICase:firstName>Woh Shon</APICase:firstName><APICase:hasChat>false</APICase:hasChat><APICase:hasUser>false</APICase:hasUser><APICase:id>003A000001nOpcXIAS</APICase:id><APICase:isInternal>false</APICase:isInternal><APICase:isOrgAdmin>false</APICase:isOrgAdmin><APICase:isSecured>true</APICase:isSecured><APICase:isSecureSupportTech>false</APICase:isSecureSupportTech><APICase:lastName>Phoon</APICase:lastName><APICase:message xsi:nil="true"/><APICase:name>Woh Shon Phoon</APICase:name><APICase:normalizedTimezone>Asia/Hong_Kong</APICase:normalizedTimezone><APICase:phone>65 9683 0675</APICase:phone><APICase:returnCode xsi:nil="true"/><APICase:sessionId xsi:nil="true"/><APICase:ssoName xsi:nil="true"/><APICase:timezone>(GMT+08:00) Hong Kong Time (Asia/Hong_Kong)</APICase:timezone></APICase:contacts><APICase:contactSSOName>dtse@redhat.com</APICase:contactSSOName><APICase:createdBy>Kumar Mashalkar</APICase:createdBy><APICase:createdBySSOName>gss-tools</APICase:createdBySSOName><APICase:createdDate>2020-06-11T09:48:35.000Z</APICase:createdDate><APICase:critSit>false</APICase:critSit><APICase:customerEscalation>false</APICase:customerEscalation><APICase:customerIntelligenceLink xsi:nil="true"/><APICase:customerNotes xsi:nil="true"/><APICase:description>Test for automation</APICase:description><APICase:enhancedSLA>false</APICase:enhancedSLA><APICase:entitlementId>5502i0000006mxdAAA</APICase:entitlementId><APICase:environment xsi:nil="true"/><APICase:externalLock>false</APICase:externalLock><APICase:externalLockBy xsi:nil="true"/><APICase:externalLockDate xsi:nil="true"/><APICase:firstCaseInactivityWarningSentAt xsi:nil="true"/><APICase:FTS>false</APICase:FTS><APICase:groupName xsi:nil="true"/><APICase:groupNumber xsi:nil="true"/><APICase:handledByAscension>false</APICase:handledByAscension><APICase:hasEnhancedDelivery>false</APICase:hasEnhancedDelivery><APICase:hostname xsi:nil="true"/><APICase:hotfixDelivered>false</APICase:hotfixDelivered><APICase:hotfixRequested>false</APICase:hotfixRequested><APICase:id>5002i0000034NPSAA2</APICase:id><APICase:internalLastModifiedDate>2020-06-29T13:15:59.000Z</APICase:internalLastModifiedDate><APICase:internalpriority xsi:nil="true"/><APICase:internalstatus>Waiting on QA</APICase:internalstatus><APICase:isCertification>false</APICase:isCertification><APICase:isClosed>false</APICase:isClosed><APICase:isFTSHandoverReady>false</APICase:isFTSHandoverReady><APICase:isPoc>false</APICase:isPoc><APICase:isPrivate>false</APICase:isPrivate><APICase:isReviewed>false</APICase:isReviewed><APICase:isStrategicAccount>true</APICase:isStrategicAccount><APICase:issue xsi:nil="true"/><APICase:itar>false</APICase:itar><APICase:language>en</APICase:language><APICase:lastModifiedBy>Mitesh Mishra</APICase:lastModifiedBy><APICase:lastModifiedDate>2020-06-29T13:15:48.000Z</APICase:lastModifiedDate><APICase:ltrocClosed>false</APICase:ltrocClosed><APICase:ltrocClosedSet>false</APICase:ltrocClosedSet><APICase:managementEscalationRequested>false</APICase:managementEscalationRequested><APICase:message xsi:nil="true"/><APICase:needsNewOwner xsi:nil="true"/><APICase:noAutomationForAccount>false</APICase:noAutomationForAccount><APICase:noAutomationForCase>false</APICase:noAutomationForCase><APICase:noAutomationForCaseGroup xsi:nil="true"/><APICase:noLinkedKCSReason xsi:nil="true"/><APICase:noLinkedKCSReasonExplanation xsi:nil="true"/><APICase:openshiftClusterId xsi:nil="true"/><APICase:origin>Phone</APICase:origin><APICase:owner>Kumar Mashalkar</APICase:owner><APICase:periodicityOfIssue xsi:nil="true"/><APICase:premiumPlus>false</APICase:premiumPlus><APICase:priorityScore>695.0</APICase:priorityScore><APICase:proactive>false</APICase:proactive><APICase:proactiveEndDate xsi:nil="true"/><APICase:proactiveStartDate xsi:nil="true"/><APICase:product>OpenShift Container Platform</APICase:product><APICase:pseCase>false</APICase:pseCase><APICase:recordTypeName>GSS Case Record Type</APICase:recordTypeName><APICase:reliefAt xsi:nil="true"/><APICase:remoteSessionTermsAcked>false</APICase:remoteSessionTermsAcked><APICase:remoteSessionTermsAckedBy xsi:nil="true"/><APICase:remoteSessionTermsAckedDate xsi:nil="true"/><APICase:remoteSessionTermsAgreementLevel xsi:nil="true"/><APICase:resolution xsi:nil="true"/><APICase:resolutionDescription xsi:nil="true"/><APICase:resolvedAt xsi:nil="true"/><APICase:returnCode>200</APICase:returnCode><APICase:sbrGroups>API Mgmt</APICase:sbrGroups><APICase:secondCaseInactivityWarningSentAt xsi:nil="true"/><APICase:severity>4 (Low)</APICase:severity><APICase:sla>PREMIUM</APICase:sla><APICase:sparseCaseNotifications>false</APICase:sparseCaseNotifications><APICase:status>Waiting on Red Hat</APICase:status><APICase:summary>This case is test of automation</APICase:summary><APICase:suppliedEmail xsi:nil="true"/><APICase:suppliedName xsi:nil="true"/><APICase:suppliedPhone xsi:nil="true"/><APICase:timeFramesAndUrgency xsi:nil="true"/><APICase:transcripts xsi:nil="true"/><APICase:translationNotRequired>false</APICase:translationNotRequired><APICase:userAgent>Internal</APICase:userAgent><APICase:version>3.10</APICase:version><APICase:waitingOnCallback>false</APICase:waitingOnCallback></result></getCaseResponse></soapenv:Body></soapenv:Envelope>
[#document: null]
APICase:description
APICase:description
Test for automation
&amp#27;[34mTest for automation&amp#27;[0m
]]></system-out>
  </testcase>
  <testcase name="" classname="Scenario: CaseAPI_002: Verify getcase api call in CaseAPI" time="0"/>
</testsuite>